--------------- Build Started: 05/11/2020 16:09:29 Project: Processor, Configuration: ARM GCC 4.9-2015-q1-update Debug ---------------
cydsfit.exe -.appdatapath "C:\Users\mark6\AppData\Local\Cypress Semiconductor\PSoC Creator\3.3" -.fdsnotice -.fdswarpdepfile=warp_dependencies.txt -.fdselabdepfile=elab_dependencies.txt -.fdsbldfile=generated_files.txt -p "C:\Users\mark6\Google Drive\College-MIT\S6Spring2020\6.115\FinalProject\BunkerKnowledge\PSoC_5_Files\Processor.cydsn\Processor.cyprj" -d CY8C5868AXI-LP035 -s "C:\Users\mark6\Google Drive\College-MIT\S6Spring2020\6.115\FinalProject\BunkerKnowledge\PSoC_5_Files\Processor.cydsn\Generated_Source\PSoC5" -- -yv2 -q10 -ygs -o2 -v3 -.fftcfgtype=LE
Elaborating Design...
HDL Generation ...
Synthesis ...
Place and Route ...
Tech mapping ...
Analog Placement ...
Log: apr.M0058: The analog placement iterative improvement is 54% done. (App=cydsfit)
Log: apr.M0058: The analog placement iterative improvement is 76% done. (App=cydsfit)
Analog Routing ...
Analog Code Generation ...
Digital Placement ...
Digital Routing ...
Bitstream Generation ...
Static timing analysis ...
API Generation ...
Dependency Generation ...
Clean Temporary Files ...
arm-none-eabi-gcc.exe -mcpu=cortex-m3 -mthumb -Wno-main -I..\..\..\emWinGraphics_v5_46\Code\Include\PSoC4_5 -I..\..\..\emWinGraphics_v5_46\Code\Include\PSoC4_5\nosnts -I. -IGenerated_Source\PSoC5 -Wa,-alh=.\CortexM3\ARM_GCC_493\Debug/cyfitter_cfg.lst -g -Wall -ffunction-sections -O0 -ffat-lto-objects -c .\Generated_Source\PSoC5\cyfitter_cfg.c -o .\CortexM3\ARM_GCC_493\Debug\cyfitter_cfg.o
arm-none-eabi-gcc.exe -mcpu=cortex-m3 -mthumb -Wno-main -I..\..\..\emWinGraphics_v5_46\Code\Include\PSoC4_5 -I..\..\..\emWinGraphics_v5_46\Code\Include\PSoC4_5\nosnts -I. -IGenerated_Source\PSoC5 -Wa,-alh=.\CortexM3\ARM_GCC_493\Debug/cymetadata.lst -g -Wall -ffunction-sections -O0 -ffat-lto-objects -c .\Generated_Source\PSoC5\cymetadata.c -o .\CortexM3\ARM_GCC_493\Debug\cymetadata.o
arm-none-eabi-ar.exe -rs .\CortexM3\ARM_GCC_493\Debug\Processor.a .\CortexM3\ARM_GCC_493\Debug\cyfitter_cfg.o .\CortexM3\ARM_GCC_493\Debug\RESET.o .\CortexM3\ARM_GCC_493\Debug\CyBootAsmGnu.o .\CortexM3\ARM_GCC_493\Debug\CyDmac.o .\CortexM3\ARM_GCC_493\Debug\CyFlash.o .\CortexM3\ARM_GCC_493\Debug\CyLib.o .\CortexM3\ARM_GCC_493\Debug\cyPm.o .\CortexM3\ARM_GCC_493\Debug\CySpc.o .\CortexM3\ARM_GCC_493\Debug\cyutils.o .\CortexM3\ARM_GCC_493\Debug\UART.o .\CortexM3\ARM_GCC_493\Debug\UART_PM.o .\CortexM3\ARM_GCC_493\Debug\UART_INT.o .\CortexM3\ARM_GCC_493\Debug\UART_BOOT.o .\CortexM3\ARM_GCC_493\Debug\tx_int.o .\CortexM3\ARM_GCC_493\Debug\rx_int.o .\CortexM3\ARM_GCC_493\Debug\TX.o .\CortexM3\ARM_GCC_493\Debug\UART_IntClock.o .\CortexM3\ARM_GCC_493\Debug\CapSense.o .\CortexM3\ARM_GCC_493\Debug\CapSense_CSHL.o .\CortexM3\ARM_GCC_493\Debug\CapSense_INT.o .\CortexM3\ARM_GCC_493\Debug\CapSense_Pins.o .\CortexM3\ARM_GCC_493\Debug\CapSense_PM.o .\CortexM3\ARM_GCC_493\Debug\CapSense_SMS_Wrapper.o .\CortexM3\ARM_GCC_493\Debug\CapSense_TunerHelper.o .\CortexM3\ARM_GCC_493\Debug\CapSense_CompCH0.o .\CortexM3\ARM_GCC_493\Debug\CapSense_CompCH0_PM.o .\CortexM3\ARM_GCC_493\Debug\CapSense_IdacCH0.o .\CortexM3\ARM_GCC_493\Debug\CapSense_IdacCH0_PM.o .\CortexM3\ARM_GCC_493\Debug\CapSense_AMuxCH0.o .\CortexM3\ARM_GCC_493\Debug\CapSense_IntClock.o .\CortexM3\ARM_GCC_493\Debug\LED_1.o .\CortexM3\ARM_GCC_493\Debug\LED_2.o .\CortexM3\ARM_GCC_493\Debug\SPIM_1.o .\CortexM3\ARM_GCC_493\Debug\SPIM_1_PM.o .\CortexM3\ARM_GCC_493\Debug\SPIM_1_INT.o .\CortexM3\ARM_GCC_493\Debug\MOSI.o .\CortexM3\ARM_GCC_493\Debug\SCLK.o .\CortexM3\ARM_GCC_493\Debug\SS.o .\CortexM3\ARM_GCC_493\Debug\MISO.o .\CortexM3\ARM_GCC_493\Debug\DC.o .\CortexM3\ARM_GCC_493\Debug\LED.o .\CortexM3\ARM_GCC_493\Debug\SPIM_1_IntClock.o .\CortexM3\ARM_GCC_493\Debug\LCD_1.o .\CortexM3\ARM_GCC_493\Debug\LCD_1_PM.o .\CortexM3\ARM_GCC_493\Debug\LCD_1_LCDPort.o
arm-none-eabi-ar.exe: creating .\CortexM3\ARM_GCC_493\Debug\Processor.a
arm-none-eabi-gcc.exe -Wl,--start-group -o .\CortexM3\ARM_GCC_493\Debug\Processor.elf .\CortexM3\ARM_GCC_493\Debug\main.o .\CortexM3\ARM_GCC_493\Debug\GUI_X.o .\CortexM3\ARM_GCC_493\Debug\GUIConf.o .\CortexM3\ARM_GCC_493\Debug\LCDConf.o .\CortexM3\ARM_GCC_493\Debug\tft.o .\CortexM3\ARM_GCC_493\Debug\Cm3Start.o .\CortexM3\ARM_GCC_493\Debug\cymetadata.o .\CortexM3\ARM_GCC_493\Debug\Processor.a "C:\Program Files (x86)\Cypress\PSoC Creator\3.3\PSoC Creator\psoc\content\cycomponentlibrary\CyComponentLibrary.cylib\CapSense_CSD_v3_50\Library\CapSenseLibrary_GCC.a" "C:\Program Files (x86)\Cypress\PSoC Creator\3.3\PSoC Creator\psoc\content\cycomponentlibrary\CyComponentLibrary.cylib\CortexM3\ARM_GCC_493\Debug\CyComponentLibrary.a" -mcpu=cortex-m3 -mthumb -g -ffunction-sections -O0 -ffat-lto-objects -l m -L Generated_Source\PSoC5 -L ..\..\..\emWinGraphics_v5_46\LinkLibrary\PSoC5\GCC ..\..\..\emWinGraphics_v5_46\LinkLibrary\PSoC5\GCC\libemWin_nosnts_cm3_gcc.a -Wl,-Map,.\CortexM3\ARM_GCC_493\Debug/Processor.map -T Generated_Source\PSoC5\cm3gcc.ld -specs=nano.specs -Wl,--gc-sections -Wl,--end-group
cyelftool.exe -C "C:\Users\mark6\Google Drive\College-MIT\S6Spring2020\6.115\FinalProject\BunkerKnowledge\PSoC_5_Files\Processor.cydsn\CortexM3\ARM_GCC_493\Debug\Processor.elf" --flash_row_size 256 --flash_size 262144
cyelftool.exe -S "C:\Users\mark6\Google Drive\College-MIT\S6Spring2020\6.115\FinalProject\BunkerKnowledge\PSoC_5_Files\Processor.cydsn\CortexM3\ARM_GCC_493\Debug\Processor.elf"
Flash used: 33792 of 262144 bytes (12.9%).
SRAM used: 31661 of 65536 bytes (48.3%). Stack: 16384 bytes. Heap: 4096 bytes.
--------------- Build Succeeded: 05/11/2020 16:09:51 ---------------
