ARM GAS  C:\Users\mark6\AppData\Local\Temp\ccxokO8c.s 			page 1


   1              		.syntax unified
   2              		.cpu cortex-m3
   3              		.fpu softvfp
   4              		.eabi_attribute 20, 1
   5              		.eabi_attribute 21, 1
   6              		.eabi_attribute 23, 3
   7              		.eabi_attribute 24, 1
   8              		.eabi_attribute 25, 1
   9              		.eabi_attribute 26, 1
  10              		.eabi_attribute 30, 6
  11              		.eabi_attribute 34, 1
  12              		.eabi_attribute 18, 4
  13              		.thumb
  14              		.file	"CapSense_CSD_IdacCH0.c"
  15              		.text
  16              	.Ltext0:
  17              		.cfi_sections	.debug_frame
  18              		.global	CapSense_CSD_IdacCH0_initVar
  19              		.bss
  20              		.type	CapSense_CSD_IdacCH0_initVar, %object
  21              		.size	CapSense_CSD_IdacCH0_initVar, 1
  22              	CapSense_CSD_IdacCH0_initVar:
  23 0000 00       		.space	1
  24              		.section	.text.CapSense_CSD_IdacCH0_Init,"ax",%progbits
  25              		.align	2
  26              		.global	CapSense_CSD_IdacCH0_Init
  27              		.thumb
  28              		.thumb_func
  29              		.type	CapSense_CSD_IdacCH0_Init, %function
  30              	CapSense_CSD_IdacCH0_Init:
  31              	.LFB0:
  32              		.file 1 ".\\Generated_Source\\PSoC5\\CapSense_CSD_IdacCH0.c"
   1:.\Generated_Source\PSoC5/CapSense_CSD_IdacCH0.c **** /*******************************************************************************
   2:.\Generated_Source\PSoC5/CapSense_CSD_IdacCH0.c **** * File Name: CapSense_CSD_IdacCH0.c
   3:.\Generated_Source\PSoC5/CapSense_CSD_IdacCH0.c **** * Version 2.0
   4:.\Generated_Source\PSoC5/CapSense_CSD_IdacCH0.c **** *
   5:.\Generated_Source\PSoC5/CapSense_CSD_IdacCH0.c **** * Description:
   6:.\Generated_Source\PSoC5/CapSense_CSD_IdacCH0.c **** *  This file provides the source code to the API for the 8-bit Current 
   7:.\Generated_Source\PSoC5/CapSense_CSD_IdacCH0.c **** *  DAC (IDAC8) User Module.
   8:.\Generated_Source\PSoC5/CapSense_CSD_IdacCH0.c **** *
   9:.\Generated_Source\PSoC5/CapSense_CSD_IdacCH0.c **** * Note:
  10:.\Generated_Source\PSoC5/CapSense_CSD_IdacCH0.c **** *  None
  11:.\Generated_Source\PSoC5/CapSense_CSD_IdacCH0.c **** *
  12:.\Generated_Source\PSoC5/CapSense_CSD_IdacCH0.c **** ********************************************************************************
  13:.\Generated_Source\PSoC5/CapSense_CSD_IdacCH0.c **** * Copyright 2008-2012, Cypress Semiconductor Corporation.  All rights reserved.
  14:.\Generated_Source\PSoC5/CapSense_CSD_IdacCH0.c **** * You may use this file only in accordance with the license, terms, conditions, 
  15:.\Generated_Source\PSoC5/CapSense_CSD_IdacCH0.c **** * disclaimers, and limitations in the end user license agreement accompanying 
  16:.\Generated_Source\PSoC5/CapSense_CSD_IdacCH0.c **** * the software package with which this file was provided.
  17:.\Generated_Source\PSoC5/CapSense_CSD_IdacCH0.c **** *******************************************************************************/
  18:.\Generated_Source\PSoC5/CapSense_CSD_IdacCH0.c **** 
  19:.\Generated_Source\PSoC5/CapSense_CSD_IdacCH0.c **** #include "cytypes.h"
  20:.\Generated_Source\PSoC5/CapSense_CSD_IdacCH0.c **** #include "CapSense_CSD_IdacCH0.h"   
  21:.\Generated_Source\PSoC5/CapSense_CSD_IdacCH0.c **** 
  22:.\Generated_Source\PSoC5/CapSense_CSD_IdacCH0.c **** #if (CY_PSOC5A)
  23:.\Generated_Source\PSoC5/CapSense_CSD_IdacCH0.c ****     #include <CyLib.h>
  24:.\Generated_Source\PSoC5/CapSense_CSD_IdacCH0.c **** #endif /* CY_PSOC5A */
  25:.\Generated_Source\PSoC5/CapSense_CSD_IdacCH0.c **** 
ARM GAS  C:\Users\mark6\AppData\Local\Temp\ccxokO8c.s 			page 2


  26:.\Generated_Source\PSoC5/CapSense_CSD_IdacCH0.c **** 
  27:.\Generated_Source\PSoC5/CapSense_CSD_IdacCH0.c **** uint8 CapSense_CSD_IdacCH0_initVar = 0u;
  28:.\Generated_Source\PSoC5/CapSense_CSD_IdacCH0.c **** 
  29:.\Generated_Source\PSoC5/CapSense_CSD_IdacCH0.c **** 
  30:.\Generated_Source\PSoC5/CapSense_CSD_IdacCH0.c **** #if (CY_PSOC5A)
  31:.\Generated_Source\PSoC5/CapSense_CSD_IdacCH0.c ****     static CapSense_CSD_IdacCH0_LOWPOWER_BACKUP_STRUCT  CapSense_CSD_IdacCH0_lowPowerBackup;
  32:.\Generated_Source\PSoC5/CapSense_CSD_IdacCH0.c **** #endif /* CY_PSOC5A */
  33:.\Generated_Source\PSoC5/CapSense_CSD_IdacCH0.c **** 
  34:.\Generated_Source\PSoC5/CapSense_CSD_IdacCH0.c **** /* Variable to decide whether or not to restore control register in Enable()
  35:.\Generated_Source\PSoC5/CapSense_CSD_IdacCH0.c ****    API. This valid only for PSoC5A */
  36:.\Generated_Source\PSoC5/CapSense_CSD_IdacCH0.c **** #if (CY_PSOC5A)
  37:.\Generated_Source\PSoC5/CapSense_CSD_IdacCH0.c ****     static uint8 CapSense_CSD_IdacCH0_restoreReg = 0u;
  38:.\Generated_Source\PSoC5/CapSense_CSD_IdacCH0.c **** #endif /* CY_PSOC5A */
  39:.\Generated_Source\PSoC5/CapSense_CSD_IdacCH0.c **** 
  40:.\Generated_Source\PSoC5/CapSense_CSD_IdacCH0.c **** 
  41:.\Generated_Source\PSoC5/CapSense_CSD_IdacCH0.c **** /*******************************************************************************
  42:.\Generated_Source\PSoC5/CapSense_CSD_IdacCH0.c **** * Function Name: CapSense_CSD_IdacCH0_Init
  43:.\Generated_Source\PSoC5/CapSense_CSD_IdacCH0.c **** ********************************************************************************
  44:.\Generated_Source\PSoC5/CapSense_CSD_IdacCH0.c **** * Summary:
  45:.\Generated_Source\PSoC5/CapSense_CSD_IdacCH0.c **** *  Initialize to the schematic state.
  46:.\Generated_Source\PSoC5/CapSense_CSD_IdacCH0.c **** * 
  47:.\Generated_Source\PSoC5/CapSense_CSD_IdacCH0.c **** * Parameters:
  48:.\Generated_Source\PSoC5/CapSense_CSD_IdacCH0.c **** *  void:
  49:.\Generated_Source\PSoC5/CapSense_CSD_IdacCH0.c **** *
  50:.\Generated_Source\PSoC5/CapSense_CSD_IdacCH0.c **** * Return:
  51:.\Generated_Source\PSoC5/CapSense_CSD_IdacCH0.c **** *  (void)
  52:.\Generated_Source\PSoC5/CapSense_CSD_IdacCH0.c **** *
  53:.\Generated_Source\PSoC5/CapSense_CSD_IdacCH0.c **** * Theory:
  54:.\Generated_Source\PSoC5/CapSense_CSD_IdacCH0.c **** *
  55:.\Generated_Source\PSoC5/CapSense_CSD_IdacCH0.c **** * Side Effects:
  56:.\Generated_Source\PSoC5/CapSense_CSD_IdacCH0.c **** *
  57:.\Generated_Source\PSoC5/CapSense_CSD_IdacCH0.c **** *******************************************************************************/
  58:.\Generated_Source\PSoC5/CapSense_CSD_IdacCH0.c **** void CapSense_CSD_IdacCH0_Init(void) 
  59:.\Generated_Source\PSoC5/CapSense_CSD_IdacCH0.c **** {
  33              		.loc 1 59 0
  34              		.cfi_startproc
  35              		@ args = 0, pretend = 0, frame = 0
  36              		@ frame_needed = 1, uses_anonymous_args = 0
  37 0000 80B5     		push	{r7, lr}
  38              		.cfi_def_cfa_offset 8
  39              		.cfi_offset 7, -8
  40              		.cfi_offset 14, -4
  41 0002 00AF     		add	r7, sp, #0
  42              		.cfi_def_cfa_register 7
  60:.\Generated_Source\PSoC5/CapSense_CSD_IdacCH0.c ****     CapSense_CSD_IdacCH0_CR0 = (CapSense_CSD_IdacCH0_MODE_I | CapSense_CSD_IdacCH0_DEFAULT_RANGE );
  43              		.loc 1 60 0
  44 0004 0D4B     		ldr	r3, .L2
  45 0006 1422     		movs	r2, #20
  46 0008 1A70     		strb	r2, [r3]
  61:.\Generated_Source\PSoC5/CapSense_CSD_IdacCH0.c **** 
  62:.\Generated_Source\PSoC5/CapSense_CSD_IdacCH0.c ****     /* Set default data source */
  63:.\Generated_Source\PSoC5/CapSense_CSD_IdacCH0.c ****     #if(CapSense_CSD_IdacCH0_DEFAULT_DATA_SRC != 0u )    
  64:.\Generated_Source\PSoC5/CapSense_CSD_IdacCH0.c ****         CapSense_CSD_IdacCH0_CR1 = (CapSense_CSD_IdacCH0_DEFAULT_CNTL | CapSense_CSD_IdacCH0_DACBUS
  65:.\Generated_Source\PSoC5/CapSense_CSD_IdacCH0.c ****     #else
  66:.\Generated_Source\PSoC5/CapSense_CSD_IdacCH0.c ****         CapSense_CSD_IdacCH0_CR1 = (CapSense_CSD_IdacCH0_DEFAULT_CNTL | CapSense_CSD_IdacCH0_DACBUS
  47              		.loc 1 66 0
  48 000a 0D4B     		ldr	r3, .L2+4
ARM GAS  C:\Users\mark6\AppData\Local\Temp\ccxokO8c.s 			page 3


  49 000c 0022     		movs	r2, #0
  50 000e 1A70     		strb	r2, [r3]
  67:.\Generated_Source\PSoC5/CapSense_CSD_IdacCH0.c ****     #endif /* (CapSense_CSD_IdacCH0_DEFAULT_DATA_SRC != 0u ) */
  68:.\Generated_Source\PSoC5/CapSense_CSD_IdacCH0.c ****     
  69:.\Generated_Source\PSoC5/CapSense_CSD_IdacCH0.c ****     /*Controls polarity from UDB Control*/
  70:.\Generated_Source\PSoC5/CapSense_CSD_IdacCH0.c ****     #if(CapSense_CSD_IdacCH0_DEFAULT_POLARITY == CapSense_CSD_IdacCH0_HARDWARE_CONTROLLED)
  71:.\Generated_Source\PSoC5/CapSense_CSD_IdacCH0.c ****         CapSense_CSD_IdacCH0_CR1 |= CapSense_CSD_IdacCH0_IDIR_SRC_UDB;
  72:.\Generated_Source\PSoC5/CapSense_CSD_IdacCH0.c ****     #else
  73:.\Generated_Source\PSoC5/CapSense_CSD_IdacCH0.c ****         CapSense_CSD_IdacCH0_CR1 |= CapSense_CSD_IdacCH0_DEFAULT_POLARITY;
  51              		.loc 1 73 0
  52 0010 0B4A     		ldr	r2, .L2+4
  53 0012 0B4B     		ldr	r3, .L2+4
  54 0014 1B78     		ldrb	r3, [r3]
  55 0016 DBB2     		uxtb	r3, r3
  56 0018 43F00403 		orr	r3, r3, #4
  57 001c DBB2     		uxtb	r3, r3
  58 001e 1370     		strb	r3, [r2]
  74:.\Generated_Source\PSoC5/CapSense_CSD_IdacCH0.c ****     #endif/* (CapSense_CSD_IdacCH0_DEFAULT_POLARITY == CapSense_CSD_IdacCH0_HARDWARE_CONTROLLED) */
  75:.\Generated_Source\PSoC5/CapSense_CSD_IdacCH0.c ****     /*Controls Current Source from UDB Control*/
  76:.\Generated_Source\PSoC5/CapSense_CSD_IdacCH0.c ****     #if(CapSense_CSD_IdacCH0_HARDWARE_ENABLE != 0u ) 
  77:.\Generated_Source\PSoC5/CapSense_CSD_IdacCH0.c ****         CapSense_CSD_IdacCH0_CR1 |= CapSense_CSD_IdacCH0_IDIR_CTL_UDB;
  59              		.loc 1 77 0
  60 0020 074A     		ldr	r2, .L2+4
  61 0022 074B     		ldr	r3, .L2+4
  62 0024 1B78     		ldrb	r3, [r3]
  63 0026 DBB2     		uxtb	r3, r3
  64 0028 43F00203 		orr	r3, r3, #2
  65 002c DBB2     		uxtb	r3, r3
  66 002e 1370     		strb	r3, [r2]
  78:.\Generated_Source\PSoC5/CapSense_CSD_IdacCH0.c ****     #endif /* (CapSense_CSD_IdacCH0_HARDWARE_ENABLE != 0u ) */ 
  79:.\Generated_Source\PSoC5/CapSense_CSD_IdacCH0.c ****     
  80:.\Generated_Source\PSoC5/CapSense_CSD_IdacCH0.c ****     /* Set default strobe mode */
  81:.\Generated_Source\PSoC5/CapSense_CSD_IdacCH0.c ****     #if(CapSense_CSD_IdacCH0_DEFAULT_STRB != 0u)
  82:.\Generated_Source\PSoC5/CapSense_CSD_IdacCH0.c ****         CapSense_CSD_IdacCH0_Strobe |= CapSense_CSD_IdacCH0_STRB_EN;
  83:.\Generated_Source\PSoC5/CapSense_CSD_IdacCH0.c ****     #endif /* (CapSense_CSD_IdacCH0_DEFAULT_STRB != 0u) */
  84:.\Generated_Source\PSoC5/CapSense_CSD_IdacCH0.c ****     
  85:.\Generated_Source\PSoC5/CapSense_CSD_IdacCH0.c ****     /* Set default speed */
  86:.\Generated_Source\PSoC5/CapSense_CSD_IdacCH0.c ****     CapSense_CSD_IdacCH0_SetSpeed(CapSense_CSD_IdacCH0_DEFAULT_SPEED);
  67              		.loc 1 86 0
  68 0030 0020     		movs	r0, #0
  69 0032 FFF7FEFF 		bl	CapSense_CSD_IdacCH0_SetSpeed
  87:.\Generated_Source\PSoC5/CapSense_CSD_IdacCH0.c ****     
  88:.\Generated_Source\PSoC5/CapSense_CSD_IdacCH0.c ****     /* Set proper DAC trim */
  89:.\Generated_Source\PSoC5/CapSense_CSD_IdacCH0.c ****     CapSense_CSD_IdacCH0_DacTrim();
  70              		.loc 1 89 0
  71 0036 FFF7FEFF 		bl	CapSense_CSD_IdacCH0_DacTrim
  90:.\Generated_Source\PSoC5/CapSense_CSD_IdacCH0.c ****     
  91:.\Generated_Source\PSoC5/CapSense_CSD_IdacCH0.c **** }
  72              		.loc 1 91 0
  73 003a 80BD     		pop	{r7, pc}
  74              	.L3:
  75              		.align	2
  76              	.L2:
  77 003c 2C580040 		.word	1073764396
  78 0040 2D580040 		.word	1073764397
  79              		.cfi_endproc
  80              	.LFE0:
ARM GAS  C:\Users\mark6\AppData\Local\Temp\ccxokO8c.s 			page 4


  81              		.size	CapSense_CSD_IdacCH0_Init, .-CapSense_CSD_IdacCH0_Init
  82              		.section	.text.CapSense_CSD_IdacCH0_Enable,"ax",%progbits
  83              		.align	2
  84              		.global	CapSense_CSD_IdacCH0_Enable
  85              		.thumb
  86              		.thumb_func
  87              		.type	CapSense_CSD_IdacCH0_Enable, %function
  88              	CapSense_CSD_IdacCH0_Enable:
  89              	.LFB1:
  92:.\Generated_Source\PSoC5/CapSense_CSD_IdacCH0.c **** 
  93:.\Generated_Source\PSoC5/CapSense_CSD_IdacCH0.c **** 
  94:.\Generated_Source\PSoC5/CapSense_CSD_IdacCH0.c **** /*******************************************************************************
  95:.\Generated_Source\PSoC5/CapSense_CSD_IdacCH0.c **** * Function Name: CapSense_CSD_IdacCH0_Enable
  96:.\Generated_Source\PSoC5/CapSense_CSD_IdacCH0.c **** ********************************************************************************
  97:.\Generated_Source\PSoC5/CapSense_CSD_IdacCH0.c **** * Summary:
  98:.\Generated_Source\PSoC5/CapSense_CSD_IdacCH0.c **** *  Enable the IDAC8
  99:.\Generated_Source\PSoC5/CapSense_CSD_IdacCH0.c **** * 
 100:.\Generated_Source\PSoC5/CapSense_CSD_IdacCH0.c **** * Parameters:
 101:.\Generated_Source\PSoC5/CapSense_CSD_IdacCH0.c **** *  void:
 102:.\Generated_Source\PSoC5/CapSense_CSD_IdacCH0.c **** *
 103:.\Generated_Source\PSoC5/CapSense_CSD_IdacCH0.c **** * Return:
 104:.\Generated_Source\PSoC5/CapSense_CSD_IdacCH0.c **** *  (void)
 105:.\Generated_Source\PSoC5/CapSense_CSD_IdacCH0.c **** *
 106:.\Generated_Source\PSoC5/CapSense_CSD_IdacCH0.c **** * Theory:
 107:.\Generated_Source\PSoC5/CapSense_CSD_IdacCH0.c **** *
 108:.\Generated_Source\PSoC5/CapSense_CSD_IdacCH0.c **** * Side Effects:
 109:.\Generated_Source\PSoC5/CapSense_CSD_IdacCH0.c **** *
 110:.\Generated_Source\PSoC5/CapSense_CSD_IdacCH0.c **** *******************************************************************************/
 111:.\Generated_Source\PSoC5/CapSense_CSD_IdacCH0.c **** void CapSense_CSD_IdacCH0_Enable(void) 
 112:.\Generated_Source\PSoC5/CapSense_CSD_IdacCH0.c **** {
  90              		.loc 1 112 0
  91              		.cfi_startproc
  92              		@ args = 0, pretend = 0, frame = 0
  93              		@ frame_needed = 1, uses_anonymous_args = 0
  94              		@ link register save eliminated.
  95 0000 80B4     		push	{r7}
  96              		.cfi_def_cfa_offset 4
  97              		.cfi_offset 7, -4
  98 0002 00AF     		add	r7, sp, #0
  99              		.cfi_def_cfa_register 7
 113:.\Generated_Source\PSoC5/CapSense_CSD_IdacCH0.c ****     CapSense_CSD_IdacCH0_PWRMGR |= CapSense_CSD_IdacCH0_ACT_PWR_EN;
 100              		.loc 1 113 0
 101 0004 094A     		ldr	r2, .L5
 102 0006 094B     		ldr	r3, .L5
 103 0008 1B78     		ldrb	r3, [r3]
 104 000a DBB2     		uxtb	r3, r3
 105 000c 43F00803 		orr	r3, r3, #8
 106 0010 DBB2     		uxtb	r3, r3
 107 0012 1370     		strb	r3, [r2]
 114:.\Generated_Source\PSoC5/CapSense_CSD_IdacCH0.c ****     CapSense_CSD_IdacCH0_STBY_PWRMGR |= CapSense_CSD_IdacCH0_STBY_PWR_EN;
 108              		.loc 1 114 0
 109 0014 064A     		ldr	r2, .L5+4
 110 0016 064B     		ldr	r3, .L5+4
 111 0018 1B78     		ldrb	r3, [r3]
 112 001a DBB2     		uxtb	r3, r3
 113 001c 43F00803 		orr	r3, r3, #8
 114 0020 DBB2     		uxtb	r3, r3
ARM GAS  C:\Users\mark6\AppData\Local\Temp\ccxokO8c.s 			page 5


 115 0022 1370     		strb	r3, [r2]
 115:.\Generated_Source\PSoC5/CapSense_CSD_IdacCH0.c **** 
 116:.\Generated_Source\PSoC5/CapSense_CSD_IdacCH0.c ****     /* This is to restore the value of register CR0 which is saved 
 117:.\Generated_Source\PSoC5/CapSense_CSD_IdacCH0.c ****       in prior to the modification in stop() API */
 118:.\Generated_Source\PSoC5/CapSense_CSD_IdacCH0.c ****     #if (CY_PSOC5A)
 119:.\Generated_Source\PSoC5/CapSense_CSD_IdacCH0.c ****         if(CapSense_CSD_IdacCH0_restoreReg == 1u)
 120:.\Generated_Source\PSoC5/CapSense_CSD_IdacCH0.c ****         {
 121:.\Generated_Source\PSoC5/CapSense_CSD_IdacCH0.c ****             CapSense_CSD_IdacCH0_CR0 = CapSense_CSD_IdacCH0_lowPowerBackup.DACCR0Reg;
 122:.\Generated_Source\PSoC5/CapSense_CSD_IdacCH0.c **** 
 123:.\Generated_Source\PSoC5/CapSense_CSD_IdacCH0.c ****             /* Clear the flag */
 124:.\Generated_Source\PSoC5/CapSense_CSD_IdacCH0.c ****             CapSense_CSD_IdacCH0_restoreReg = 0u;
 125:.\Generated_Source\PSoC5/CapSense_CSD_IdacCH0.c ****         }
 126:.\Generated_Source\PSoC5/CapSense_CSD_IdacCH0.c ****     #endif /* CY_PSOC5A */
 127:.\Generated_Source\PSoC5/CapSense_CSD_IdacCH0.c **** }
 116              		.loc 1 127 0
 117 0024 BD46     		mov	sp, r7
 118              		.cfi_def_cfa_register 13
 119              		@ sp needed
 120 0026 5DF8047B 		ldr	r7, [sp], #4
 121              		.cfi_restore 7
 122              		.cfi_def_cfa_offset 0
 123 002a 7047     		bx	lr
 124              	.L6:
 125              		.align	2
 126              	.L5:
 127 002c A8430040 		.word	1073759144
 128 0030 B8430040 		.word	1073759160
 129              		.cfi_endproc
 130              	.LFE1:
 131              		.size	CapSense_CSD_IdacCH0_Enable, .-CapSense_CSD_IdacCH0_Enable
 132              		.section	.text.CapSense_CSD_IdacCH0_Start,"ax",%progbits
 133              		.align	2
 134              		.global	CapSense_CSD_IdacCH0_Start
 135              		.thumb
 136              		.thumb_func
 137              		.type	CapSense_CSD_IdacCH0_Start, %function
 138              	CapSense_CSD_IdacCH0_Start:
 139              	.LFB2:
 128:.\Generated_Source\PSoC5/CapSense_CSD_IdacCH0.c **** 
 129:.\Generated_Source\PSoC5/CapSense_CSD_IdacCH0.c **** 
 130:.\Generated_Source\PSoC5/CapSense_CSD_IdacCH0.c **** /*******************************************************************************
 131:.\Generated_Source\PSoC5/CapSense_CSD_IdacCH0.c **** * Function Name: CapSense_CSD_IdacCH0_Start
 132:.\Generated_Source\PSoC5/CapSense_CSD_IdacCH0.c **** ********************************************************************************
 133:.\Generated_Source\PSoC5/CapSense_CSD_IdacCH0.c **** * Summary:
 134:.\Generated_Source\PSoC5/CapSense_CSD_IdacCH0.c **** *  Set power level then turn on IDAC8.
 135:.\Generated_Source\PSoC5/CapSense_CSD_IdacCH0.c **** *
 136:.\Generated_Source\PSoC5/CapSense_CSD_IdacCH0.c **** * Parameters:  
 137:.\Generated_Source\PSoC5/CapSense_CSD_IdacCH0.c **** *  power: Sets power level between off (0) and (3) high power
 138:.\Generated_Source\PSoC5/CapSense_CSD_IdacCH0.c **** *
 139:.\Generated_Source\PSoC5/CapSense_CSD_IdacCH0.c **** * Return:
 140:.\Generated_Source\PSoC5/CapSense_CSD_IdacCH0.c **** *  (void)
 141:.\Generated_Source\PSoC5/CapSense_CSD_IdacCH0.c **** *
 142:.\Generated_Source\PSoC5/CapSense_CSD_IdacCH0.c **** * Global variables:
 143:.\Generated_Source\PSoC5/CapSense_CSD_IdacCH0.c **** *  CapSense_CSD_IdacCH0_initVar: Is modified when this function is called for 
 144:.\Generated_Source\PSoC5/CapSense_CSD_IdacCH0.c **** *   the first time. Is used to ensure that initialization happens only once.
 145:.\Generated_Source\PSoC5/CapSense_CSD_IdacCH0.c **** *
 146:.\Generated_Source\PSoC5/CapSense_CSD_IdacCH0.c **** *******************************************************************************/
ARM GAS  C:\Users\mark6\AppData\Local\Temp\ccxokO8c.s 			page 6


 147:.\Generated_Source\PSoC5/CapSense_CSD_IdacCH0.c **** void CapSense_CSD_IdacCH0_Start(void) 
 148:.\Generated_Source\PSoC5/CapSense_CSD_IdacCH0.c **** {
 140              		.loc 1 148 0
 141              		.cfi_startproc
 142              		@ args = 0, pretend = 0, frame = 0
 143              		@ frame_needed = 1, uses_anonymous_args = 0
 144 0000 80B5     		push	{r7, lr}
 145              		.cfi_def_cfa_offset 8
 146              		.cfi_offset 7, -8
 147              		.cfi_offset 14, -4
 148 0002 00AF     		add	r7, sp, #0
 149              		.cfi_def_cfa_register 7
 149:.\Generated_Source\PSoC5/CapSense_CSD_IdacCH0.c ****     /* Hardware initiazation only needs to occur the first time */
 150:.\Generated_Source\PSoC5/CapSense_CSD_IdacCH0.c ****     if ( CapSense_CSD_IdacCH0_initVar == 0u)  
 150              		.loc 1 150 0
 151 0004 074B     		ldr	r3, .L9
 152 0006 1B78     		ldrb	r3, [r3]	@ zero_extendqisi2
 153 0008 002B     		cmp	r3, #0
 154 000a 04D1     		bne	.L8
 151:.\Generated_Source\PSoC5/CapSense_CSD_IdacCH0.c ****     {
 152:.\Generated_Source\PSoC5/CapSense_CSD_IdacCH0.c ****         CapSense_CSD_IdacCH0_Init();
 155              		.loc 1 152 0
 156 000c FFF7FEFF 		bl	CapSense_CSD_IdacCH0_Init
 153:.\Generated_Source\PSoC5/CapSense_CSD_IdacCH0.c ****         
 154:.\Generated_Source\PSoC5/CapSense_CSD_IdacCH0.c ****         CapSense_CSD_IdacCH0_initVar = 1u;
 157              		.loc 1 154 0
 158 0010 044B     		ldr	r3, .L9
 159 0012 0122     		movs	r2, #1
 160 0014 1A70     		strb	r2, [r3]
 161              	.L8:
 155:.\Generated_Source\PSoC5/CapSense_CSD_IdacCH0.c ****     }
 156:.\Generated_Source\PSoC5/CapSense_CSD_IdacCH0.c ****    
 157:.\Generated_Source\PSoC5/CapSense_CSD_IdacCH0.c ****     /* Enable power to DAC */
 158:.\Generated_Source\PSoC5/CapSense_CSD_IdacCH0.c ****     CapSense_CSD_IdacCH0_Enable();
 162              		.loc 1 158 0
 163 0016 FFF7FEFF 		bl	CapSense_CSD_IdacCH0_Enable
 159:.\Generated_Source\PSoC5/CapSense_CSD_IdacCH0.c **** 
 160:.\Generated_Source\PSoC5/CapSense_CSD_IdacCH0.c ****     /* Set default value */
 161:.\Generated_Source\PSoC5/CapSense_CSD_IdacCH0.c ****     CapSense_CSD_IdacCH0_SetValue(CapSense_CSD_IdacCH0_DEFAULT_DATA);
 164              		.loc 1 161 0
 165 001a 0020     		movs	r0, #0
 166 001c FFF7FEFF 		bl	CapSense_CSD_IdacCH0_SetValue
 162:.\Generated_Source\PSoC5/CapSense_CSD_IdacCH0.c **** 
 163:.\Generated_Source\PSoC5/CapSense_CSD_IdacCH0.c **** }
 167              		.loc 1 163 0
 168 0020 80BD     		pop	{r7, pc}
 169              	.L10:
 170 0022 00BF     		.align	2
 171              	.L9:
 172 0024 00000000 		.word	CapSense_CSD_IdacCH0_initVar
 173              		.cfi_endproc
 174              	.LFE2:
 175              		.size	CapSense_CSD_IdacCH0_Start, .-CapSense_CSD_IdacCH0_Start
 176              		.section	.text.CapSense_CSD_IdacCH0_Stop,"ax",%progbits
 177              		.align	2
 178              		.global	CapSense_CSD_IdacCH0_Stop
 179              		.thumb
ARM GAS  C:\Users\mark6\AppData\Local\Temp\ccxokO8c.s 			page 7


 180              		.thumb_func
 181              		.type	CapSense_CSD_IdacCH0_Stop, %function
 182              	CapSense_CSD_IdacCH0_Stop:
 183              	.LFB3:
 164:.\Generated_Source\PSoC5/CapSense_CSD_IdacCH0.c **** 
 165:.\Generated_Source\PSoC5/CapSense_CSD_IdacCH0.c **** 
 166:.\Generated_Source\PSoC5/CapSense_CSD_IdacCH0.c **** /*******************************************************************************
 167:.\Generated_Source\PSoC5/CapSense_CSD_IdacCH0.c **** * Function Name: CapSense_CSD_IdacCH0_Stop
 168:.\Generated_Source\PSoC5/CapSense_CSD_IdacCH0.c **** ********************************************************************************
 169:.\Generated_Source\PSoC5/CapSense_CSD_IdacCH0.c **** * Summary:
 170:.\Generated_Source\PSoC5/CapSense_CSD_IdacCH0.c **** *  Powers down IDAC8 to lowest power state.
 171:.\Generated_Source\PSoC5/CapSense_CSD_IdacCH0.c **** *
 172:.\Generated_Source\PSoC5/CapSense_CSD_IdacCH0.c **** * Parameters:
 173:.\Generated_Source\PSoC5/CapSense_CSD_IdacCH0.c **** *  (void)
 174:.\Generated_Source\PSoC5/CapSense_CSD_IdacCH0.c **** *
 175:.\Generated_Source\PSoC5/CapSense_CSD_IdacCH0.c **** * Return:
 176:.\Generated_Source\PSoC5/CapSense_CSD_IdacCH0.c **** *  (void)
 177:.\Generated_Source\PSoC5/CapSense_CSD_IdacCH0.c **** *
 178:.\Generated_Source\PSoC5/CapSense_CSD_IdacCH0.c **** * Theory:
 179:.\Generated_Source\PSoC5/CapSense_CSD_IdacCH0.c **** *
 180:.\Generated_Source\PSoC5/CapSense_CSD_IdacCH0.c **** * Side Effects:
 181:.\Generated_Source\PSoC5/CapSense_CSD_IdacCH0.c **** *
 182:.\Generated_Source\PSoC5/CapSense_CSD_IdacCH0.c **** *******************************************************************************/
 183:.\Generated_Source\PSoC5/CapSense_CSD_IdacCH0.c **** void CapSense_CSD_IdacCH0_Stop(void) 
 184:.\Generated_Source\PSoC5/CapSense_CSD_IdacCH0.c **** {
 184              		.loc 1 184 0
 185              		.cfi_startproc
 186              		@ args = 0, pretend = 0, frame = 0
 187              		@ frame_needed = 1, uses_anonymous_args = 0
 188              		@ link register save eliminated.
 189 0000 80B4     		push	{r7}
 190              		.cfi_def_cfa_offset 4
 191              		.cfi_offset 7, -4
 192 0002 00AF     		add	r7, sp, #0
 193              		.cfi_def_cfa_register 7
 185:.\Generated_Source\PSoC5/CapSense_CSD_IdacCH0.c ****     /* Disble power to DAC */
 186:.\Generated_Source\PSoC5/CapSense_CSD_IdacCH0.c ****     CapSense_CSD_IdacCH0_PWRMGR &= (uint8)(~CapSense_CSD_IdacCH0_ACT_PWR_EN);
 194              		.loc 1 186 0
 195 0004 094A     		ldr	r2, .L12
 196 0006 094B     		ldr	r3, .L12
 197 0008 1B78     		ldrb	r3, [r3]
 198 000a DBB2     		uxtb	r3, r3
 199 000c 23F00803 		bic	r3, r3, #8
 200 0010 DBB2     		uxtb	r3, r3
 201 0012 1370     		strb	r3, [r2]
 187:.\Generated_Source\PSoC5/CapSense_CSD_IdacCH0.c ****     CapSense_CSD_IdacCH0_STBY_PWRMGR &= (uint8)(~CapSense_CSD_IdacCH0_STBY_PWR_EN);
 202              		.loc 1 187 0
 203 0014 064A     		ldr	r2, .L12+4
 204 0016 064B     		ldr	r3, .L12+4
 205 0018 1B78     		ldrb	r3, [r3]
 206 001a DBB2     		uxtb	r3, r3
 207 001c 23F00803 		bic	r3, r3, #8
 208 0020 DBB2     		uxtb	r3, r3
 209 0022 1370     		strb	r3, [r2]
 188:.\Generated_Source\PSoC5/CapSense_CSD_IdacCH0.c ****     
 189:.\Generated_Source\PSoC5/CapSense_CSD_IdacCH0.c ****     #if (CY_PSOC5A)
 190:.\Generated_Source\PSoC5/CapSense_CSD_IdacCH0.c ****     
ARM GAS  C:\Users\mark6\AppData\Local\Temp\ccxokO8c.s 			page 8


 191:.\Generated_Source\PSoC5/CapSense_CSD_IdacCH0.c ****         /* Set the global variable  */
 192:.\Generated_Source\PSoC5/CapSense_CSD_IdacCH0.c ****         CapSense_CSD_IdacCH0_restoreReg = 1u;
 193:.\Generated_Source\PSoC5/CapSense_CSD_IdacCH0.c **** 
 194:.\Generated_Source\PSoC5/CapSense_CSD_IdacCH0.c ****         /* Save the control register and then Clear it. */
 195:.\Generated_Source\PSoC5/CapSense_CSD_IdacCH0.c ****         CapSense_CSD_IdacCH0_lowPowerBackup.DACCR0Reg = CapSense_CSD_IdacCH0_CR0;
 196:.\Generated_Source\PSoC5/CapSense_CSD_IdacCH0.c ****         CapSense_CSD_IdacCH0_CR0 = (CapSense_CSD_IdacCH0_MODE_I | CapSense_CSD_IdacCH0_RANGE_3 | Ca
 197:.\Generated_Source\PSoC5/CapSense_CSD_IdacCH0.c ****     #endif /* CY_PSOC5A */
 198:.\Generated_Source\PSoC5/CapSense_CSD_IdacCH0.c **** }
 210              		.loc 1 198 0
 211 0024 BD46     		mov	sp, r7
 212              		.cfi_def_cfa_register 13
 213              		@ sp needed
 214 0026 5DF8047B 		ldr	r7, [sp], #4
 215              		.cfi_restore 7
 216              		.cfi_def_cfa_offset 0
 217 002a 7047     		bx	lr
 218              	.L13:
 219              		.align	2
 220              	.L12:
 221 002c A8430040 		.word	1073759144
 222 0030 B8430040 		.word	1073759160
 223              		.cfi_endproc
 224              	.LFE3:
 225              		.size	CapSense_CSD_IdacCH0_Stop, .-CapSense_CSD_IdacCH0_Stop
 226              		.section	.text.CapSense_CSD_IdacCH0_SetSpeed,"ax",%progbits
 227              		.align	2
 228              		.global	CapSense_CSD_IdacCH0_SetSpeed
 229              		.thumb
 230              		.thumb_func
 231              		.type	CapSense_CSD_IdacCH0_SetSpeed, %function
 232              	CapSense_CSD_IdacCH0_SetSpeed:
 233              	.LFB4:
 199:.\Generated_Source\PSoC5/CapSense_CSD_IdacCH0.c **** 
 200:.\Generated_Source\PSoC5/CapSense_CSD_IdacCH0.c **** 
 201:.\Generated_Source\PSoC5/CapSense_CSD_IdacCH0.c **** /*******************************************************************************
 202:.\Generated_Source\PSoC5/CapSense_CSD_IdacCH0.c **** * Function Name: CapSense_CSD_IdacCH0_SetSpeed
 203:.\Generated_Source\PSoC5/CapSense_CSD_IdacCH0.c **** ********************************************************************************
 204:.\Generated_Source\PSoC5/CapSense_CSD_IdacCH0.c **** * Summary:
 205:.\Generated_Source\PSoC5/CapSense_CSD_IdacCH0.c **** *  Set DAC speed
 206:.\Generated_Source\PSoC5/CapSense_CSD_IdacCH0.c **** *
 207:.\Generated_Source\PSoC5/CapSense_CSD_IdacCH0.c **** * Parameters:
 208:.\Generated_Source\PSoC5/CapSense_CSD_IdacCH0.c **** *  power: Sets speed value
 209:.\Generated_Source\PSoC5/CapSense_CSD_IdacCH0.c **** *
 210:.\Generated_Source\PSoC5/CapSense_CSD_IdacCH0.c **** * Return:
 211:.\Generated_Source\PSoC5/CapSense_CSD_IdacCH0.c **** *  (void)
 212:.\Generated_Source\PSoC5/CapSense_CSD_IdacCH0.c **** *
 213:.\Generated_Source\PSoC5/CapSense_CSD_IdacCH0.c **** * Theory:
 214:.\Generated_Source\PSoC5/CapSense_CSD_IdacCH0.c **** *
 215:.\Generated_Source\PSoC5/CapSense_CSD_IdacCH0.c **** * Side Effects:
 216:.\Generated_Source\PSoC5/CapSense_CSD_IdacCH0.c **** *
 217:.\Generated_Source\PSoC5/CapSense_CSD_IdacCH0.c **** *******************************************************************************/
 218:.\Generated_Source\PSoC5/CapSense_CSD_IdacCH0.c **** void CapSense_CSD_IdacCH0_SetSpeed(uint8 speed) 
 219:.\Generated_Source\PSoC5/CapSense_CSD_IdacCH0.c **** {
 234              		.loc 1 219 0
 235              		.cfi_startproc
 236              		@ args = 0, pretend = 0, frame = 8
 237              		@ frame_needed = 1, uses_anonymous_args = 0
ARM GAS  C:\Users\mark6\AppData\Local\Temp\ccxokO8c.s 			page 9


 238              		@ link register save eliminated.
 239 0000 80B4     		push	{r7}
 240              		.cfi_def_cfa_offset 4
 241              		.cfi_offset 7, -4
 242 0002 83B0     		sub	sp, sp, #12
 243              		.cfi_def_cfa_offset 16
 244 0004 00AF     		add	r7, sp, #0
 245              		.cfi_def_cfa_register 7
 246 0006 0346     		mov	r3, r0
 247 0008 FB71     		strb	r3, [r7, #7]
 220:.\Generated_Source\PSoC5/CapSense_CSD_IdacCH0.c ****     /* Clear power mask then write in new value */
 221:.\Generated_Source\PSoC5/CapSense_CSD_IdacCH0.c ****     CapSense_CSD_IdacCH0_CR0 &= (uint8)(~CapSense_CSD_IdacCH0_HS_MASK);
 248              		.loc 1 221 0
 249 000a 0C4A     		ldr	r2, .L15
 250 000c 0B4B     		ldr	r3, .L15
 251 000e 1B78     		ldrb	r3, [r3]
 252 0010 DBB2     		uxtb	r3, r3
 253 0012 23F00203 		bic	r3, r3, #2
 254 0016 DBB2     		uxtb	r3, r3
 255 0018 1370     		strb	r3, [r2]
 222:.\Generated_Source\PSoC5/CapSense_CSD_IdacCH0.c ****     CapSense_CSD_IdacCH0_CR0 |=  ( speed & CapSense_CSD_IdacCH0_HS_MASK);
 256              		.loc 1 222 0
 257 001a 0849     		ldr	r1, .L15
 258 001c 074B     		ldr	r3, .L15
 259 001e 1B78     		ldrb	r3, [r3]
 260 0020 DAB2     		uxtb	r2, r3
 261 0022 FB79     		ldrb	r3, [r7, #7]
 262 0024 03F00203 		and	r3, r3, #2
 263 0028 DBB2     		uxtb	r3, r3
 264 002a 1343     		orrs	r3, r3, r2
 265 002c DBB2     		uxtb	r3, r3
 266 002e 0B70     		strb	r3, [r1]
 223:.\Generated_Source\PSoC5/CapSense_CSD_IdacCH0.c **** }
 267              		.loc 1 223 0
 268 0030 0C37     		adds	r7, r7, #12
 269              		.cfi_def_cfa_offset 4
 270 0032 BD46     		mov	sp, r7
 271              		.cfi_def_cfa_register 13
 272              		@ sp needed
 273 0034 5DF8047B 		ldr	r7, [sp], #4
 274              		.cfi_restore 7
 275              		.cfi_def_cfa_offset 0
 276 0038 7047     		bx	lr
 277              	.L16:
 278 003a 00BF     		.align	2
 279              	.L15:
 280 003c 2C580040 		.word	1073764396
 281              		.cfi_endproc
 282              	.LFE4:
 283              		.size	CapSense_CSD_IdacCH0_SetSpeed, .-CapSense_CSD_IdacCH0_SetSpeed
 284              		.section	.text.CapSense_CSD_IdacCH0_SetPolarity,"ax",%progbits
 285              		.align	2
 286              		.global	CapSense_CSD_IdacCH0_SetPolarity
 287              		.thumb
 288              		.thumb_func
 289              		.type	CapSense_CSD_IdacCH0_SetPolarity, %function
 290              	CapSense_CSD_IdacCH0_SetPolarity:
ARM GAS  C:\Users\mark6\AppData\Local\Temp\ccxokO8c.s 			page 10


 291              	.LFB5:
 224:.\Generated_Source\PSoC5/CapSense_CSD_IdacCH0.c **** 
 225:.\Generated_Source\PSoC5/CapSense_CSD_IdacCH0.c **** 
 226:.\Generated_Source\PSoC5/CapSense_CSD_IdacCH0.c **** /*******************************************************************************
 227:.\Generated_Source\PSoC5/CapSense_CSD_IdacCH0.c **** * Function Name: CapSense_CSD_IdacCH0_SetPolarity
 228:.\Generated_Source\PSoC5/CapSense_CSD_IdacCH0.c **** ********************************************************************************
 229:.\Generated_Source\PSoC5/CapSense_CSD_IdacCH0.c **** * Summary:
 230:.\Generated_Source\PSoC5/CapSense_CSD_IdacCH0.c **** *  Sets IDAC to Sink or Source current.
 231:.\Generated_Source\PSoC5/CapSense_CSD_IdacCH0.c **** *  
 232:.\Generated_Source\PSoC5/CapSense_CSD_IdacCH0.c **** * Parameters:
 233:.\Generated_Source\PSoC5/CapSense_CSD_IdacCH0.c **** *  Polarity: Sets the IDAC to Sink or Source 
 234:.\Generated_Source\PSoC5/CapSense_CSD_IdacCH0.c **** *  0x00 - Source
 235:.\Generated_Source\PSoC5/CapSense_CSD_IdacCH0.c **** *  0x04 - Sink
 236:.\Generated_Source\PSoC5/CapSense_CSD_IdacCH0.c **** *
 237:.\Generated_Source\PSoC5/CapSense_CSD_IdacCH0.c **** * Return:
 238:.\Generated_Source\PSoC5/CapSense_CSD_IdacCH0.c **** *  (void)
 239:.\Generated_Source\PSoC5/CapSense_CSD_IdacCH0.c **** *
 240:.\Generated_Source\PSoC5/CapSense_CSD_IdacCH0.c **** * Theory:
 241:.\Generated_Source\PSoC5/CapSense_CSD_IdacCH0.c **** *
 242:.\Generated_Source\PSoC5/CapSense_CSD_IdacCH0.c **** * Side Effects:
 243:.\Generated_Source\PSoC5/CapSense_CSD_IdacCH0.c **** *
 244:.\Generated_Source\PSoC5/CapSense_CSD_IdacCH0.c **** *******************************************************************************/
 245:.\Generated_Source\PSoC5/CapSense_CSD_IdacCH0.c **** #if(CapSense_CSD_IdacCH0_DEFAULT_POLARITY != CapSense_CSD_IdacCH0_HARDWARE_CONTROLLED)
 246:.\Generated_Source\PSoC5/CapSense_CSD_IdacCH0.c ****     void CapSense_CSD_IdacCH0_SetPolarity(uint8 polarity) 
 247:.\Generated_Source\PSoC5/CapSense_CSD_IdacCH0.c ****     {
 292              		.loc 1 247 0
 293              		.cfi_startproc
 294              		@ args = 0, pretend = 0, frame = 8
 295              		@ frame_needed = 1, uses_anonymous_args = 0
 296 0000 80B5     		push	{r7, lr}
 297              		.cfi_def_cfa_offset 8
 298              		.cfi_offset 7, -8
 299              		.cfi_offset 14, -4
 300 0002 82B0     		sub	sp, sp, #8
 301              		.cfi_def_cfa_offset 16
 302 0004 00AF     		add	r7, sp, #0
 303              		.cfi_def_cfa_register 7
 304 0006 0346     		mov	r3, r0
 305 0008 FB71     		strb	r3, [r7, #7]
 248:.\Generated_Source\PSoC5/CapSense_CSD_IdacCH0.c ****         CapSense_CSD_IdacCH0_CR1 &= (uint8)(~CapSense_CSD_IdacCH0_IDIR_MASK);                /* cle
 306              		.loc 1 248 0
 307 000a 0C4A     		ldr	r2, .L18
 308 000c 0B4B     		ldr	r3, .L18
 309 000e 1B78     		ldrb	r3, [r3]
 310 0010 DBB2     		uxtb	r3, r3
 311 0012 23F00403 		bic	r3, r3, #4
 312 0016 DBB2     		uxtb	r3, r3
 313 0018 1370     		strb	r3, [r2]
 249:.\Generated_Source\PSoC5/CapSense_CSD_IdacCH0.c ****         CapSense_CSD_IdacCH0_CR1 |= (polarity & CapSense_CSD_IdacCH0_IDIR_MASK);             /* set
 314              		.loc 1 249 0
 315 001a 0849     		ldr	r1, .L18
 316 001c 074B     		ldr	r3, .L18
 317 001e 1B78     		ldrb	r3, [r3]
 318 0020 DAB2     		uxtb	r2, r3
 319 0022 FB79     		ldrb	r3, [r7, #7]
 320 0024 03F00403 		and	r3, r3, #4
 321 0028 DBB2     		uxtb	r3, r3
ARM GAS  C:\Users\mark6\AppData\Local\Temp\ccxokO8c.s 			page 11


 322 002a 1343     		orrs	r3, r3, r2
 323 002c DBB2     		uxtb	r3, r3
 324 002e 0B70     		strb	r3, [r1]
 250:.\Generated_Source\PSoC5/CapSense_CSD_IdacCH0.c ****     
 251:.\Generated_Source\PSoC5/CapSense_CSD_IdacCH0.c ****         CapSense_CSD_IdacCH0_DacTrim();
 325              		.loc 1 251 0
 326 0030 FFF7FEFF 		bl	CapSense_CSD_IdacCH0_DacTrim
 252:.\Generated_Source\PSoC5/CapSense_CSD_IdacCH0.c ****     }
 327              		.loc 1 252 0
 328 0034 0837     		adds	r7, r7, #8
 329              		.cfi_def_cfa_offset 8
 330 0036 BD46     		mov	sp, r7
 331              		.cfi_def_cfa_register 13
 332              		@ sp needed
 333 0038 80BD     		pop	{r7, pc}
 334              	.L19:
 335 003a 00BF     		.align	2
 336              	.L18:
 337 003c 2D580040 		.word	1073764397
 338              		.cfi_endproc
 339              	.LFE5:
 340              		.size	CapSense_CSD_IdacCH0_SetPolarity, .-CapSense_CSD_IdacCH0_SetPolarity
 341              		.section	.text.CapSense_CSD_IdacCH0_SetRange,"ax",%progbits
 342              		.align	2
 343              		.global	CapSense_CSD_IdacCH0_SetRange
 344              		.thumb
 345              		.thumb_func
 346              		.type	CapSense_CSD_IdacCH0_SetRange, %function
 347              	CapSense_CSD_IdacCH0_SetRange:
 348              	.LFB6:
 253:.\Generated_Source\PSoC5/CapSense_CSD_IdacCH0.c **** #endif/*(CapSense_CSD_IdacCH0_DEFAULT_POLARITY != CapSense_CSD_IdacCH0_HARDWARE_CONTROLLED)*/
 254:.\Generated_Source\PSoC5/CapSense_CSD_IdacCH0.c **** 
 255:.\Generated_Source\PSoC5/CapSense_CSD_IdacCH0.c **** 
 256:.\Generated_Source\PSoC5/CapSense_CSD_IdacCH0.c **** /*******************************************************************************
 257:.\Generated_Source\PSoC5/CapSense_CSD_IdacCH0.c **** * Function Name: CapSense_CSD_IdacCH0_SetRange
 258:.\Generated_Source\PSoC5/CapSense_CSD_IdacCH0.c **** ********************************************************************************
 259:.\Generated_Source\PSoC5/CapSense_CSD_IdacCH0.c **** * Summary:
 260:.\Generated_Source\PSoC5/CapSense_CSD_IdacCH0.c **** *  Set current range
 261:.\Generated_Source\PSoC5/CapSense_CSD_IdacCH0.c **** *
 262:.\Generated_Source\PSoC5/CapSense_CSD_IdacCH0.c **** * Parameters:
 263:.\Generated_Source\PSoC5/CapSense_CSD_IdacCH0.c **** *  Range: Sets on of four valid ranges.
 264:.\Generated_Source\PSoC5/CapSense_CSD_IdacCH0.c **** *
 265:.\Generated_Source\PSoC5/CapSense_CSD_IdacCH0.c **** * Return:
 266:.\Generated_Source\PSoC5/CapSense_CSD_IdacCH0.c **** *  (void)
 267:.\Generated_Source\PSoC5/CapSense_CSD_IdacCH0.c **** *
 268:.\Generated_Source\PSoC5/CapSense_CSD_IdacCH0.c **** * Theory:
 269:.\Generated_Source\PSoC5/CapSense_CSD_IdacCH0.c **** *
 270:.\Generated_Source\PSoC5/CapSense_CSD_IdacCH0.c **** * Side Effects:
 271:.\Generated_Source\PSoC5/CapSense_CSD_IdacCH0.c **** *
 272:.\Generated_Source\PSoC5/CapSense_CSD_IdacCH0.c **** *******************************************************************************/
 273:.\Generated_Source\PSoC5/CapSense_CSD_IdacCH0.c **** void CapSense_CSD_IdacCH0_SetRange(uint8 range) 
 274:.\Generated_Source\PSoC5/CapSense_CSD_IdacCH0.c **** {
 349              		.loc 1 274 0
 350              		.cfi_startproc
 351              		@ args = 0, pretend = 0, frame = 8
 352              		@ frame_needed = 1, uses_anonymous_args = 0
 353 0000 80B5     		push	{r7, lr}
ARM GAS  C:\Users\mark6\AppData\Local\Temp\ccxokO8c.s 			page 12


 354              		.cfi_def_cfa_offset 8
 355              		.cfi_offset 7, -8
 356              		.cfi_offset 14, -4
 357 0002 82B0     		sub	sp, sp, #8
 358              		.cfi_def_cfa_offset 16
 359 0004 00AF     		add	r7, sp, #0
 360              		.cfi_def_cfa_register 7
 361 0006 0346     		mov	r3, r0
 362 0008 FB71     		strb	r3, [r7, #7]
 275:.\Generated_Source\PSoC5/CapSense_CSD_IdacCH0.c ****     CapSense_CSD_IdacCH0_CR0 &= (uint8)(~CapSense_CSD_IdacCH0_RANGE_MASK);       /* Clear existing 
 363              		.loc 1 275 0
 364 000a 0C4A     		ldr	r2, .L21
 365 000c 0B4B     		ldr	r3, .L21
 366 000e 1B78     		ldrb	r3, [r3]
 367 0010 DBB2     		uxtb	r3, r3
 368 0012 23F00C03 		bic	r3, r3, #12
 369 0016 DBB2     		uxtb	r3, r3
 370 0018 1370     		strb	r3, [r2]
 276:.\Generated_Source\PSoC5/CapSense_CSD_IdacCH0.c ****     CapSense_CSD_IdacCH0_CR0 |= ( range & CapSense_CSD_IdacCH0_RANGE_MASK );     /*  Set Range  */
 371              		.loc 1 276 0
 372 001a 0849     		ldr	r1, .L21
 373 001c 074B     		ldr	r3, .L21
 374 001e 1B78     		ldrb	r3, [r3]
 375 0020 DAB2     		uxtb	r2, r3
 376 0022 FB79     		ldrb	r3, [r7, #7]
 377 0024 03F00C03 		and	r3, r3, #12
 378 0028 DBB2     		uxtb	r3, r3
 379 002a 1343     		orrs	r3, r3, r2
 380 002c DBB2     		uxtb	r3, r3
 381 002e 0B70     		strb	r3, [r1]
 277:.\Generated_Source\PSoC5/CapSense_CSD_IdacCH0.c ****     CapSense_CSD_IdacCH0_DacTrim();
 382              		.loc 1 277 0
 383 0030 FFF7FEFF 		bl	CapSense_CSD_IdacCH0_DacTrim
 278:.\Generated_Source\PSoC5/CapSense_CSD_IdacCH0.c **** }
 384              		.loc 1 278 0
 385 0034 0837     		adds	r7, r7, #8
 386              		.cfi_def_cfa_offset 8
 387 0036 BD46     		mov	sp, r7
 388              		.cfi_def_cfa_register 13
 389              		@ sp needed
 390 0038 80BD     		pop	{r7, pc}
 391              	.L22:
 392 003a 00BF     		.align	2
 393              	.L21:
 394 003c 2C580040 		.word	1073764396
 395              		.cfi_endproc
 396              	.LFE6:
 397              		.size	CapSense_CSD_IdacCH0_SetRange, .-CapSense_CSD_IdacCH0_SetRange
 398              		.section	.text.CapSense_CSD_IdacCH0_SetValue,"ax",%progbits
 399              		.align	2
 400              		.global	CapSense_CSD_IdacCH0_SetValue
 401              		.thumb
 402              		.thumb_func
 403              		.type	CapSense_CSD_IdacCH0_SetValue, %function
 404              	CapSense_CSD_IdacCH0_SetValue:
 405              	.LFB7:
 279:.\Generated_Source\PSoC5/CapSense_CSD_IdacCH0.c **** 
ARM GAS  C:\Users\mark6\AppData\Local\Temp\ccxokO8c.s 			page 13


 280:.\Generated_Source\PSoC5/CapSense_CSD_IdacCH0.c **** 
 281:.\Generated_Source\PSoC5/CapSense_CSD_IdacCH0.c **** /*******************************************************************************
 282:.\Generated_Source\PSoC5/CapSense_CSD_IdacCH0.c **** * Function Name: CapSense_CSD_IdacCH0_SetValue
 283:.\Generated_Source\PSoC5/CapSense_CSD_IdacCH0.c **** ********************************************************************************
 284:.\Generated_Source\PSoC5/CapSense_CSD_IdacCH0.c **** * Summary:
 285:.\Generated_Source\PSoC5/CapSense_CSD_IdacCH0.c **** *  Set DAC value
 286:.\Generated_Source\PSoC5/CapSense_CSD_IdacCH0.c **** *
 287:.\Generated_Source\PSoC5/CapSense_CSD_IdacCH0.c **** * Parameters:
 288:.\Generated_Source\PSoC5/CapSense_CSD_IdacCH0.c **** *  value: Sets DAC value between 0 and 255.
 289:.\Generated_Source\PSoC5/CapSense_CSD_IdacCH0.c **** *
 290:.\Generated_Source\PSoC5/CapSense_CSD_IdacCH0.c **** * Return:
 291:.\Generated_Source\PSoC5/CapSense_CSD_IdacCH0.c **** *  (void)
 292:.\Generated_Source\PSoC5/CapSense_CSD_IdacCH0.c **** *
 293:.\Generated_Source\PSoC5/CapSense_CSD_IdacCH0.c **** * Theory:
 294:.\Generated_Source\PSoC5/CapSense_CSD_IdacCH0.c **** *
 295:.\Generated_Source\PSoC5/CapSense_CSD_IdacCH0.c **** * Side Effects:
 296:.\Generated_Source\PSoC5/CapSense_CSD_IdacCH0.c **** *
 297:.\Generated_Source\PSoC5/CapSense_CSD_IdacCH0.c **** *******************************************************************************/
 298:.\Generated_Source\PSoC5/CapSense_CSD_IdacCH0.c **** void CapSense_CSD_IdacCH0_SetValue(uint8 value) 
 299:.\Generated_Source\PSoC5/CapSense_CSD_IdacCH0.c **** {
 406              		.loc 1 299 0
 407              		.cfi_startproc
 408              		@ args = 0, pretend = 0, frame = 8
 409              		@ frame_needed = 1, uses_anonymous_args = 0
 410              		@ link register save eliminated.
 411 0000 80B4     		push	{r7}
 412              		.cfi_def_cfa_offset 4
 413              		.cfi_offset 7, -4
 414 0002 83B0     		sub	sp, sp, #12
 415              		.cfi_def_cfa_offset 16
 416 0004 00AF     		add	r7, sp, #0
 417              		.cfi_def_cfa_register 7
 418 0006 0346     		mov	r3, r0
 419 0008 FB71     		strb	r3, [r7, #7]
 300:.\Generated_Source\PSoC5/CapSense_CSD_IdacCH0.c **** 
 301:.\Generated_Source\PSoC5/CapSense_CSD_IdacCH0.c ****     #if (CY_PSOC5A)
 302:.\Generated_Source\PSoC5/CapSense_CSD_IdacCH0.c ****         uint8 CapSense_CSD_IdacCH0_intrStatus = CyEnterCriticalSection();
 303:.\Generated_Source\PSoC5/CapSense_CSD_IdacCH0.c ****     #endif /* CY_PSOC5A */
 304:.\Generated_Source\PSoC5/CapSense_CSD_IdacCH0.c **** 
 305:.\Generated_Source\PSoC5/CapSense_CSD_IdacCH0.c ****     CapSense_CSD_IdacCH0_Data = value;         /*  Set Value  */
 420              		.loc 1 305 0
 421 000a 044A     		ldr	r2, .L24
 422 000c FB79     		ldrb	r3, [r7, #7]
 423 000e 1370     		strb	r3, [r2]
 306:.\Generated_Source\PSoC5/CapSense_CSD_IdacCH0.c ****     
 307:.\Generated_Source\PSoC5/CapSense_CSD_IdacCH0.c ****     /* PSOC5A silicons require a double write */
 308:.\Generated_Source\PSoC5/CapSense_CSD_IdacCH0.c ****     #if (CY_PSOC5A)
 309:.\Generated_Source\PSoC5/CapSense_CSD_IdacCH0.c ****         CapSense_CSD_IdacCH0_Data = value;
 310:.\Generated_Source\PSoC5/CapSense_CSD_IdacCH0.c ****         CyExitCriticalSection(CapSense_CSD_IdacCH0_intrStatus);
 311:.\Generated_Source\PSoC5/CapSense_CSD_IdacCH0.c ****     #endif /* CY_PSOC5A */
 312:.\Generated_Source\PSoC5/CapSense_CSD_IdacCH0.c **** }
 424              		.loc 1 312 0
 425 0010 0C37     		adds	r7, r7, #12
 426              		.cfi_def_cfa_offset 4
 427 0012 BD46     		mov	sp, r7
 428              		.cfi_def_cfa_register 13
 429              		@ sp needed
ARM GAS  C:\Users\mark6\AppData\Local\Temp\ccxokO8c.s 			page 14


 430 0014 5DF8047B 		ldr	r7, [sp], #4
 431              		.cfi_restore 7
 432              		.cfi_def_cfa_offset 0
 433 0018 7047     		bx	lr
 434              	.L25:
 435 001a 00BF     		.align	2
 436              	.L24:
 437 001c 835B0040 		.word	1073765251
 438              		.cfi_endproc
 439              	.LFE7:
 440              		.size	CapSense_CSD_IdacCH0_SetValue, .-CapSense_CSD_IdacCH0_SetValue
 441              		.section	.text.CapSense_CSD_IdacCH0_DacTrim,"ax",%progbits
 442              		.align	2
 443              		.global	CapSense_CSD_IdacCH0_DacTrim
 444              		.thumb
 445              		.thumb_func
 446              		.type	CapSense_CSD_IdacCH0_DacTrim, %function
 447              	CapSense_CSD_IdacCH0_DacTrim:
 448              	.LFB8:
 313:.\Generated_Source\PSoC5/CapSense_CSD_IdacCH0.c **** 
 314:.\Generated_Source\PSoC5/CapSense_CSD_IdacCH0.c **** 
 315:.\Generated_Source\PSoC5/CapSense_CSD_IdacCH0.c **** /*******************************************************************************
 316:.\Generated_Source\PSoC5/CapSense_CSD_IdacCH0.c **** * Function Name: CapSense_CSD_IdacCH0_DacTrim
 317:.\Generated_Source\PSoC5/CapSense_CSD_IdacCH0.c **** ********************************************************************************
 318:.\Generated_Source\PSoC5/CapSense_CSD_IdacCH0.c **** * Summary:
 319:.\Generated_Source\PSoC5/CapSense_CSD_IdacCH0.c **** *  Set the trim value for the given range.
 320:.\Generated_Source\PSoC5/CapSense_CSD_IdacCH0.c **** *
 321:.\Generated_Source\PSoC5/CapSense_CSD_IdacCH0.c **** * Parameters:
 322:.\Generated_Source\PSoC5/CapSense_CSD_IdacCH0.c **** *  None
 323:.\Generated_Source\PSoC5/CapSense_CSD_IdacCH0.c **** *
 324:.\Generated_Source\PSoC5/CapSense_CSD_IdacCH0.c **** * Return:
 325:.\Generated_Source\PSoC5/CapSense_CSD_IdacCH0.c **** *  (void) 
 326:.\Generated_Source\PSoC5/CapSense_CSD_IdacCH0.c **** *
 327:.\Generated_Source\PSoC5/CapSense_CSD_IdacCH0.c **** * Theory:
 328:.\Generated_Source\PSoC5/CapSense_CSD_IdacCH0.c **** *  Trim values for the IDAC blocks are stored in the "Customer Table" area in 
 329:.\Generated_Source\PSoC5/CapSense_CSD_IdacCH0.c **** *  Row 1 of the Hidden Flash.  There are 8 bytes of trim data for each 
 330:.\Generated_Source\PSoC5/CapSense_CSD_IdacCH0.c **** *  IDAC block.
 331:.\Generated_Source\PSoC5/CapSense_CSD_IdacCH0.c **** *  The values are:
 332:.\Generated_Source\PSoC5/CapSense_CSD_IdacCH0.c **** *       I Gain offset, min range, Sourcing
 333:.\Generated_Source\PSoC5/CapSense_CSD_IdacCH0.c **** *       I Gain offset, min range, Sinking
 334:.\Generated_Source\PSoC5/CapSense_CSD_IdacCH0.c **** *       I Gain offset, med range, Sourcing
 335:.\Generated_Source\PSoC5/CapSense_CSD_IdacCH0.c **** *       I Gain offset, med range, Sinking
 336:.\Generated_Source\PSoC5/CapSense_CSD_IdacCH0.c **** *       I Gain offset, max range, Sourcing
 337:.\Generated_Source\PSoC5/CapSense_CSD_IdacCH0.c **** *       I Gain offset, max range, Sinking
 338:.\Generated_Source\PSoC5/CapSense_CSD_IdacCH0.c **** *       V Gain offset, 1V range
 339:.\Generated_Source\PSoC5/CapSense_CSD_IdacCH0.c **** *       V Gain offset, 4V range
 340:.\Generated_Source\PSoC5/CapSense_CSD_IdacCH0.c **** *
 341:.\Generated_Source\PSoC5/CapSense_CSD_IdacCH0.c **** * Side Effects:
 342:.\Generated_Source\PSoC5/CapSense_CSD_IdacCH0.c **** *
 343:.\Generated_Source\PSoC5/CapSense_CSD_IdacCH0.c **** *******************************************************************************/
 344:.\Generated_Source\PSoC5/CapSense_CSD_IdacCH0.c **** void CapSense_CSD_IdacCH0_DacTrim(void) 
 345:.\Generated_Source\PSoC5/CapSense_CSD_IdacCH0.c **** {
 449              		.loc 1 345 0
 450              		.cfi_startproc
 451              		@ args = 0, pretend = 0, frame = 8
 452              		@ frame_needed = 1, uses_anonymous_args = 0
 453              		@ link register save eliminated.
ARM GAS  C:\Users\mark6\AppData\Local\Temp\ccxokO8c.s 			page 15


 454 0000 80B4     		push	{r7}
 455              		.cfi_def_cfa_offset 4
 456              		.cfi_offset 7, -4
 457 0002 83B0     		sub	sp, sp, #12
 458              		.cfi_def_cfa_offset 16
 459 0004 00AF     		add	r7, sp, #0
 460              		.cfi_def_cfa_register 7
 346:.\Generated_Source\PSoC5/CapSense_CSD_IdacCH0.c ****     uint8 mode;
 347:.\Generated_Source\PSoC5/CapSense_CSD_IdacCH0.c **** 
 348:.\Generated_Source\PSoC5/CapSense_CSD_IdacCH0.c ****     mode = ((CapSense_CSD_IdacCH0_CR0 & CapSense_CSD_IdacCH0_RANGE_MASK) >> 1u);
 461              		.loc 1 348 0
 462 0006 104B     		ldr	r3, .L28
 463 0008 1B78     		ldrb	r3, [r3]
 464 000a DBB2     		uxtb	r3, r3
 465 000c 03F00C03 		and	r3, r3, #12
 466 0010 5B08     		lsrs	r3, r3, #1
 467 0012 FB71     		strb	r3, [r7, #7]
 349:.\Generated_Source\PSoC5/CapSense_CSD_IdacCH0.c ****     
 350:.\Generated_Source\PSoC5/CapSense_CSD_IdacCH0.c ****     if((CapSense_CSD_IdacCH0_IDIR_MASK & CapSense_CSD_IdacCH0_CR1) == CapSense_CSD_IdacCH0_IDIR_SIN
 468              		.loc 1 350 0
 469 0014 0D4B     		ldr	r3, .L28+4
 470 0016 1B78     		ldrb	r3, [r3]
 471 0018 DBB2     		uxtb	r3, r3
 472 001a 03F00403 		and	r3, r3, #4
 473 001e DBB2     		uxtb	r3, r3
 474 0020 002B     		cmp	r3, #0
 475 0022 02D0     		beq	.L27
 351:.\Generated_Source\PSoC5/CapSense_CSD_IdacCH0.c ****     {
 352:.\Generated_Source\PSoC5/CapSense_CSD_IdacCH0.c ****         mode++;
 476              		.loc 1 352 0
 477 0024 FB79     		ldrb	r3, [r7, #7]	@ zero_extendqisi2
 478 0026 0133     		adds	r3, r3, #1
 479 0028 FB71     		strb	r3, [r7, #7]
 480              	.L27:
 353:.\Generated_Source\PSoC5/CapSense_CSD_IdacCH0.c ****     }
 354:.\Generated_Source\PSoC5/CapSense_CSD_IdacCH0.c **** 
 355:.\Generated_Source\PSoC5/CapSense_CSD_IdacCH0.c ****     CapSense_CSD_IdacCH0_TR = CY_GET_XTND_REG8((uint8 *)(CapSense_CSD_IdacCH0_DAC_TRIM_BASE + mode)
 481              		.loc 1 355 0
 482 002a 094A     		ldr	r2, .L28+8
 483 002c FB79     		ldrb	r3, [r7, #7]	@ zero_extendqisi2
 484 002e 03F19243 		add	r3, r3, #1224736768
 485 0032 03F59C73 		add	r3, r3, #312
 486 0036 1B78     		ldrb	r3, [r3]
 487 0038 DBB2     		uxtb	r3, r3
 488 003a 1370     		strb	r3, [r2]
 356:.\Generated_Source\PSoC5/CapSense_CSD_IdacCH0.c **** }
 489              		.loc 1 356 0
 490 003c 0C37     		adds	r7, r7, #12
 491              		.cfi_def_cfa_offset 4
 492 003e BD46     		mov	sp, r7
 493              		.cfi_def_cfa_register 13
 494              		@ sp needed
 495 0040 5DF8047B 		ldr	r7, [sp], #4
 496              		.cfi_restore 7
 497              		.cfi_def_cfa_offset 0
 498 0044 7047     		bx	lr
 499              	.L29:
ARM GAS  C:\Users\mark6\AppData\Local\Temp\ccxokO8c.s 			page 16


 500 0046 00BF     		.align	2
 501              	.L28:
 502 0048 2C580040 		.word	1073764396
 503 004c 2D580040 		.word	1073764397
 504 0050 0B460040 		.word	1073759755
 505              		.cfi_endproc
 506              	.LFE8:
 507              		.size	CapSense_CSD_IdacCH0_DacTrim, .-CapSense_CSD_IdacCH0_DacTrim
 508              		.text
 509              	.Letext0:
 510              		.file 2 ".\\Generated_Source\\PSoC5\\cytypes.h"
 511              		.section	.debug_info,"",%progbits
 512              	.Ldebug_info0:
 513 0000 A8010000 		.4byte	0x1a8
 514 0004 0400     		.2byte	0x4
 515 0006 00000000 		.4byte	.Ldebug_abbrev0
 516 000a 04       		.byte	0x4
 517 000b 01       		.uleb128 0x1
 518 000c 84000000 		.4byte	.LASF27
 519 0010 01       		.byte	0x1
 520 0011 A6020000 		.4byte	.LASF28
 521 0015 3E010000 		.4byte	.LASF29
 522 0019 00000000 		.4byte	.Ldebug_ranges0+0
 523 001d 00000000 		.4byte	0
 524 0021 00000000 		.4byte	.Ldebug_line0
 525 0025 02       		.uleb128 0x2
 526 0026 01       		.byte	0x1
 527 0027 06       		.byte	0x6
 528 0028 99010000 		.4byte	.LASF0
 529 002c 02       		.uleb128 0x2
 530 002d 01       		.byte	0x1
 531 002e 08       		.byte	0x8
 532 002f 30010000 		.4byte	.LASF1
 533 0033 02       		.uleb128 0x2
 534 0034 02       		.byte	0x2
 535 0035 05       		.byte	0x5
 536 0036 1D000000 		.4byte	.LASF2
 537 003a 02       		.uleb128 0x2
 538 003b 02       		.byte	0x2
 539 003c 07       		.byte	0x7
 540 003d CF010000 		.4byte	.LASF3
 541 0041 02       		.uleb128 0x2
 542 0042 04       		.byte	0x4
 543 0043 05       		.byte	0x5
 544 0044 E7010000 		.4byte	.LASF4
 545 0048 02       		.uleb128 0x2
 546 0049 04       		.byte	0x4
 547 004a 07       		.byte	0x7
 548 004b F5010000 		.4byte	.LASF5
 549 004f 02       		.uleb128 0x2
 550 0050 08       		.byte	0x8
 551 0051 05       		.byte	0x5
 552 0052 76000000 		.4byte	.LASF6
 553 0056 02       		.uleb128 0x2
 554 0057 08       		.byte	0x8
 555 0058 07       		.byte	0x7
 556 0059 A5010000 		.4byte	.LASF7
ARM GAS  C:\Users\mark6\AppData\Local\Temp\ccxokO8c.s 			page 17


 557 005d 03       		.uleb128 0x3
 558 005e 04       		.byte	0x4
 559 005f 05       		.byte	0x5
 560 0060 696E7400 		.ascii	"int\000"
 561 0064 02       		.uleb128 0x2
 562 0065 04       		.byte	0x4
 563 0066 07       		.byte	0x7
 564 0067 BC010000 		.4byte	.LASF8
 565 006b 04       		.uleb128 0x4
 566 006c 50000000 		.4byte	.LASF12
 567 0070 02       		.byte	0x2
 568 0071 C2       		.byte	0xc2
 569 0072 2C000000 		.4byte	0x2c
 570 0076 02       		.uleb128 0x2
 571 0077 04       		.byte	0x4
 572 0078 04       		.byte	0x4
 573 0079 70000000 		.4byte	.LASF9
 574 007d 02       		.uleb128 0x2
 575 007e 08       		.byte	0x8
 576 007f 04       		.byte	0x4
 577 0080 21020000 		.4byte	.LASF10
 578 0084 02       		.uleb128 0x2
 579 0085 01       		.byte	0x1
 580 0086 08       		.byte	0x8
 581 0087 E2010000 		.4byte	.LASF11
 582 008b 05       		.uleb128 0x5
 583 008c F0010000 		.4byte	.LASF13
 584 0090 02       		.byte	0x2
 585 0091 6C01     		.2byte	0x16c
 586 0093 97000000 		.4byte	0x97
 587 0097 06       		.uleb128 0x6
 588 0098 6B000000 		.4byte	0x6b
 589 009c 07       		.uleb128 0x7
 590 009d 56000000 		.4byte	.LASF14
 591 00a1 01       		.byte	0x1
 592 00a2 3A       		.byte	0x3a
 593 00a3 00000000 		.4byte	.LFB0
 594 00a7 44000000 		.4byte	.LFE0-.LFB0
 595 00ab 01       		.uleb128 0x1
 596 00ac 9C       		.byte	0x9c
 597 00ad 08       		.uleb128 0x8
 598 00ae 6D020000 		.4byte	.LASF15
 599 00b2 01       		.byte	0x1
 600 00b3 6F       		.byte	0x6f
 601 00b4 00000000 		.4byte	.LFB1
 602 00b8 34000000 		.4byte	.LFE1-.LFB1
 603 00bc 01       		.uleb128 0x1
 604 00bd 9C       		.byte	0x9c
 605 00be 07       		.uleb128 0x7
 606 00bf D6020000 		.4byte	.LASF16
 607 00c3 01       		.byte	0x1
 608 00c4 93       		.byte	0x93
 609 00c5 00000000 		.4byte	.LFB2
 610 00c9 28000000 		.4byte	.LFE2-.LFB2
 611 00cd 01       		.uleb128 0x1
 612 00ce 9C       		.byte	0x9c
 613 00cf 08       		.uleb128 0x8
ARM GAS  C:\Users\mark6\AppData\Local\Temp\ccxokO8c.s 			page 18


 614 00d0 07020000 		.4byte	.LASF17
 615 00d4 01       		.byte	0x1
 616 00d5 B7       		.byte	0xb7
 617 00d6 00000000 		.4byte	.LFB3
 618 00da 34000000 		.4byte	.LFE3-.LFB3
 619 00de 01       		.uleb128 0x1
 620 00df 9C       		.byte	0x9c
 621 00e0 09       		.uleb128 0x9
 622 00e1 2C000000 		.4byte	.LASF18
 623 00e5 01       		.byte	0x1
 624 00e6 DA       		.byte	0xda
 625 00e7 00000000 		.4byte	.LFB4
 626 00eb 40000000 		.4byte	.LFE4-.LFB4
 627 00ef 01       		.uleb128 0x1
 628 00f0 9C       		.byte	0x9c
 629 00f1 04010000 		.4byte	0x104
 630 00f5 0A       		.uleb128 0xa
 631 00f6 C9010000 		.4byte	.LASF20
 632 00fa 01       		.byte	0x1
 633 00fb DA       		.byte	0xda
 634 00fc 6B000000 		.4byte	0x6b
 635 0100 02       		.uleb128 0x2
 636 0101 91       		.byte	0x91
 637 0102 77       		.sleb128 -9
 638 0103 00       		.byte	0
 639 0104 0B       		.uleb128 0xb
 640 0105 28020000 		.4byte	.LASF19
 641 0109 01       		.byte	0x1
 642 010a F6       		.byte	0xf6
 643 010b 00000000 		.4byte	.LFB5
 644 010f 40000000 		.4byte	.LFE5-.LFB5
 645 0113 01       		.uleb128 0x1
 646 0114 9C       		.byte	0x9c
 647 0115 28010000 		.4byte	0x128
 648 0119 0A       		.uleb128 0xa
 649 011a 90010000 		.4byte	.LASF21
 650 011e 01       		.byte	0x1
 651 011f F6       		.byte	0xf6
 652 0120 6B000000 		.4byte	0x6b
 653 0124 02       		.uleb128 0x2
 654 0125 91       		.byte	0x91
 655 0126 77       		.sleb128 -9
 656 0127 00       		.byte	0
 657 0128 0C       		.uleb128 0xc
 658 0129 12010000 		.4byte	.LASF22
 659 012d 01       		.byte	0x1
 660 012e 1101     		.2byte	0x111
 661 0130 00000000 		.4byte	.LFB6
 662 0134 40000000 		.4byte	.LFE6-.LFB6
 663 0138 01       		.uleb128 0x1
 664 0139 9C       		.byte	0x9c
 665 013a 4E010000 		.4byte	0x14e
 666 013e 0D       		.uleb128 0xd
 667 013f 67020000 		.4byte	.LASF23
 668 0143 01       		.byte	0x1
 669 0144 1101     		.2byte	0x111
 670 0146 6B000000 		.4byte	0x6b
ARM GAS  C:\Users\mark6\AppData\Local\Temp\ccxokO8c.s 			page 19


 671 014a 02       		.uleb128 0x2
 672 014b 91       		.byte	0x91
 673 014c 77       		.sleb128 -9
 674 014d 00       		.byte	0
 675 014e 0E       		.uleb128 0xe
 676 014f 49020000 		.4byte	.LASF24
 677 0153 01       		.byte	0x1
 678 0154 2A01     		.2byte	0x12a
 679 0156 00000000 		.4byte	.LFB7
 680 015a 20000000 		.4byte	.LFE7-.LFB7
 681 015e 01       		.uleb128 0x1
 682 015f 9C       		.byte	0x9c
 683 0160 74010000 		.4byte	0x174
 684 0164 0D       		.uleb128 0xd
 685 0165 4A000000 		.4byte	.LASF25
 686 0169 01       		.byte	0x1
 687 016a 2A01     		.2byte	0x12a
 688 016c 6B000000 		.4byte	0x6b
 689 0170 02       		.uleb128 0x2
 690 0171 91       		.byte	0x91
 691 0172 77       		.sleb128 -9
 692 0173 00       		.byte	0
 693 0174 0E       		.uleb128 0xe
 694 0175 89020000 		.4byte	.LASF26
 695 0179 01       		.byte	0x1
 696 017a 5801     		.2byte	0x158
 697 017c 00000000 		.4byte	.LFB8
 698 0180 54000000 		.4byte	.LFE8-.LFB8
 699 0184 01       		.uleb128 0x1
 700 0185 9C       		.byte	0x9c
 701 0186 9A010000 		.4byte	0x19a
 702 018a 0F       		.uleb128 0xf
 703 018b 27000000 		.4byte	.LASF30
 704 018f 01       		.byte	0x1
 705 0190 5A01     		.2byte	0x15a
 706 0192 6B000000 		.4byte	0x6b
 707 0196 02       		.uleb128 0x2
 708 0197 91       		.byte	0x91
 709 0198 77       		.sleb128 -9
 710 0199 00       		.byte	0
 711 019a 10       		.uleb128 0x10
 712 019b 00000000 		.4byte	.LASF31
 713 019f 01       		.byte	0x1
 714 01a0 1B       		.byte	0x1b
 715 01a1 6B000000 		.4byte	0x6b
 716 01a5 05       		.uleb128 0x5
 717 01a6 03       		.byte	0x3
 718 01a7 00000000 		.4byte	CapSense_CSD_IdacCH0_initVar
 719 01ab 00       		.byte	0
 720              		.section	.debug_abbrev,"",%progbits
 721              	.Ldebug_abbrev0:
 722 0000 01       		.uleb128 0x1
 723 0001 11       		.uleb128 0x11
 724 0002 01       		.byte	0x1
 725 0003 25       		.uleb128 0x25
 726 0004 0E       		.uleb128 0xe
 727 0005 13       		.uleb128 0x13
ARM GAS  C:\Users\mark6\AppData\Local\Temp\ccxokO8c.s 			page 20


 728 0006 0B       		.uleb128 0xb
 729 0007 03       		.uleb128 0x3
 730 0008 0E       		.uleb128 0xe
 731 0009 1B       		.uleb128 0x1b
 732 000a 0E       		.uleb128 0xe
 733 000b 55       		.uleb128 0x55
 734 000c 17       		.uleb128 0x17
 735 000d 11       		.uleb128 0x11
 736 000e 01       		.uleb128 0x1
 737 000f 10       		.uleb128 0x10
 738 0010 17       		.uleb128 0x17
 739 0011 00       		.byte	0
 740 0012 00       		.byte	0
 741 0013 02       		.uleb128 0x2
 742 0014 24       		.uleb128 0x24
 743 0015 00       		.byte	0
 744 0016 0B       		.uleb128 0xb
 745 0017 0B       		.uleb128 0xb
 746 0018 3E       		.uleb128 0x3e
 747 0019 0B       		.uleb128 0xb
 748 001a 03       		.uleb128 0x3
 749 001b 0E       		.uleb128 0xe
 750 001c 00       		.byte	0
 751 001d 00       		.byte	0
 752 001e 03       		.uleb128 0x3
 753 001f 24       		.uleb128 0x24
 754 0020 00       		.byte	0
 755 0021 0B       		.uleb128 0xb
 756 0022 0B       		.uleb128 0xb
 757 0023 3E       		.uleb128 0x3e
 758 0024 0B       		.uleb128 0xb
 759 0025 03       		.uleb128 0x3
 760 0026 08       		.uleb128 0x8
 761 0027 00       		.byte	0
 762 0028 00       		.byte	0
 763 0029 04       		.uleb128 0x4
 764 002a 16       		.uleb128 0x16
 765 002b 00       		.byte	0
 766 002c 03       		.uleb128 0x3
 767 002d 0E       		.uleb128 0xe
 768 002e 3A       		.uleb128 0x3a
 769 002f 0B       		.uleb128 0xb
 770 0030 3B       		.uleb128 0x3b
 771 0031 0B       		.uleb128 0xb
 772 0032 49       		.uleb128 0x49
 773 0033 13       		.uleb128 0x13
 774 0034 00       		.byte	0
 775 0035 00       		.byte	0
 776 0036 05       		.uleb128 0x5
 777 0037 16       		.uleb128 0x16
 778 0038 00       		.byte	0
 779 0039 03       		.uleb128 0x3
 780 003a 0E       		.uleb128 0xe
 781 003b 3A       		.uleb128 0x3a
 782 003c 0B       		.uleb128 0xb
 783 003d 3B       		.uleb128 0x3b
 784 003e 05       		.uleb128 0x5
ARM GAS  C:\Users\mark6\AppData\Local\Temp\ccxokO8c.s 			page 21


 785 003f 49       		.uleb128 0x49
 786 0040 13       		.uleb128 0x13
 787 0041 00       		.byte	0
 788 0042 00       		.byte	0
 789 0043 06       		.uleb128 0x6
 790 0044 35       		.uleb128 0x35
 791 0045 00       		.byte	0
 792 0046 49       		.uleb128 0x49
 793 0047 13       		.uleb128 0x13
 794 0048 00       		.byte	0
 795 0049 00       		.byte	0
 796 004a 07       		.uleb128 0x7
 797 004b 2E       		.uleb128 0x2e
 798 004c 00       		.byte	0
 799 004d 3F       		.uleb128 0x3f
 800 004e 19       		.uleb128 0x19
 801 004f 03       		.uleb128 0x3
 802 0050 0E       		.uleb128 0xe
 803 0051 3A       		.uleb128 0x3a
 804 0052 0B       		.uleb128 0xb
 805 0053 3B       		.uleb128 0x3b
 806 0054 0B       		.uleb128 0xb
 807 0055 27       		.uleb128 0x27
 808 0056 19       		.uleb128 0x19
 809 0057 11       		.uleb128 0x11
 810 0058 01       		.uleb128 0x1
 811 0059 12       		.uleb128 0x12
 812 005a 06       		.uleb128 0x6
 813 005b 40       		.uleb128 0x40
 814 005c 18       		.uleb128 0x18
 815 005d 9642     		.uleb128 0x2116
 816 005f 19       		.uleb128 0x19
 817 0060 00       		.byte	0
 818 0061 00       		.byte	0
 819 0062 08       		.uleb128 0x8
 820 0063 2E       		.uleb128 0x2e
 821 0064 00       		.byte	0
 822 0065 3F       		.uleb128 0x3f
 823 0066 19       		.uleb128 0x19
 824 0067 03       		.uleb128 0x3
 825 0068 0E       		.uleb128 0xe
 826 0069 3A       		.uleb128 0x3a
 827 006a 0B       		.uleb128 0xb
 828 006b 3B       		.uleb128 0x3b
 829 006c 0B       		.uleb128 0xb
 830 006d 27       		.uleb128 0x27
 831 006e 19       		.uleb128 0x19
 832 006f 11       		.uleb128 0x11
 833 0070 01       		.uleb128 0x1
 834 0071 12       		.uleb128 0x12
 835 0072 06       		.uleb128 0x6
 836 0073 40       		.uleb128 0x40
 837 0074 18       		.uleb128 0x18
 838 0075 9742     		.uleb128 0x2117
 839 0077 19       		.uleb128 0x19
 840 0078 00       		.byte	0
 841 0079 00       		.byte	0
ARM GAS  C:\Users\mark6\AppData\Local\Temp\ccxokO8c.s 			page 22


 842 007a 09       		.uleb128 0x9
 843 007b 2E       		.uleb128 0x2e
 844 007c 01       		.byte	0x1
 845 007d 3F       		.uleb128 0x3f
 846 007e 19       		.uleb128 0x19
 847 007f 03       		.uleb128 0x3
 848 0080 0E       		.uleb128 0xe
 849 0081 3A       		.uleb128 0x3a
 850 0082 0B       		.uleb128 0xb
 851 0083 3B       		.uleb128 0x3b
 852 0084 0B       		.uleb128 0xb
 853 0085 27       		.uleb128 0x27
 854 0086 19       		.uleb128 0x19
 855 0087 11       		.uleb128 0x11
 856 0088 01       		.uleb128 0x1
 857 0089 12       		.uleb128 0x12
 858 008a 06       		.uleb128 0x6
 859 008b 40       		.uleb128 0x40
 860 008c 18       		.uleb128 0x18
 861 008d 9742     		.uleb128 0x2117
 862 008f 19       		.uleb128 0x19
 863 0090 01       		.uleb128 0x1
 864 0091 13       		.uleb128 0x13
 865 0092 00       		.byte	0
 866 0093 00       		.byte	0
 867 0094 0A       		.uleb128 0xa
 868 0095 05       		.uleb128 0x5
 869 0096 00       		.byte	0
 870 0097 03       		.uleb128 0x3
 871 0098 0E       		.uleb128 0xe
 872 0099 3A       		.uleb128 0x3a
 873 009a 0B       		.uleb128 0xb
 874 009b 3B       		.uleb128 0x3b
 875 009c 0B       		.uleb128 0xb
 876 009d 49       		.uleb128 0x49
 877 009e 13       		.uleb128 0x13
 878 009f 02       		.uleb128 0x2
 879 00a0 18       		.uleb128 0x18
 880 00a1 00       		.byte	0
 881 00a2 00       		.byte	0
 882 00a3 0B       		.uleb128 0xb
 883 00a4 2E       		.uleb128 0x2e
 884 00a5 01       		.byte	0x1
 885 00a6 3F       		.uleb128 0x3f
 886 00a7 19       		.uleb128 0x19
 887 00a8 03       		.uleb128 0x3
 888 00a9 0E       		.uleb128 0xe
 889 00aa 3A       		.uleb128 0x3a
 890 00ab 0B       		.uleb128 0xb
 891 00ac 3B       		.uleb128 0x3b
 892 00ad 0B       		.uleb128 0xb
 893 00ae 27       		.uleb128 0x27
 894 00af 19       		.uleb128 0x19
 895 00b0 11       		.uleb128 0x11
 896 00b1 01       		.uleb128 0x1
 897 00b2 12       		.uleb128 0x12
 898 00b3 06       		.uleb128 0x6
ARM GAS  C:\Users\mark6\AppData\Local\Temp\ccxokO8c.s 			page 23


 899 00b4 40       		.uleb128 0x40
 900 00b5 18       		.uleb128 0x18
 901 00b6 9642     		.uleb128 0x2116
 902 00b8 19       		.uleb128 0x19
 903 00b9 01       		.uleb128 0x1
 904 00ba 13       		.uleb128 0x13
 905 00bb 00       		.byte	0
 906 00bc 00       		.byte	0
 907 00bd 0C       		.uleb128 0xc
 908 00be 2E       		.uleb128 0x2e
 909 00bf 01       		.byte	0x1
 910 00c0 3F       		.uleb128 0x3f
 911 00c1 19       		.uleb128 0x19
 912 00c2 03       		.uleb128 0x3
 913 00c3 0E       		.uleb128 0xe
 914 00c4 3A       		.uleb128 0x3a
 915 00c5 0B       		.uleb128 0xb
 916 00c6 3B       		.uleb128 0x3b
 917 00c7 05       		.uleb128 0x5
 918 00c8 27       		.uleb128 0x27
 919 00c9 19       		.uleb128 0x19
 920 00ca 11       		.uleb128 0x11
 921 00cb 01       		.uleb128 0x1
 922 00cc 12       		.uleb128 0x12
 923 00cd 06       		.uleb128 0x6
 924 00ce 40       		.uleb128 0x40
 925 00cf 18       		.uleb128 0x18
 926 00d0 9642     		.uleb128 0x2116
 927 00d2 19       		.uleb128 0x19
 928 00d3 01       		.uleb128 0x1
 929 00d4 13       		.uleb128 0x13
 930 00d5 00       		.byte	0
 931 00d6 00       		.byte	0
 932 00d7 0D       		.uleb128 0xd
 933 00d8 05       		.uleb128 0x5
 934 00d9 00       		.byte	0
 935 00da 03       		.uleb128 0x3
 936 00db 0E       		.uleb128 0xe
 937 00dc 3A       		.uleb128 0x3a
 938 00dd 0B       		.uleb128 0xb
 939 00de 3B       		.uleb128 0x3b
 940 00df 05       		.uleb128 0x5
 941 00e0 49       		.uleb128 0x49
 942 00e1 13       		.uleb128 0x13
 943 00e2 02       		.uleb128 0x2
 944 00e3 18       		.uleb128 0x18
 945 00e4 00       		.byte	0
 946 00e5 00       		.byte	0
 947 00e6 0E       		.uleb128 0xe
 948 00e7 2E       		.uleb128 0x2e
 949 00e8 01       		.byte	0x1
 950 00e9 3F       		.uleb128 0x3f
 951 00ea 19       		.uleb128 0x19
 952 00eb 03       		.uleb128 0x3
 953 00ec 0E       		.uleb128 0xe
 954 00ed 3A       		.uleb128 0x3a
 955 00ee 0B       		.uleb128 0xb
ARM GAS  C:\Users\mark6\AppData\Local\Temp\ccxokO8c.s 			page 24


 956 00ef 3B       		.uleb128 0x3b
 957 00f0 05       		.uleb128 0x5
 958 00f1 27       		.uleb128 0x27
 959 00f2 19       		.uleb128 0x19
 960 00f3 11       		.uleb128 0x11
 961 00f4 01       		.uleb128 0x1
 962 00f5 12       		.uleb128 0x12
 963 00f6 06       		.uleb128 0x6
 964 00f7 40       		.uleb128 0x40
 965 00f8 18       		.uleb128 0x18
 966 00f9 9742     		.uleb128 0x2117
 967 00fb 19       		.uleb128 0x19
 968 00fc 01       		.uleb128 0x1
 969 00fd 13       		.uleb128 0x13
 970 00fe 00       		.byte	0
 971 00ff 00       		.byte	0
 972 0100 0F       		.uleb128 0xf
 973 0101 34       		.uleb128 0x34
 974 0102 00       		.byte	0
 975 0103 03       		.uleb128 0x3
 976 0104 0E       		.uleb128 0xe
 977 0105 3A       		.uleb128 0x3a
 978 0106 0B       		.uleb128 0xb
 979 0107 3B       		.uleb128 0x3b
 980 0108 05       		.uleb128 0x5
 981 0109 49       		.uleb128 0x49
 982 010a 13       		.uleb128 0x13
 983 010b 02       		.uleb128 0x2
 984 010c 18       		.uleb128 0x18
 985 010d 00       		.byte	0
 986 010e 00       		.byte	0
 987 010f 10       		.uleb128 0x10
 988 0110 34       		.uleb128 0x34
 989 0111 00       		.byte	0
 990 0112 03       		.uleb128 0x3
 991 0113 0E       		.uleb128 0xe
 992 0114 3A       		.uleb128 0x3a
 993 0115 0B       		.uleb128 0xb
 994 0116 3B       		.uleb128 0x3b
 995 0117 0B       		.uleb128 0xb
 996 0118 49       		.uleb128 0x49
 997 0119 13       		.uleb128 0x13
 998 011a 3F       		.uleb128 0x3f
 999 011b 19       		.uleb128 0x19
 1000 011c 02       		.uleb128 0x2
 1001 011d 18       		.uleb128 0x18
 1002 011e 00       		.byte	0
 1003 011f 00       		.byte	0
 1004 0120 00       		.byte	0
 1005              		.section	.debug_aranges,"",%progbits
 1006 0000 5C000000 		.4byte	0x5c
 1007 0004 0200     		.2byte	0x2
 1008 0006 00000000 		.4byte	.Ldebug_info0
 1009 000a 04       		.byte	0x4
 1010 000b 00       		.byte	0
 1011 000c 0000     		.2byte	0
 1012 000e 0000     		.2byte	0
ARM GAS  C:\Users\mark6\AppData\Local\Temp\ccxokO8c.s 			page 25


 1013 0010 00000000 		.4byte	.LFB0
 1014 0014 44000000 		.4byte	.LFE0-.LFB0
 1015 0018 00000000 		.4byte	.LFB1
 1016 001c 34000000 		.4byte	.LFE1-.LFB1
 1017 0020 00000000 		.4byte	.LFB2
 1018 0024 28000000 		.4byte	.LFE2-.LFB2
 1019 0028 00000000 		.4byte	.LFB3
 1020 002c 34000000 		.4byte	.LFE3-.LFB3
 1021 0030 00000000 		.4byte	.LFB4
 1022 0034 40000000 		.4byte	.LFE4-.LFB4
 1023 0038 00000000 		.4byte	.LFB5
 1024 003c 40000000 		.4byte	.LFE5-.LFB5
 1025 0040 00000000 		.4byte	.LFB6
 1026 0044 40000000 		.4byte	.LFE6-.LFB6
 1027 0048 00000000 		.4byte	.LFB7
 1028 004c 20000000 		.4byte	.LFE7-.LFB7
 1029 0050 00000000 		.4byte	.LFB8
 1030 0054 54000000 		.4byte	.LFE8-.LFB8
 1031 0058 00000000 		.4byte	0
 1032 005c 00000000 		.4byte	0
 1033              		.section	.debug_ranges,"",%progbits
 1034              	.Ldebug_ranges0:
 1035 0000 00000000 		.4byte	.LFB0
 1036 0004 44000000 		.4byte	.LFE0
 1037 0008 00000000 		.4byte	.LFB1
 1038 000c 34000000 		.4byte	.LFE1
 1039 0010 00000000 		.4byte	.LFB2
 1040 0014 28000000 		.4byte	.LFE2
 1041 0018 00000000 		.4byte	.LFB3
 1042 001c 34000000 		.4byte	.LFE3
 1043 0020 00000000 		.4byte	.LFB4
 1044 0024 40000000 		.4byte	.LFE4
 1045 0028 00000000 		.4byte	.LFB5
 1046 002c 40000000 		.4byte	.LFE5
 1047 0030 00000000 		.4byte	.LFB6
 1048 0034 40000000 		.4byte	.LFE6
 1049 0038 00000000 		.4byte	.LFB7
 1050 003c 20000000 		.4byte	.LFE7
 1051 0040 00000000 		.4byte	.LFB8
 1052 0044 54000000 		.4byte	.LFE8
 1053 0048 00000000 		.4byte	0
 1054 004c 00000000 		.4byte	0
 1055              		.section	.debug_line,"",%progbits
 1056              	.Ldebug_line0:
 1057 0000 13010000 		.section	.debug_str,"MS",%progbits,1
 1057      02005300 
 1057      00000201 
 1057      FB0E0D00 
 1057      01010101 
 1058              	.LASF31:
 1059 0000 43617053 		.ascii	"CapSense_CSD_IdacCH0_initVar\000"
 1059      656E7365 
 1059      5F435344 
 1059      5F496461 
 1059      63434830 
 1060              	.LASF2:
 1061 001d 73686F72 		.ascii	"short int\000"
ARM GAS  C:\Users\mark6\AppData\Local\Temp\ccxokO8c.s 			page 26


 1061      7420696E 
 1061      7400
 1062              	.LASF30:
 1063 0027 6D6F6465 		.ascii	"mode\000"
 1063      00
 1064              	.LASF18:
 1065 002c 43617053 		.ascii	"CapSense_CSD_IdacCH0_SetSpeed\000"
 1065      656E7365 
 1065      5F435344 
 1065      5F496461 
 1065      63434830 
 1066              	.LASF25:
 1067 004a 76616C75 		.ascii	"value\000"
 1067      6500
 1068              	.LASF12:
 1069 0050 75696E74 		.ascii	"uint8\000"
 1069      3800
 1070              	.LASF14:
 1071 0056 43617053 		.ascii	"CapSense_CSD_IdacCH0_Init\000"
 1071      656E7365 
 1071      5F435344 
 1071      5F496461 
 1071      63434830 
 1072              	.LASF9:
 1073 0070 666C6F61 		.ascii	"float\000"
 1073      7400
 1074              	.LASF6:
 1075 0076 6C6F6E67 		.ascii	"long long int\000"
 1075      206C6F6E 
 1075      6720696E 
 1075      7400
 1076              	.LASF27:
 1077 0084 474E5520 		.ascii	"GNU C 4.9.3 20150303 (release) [ARM/embedded-4_9-br"
 1077      4320342E 
 1077      392E3320 
 1077      32303135 
 1077      30333033 
 1078 00b7 616E6368 		.ascii	"anch revision 221220] -mcpu=cortex-m3 -mthumb -g -O"
 1078      20726576 
 1078      6973696F 
 1078      6E203232 
 1078      31323230 
 1079 00ea 30202D66 		.ascii	"0 -ffunction-sections -ffat-lto-objects\000"
 1079      66756E63 
 1079      74696F6E 
 1079      2D736563 
 1079      74696F6E 
 1080              	.LASF22:
 1081 0112 43617053 		.ascii	"CapSense_CSD_IdacCH0_SetRange\000"
 1081      656E7365 
 1081      5F435344 
 1081      5F496461 
 1081      63434830 
 1082              	.LASF1:
 1083 0130 756E7369 		.ascii	"unsigned char\000"
 1083      676E6564 
 1083      20636861 
ARM GAS  C:\Users\mark6\AppData\Local\Temp\ccxokO8c.s 			page 27


 1083      7200
 1084              	.LASF29:
 1085 013e 433A5C55 		.ascii	"C:\\Users\\mark6\\Google Drive\\College-MIT\\S6Spri"
 1085      73657273 
 1085      5C6D6172 
 1085      6B365C47 
 1085      6F6F676C 
 1086 016c 6E673230 		.ascii	"ng2020\\6.115\\Lab5Kovid2\\RS232.cydsn\000"
 1086      32305C36 
 1086      2E313135 
 1086      5C4C6162 
 1086      354B6F76 
 1087              	.LASF21:
 1088 0190 706F6C61 		.ascii	"polarity\000"
 1088      72697479 
 1088      00
 1089              	.LASF0:
 1090 0199 7369676E 		.ascii	"signed char\000"
 1090      65642063 
 1090      68617200 
 1091              	.LASF7:
 1092 01a5 6C6F6E67 		.ascii	"long long unsigned int\000"
 1092      206C6F6E 
 1092      6720756E 
 1092      7369676E 
 1092      65642069 
 1093              	.LASF8:
 1094 01bc 756E7369 		.ascii	"unsigned int\000"
 1094      676E6564 
 1094      20696E74 
 1094      00
 1095              	.LASF20:
 1096 01c9 73706565 		.ascii	"speed\000"
 1096      6400
 1097              	.LASF3:
 1098 01cf 73686F72 		.ascii	"short unsigned int\000"
 1098      7420756E 
 1098      7369676E 
 1098      65642069 
 1098      6E7400
 1099              	.LASF11:
 1100 01e2 63686172 		.ascii	"char\000"
 1100      00
 1101              	.LASF4:
 1102 01e7 6C6F6E67 		.ascii	"long int\000"
 1102      20696E74 
 1102      00
 1103              	.LASF13:
 1104 01f0 72656738 		.ascii	"reg8\000"
 1104      00
 1105              	.LASF5:
 1106 01f5 6C6F6E67 		.ascii	"long unsigned int\000"
 1106      20756E73 
 1106      69676E65 
 1106      6420696E 
 1106      7400
 1107              	.LASF17:
ARM GAS  C:\Users\mark6\AppData\Local\Temp\ccxokO8c.s 			page 28


 1108 0207 43617053 		.ascii	"CapSense_CSD_IdacCH0_Stop\000"
 1108      656E7365 
 1108      5F435344 
 1108      5F496461 
 1108      63434830 
 1109              	.LASF10:
 1110 0221 646F7562 		.ascii	"double\000"
 1110      6C6500
 1111              	.LASF19:
 1112 0228 43617053 		.ascii	"CapSense_CSD_IdacCH0_SetPolarity\000"
 1112      656E7365 
 1112      5F435344 
 1112      5F496461 
 1112      63434830 
 1113              	.LASF24:
 1114 0249 43617053 		.ascii	"CapSense_CSD_IdacCH0_SetValue\000"
 1114      656E7365 
 1114      5F435344 
 1114      5F496461 
 1114      63434830 
 1115              	.LASF23:
 1116 0267 72616E67 		.ascii	"range\000"
 1116      6500
 1117              	.LASF15:
 1118 026d 43617053 		.ascii	"CapSense_CSD_IdacCH0_Enable\000"
 1118      656E7365 
 1118      5F435344 
 1118      5F496461 
 1118      63434830 
 1119              	.LASF26:
 1120 0289 43617053 		.ascii	"CapSense_CSD_IdacCH0_DacTrim\000"
 1120      656E7365 
 1120      5F435344 
 1120      5F496461 
 1120      63434830 
 1121              	.LASF28:
 1122 02a6 2E5C4765 		.ascii	".\\Generated_Source\\PSoC5\\CapSense_CSD_IdacCH0.c\000"
 1122      6E657261 
 1122      7465645F 
 1122      536F7572 
 1122      63655C50 
 1123              	.LASF16:
 1124 02d6 43617053 		.ascii	"CapSense_CSD_IdacCH0_Start\000"
 1124      656E7365 
 1124      5F435344 
 1124      5F496461 
 1124      63434830 
 1125              		.ident	"GCC: (GNU Tools for ARM Embedded Processors) 4.9.3 20150303 (release) [ARM/embedded-4_9-br
