ARM GAS  C:\Users\mark6\AppData\Local\Temp\ccdkhhrt.s 			page 1


   1              		.syntax unified
   2              		.cpu cortex-m3
   3              		.fpu softvfp
   4              		.eabi_attribute 20, 1
   5              		.eabi_attribute 21, 1
   6              		.eabi_attribute 23, 3
   7              		.eabi_attribute 24, 1
   8              		.eabi_attribute 25, 1
   9              		.eabi_attribute 26, 1
  10              		.eabi_attribute 30, 6
  11              		.eabi_attribute 34, 1
  12              		.eabi_attribute 18, 4
  13              		.thumb
  14              		.file	"CapSense_CSD_Pins.c"
  15              		.text
  16              	.Ltext0:
  17              		.cfi_sections	.debug_frame
  18              		.section	.text.CapSense_CSD_SetAllSensorsDriveMode,"ax",%progbits
  19              		.align	2
  20              		.global	CapSense_CSD_SetAllSensorsDriveMode
  21              		.thumb
  22              		.thumb_func
  23              		.type	CapSense_CSD_SetAllSensorsDriveMode, %function
  24              	CapSense_CSD_SetAllSensorsDriveMode:
  25              	.LFB0:
  26              		.file 1 ".\\Generated_Source\\PSoC5\\CapSense_CSD_Pins.c"
   1:.\Generated_Source\PSoC5/CapSense_CSD_Pins.c **** /*******************************************************************************
   2:.\Generated_Source\PSoC5/CapSense_CSD_Pins.c **** * File Name: CapSense_CSD_Pins.c
   3:.\Generated_Source\PSoC5/CapSense_CSD_Pins.c **** * Version 3.50
   4:.\Generated_Source\PSoC5/CapSense_CSD_Pins.c **** *
   5:.\Generated_Source\PSoC5/CapSense_CSD_Pins.c **** * Description:
   6:.\Generated_Source\PSoC5/CapSense_CSD_Pins.c **** *  This file contains API to enable firmware control of a Pins component.
   7:.\Generated_Source\PSoC5/CapSense_CSD_Pins.c **** *
   8:.\Generated_Source\PSoC5/CapSense_CSD_Pins.c **** * Note:
   9:.\Generated_Source\PSoC5/CapSense_CSD_Pins.c **** *
  10:.\Generated_Source\PSoC5/CapSense_CSD_Pins.c **** ********************************************************************************
  11:.\Generated_Source\PSoC5/CapSense_CSD_Pins.c **** * Copyright 2008-2013, Cypress Semiconductor Corporation.  All rights reserved.
  12:.\Generated_Source\PSoC5/CapSense_CSD_Pins.c **** * You may use this file only in accordance with the license, terms, conditions,
  13:.\Generated_Source\PSoC5/CapSense_CSD_Pins.c **** * disclaimers, and limitations in the end user license agreement accompanying
  14:.\Generated_Source\PSoC5/CapSense_CSD_Pins.c **** * the software package with which this file was provided.
  15:.\Generated_Source\PSoC5/CapSense_CSD_Pins.c **** *******************************************************************************/
  16:.\Generated_Source\PSoC5/CapSense_CSD_Pins.c **** 
  17:.\Generated_Source\PSoC5/CapSense_CSD_Pins.c **** #include "CapSense_CSD_Pins.h"
  18:.\Generated_Source\PSoC5/CapSense_CSD_Pins.c **** 
  19:.\Generated_Source\PSoC5/CapSense_CSD_Pins.c **** 
  20:.\Generated_Source\PSoC5/CapSense_CSD_Pins.c **** /*******************************************************************************
  21:.\Generated_Source\PSoC5/CapSense_CSD_Pins.c **** * Function Name: CapSense_CSD_SetAllSensorsDriveMode
  22:.\Generated_Source\PSoC5/CapSense_CSD_Pins.c **** ********************************************************************************
  23:.\Generated_Source\PSoC5/CapSense_CSD_Pins.c **** *
  24:.\Generated_Source\PSoC5/CapSense_CSD_Pins.c **** * Summary:
  25:.\Generated_Source\PSoC5/CapSense_CSD_Pins.c **** *  Sets the drive mode for the all pins used by capacitive sensors within 
  26:.\Generated_Source\PSoC5/CapSense_CSD_Pins.c **** *  CapSense component.
  27:.\Generated_Source\PSoC5/CapSense_CSD_Pins.c **** * 
  28:.\Generated_Source\PSoC5/CapSense_CSD_Pins.c **** * Parameters:  
  29:.\Generated_Source\PSoC5/CapSense_CSD_Pins.c **** *  mode: Desired drive mode.
  30:.\Generated_Source\PSoC5/CapSense_CSD_Pins.c **** *
  31:.\Generated_Source\PSoC5/CapSense_CSD_Pins.c **** * Return: 
ARM GAS  C:\Users\mark6\AppData\Local\Temp\ccdkhhrt.s 			page 2


  32:.\Generated_Source\PSoC5/CapSense_CSD_Pins.c **** *  None
  33:.\Generated_Source\PSoC5/CapSense_CSD_Pins.c **** *
  34:.\Generated_Source\PSoC5/CapSense_CSD_Pins.c **** *******************************************************************************/
  35:.\Generated_Source\PSoC5/CapSense_CSD_Pins.c **** void CapSense_CSD_SetAllSensorsDriveMode(uint8 mode) 
  36:.\Generated_Source\PSoC5/CapSense_CSD_Pins.c **** {
  27              		.loc 1 36 0
  28              		.cfi_startproc
  29              		@ args = 0, pretend = 0, frame = 8
  30              		@ frame_needed = 1, uses_anonymous_args = 0
  31              		@ link register save eliminated.
  32 0000 80B4     		push	{r7}
  33              		.cfi_def_cfa_offset 4
  34              		.cfi_offset 7, -4
  35 0002 83B0     		sub	sp, sp, #12
  36              		.cfi_def_cfa_offset 16
  37 0004 00AF     		add	r7, sp, #0
  38              		.cfi_def_cfa_register 7
  39 0006 0346     		mov	r3, r0
  40 0008 FB71     		strb	r3, [r7, #7]
  37:.\Generated_Source\PSoC5/CapSense_CSD_Pins.c ****     /* Set pins drive mode */
  38:.\Generated_Source\PSoC5/CapSense_CSD_Pins.c ****     CyPins_SetPinDriveMode(CapSense_CSD_PortCH0__Button0__BTN, mode);
  41              		.loc 1 38 0
  42 000a 0A4B     		ldr	r3, .L2
  43 000c 094A     		ldr	r2, .L2
  44 000e 1278     		ldrb	r2, [r2]
  45 0010 D2B2     		uxtb	r2, r2
  46 0012 D2B2     		uxtb	r2, r2
  47 0014 22F00E02 		bic	r2, r2, #14
  48 0018 D1B2     		uxtb	r1, r2
  49 001a FA79     		ldrb	r2, [r7, #7]	@ zero_extendqisi2
  50 001c 02F00E02 		and	r2, r2, #14
  51 0020 D2B2     		uxtb	r2, r2
  52 0022 0A43     		orrs	r2, r2, r1
  53 0024 D2B2     		uxtb	r2, r2
  54 0026 D2B2     		uxtb	r2, r2
  55 0028 1A70     		strb	r2, [r3]
  39:.\Generated_Source\PSoC5/CapSense_CSD_Pins.c **** 
  40:.\Generated_Source\PSoC5/CapSense_CSD_Pins.c **** }
  56              		.loc 1 40 0
  57 002a 0C37     		adds	r7, r7, #12
  58              		.cfi_def_cfa_offset 4
  59 002c BD46     		mov	sp, r7
  60              		.cfi_def_cfa_register 13
  61              		@ sp needed
  62 002e 5DF8047B 		ldr	r7, [sp], #4
  63              		.cfi_restore 7
  64              		.cfi_def_cfa_offset 0
  65 0032 7047     		bx	lr
  66              	.L3:
  67              		.align	2
  68              	.L2:
  69 0034 2D500040 		.word	1073762349
  70              		.cfi_endproc
  71              	.LFE0:
  72              		.size	CapSense_CSD_SetAllSensorsDriveMode, .-CapSense_CSD_SetAllSensorsDriveMode
  73              		.section	.text.CapSense_CSD_SetAllCmodsDriveMode,"ax",%progbits
  74              		.align	2
ARM GAS  C:\Users\mark6\AppData\Local\Temp\ccdkhhrt.s 			page 3


  75              		.global	CapSense_CSD_SetAllCmodsDriveMode
  76              		.thumb
  77              		.thumb_func
  78              		.type	CapSense_CSD_SetAllCmodsDriveMode, %function
  79              	CapSense_CSD_SetAllCmodsDriveMode:
  80              	.LFB1:
  41:.\Generated_Source\PSoC5/CapSense_CSD_Pins.c **** 
  42:.\Generated_Source\PSoC5/CapSense_CSD_Pins.c **** 
  43:.\Generated_Source\PSoC5/CapSense_CSD_Pins.c **** 
  44:.\Generated_Source\PSoC5/CapSense_CSD_Pins.c **** /*******************************************************************************
  45:.\Generated_Source\PSoC5/CapSense_CSD_Pins.c **** * Function Name: CapSense_CSD_SetAllCmodsDriveMode
  46:.\Generated_Source\PSoC5/CapSense_CSD_Pins.c **** ********************************************************************************
  47:.\Generated_Source\PSoC5/CapSense_CSD_Pins.c **** *
  48:.\Generated_Source\PSoC5/CapSense_CSD_Pins.c **** * Summary:
  49:.\Generated_Source\PSoC5/CapSense_CSD_Pins.c **** *  Sets the drive mode for the all pins used by Cmod capacitors within CapSense 
  50:.\Generated_Source\PSoC5/CapSense_CSD_Pins.c **** *  component.
  51:.\Generated_Source\PSoC5/CapSense_CSD_Pins.c **** * 
  52:.\Generated_Source\PSoC5/CapSense_CSD_Pins.c **** * Parameters:  
  53:.\Generated_Source\PSoC5/CapSense_CSD_Pins.c **** *  mode: Desired drive mode.
  54:.\Generated_Source\PSoC5/CapSense_CSD_Pins.c **** *
  55:.\Generated_Source\PSoC5/CapSense_CSD_Pins.c **** * Return: 
  56:.\Generated_Source\PSoC5/CapSense_CSD_Pins.c **** *  None
  57:.\Generated_Source\PSoC5/CapSense_CSD_Pins.c **** *
  58:.\Generated_Source\PSoC5/CapSense_CSD_Pins.c **** *******************************************************************************/
  59:.\Generated_Source\PSoC5/CapSense_CSD_Pins.c **** void CapSense_CSD_SetAllCmodsDriveMode(uint8 mode) 
  60:.\Generated_Source\PSoC5/CapSense_CSD_Pins.c **** {
  81              		.loc 1 60 0
  82              		.cfi_startproc
  83              		@ args = 0, pretend = 0, frame = 8
  84              		@ frame_needed = 1, uses_anonymous_args = 0
  85              		@ link register save eliminated.
  86 0000 80B4     		push	{r7}
  87              		.cfi_def_cfa_offset 4
  88              		.cfi_offset 7, -4
  89 0002 83B0     		sub	sp, sp, #12
  90              		.cfi_def_cfa_offset 16
  91 0004 00AF     		add	r7, sp, #0
  92              		.cfi_def_cfa_register 7
  93 0006 0346     		mov	r3, r0
  94 0008 FB71     		strb	r3, [r7, #7]
  61:.\Generated_Source\PSoC5/CapSense_CSD_Pins.c ****    /* Set pins drive mode */
  62:.\Generated_Source\PSoC5/CapSense_CSD_Pins.c ****     CyPins_SetPinDriveMode(CapSense_CSD_CmodCH0_Cmod_CH0, mode);
  95              		.loc 1 62 0
  96 000a 0A4B     		ldr	r3, .L5
  97 000c 094A     		ldr	r2, .L5
  98 000e 1278     		ldrb	r2, [r2]
  99 0010 D2B2     		uxtb	r2, r2
 100 0012 D2B2     		uxtb	r2, r2
 101 0014 22F00E02 		bic	r2, r2, #14
 102 0018 D1B2     		uxtb	r1, r2
 103 001a FA79     		ldrb	r2, [r7, #7]	@ zero_extendqisi2
 104 001c 02F00E02 		and	r2, r2, #14
 105 0020 D2B2     		uxtb	r2, r2
 106 0022 0A43     		orrs	r2, r2, r1
 107 0024 D2B2     		uxtb	r2, r2
 108 0026 D2B2     		uxtb	r2, r2
 109 0028 1A70     		strb	r2, [r3]
ARM GAS  C:\Users\mark6\AppData\Local\Temp\ccdkhhrt.s 			page 4


  63:.\Generated_Source\PSoC5/CapSense_CSD_Pins.c **** 
  64:.\Generated_Source\PSoC5/CapSense_CSD_Pins.c **** }
 110              		.loc 1 64 0
 111 002a 0C37     		adds	r7, r7, #12
 112              		.cfi_def_cfa_offset 4
 113 002c BD46     		mov	sp, r7
 114              		.cfi_def_cfa_register 13
 115              		@ sp needed
 116 002e 5DF8047B 		ldr	r7, [sp], #4
 117              		.cfi_restore 7
 118              		.cfi_def_cfa_offset 0
 119 0032 7047     		bx	lr
 120              	.L6:
 121              		.align	2
 122              	.L5:
 123 0034 34500040 		.word	1073762356
 124              		.cfi_endproc
 125              	.LFE1:
 126              		.size	CapSense_CSD_SetAllCmodsDriveMode, .-CapSense_CSD_SetAllCmodsDriveMode
 127              		.text
 128              	.Letext0:
 129              		.file 2 ".\\Generated_Source\\PSoC5\\cytypes.h"
 130              		.section	.debug_info,"",%progbits
 131              	.Ldebug_info0:
 132 0000 E4000000 		.4byte	0xe4
 133 0004 0400     		.2byte	0x4
 134 0006 00000000 		.4byte	.Ldebug_abbrev0
 135 000a 04       		.byte	0x4
 136 000b 01       		.uleb128 0x1
 137 000c 39010000 		.4byte	.LASF16
 138 0010 01       		.byte	0x1
 139 0011 C7010000 		.4byte	.LASF17
 140 0015 71000000 		.4byte	.LASF18
 141 0019 00000000 		.4byte	.Ldebug_ranges0+0
 142 001d 00000000 		.4byte	0
 143 0021 00000000 		.4byte	.Ldebug_line0
 144 0025 02       		.uleb128 0x2
 145 0026 01       		.byte	0x1
 146 0027 06       		.byte	0x6
 147 0028 27010000 		.4byte	.LASF0
 148 002c 02       		.uleb128 0x2
 149 002d 01       		.byte	0x1
 150 002e 08       		.byte	0x8
 151 002f C3000000 		.4byte	.LASF1
 152 0033 02       		.uleb128 0x2
 153 0034 02       		.byte	0x2
 154 0035 05       		.byte	0x5
 155 0036 03010000 		.4byte	.LASF2
 156 003a 02       		.uleb128 0x2
 157 003b 02       		.byte	0x2
 158 003c 07       		.byte	0x7
 159 003d 14010000 		.4byte	.LASF3
 160 0041 02       		.uleb128 0x2
 161 0042 04       		.byte	0x4
 162 0043 05       		.byte	0x5
 163 0044 D6000000 		.4byte	.LASF4
 164 0048 02       		.uleb128 0x2
ARM GAS  C:\Users\mark6\AppData\Local\Temp\ccdkhhrt.s 			page 5


 165 0049 04       		.byte	0x4
 166 004a 07       		.byte	0x7
 167 004b 26000000 		.4byte	.LASF5
 168 004f 02       		.uleb128 0x2
 169 0050 08       		.byte	0x8
 170 0051 05       		.byte	0x5
 171 0052 00000000 		.4byte	.LASF6
 172 0056 02       		.uleb128 0x2
 173 0057 08       		.byte	0x8
 174 0058 07       		.byte	0x7
 175 0059 5A000000 		.4byte	.LASF7
 176 005d 03       		.uleb128 0x3
 177 005e 04       		.byte	0x4
 178 005f 05       		.byte	0x5
 179 0060 696E7400 		.ascii	"int\000"
 180 0064 02       		.uleb128 0x2
 181 0065 04       		.byte	0x4
 182 0066 07       		.byte	0x7
 183 0067 0E000000 		.4byte	.LASF8
 184 006b 04       		.uleb128 0x4
 185 006c 20000000 		.4byte	.LASF12
 186 0070 02       		.byte	0x2
 187 0071 C2       		.byte	0xc2
 188 0072 2C000000 		.4byte	0x2c
 189 0076 02       		.uleb128 0x2
 190 0077 04       		.byte	0x4
 191 0078 04       		.byte	0x4
 192 0079 33010000 		.4byte	.LASF9
 193 007d 02       		.uleb128 0x2
 194 007e 08       		.byte	0x8
 195 007f 04       		.byte	0x4
 196 0080 0D010000 		.4byte	.LASF10
 197 0084 02       		.uleb128 0x2
 198 0085 01       		.byte	0x1
 199 0086 08       		.byte	0x8
 200 0087 D1000000 		.4byte	.LASF11
 201 008b 05       		.uleb128 0x5
 202 008c F4010000 		.4byte	.LASF13
 203 0090 02       		.byte	0x2
 204 0091 6C01     		.2byte	0x16c
 205 0093 97000000 		.4byte	0x97
 206 0097 06       		.uleb128 0x6
 207 0098 6B000000 		.4byte	0x6b
 208 009c 02       		.uleb128 0x2
 209 009d 04       		.byte	0x4
 210 009e 07       		.byte	0x7
 211 009f F9010000 		.4byte	.LASF14
 212 00a3 07       		.uleb128 0x7
 213 00a4 DF000000 		.4byte	.LASF19
 214 00a8 01       		.byte	0x1
 215 00a9 23       		.byte	0x23
 216 00aa 00000000 		.4byte	.LFB0
 217 00ae 38000000 		.4byte	.LFE0-.LFB0
 218 00b2 01       		.uleb128 0x1
 219 00b3 9C       		.byte	0x9c
 220 00b4 C7000000 		.4byte	0xc7
 221 00b8 08       		.uleb128 0x8
ARM GAS  C:\Users\mark6\AppData\Local\Temp\ccdkhhrt.s 			page 6


 222 00b9 1B000000 		.4byte	.LASF15
 223 00bd 01       		.byte	0x1
 224 00be 23       		.byte	0x23
 225 00bf 6B000000 		.4byte	0x6b
 226 00c3 02       		.uleb128 0x2
 227 00c4 91       		.byte	0x91
 228 00c5 77       		.sleb128 -9
 229 00c6 00       		.byte	0
 230 00c7 09       		.uleb128 0x9
 231 00c8 38000000 		.4byte	.LASF20
 232 00cc 01       		.byte	0x1
 233 00cd 3B       		.byte	0x3b
 234 00ce 00000000 		.4byte	.LFB1
 235 00d2 38000000 		.4byte	.LFE1-.LFB1
 236 00d6 01       		.uleb128 0x1
 237 00d7 9C       		.byte	0x9c
 238 00d8 08       		.uleb128 0x8
 239 00d9 1B000000 		.4byte	.LASF15
 240 00dd 01       		.byte	0x1
 241 00de 3B       		.byte	0x3b
 242 00df 6B000000 		.4byte	0x6b
 243 00e3 02       		.uleb128 0x2
 244 00e4 91       		.byte	0x91
 245 00e5 77       		.sleb128 -9
 246 00e6 00       		.byte	0
 247 00e7 00       		.byte	0
 248              		.section	.debug_abbrev,"",%progbits
 249              	.Ldebug_abbrev0:
 250 0000 01       		.uleb128 0x1
 251 0001 11       		.uleb128 0x11
 252 0002 01       		.byte	0x1
 253 0003 25       		.uleb128 0x25
 254 0004 0E       		.uleb128 0xe
 255 0005 13       		.uleb128 0x13
 256 0006 0B       		.uleb128 0xb
 257 0007 03       		.uleb128 0x3
 258 0008 0E       		.uleb128 0xe
 259 0009 1B       		.uleb128 0x1b
 260 000a 0E       		.uleb128 0xe
 261 000b 55       		.uleb128 0x55
 262 000c 17       		.uleb128 0x17
 263 000d 11       		.uleb128 0x11
 264 000e 01       		.uleb128 0x1
 265 000f 10       		.uleb128 0x10
 266 0010 17       		.uleb128 0x17
 267 0011 00       		.byte	0
 268 0012 00       		.byte	0
 269 0013 02       		.uleb128 0x2
 270 0014 24       		.uleb128 0x24
 271 0015 00       		.byte	0
 272 0016 0B       		.uleb128 0xb
 273 0017 0B       		.uleb128 0xb
 274 0018 3E       		.uleb128 0x3e
 275 0019 0B       		.uleb128 0xb
 276 001a 03       		.uleb128 0x3
 277 001b 0E       		.uleb128 0xe
 278 001c 00       		.byte	0
ARM GAS  C:\Users\mark6\AppData\Local\Temp\ccdkhhrt.s 			page 7


 279 001d 00       		.byte	0
 280 001e 03       		.uleb128 0x3
 281 001f 24       		.uleb128 0x24
 282 0020 00       		.byte	0
 283 0021 0B       		.uleb128 0xb
 284 0022 0B       		.uleb128 0xb
 285 0023 3E       		.uleb128 0x3e
 286 0024 0B       		.uleb128 0xb
 287 0025 03       		.uleb128 0x3
 288 0026 08       		.uleb128 0x8
 289 0027 00       		.byte	0
 290 0028 00       		.byte	0
 291 0029 04       		.uleb128 0x4
 292 002a 16       		.uleb128 0x16
 293 002b 00       		.byte	0
 294 002c 03       		.uleb128 0x3
 295 002d 0E       		.uleb128 0xe
 296 002e 3A       		.uleb128 0x3a
 297 002f 0B       		.uleb128 0xb
 298 0030 3B       		.uleb128 0x3b
 299 0031 0B       		.uleb128 0xb
 300 0032 49       		.uleb128 0x49
 301 0033 13       		.uleb128 0x13
 302 0034 00       		.byte	0
 303 0035 00       		.byte	0
 304 0036 05       		.uleb128 0x5
 305 0037 16       		.uleb128 0x16
 306 0038 00       		.byte	0
 307 0039 03       		.uleb128 0x3
 308 003a 0E       		.uleb128 0xe
 309 003b 3A       		.uleb128 0x3a
 310 003c 0B       		.uleb128 0xb
 311 003d 3B       		.uleb128 0x3b
 312 003e 05       		.uleb128 0x5
 313 003f 49       		.uleb128 0x49
 314 0040 13       		.uleb128 0x13
 315 0041 00       		.byte	0
 316 0042 00       		.byte	0
 317 0043 06       		.uleb128 0x6
 318 0044 35       		.uleb128 0x35
 319 0045 00       		.byte	0
 320 0046 49       		.uleb128 0x49
 321 0047 13       		.uleb128 0x13
 322 0048 00       		.byte	0
 323 0049 00       		.byte	0
 324 004a 07       		.uleb128 0x7
 325 004b 2E       		.uleb128 0x2e
 326 004c 01       		.byte	0x1
 327 004d 3F       		.uleb128 0x3f
 328 004e 19       		.uleb128 0x19
 329 004f 03       		.uleb128 0x3
 330 0050 0E       		.uleb128 0xe
 331 0051 3A       		.uleb128 0x3a
 332 0052 0B       		.uleb128 0xb
 333 0053 3B       		.uleb128 0x3b
 334 0054 0B       		.uleb128 0xb
 335 0055 27       		.uleb128 0x27
ARM GAS  C:\Users\mark6\AppData\Local\Temp\ccdkhhrt.s 			page 8


 336 0056 19       		.uleb128 0x19
 337 0057 11       		.uleb128 0x11
 338 0058 01       		.uleb128 0x1
 339 0059 12       		.uleb128 0x12
 340 005a 06       		.uleb128 0x6
 341 005b 40       		.uleb128 0x40
 342 005c 18       		.uleb128 0x18
 343 005d 9742     		.uleb128 0x2117
 344 005f 19       		.uleb128 0x19
 345 0060 01       		.uleb128 0x1
 346 0061 13       		.uleb128 0x13
 347 0062 00       		.byte	0
 348 0063 00       		.byte	0
 349 0064 08       		.uleb128 0x8
 350 0065 05       		.uleb128 0x5
 351 0066 00       		.byte	0
 352 0067 03       		.uleb128 0x3
 353 0068 0E       		.uleb128 0xe
 354 0069 3A       		.uleb128 0x3a
 355 006a 0B       		.uleb128 0xb
 356 006b 3B       		.uleb128 0x3b
 357 006c 0B       		.uleb128 0xb
 358 006d 49       		.uleb128 0x49
 359 006e 13       		.uleb128 0x13
 360 006f 02       		.uleb128 0x2
 361 0070 18       		.uleb128 0x18
 362 0071 00       		.byte	0
 363 0072 00       		.byte	0
 364 0073 09       		.uleb128 0x9
 365 0074 2E       		.uleb128 0x2e
 366 0075 01       		.byte	0x1
 367 0076 3F       		.uleb128 0x3f
 368 0077 19       		.uleb128 0x19
 369 0078 03       		.uleb128 0x3
 370 0079 0E       		.uleb128 0xe
 371 007a 3A       		.uleb128 0x3a
 372 007b 0B       		.uleb128 0xb
 373 007c 3B       		.uleb128 0x3b
 374 007d 0B       		.uleb128 0xb
 375 007e 27       		.uleb128 0x27
 376 007f 19       		.uleb128 0x19
 377 0080 11       		.uleb128 0x11
 378 0081 01       		.uleb128 0x1
 379 0082 12       		.uleb128 0x12
 380 0083 06       		.uleb128 0x6
 381 0084 40       		.uleb128 0x40
 382 0085 18       		.uleb128 0x18
 383 0086 9742     		.uleb128 0x2117
 384 0088 19       		.uleb128 0x19
 385 0089 00       		.byte	0
 386 008a 00       		.byte	0
 387 008b 00       		.byte	0
 388              		.section	.debug_aranges,"",%progbits
 389 0000 24000000 		.4byte	0x24
 390 0004 0200     		.2byte	0x2
 391 0006 00000000 		.4byte	.Ldebug_info0
 392 000a 04       		.byte	0x4
ARM GAS  C:\Users\mark6\AppData\Local\Temp\ccdkhhrt.s 			page 9


 393 000b 00       		.byte	0
 394 000c 0000     		.2byte	0
 395 000e 0000     		.2byte	0
 396 0010 00000000 		.4byte	.LFB0
 397 0014 38000000 		.4byte	.LFE0-.LFB0
 398 0018 00000000 		.4byte	.LFB1
 399 001c 38000000 		.4byte	.LFE1-.LFB1
 400 0020 00000000 		.4byte	0
 401 0024 00000000 		.4byte	0
 402              		.section	.debug_ranges,"",%progbits
 403              	.Ldebug_ranges0:
 404 0000 00000000 		.4byte	.LFB0
 405 0004 38000000 		.4byte	.LFE0
 406 0008 00000000 		.4byte	.LFB1
 407 000c 38000000 		.4byte	.LFE1
 408 0010 00000000 		.4byte	0
 409 0014 00000000 		.4byte	0
 410              		.section	.debug_line,"",%progbits
 411              	.Ldebug_line0:
 412 0000 78000000 		.section	.debug_str,"MS",%progbits,1
 412      02005000 
 412      00000201 
 412      FB0E0D00 
 412      01010101 
 413              	.LASF6:
 414 0000 6C6F6E67 		.ascii	"long long int\000"
 414      206C6F6E 
 414      6720696E 
 414      7400
 415              	.LASF8:
 416 000e 756E7369 		.ascii	"unsigned int\000"
 416      676E6564 
 416      20696E74 
 416      00
 417              	.LASF15:
 418 001b 6D6F6465 		.ascii	"mode\000"
 418      00
 419              	.LASF12:
 420 0020 75696E74 		.ascii	"uint8\000"
 420      3800
 421              	.LASF5:
 422 0026 6C6F6E67 		.ascii	"long unsigned int\000"
 422      20756E73 
 422      69676E65 
 422      6420696E 
 422      7400
 423              	.LASF20:
 424 0038 43617053 		.ascii	"CapSense_CSD_SetAllCmodsDriveMode\000"
 424      656E7365 
 424      5F435344 
 424      5F536574 
 424      416C6C43 
 425              	.LASF7:
 426 005a 6C6F6E67 		.ascii	"long long unsigned int\000"
 426      206C6F6E 
 426      6720756E 
 426      7369676E 
ARM GAS  C:\Users\mark6\AppData\Local\Temp\ccdkhhrt.s 			page 10


 426      65642069 
 427              	.LASF18:
 428 0071 433A5C55 		.ascii	"C:\\Users\\mark6\\Google Drive\\College-MIT\\S6Spri"
 428      73657273 
 428      5C6D6172 
 428      6B365C47 
 428      6F6F676C 
 429 009f 6E673230 		.ascii	"ng2020\\6.115\\Lab5Kovid2\\RS232.cydsn\000"
 429      32305C36 
 429      2E313135 
 429      5C4C6162 
 429      354B6F76 
 430              	.LASF1:
 431 00c3 756E7369 		.ascii	"unsigned char\000"
 431      676E6564 
 431      20636861 
 431      7200
 432              	.LASF11:
 433 00d1 63686172 		.ascii	"char\000"
 433      00
 434              	.LASF4:
 435 00d6 6C6F6E67 		.ascii	"long int\000"
 435      20696E74 
 435      00
 436              	.LASF19:
 437 00df 43617053 		.ascii	"CapSense_CSD_SetAllSensorsDriveMode\000"
 437      656E7365 
 437      5F435344 
 437      5F536574 
 437      416C6C53 
 438              	.LASF2:
 439 0103 73686F72 		.ascii	"short int\000"
 439      7420696E 
 439      7400
 440              	.LASF10:
 441 010d 646F7562 		.ascii	"double\000"
 441      6C6500
 442              	.LASF3:
 443 0114 73686F72 		.ascii	"short unsigned int\000"
 443      7420756E 
 443      7369676E 
 443      65642069 
 443      6E7400
 444              	.LASF0:
 445 0127 7369676E 		.ascii	"signed char\000"
 445      65642063 
 445      68617200 
 446              	.LASF9:
 447 0133 666C6F61 		.ascii	"float\000"
 447      7400
 448              	.LASF16:
 449 0139 474E5520 		.ascii	"GNU C 4.9.3 20150303 (release) [ARM/embedded-4_9-br"
 449      4320342E 
 449      392E3320 
 449      32303135 
 449      30333033 
 450 016c 616E6368 		.ascii	"anch revision 221220] -mcpu=cortex-m3 -mthumb -g -O"
ARM GAS  C:\Users\mark6\AppData\Local\Temp\ccdkhhrt.s 			page 11


 450      20726576 
 450      6973696F 
 450      6E203232 
 450      31323230 
 451 019f 30202D66 		.ascii	"0 -ffunction-sections -ffat-lto-objects\000"
 451      66756E63 
 451      74696F6E 
 451      2D736563 
 451      74696F6E 
 452              	.LASF17:
 453 01c7 2E5C4765 		.ascii	".\\Generated_Source\\PSoC5\\CapSense_CSD_Pins.c\000"
 453      6E657261 
 453      7465645F 
 453      536F7572 
 453      63655C50 
 454              	.LASF13:
 455 01f4 72656738 		.ascii	"reg8\000"
 455      00
 456              	.LASF14:
 457 01f9 73697A65 		.ascii	"sizetype\000"
 457      74797065 
 457      00
 458              		.ident	"GCC: (GNU Tools for ARM Embedded Processors) 4.9.3 20150303 (release) [ARM/embedded-4_9-br
