ARM GAS  C:\Users\mark6\AppData\Local\Temp\cckWYsQn.s 			page 1


   1              		.syntax unified
   2              		.cpu cortex-m3
   3              		.fpu softvfp
   4              		.eabi_attribute 20, 1
   5              		.eabi_attribute 21, 1
   6              		.eabi_attribute 23, 3
   7              		.eabi_attribute 24, 1
   8              		.eabi_attribute 25, 1
   9              		.eabi_attribute 26, 1
  10              		.eabi_attribute 30, 6
  11              		.eabi_attribute 34, 1
  12              		.eabi_attribute 18, 4
  13              		.thumb
  14              		.file	"cymetadata.c"
  15              		.text
  16              	.Ltext0:
  17              		.cfi_sections	.debug_frame
  18              		.global	cy_meta_configecc
  19              		.section	.cyconfigecc,"a",%progbits
  20              		.align	2
  21              		.type	cy_meta_configecc, %object
  22              		.size	cy_meta_configecc, 1672
  23              	cy_meta_configecc:
  24 0000 05       		.byte	5
  25 0001 52       		.byte	82
  26 0002 00       		.byte	0
  27 0003 40       		.byte	64
  28 0004 02       		.byte	2
  29 0005 64       		.byte	100
  30 0006 00       		.byte	0
  31 0007 40       		.byte	64
  32 0008 02       		.byte	2
  33 0009 65       		.byte	101
  34 000a 00       		.byte	0
  35 000b 40       		.byte	64
  36 000c 01       		.byte	1
  37 000d 03       		.byte	3
  38 000e 01       		.byte	1
  39 000f 40       		.byte	64
  40 0010 02       		.byte	2
  41 0011 05       		.byte	5
  42 0012 01       		.byte	1
  43 0013 40       		.byte	64
  44 0014 67       		.byte	103
  45 0015 08       		.byte	8
  46 0016 01       		.byte	1
  47 0017 40       		.byte	64
  48 0018 40       		.byte	64
  49 0019 09       		.byte	9
  50 001a 01       		.byte	1
  51 001b 40       		.byte	64
  52 001c 46       		.byte	70
  53 001d 0A       		.byte	10
  54 001e 01       		.byte	1
  55 001f 40       		.byte	64
  56 0020 2F       		.byte	47
  57 0021 0B       		.byte	11
ARM GAS  C:\Users\mark6\AppData\Local\Temp\cckWYsQn.s 			page 2


  58 0022 01       		.byte	1
  59 0023 40       		.byte	64
  60 0024 04       		.byte	4
  61 0025 0C       		.byte	12
  62 0026 01       		.byte	1
  63 0027 40       		.byte	64
  64 0028 04       		.byte	4
  65 0029 0D       		.byte	13
  66 002a 01       		.byte	1
  67 002b 40       		.byte	64
  68 002c 53       		.byte	83
  69 002d 14       		.byte	20
  70 002e 01       		.byte	1
  71 002f 40       		.byte	64
  72 0030 49       		.byte	73
  73 0031 15       		.byte	21
  74 0032 01       		.byte	1
  75 0033 40       		.byte	64
  76 0034 47       		.byte	71
  77 0035 16       		.byte	22
  78 0036 01       		.byte	1
  79 0037 40       		.byte	64
  80 0038 2D       		.byte	45
  81 0039 17       		.byte	23
  82 003a 01       		.byte	1
  83 003b 40       		.byte	64
  84 003c 45       		.byte	69
  85 003d 18       		.byte	24
  86 003e 01       		.byte	1
  87 003f 40       		.byte	64
  88 0040 3F       		.byte	63
  89 0041 19       		.byte	25
  90 0042 01       		.byte	1
  91 0043 40       		.byte	64
  92 0044 07       		.byte	7
  93 0045 1B       		.byte	27
  94 0046 01       		.byte	1
  95 0047 40       		.byte	64
  96 0048 03       		.byte	3
  97 0049 40       		.byte	64
  98 004a 01       		.byte	1
  99 004b 40       		.byte	64
 100 004c 04       		.byte	4
 101 004d 41       		.byte	65
 102 004e 01       		.byte	1
 103 004f 40       		.byte	64
 104 0050 07       		.byte	7
 105 0051 42       		.byte	66
 106 0052 01       		.byte	1
 107 0053 40       		.byte	64
 108 0054 01       		.byte	1
 109 0055 43       		.byte	67
 110 0056 01       		.byte	1
 111 0057 40       		.byte	64
 112 0058 02       		.byte	2
 113 0059 44       		.byte	68
 114 005a 01       		.byte	1
ARM GAS  C:\Users\mark6\AppData\Local\Temp\cckWYsQn.s 			page 3


 115 005b 40       		.byte	64
 116 005c 02       		.byte	2
 117 005d 45       		.byte	69
 118 005e 01       		.byte	1
 119 005f 40       		.byte	64
 120 0060 01       		.byte	1
 121 0061 48       		.byte	72
 122 0062 01       		.byte	1
 123 0063 40       		.byte	64
 124 0064 12       		.byte	18
 125 0065 49       		.byte	73
 126 0066 01       		.byte	1
 127 0067 40       		.byte	64
 128 0068 04       		.byte	4
 129 0069 4D       		.byte	77
 130 006a 01       		.byte	1
 131 006b 40       		.byte	64
 132 006c 05       		.byte	5
 133 006d 50       		.byte	80
 134 006e 01       		.byte	1
 135 006f 40       		.byte	64
 136 0070 01       		.byte	1
 137 0071 51       		.byte	81
 138 0072 01       		.byte	1
 139 0073 40       		.byte	64
 140 0074 18       		.byte	24
 141 0075 64       		.byte	100
 142 0076 19       		.byte	25
 143 0077 22       		.byte	34
 144 0078 1C       		.byte	28
 145 0079 01       		.byte	1
 146 007a 34       		.byte	52
 147 007b 01       		.byte	1
 148 007c 61       		.byte	97
 149 007d 40       		.byte	64
 150 007e 8A       		.byte	-118
 151 007f 38       		.byte	56
 152 0080 8B       		.byte	-117
 153 0081 0F       		.byte	15
 154 0082 87       		.byte	-121
 155 0083 0F       		.byte	15
 156 0084 89       		.byte	-119
 157 0085 72       		.byte	114
 158 0086 E6       		.byte	-26
 159 0087 04       		.byte	4
 160 0088 E2       		.byte	-30
 161 0089 08       		.byte	8
 162 008a E6       		.byte	-26
 163 008b 01       		.byte	1
 164 008c 03       		.byte	3
 165 008d 15       		.byte	21
 166 008e 06       		.byte	6
 167 008f 03       		.byte	3
 168 0090 08       		.byte	8
 169 0091 06       		.byte	6
 170 0092 09       		.byte	9
 171 0093 0C       		.byte	12
ARM GAS  C:\Users\mark6\AppData\Local\Temp\cckWYsQn.s 			page 4


 172 0094 0A       		.byte	10
 173 0095 01       		.byte	1
 174 0096 0B       		.byte	11
 175 0097 10       		.byte	16
 176 0098 11       		.byte	17
 177 0099 0F       		.byte	15
 178 009a 13       		.byte	19
 179 009b 30       		.byte	48
 180 009c 16       		.byte	22
 181 009d 02       		.byte	2
 182 009e 17       		.byte	23
 183 009f 20       		.byte	32
 184 00a0 1E       		.byte	30
 185 00a1 01       		.byte	1
 186 00a2 22       		.byte	34
 187 00a3 05       		.byte	5
 188 00a4 25       		.byte	37
 189 00a5 2A       		.byte	42
 190 00a6 26       		.byte	38
 191 00a7 06       		.byte	6
 192 00a8 27       		.byte	39
 193 00a9 10       		.byte	16
 194 00aa 29       		.byte	41
 195 00ab 0F       		.byte	15
 196 00ac 2B       		.byte	43
 197 00ad 10       		.byte	16
 198 00ae 32       		.byte	50
 199 00af 07       		.byte	7
 200 00b0 33       		.byte	51
 201 00b1 03       		.byte	3
 202 00b2 37       		.byte	55
 203 00b3 3C       		.byte	60
 204 00b4 39       		.byte	57
 205 00b5 08       		.byte	8
 206 00b6 3A       		.byte	58
 207 00b7 08       		.byte	8
 208 00b8 3B       		.byte	59
 209 00b9 80       		.byte	-128
 210 00ba 3F       		.byte	63
 211 00bb 04       		.byte	4
 212 00bc 40       		.byte	64
 213 00bd 02       		.byte	2
 214 00be 46       		.byte	70
 215 00bf 40       		.byte	64
 216 00c0 49       		.byte	73
 217 00c1 FF       		.byte	-1
 218 00c2 4A       		.byte	74
 219 00c3 07       		.byte	7
 220 00c4 4B       		.byte	75
 221 00c5 FF       		.byte	-1
 222 00c6 4C       		.byte	76
 223 00c7 40       		.byte	64
 224 00c8 4D       		.byte	77
 225 00c9 20       		.byte	32
 226 00ca 4E       		.byte	78
 227 00cb F0       		.byte	-16
 228 00cc 4F       		.byte	79
ARM GAS  C:\Users\mark6\AppData\Local\Temp\cckWYsQn.s 			page 5


 229 00cd 05       		.byte	5
 230 00ce 50       		.byte	80
 231 00cf 08       		.byte	8
 232 00d0 58       		.byte	88
 233 00d1 04       		.byte	4
 234 00d2 59       		.byte	89
 235 00d3 04       		.byte	4
 236 00d4 5A       		.byte	90
 237 00d5 04       		.byte	4
 238 00d6 5C       		.byte	92
 239 00d7 11       		.byte	17
 240 00d8 5D       		.byte	93
 241 00d9 01       		.byte	1
 242 00da 5F       		.byte	95
 243 00db 01       		.byte	1
 244 00dc 60       		.byte	96
 245 00dd 40       		.byte	64
 246 00de 61       		.byte	97
 247 00df A8       		.byte	-88
 248 00e0 62       		.byte	98
 249 00e1 40       		.byte	64
 250 00e2 63       		.byte	99
 251 00e3 20       		.byte	32
 252 00e4 82       		.byte	-126
 253 00e5 18       		.byte	24
 254 00e6 84       		.byte	-124
 255 00e7 18       		.byte	24
 256 00e8 85       		.byte	-123
 257 00e9 01       		.byte	1
 258 00ea 87       		.byte	-121
 259 00eb 06       		.byte	6
 260 00ec 88       		.byte	-120
 261 00ed 14       		.byte	20
 262 00ee 89       		.byte	-119
 263 00ef 06       		.byte	6
 264 00f0 8A       		.byte	-118
 265 00f1 42       		.byte	66
 266 00f2 8C       		.byte	-116
 267 00f3 18       		.byte	24
 268 00f4 8E       		.byte	-114
 269 00f5 20       		.byte	32
 270 00f6 91       		.byte	-111
 271 00f7 07       		.byte	7
 272 00f8 92       		.byte	-110
 273 00f9 18       		.byte	24
 274 00fa 94       		.byte	-108
 275 00fb 06       		.byte	6
 276 00fc 95       		.byte	-107
 277 00fd 07       		.byte	7
 278 00fe 98       		.byte	-104
 279 00ff 06       		.byte	6
 280 0100 99       		.byte	-103
 281 0101 02       		.byte	2
 282 0102 9D       		.byte	-99
 283 0103 04       		.byte	4
 284 0104 A3       		.byte	-93
 285 0105 01       		.byte	1
ARM GAS  C:\Users\mark6\AppData\Local\Temp\cckWYsQn.s 			page 6


 286 0106 A5       		.byte	-91
 287 0107 06       		.byte	6
 288 0108 A6       		.byte	-90
 289 0109 18       		.byte	24
 290 010a A7       		.byte	-89
 291 010b 01       		.byte	1
 292 010c A8       		.byte	-88
 293 010d 18       		.byte	24
 294 010e AC       		.byte	-84
 295 010f 0A       		.byte	10
 296 0110 AE       		.byte	-82
 297 0111 45       		.byte	69
 298 0112 B0       		.byte	-80
 299 0113 18       		.byte	24
 300 0114 B1       		.byte	-79
 301 0115 07       		.byte	7
 302 0116 B2       		.byte	-78
 303 0117 01       		.byte	1
 304 0118 B4       		.byte	-76
 305 0119 06       		.byte	6
 306 011a B6       		.byte	-74
 307 011b 60       		.byte	96
 308 011c BB       		.byte	-69
 309 011d 08       		.byte	8
 310 011e BE       		.byte	-66
 311 011f 40       		.byte	64
 312 0120 C0       		.byte	-64
 313 0121 35       		.byte	53
 314 0122 C1       		.byte	-63
 315 0123 06       		.byte	6
 316 0124 C2       		.byte	-62
 317 0125 04       		.byte	4
 318 0126 C4       		.byte	-60
 319 0127 01       		.byte	1
 320 0128 C5       		.byte	-59
 321 0129 C0       		.byte	-64
 322 012a C7       		.byte	-57
 323 012b E0       		.byte	-32
 324 012c C8       		.byte	-56
 325 012d 22       		.byte	34
 326 012e C9       		.byte	-55
 327 012f FF       		.byte	-1
 328 0130 CA       		.byte	-54
 329 0131 FF       		.byte	-1
 330 0132 CB       		.byte	-53
 331 0133 FF       		.byte	-1
 332 0134 CC       		.byte	-52
 333 0135 62       		.byte	98
 334 0136 CD       		.byte	-51
 335 0137 A0       		.byte	-96
 336 0138 CE       		.byte	-50
 337 0139 F0       		.byte	-16
 338 013a CF       		.byte	-49
 339 013b 41       		.byte	65
 340 013c D0       		.byte	-48
 341 013d 0C       		.byte	12
 342 013e D8       		.byte	-40
ARM GAS  C:\Users\mark6\AppData\Local\Temp\cckWYsQn.s 			page 7


 343 013f 04       		.byte	4
 344 0140 D9       		.byte	-39
 345 0141 04       		.byte	4
 346 0142 DA       		.byte	-38
 347 0143 04       		.byte	4
 348 0144 DC       		.byte	-36
 349 0145 11       		.byte	17
 350 0146 DD       		.byte	-35
 351 0147 01       		.byte	1
 352 0148 DF       		.byte	-33
 353 0149 01       		.byte	1
 354 014a E6       		.byte	-26
 355 014b 40       		.byte	64
 356 014c E7       		.byte	-25
 357 014d 02       		.byte	2
 358 014e E9       		.byte	-23
 359 014f 10       		.byte	16
 360 0150 EA       		.byte	-22
 361 0151 30       		.byte	48
 362 0152 EB       		.byte	-21
 363 0153 10       		.byte	16
 364 0154 ED       		.byte	-19
 365 0155 10       		.byte	16
 366 0156 EE       		.byte	-18
 367 0157 10       		.byte	16
 368 0158 EF       		.byte	-17
 369 0159 12       		.byte	18
 370 015a 00       		.byte	0
 371 015b 42       		.byte	66
 372 015c 01       		.byte	1
 373 015d 24       		.byte	36
 374 015e 05       		.byte	5
 375 015f 04       		.byte	4
 376 0160 06       		.byte	6
 377 0161 08       		.byte	8
 378 0162 09       		.byte	9
 379 0163 02       		.byte	2
 380 0164 0A       		.byte	10
 381 0165 14       		.byte	20
 382 0166 0F       		.byte	15
 383 0167 21       		.byte	33
 384 0168 10       		.byte	16
 385 0169 12       		.byte	18
 386 016a 12       		.byte	18
 387 016b 08       		.byte	8
 388 016c 17       		.byte	23
 389 016d 09       		.byte	9
 390 016e 18       		.byte	24
 391 016f 01       		.byte	1
 392 0170 19       		.byte	25
 393 0171 21       		.byte	33
 394 0172 1B       		.byte	27
 395 0173 08       		.byte	8
 396 0174 1D       		.byte	29
 397 0175 04       		.byte	4
 398 0176 1F       		.byte	31
 399 0177 04       		.byte	4
ARM GAS  C:\Users\mark6\AppData\Local\Temp\cckWYsQn.s 			page 8


 400 0178 21       		.byte	33
 401 0179 01       		.byte	1
 402 017a 22       		.byte	34
 403 017b 09       		.byte	9
 404 017c 27       		.byte	39
 405 017d 21       		.byte	33
 406 017e 28       		.byte	40
 407 017f 10       		.byte	16
 408 0180 2A       		.byte	42
 409 0181 02       		.byte	2
 410 0182 2E       		.byte	46
 411 0183 08       		.byte	8
 412 0184 2F       		.byte	47
 413 0185 14       		.byte	20
 414 0186 30       		.byte	48
 415 0187 A0       		.byte	-96
 416 0188 31       		.byte	49
 417 0189 02       		.byte	2
 418 018a 32       		.byte	50
 419 018b 08       		.byte	8
 420 018c 37       		.byte	55
 421 018d 09       		.byte	9
 422 018e 39       		.byte	57
 423 018f 0C       		.byte	12
 424 0190 3B       		.byte	59
 425 0191 10       		.byte	16
 426 0192 3E       		.byte	62
 427 0193 20       		.byte	32
 428 0194 3F       		.byte	63
 429 0195 01       		.byte	1
 430 0196 40       		.byte	64
 431 0197 01       		.byte	1
 432 0198 41       		.byte	65
 433 0199 0D       		.byte	13
 434 019a 47       		.byte	71
 435 019b 20       		.byte	32
 436 019c 48       		.byte	72
 437 019d 41       		.byte	65
 438 019e 4A       		.byte	74
 439 019f 08       		.byte	8
 440 01a0 4F       		.byte	79
 441 01a1 01       		.byte	1
 442 01a2 52       		.byte	82
 443 01a3 02       		.byte	2
 444 01a4 57       		.byte	87
 445 01a5 10       		.byte	16
 446 01a6 65       		.byte	101
 447 01a7 80       		.byte	-128
 448 01a8 67       		.byte	103
 449 01a9 01       		.byte	1
 450 01aa 88       		.byte	-120
 451 01ab 01       		.byte	1
 452 01ac 8A       		.byte	-118
 453 01ad 02       		.byte	2
 454 01ae 90       		.byte	-112
 455 01af 40       		.byte	64
 456 01b0 94       		.byte	-108
ARM GAS  C:\Users\mark6\AppData\Local\Temp\cckWYsQn.s 			page 9


 457 01b1 04       		.byte	4
 458 01b2 96       		.byte	-106
 459 01b3 16       		.byte	22
 460 01b4 97       		.byte	-105
 461 01b5 10       		.byte	16
 462 01b6 9A       		.byte	-102
 463 01b7 20       		.byte	32
 464 01b8 9C       		.byte	-100
 465 01b9 10       		.byte	16
 466 01ba 9D       		.byte	-99
 467 01bb A5       		.byte	-91
 468 01bc 9E       		.byte	-98
 469 01bd 4A       		.byte	74
 470 01be 9F       		.byte	-97
 471 01bf 01       		.byte	1
 472 01c0 A0       		.byte	-96
 473 01c1 02       		.byte	2
 474 01c2 A1       		.byte	-95
 475 01c3 0A       		.byte	10
 476 01c4 A3       		.byte	-93
 477 01c5 02       		.byte	2
 478 01c6 A4       		.byte	-92
 479 01c7 E0       		.byte	-32
 480 01c8 A7       		.byte	-89
 481 01c9 08       		.byte	8
 482 01ca C0       		.byte	-64
 483 01cb 6F       		.byte	111
 484 01cc C2       		.byte	-62
 485 01cd AE       		.byte	-82
 486 01ce C4       		.byte	-60
 487 01cf 37       		.byte	55
 488 01d0 CA       		.byte	-54
 489 01d1 63       		.byte	99
 490 01d2 CC       		.byte	-52
 491 01d3 CF       		.byte	-49
 492 01d4 CE       		.byte	-50
 493 01d5 A6       		.byte	-90
 494 01d6 D0       		.byte	-48
 495 01d7 2B       		.byte	43
 496 01d8 D2       		.byte	-46
 497 01d9 0C       		.byte	12
 498 01da 01       		.byte	1
 499 01db 4C       		.byte	76
 500 01dc 03       		.byte	3
 501 01dd 23       		.byte	35
 502 01de 05       		.byte	5
 503 01df 73       		.byte	115
 504 01e0 07       		.byte	7
 505 01e1 0C       		.byte	12
 506 01e2 08       		.byte	8
 507 01e3 08       		.byte	8
 508 01e4 09       		.byte	9
 509 01e5 0C       		.byte	12
 510 01e6 0A       		.byte	10
 511 01e7 02       		.byte	2
 512 01e8 0D       		.byte	13
 513 01e9 03       		.byte	3
ARM GAS  C:\Users\mark6\AppData\Local\Temp\cckWYsQn.s 			page 10


 514 01ea 0E       		.byte	14
 515 01eb 01       		.byte	1
 516 01ec 10       		.byte	16
 517 01ed 02       		.byte	2
 518 01ee 11       		.byte	17
 519 01ef 41       		.byte	65
 520 01f0 12       		.byte	18
 521 01f1 0C       		.byte	12
 522 01f2 14       		.byte	20
 523 01f3 0E       		.byte	14
 524 01f4 17       		.byte	23
 525 01f5 40       		.byte	64
 526 01f6 18       		.byte	24
 527 01f7 0E       		.byte	14
 528 01f8 19       		.byte	25
 529 01f9 04       		.byte	4
 530 01fa 1D       		.byte	29
 531 01fb 08       		.byte	8
 532 01fc 1E       		.byte	30
 533 01fd 01       		.byte	1
 534 01fe 23       		.byte	35
 535 01ff 33       		.byte	51
 536 0200 25       		.byte	37
 537 0201 4F       		.byte	79
 538 0202 27       		.byte	39
 539 0203 10       		.byte	16
 540 0204 29       		.byte	41
 541 0205 02       		.byte	2
 542 0206 2C       		.byte	44
 543 0207 04       		.byte	4
 544 0208 2D       		.byte	45
 545 0209 7F       		.byte	127
 546 020a 2E       		.byte	46
 547 020b 02       		.byte	2
 548 020c 30       		.byte	48
 549 020d 0E       		.byte	14
 550 020e 31       		.byte	49
 551 020f 7C       		.byte	124
 552 0210 33       		.byte	51
 553 0211 0F       		.byte	15
 554 0212 36       		.byte	54
 555 0213 01       		.byte	1
 556 0214 3B       		.byte	59
 557 0215 0A       		.byte	10
 558 0216 3E       		.byte	62
 559 0217 40       		.byte	64
 560 0218 54       		.byte	84
 561 0219 18       		.byte	24
 562 021a 56       		.byte	86
 563 021b 04       		.byte	4
 564 021c 58       		.byte	88
 565 021d 04       		.byte	4
 566 021e 59       		.byte	89
 567 021f 04       		.byte	4
 568 0220 5B       		.byte	91
 569 0221 04       		.byte	4
 570 0222 5C       		.byte	92
ARM GAS  C:\Users\mark6\AppData\Local\Temp\cckWYsQn.s 			page 11


 571 0223 11       		.byte	17
 572 0224 5D       		.byte	93
 573 0225 10       		.byte	16
 574 0226 5F       		.byte	95
 575 0227 01       		.byte	1
 576 0228 80       		.byte	-128
 577 0229 01       		.byte	1
 578 022a 84       		.byte	-124
 579 022b 02       		.byte	2
 580 022c 8A       		.byte	-118
 581 022d 02       		.byte	2
 582 022e 8E       		.byte	-114
 583 022f 02       		.byte	2
 584 0230 A0       		.byte	-96
 585 0231 02       		.byte	2
 586 0232 A6       		.byte	-90
 587 0233 02       		.byte	2
 588 0234 B0       		.byte	-80
 589 0235 02       		.byte	2
 590 0236 B4       		.byte	-76
 591 0237 01       		.byte	1
 592 0238 BE       		.byte	-66
 593 0239 11       		.byte	17
 594 023a C0       		.byte	-64
 595 023b 45       		.byte	69
 596 023c C1       		.byte	-63
 597 023d 02       		.byte	2
 598 023e C5       		.byte	-59
 599 023f E0       		.byte	-32
 600 0240 C6       		.byte	-58
 601 0241 C0       		.byte	-64
 602 0242 C7       		.byte	-57
 603 0243 B0       		.byte	-80
 604 0244 C8       		.byte	-56
 605 0245 2A       		.byte	42
 606 0246 C9       		.byte	-55
 607 0247 FF       		.byte	-1
 608 0248 CA       		.byte	-54
 609 0249 FF       		.byte	-1
 610 024a CB       		.byte	-53
 611 024b FF       		.byte	-1
 612 024c CE       		.byte	-50
 613 024d F0       		.byte	-16
 614 024e CF       		.byte	-49
 615 024f 44       		.byte	68
 616 0250 D0       		.byte	-48
 617 0251 0C       		.byte	12
 618 0252 D4       		.byte	-44
 619 0253 01       		.byte	1
 620 0254 D6       		.byte	-42
 621 0255 04       		.byte	4
 622 0256 D8       		.byte	-40
 623 0257 04       		.byte	4
 624 0258 DA       		.byte	-38
 625 0259 04       		.byte	4
 626 025a DB       		.byte	-37
 627 025b 04       		.byte	4
ARM GAS  C:\Users\mark6\AppData\Local\Temp\cckWYsQn.s 			page 12


 628 025c DD       		.byte	-35
 629 025d 11       		.byte	17
 630 025e DF       		.byte	-33
 631 025f 01       		.byte	1
 632 0260 E6       		.byte	-26
 633 0261 C0       		.byte	-64
 634 0262 EA       		.byte	-22
 635 0263 40       		.byte	64
 636 0264 EB       		.byte	-21
 637 0265 02       		.byte	2
 638 0266 00       		.byte	0
 639 0267 80       		.byte	-128
 640 0268 01       		.byte	1
 641 0269 20       		.byte	32
 642 026a 05       		.byte	5
 643 026b 86       		.byte	-122
 644 026c 06       		.byte	6
 645 026d 08       		.byte	8
 646 026e 07       		.byte	7
 647 026f 10       		.byte	16
 648 0270 0A       		.byte	10
 649 0271 56       		.byte	86
 650 0272 10       		.byte	16
 651 0273 02       		.byte	2
 652 0274 14       		.byte	20
 653 0275 20       		.byte	32
 654 0276 16       		.byte	22
 655 0277 10       		.byte	16
 656 0278 17       		.byte	23
 657 0279 01       		.byte	1
 658 027a 18       		.byte	24
 659 027b 40       		.byte	64
 660 027c 19       		.byte	25
 661 027d 40       		.byte	64
 662 027e 1A       		.byte	26
 663 027f 40       		.byte	64
 664 0280 1E       		.byte	30
 665 0281 88       		.byte	-120
 666 0282 21       		.byte	33
 667 0283 0F       		.byte	15
 668 0284 28       		.byte	40
 669 0285 10       		.byte	16
 670 0286 29       		.byte	41
 671 0287 20       		.byte	32
 672 0288 2A       		.byte	42
 673 0289 42       		.byte	66
 674 028a 30       		.byte	48
 675 028b A2       		.byte	-94
 676 028c 33       		.byte	51
 677 028d 08       		.byte	8
 678 028e 38       		.byte	56
 679 028f 40       		.byte	64
 680 0290 39       		.byte	57
 681 0291 0A       		.byte	10
 682 0292 3B       		.byte	59
 683 0293 10       		.byte	16
 684 0294 47       		.byte	71
ARM GAS  C:\Users\mark6\AppData\Local\Temp\cckWYsQn.s 			page 13


 685 0295 11       		.byte	17
 686 0296 4D       		.byte	77
 687 0297 82       		.byte	-126
 688 0298 56       		.byte	86
 689 0299 30       		.byte	48
 690 029a 57       		.byte	87
 691 029b 02       		.byte	2
 692 029c 59       		.byte	89
 693 029d 01       		.byte	1
 694 029e 5C       		.byte	92
 695 029f 20       		.byte	32
 696 02a0 5D       		.byte	93
 697 02a1 02       		.byte	2
 698 02a2 5E       		.byte	94
 699 02a3 88       		.byte	-120
 700 02a4 60       		.byte	96
 701 02a5 84       		.byte	-124
 702 02a6 61       		.byte	97
 703 02a7 40       		.byte	64
 704 02a8 67       		.byte	103
 705 02a9 80       		.byte	-128
 706 02aa 80       		.byte	-128
 707 02ab 80       		.byte	-128
 708 02ac 87       		.byte	-121
 709 02ad 40       		.byte	64
 710 02ae A0       		.byte	-96
 711 02af 02       		.byte	2
 712 02b0 C0       		.byte	-64
 713 02b1 F3       		.byte	-13
 714 02b2 C2       		.byte	-62
 715 02b3 0F       		.byte	15
 716 02b4 C4       		.byte	-60
 717 02b5 31       		.byte	49
 718 02b6 CA       		.byte	-54
 719 02b7 0F       		.byte	15
 720 02b8 CC       		.byte	-52
 721 02b9 0F       		.byte	15
 722 02ba CE       		.byte	-50
 723 02bb 0F       		.byte	15
 724 02bc D0       		.byte	-48
 725 02bd A0       		.byte	-96
 726 02be D2       		.byte	-46
 727 02bf 10       		.byte	16
 728 02c0 D6       		.byte	-42
 729 02c1 F1       		.byte	-15
 730 02c2 D8       		.byte	-40
 731 02c3 8D       		.byte	-115
 732 02c4 38       		.byte	56
 733 02c5 20       		.byte	32
 734 02c6 3E       		.byte	62
 735 02c7 10       		.byte	16
 736 02c8 58       		.byte	88
 737 02c9 04       		.byte	4
 738 02ca 5F       		.byte	95
 739 02cb 01       		.byte	1
 740 02cc 1E       		.byte	30
 741 02cd 08       		.byte	8
ARM GAS  C:\Users\mark6\AppData\Local\Temp\cckWYsQn.s 			page 14


 742 02ce 82       		.byte	-126
 743 02cf 04       		.byte	4
 744 02d0 A0       		.byte	-96
 745 02d1 02       		.byte	2
 746 02d2 B4       		.byte	-76
 747 02d3 02       		.byte	2
 748 02d4 00       		.byte	0
 749 02d5 0A       		.byte	10
 750 02d6 04       		.byte	4
 751 02d7 0C       		.byte	12
 752 02d8 06       		.byte	6
 753 02d9 03       		.byte	3
 754 02da 08       		.byte	8
 755 02db 01       		.byte	1
 756 02dc 0A       		.byte	10
 757 02dd 08       		.byte	8
 758 02de 0C       		.byte	12
 759 02df 08       		.byte	8
 760 02e0 0E       		.byte	14
 761 02e1 02       		.byte	2
 762 02e2 10       		.byte	16
 763 02e3 10       		.byte	16
 764 02e4 14       		.byte	20
 765 02e5 02       		.byte	2
 766 02e6 16       		.byte	22
 767 02e7 08       		.byte	8
 768 02e8 18       		.byte	24
 769 02e9 02       		.byte	2
 770 02ea 1C       		.byte	28
 771 02eb 0A       		.byte	10
 772 02ec 24       		.byte	36
 773 02ed 08       		.byte	8
 774 02ee 26       		.byte	38
 775 02ef 02       		.byte	2
 776 02f0 28       		.byte	40
 777 02f1 03       		.byte	3
 778 02f2 2A       		.byte	42
 779 02f3 04       		.byte	4
 780 02f4 2C       		.byte	44
 781 02f5 08       		.byte	8
 782 02f6 30       		.byte	48
 783 02f7 10       		.byte	16
 784 02f8 32       		.byte	50
 785 02f9 0F       		.byte	15
 786 02fa 3A       		.byte	58
 787 02fb 08       		.byte	8
 788 02fc 3E       		.byte	62
 789 02fd 01       		.byte	1
 790 02fe 58       		.byte	88
 791 02ff 04       		.byte	4
 792 0300 5F       		.byte	95
 793 0301 01       		.byte	1
 794 0302 81       		.byte	-127
 795 0303 84       		.byte	-124
 796 0304 85       		.byte	-123
 797 0305 84       		.byte	-124
 798 0306 86       		.byte	-122
ARM GAS  C:\Users\mark6\AppData\Local\Temp\cckWYsQn.s 			page 15


 799 0307 03       		.byte	3
 800 0308 89       		.byte	-119
 801 0309 80       		.byte	-128
 802 030a 8B       		.byte	-117
 803 030b 04       		.byte	4
 804 030c 8D       		.byte	-115
 805 030d 60       		.byte	96
 806 030e 91       		.byte	-111
 807 030f 04       		.byte	4
 808 0310 92       		.byte	-110
 809 0311 02       		.byte	2
 810 0312 95       		.byte	-107
 811 0313 07       		.byte	7
 812 0314 97       		.byte	-105
 813 0315 38       		.byte	56
 814 0316 99       		.byte	-103
 815 0317 56       		.byte	86
 816 0318 9B       		.byte	-101
 817 0319 09       		.byte	9
 818 031a 9D       		.byte	-99
 819 031b 01       		.byte	1
 820 031c 9E       		.byte	-98
 821 031d 03       		.byte	3
 822 031e A1       		.byte	-95
 823 031f 84       		.byte	-124
 824 0320 A4       		.byte	-92
 825 0321 01       		.byte	1
 826 0322 A9       		.byte	-87
 827 0323 0A       		.byte	10
 828 0324 AB       		.byte	-85
 829 0325 10       		.byte	16
 830 0326 AD       		.byte	-83
 831 0327 04       		.byte	4
 832 0328 AF       		.byte	-81
 833 0329 80       		.byte	-128
 834 032a B0       		.byte	-80
 835 032b 03       		.byte	3
 836 032c B1       		.byte	-79
 837 032d 7F       		.byte	127
 838 032e B3       		.byte	-77
 839 032f 02       		.byte	2
 840 0330 B5       		.byte	-75
 841 0331 80       		.byte	-128
 842 0332 B7       		.byte	-73
 843 0333 08       		.byte	8
 844 0334 B9       		.byte	-71
 845 0335 02       		.byte	2
 846 0336 BF       		.byte	-65
 847 0337 54       		.byte	84
 848 0338 C0       		.byte	-64
 849 0339 12       		.byte	18
 850 033a C1       		.byte	-63
 851 033b 03       		.byte	3
 852 033c C2       		.byte	-62
 853 033d 60       		.byte	96
 854 033e C4       		.byte	-60
 855 033f 04       		.byte	4
ARM GAS  C:\Users\mark6\AppData\Local\Temp\cckWYsQn.s 			page 16


 856 0340 C5       		.byte	-59
 857 0341 DE       		.byte	-34
 858 0342 C6       		.byte	-58
 859 0343 CB       		.byte	-53
 860 0344 C7       		.byte	-57
 861 0345 F0       		.byte	-16
 862 0346 C8       		.byte	-56
 863 0347 2F       		.byte	47
 864 0348 C9       		.byte	-55
 865 0349 FF       		.byte	-1
 866 034a CA       		.byte	-54
 867 034b FF       		.byte	-1
 868 034c CB       		.byte	-53
 869 034d FF       		.byte	-1
 870 034e CC       		.byte	-52
 871 034f 22       		.byte	34
 872 0350 CE       		.byte	-50
 873 0351 F0       		.byte	-16
 874 0352 CF       		.byte	-49
 875 0353 08       		.byte	8
 876 0354 D0       		.byte	-48
 877 0355 04       		.byte	4
 878 0356 D4       		.byte	-44
 879 0357 09       		.byte	9
 880 0358 D8       		.byte	-40
 881 0359 04       		.byte	4
 882 035a D9       		.byte	-39
 883 035b 04       		.byte	4
 884 035c DA       		.byte	-38
 885 035d 04       		.byte	4
 886 035e DB       		.byte	-37
 887 035f 04       		.byte	4
 888 0360 DF       		.byte	-33
 889 0361 01       		.byte	1
 890 0362 E2       		.byte	-30
 891 0363 C0       		.byte	-64
 892 0364 E4       		.byte	-28
 893 0365 40       		.byte	64
 894 0366 E5       		.byte	-27
 895 0367 01       		.byte	1
 896 0368 E6       		.byte	-26
 897 0369 10       		.byte	16
 898 036a E7       		.byte	-25
 899 036b 11       		.byte	17
 900 036c E8       		.byte	-24
 901 036d C0       		.byte	-64
 902 036e E9       		.byte	-23
 903 036f 01       		.byte	1
 904 0370 EB       		.byte	-21
 905 0371 11       		.byte	17
 906 0372 EC       		.byte	-20
 907 0373 40       		.byte	64
 908 0374 ED       		.byte	-19
 909 0375 01       		.byte	1
 910 0376 EE       		.byte	-18
 911 0377 40       		.byte	64
 912 0378 EF       		.byte	-17
ARM GAS  C:\Users\mark6\AppData\Local\Temp\cckWYsQn.s 			page 17


 913 0379 01       		.byte	1
 914 037a 01       		.byte	1
 915 037b 41       		.byte	65
 916 037c 03       		.byte	3
 917 037d 18       		.byte	24
 918 037e 07       		.byte	7
 919 037f 10       		.byte	16
 920 0380 08       		.byte	8
 921 0381 20       		.byte	32
 922 0382 09       		.byte	9
 923 0383 10       		.byte	16
 924 0384 0A       		.byte	10
 925 0385 11       		.byte	17
 926 0386 0B       		.byte	11
 927 0387 80       		.byte	-128
 928 0388 0D       		.byte	13
 929 0389 80       		.byte	-128
 930 038a 0E       		.byte	14
 931 038b 40       		.byte	64
 932 038c 10       		.byte	16
 933 038d 24       		.byte	36
 934 038e 12       		.byte	18
 935 038f 02       		.byte	2
 936 0390 17       		.byte	23
 937 0391 08       		.byte	8
 938 0392 1B       		.byte	27
 939 0393 09       		.byte	9
 940 0394 1E       		.byte	30
 941 0395 40       		.byte	64
 942 0396 24       		.byte	36
 943 0397 28       		.byte	40
 944 0398 26       		.byte	38
 945 0399 40       		.byte	64
 946 039a 27       		.byte	39
 947 039b 40       		.byte	64
 948 039c 2D       		.byte	45
 949 039d 41       		.byte	65
 950 039e 2E       		.byte	46
 951 039f 02       		.byte	2
 952 03a0 2F       		.byte	47
 953 03a1 08       		.byte	8
 954 03a2 34       		.byte	52
 955 03a3 04       		.byte	4
 956 03a4 36       		.byte	54
 957 03a5 02       		.byte	2
 958 03a6 37       		.byte	55
 959 03a7 58       		.byte	88
 960 03a8 3C       		.byte	60
 961 03a9 80       		.byte	-128
 962 03aa 3D       		.byte	61
 963 03ab 10       		.byte	16
 964 03ac 3E       		.byte	62
 965 03ad 15       		.byte	21
 966 03ae 45       		.byte	69
 967 03af 80       		.byte	-128
 968 03b0 46       		.byte	70
 969 03b1 80       		.byte	-128
ARM GAS  C:\Users\mark6\AppData\Local\Temp\cckWYsQn.s 			page 18


 970 03b2 47       		.byte	71
 971 03b3 18       		.byte	24
 972 03b4 4C       		.byte	76
 973 03b5 04       		.byte	4
 974 03b6 4E       		.byte	78
 975 03b7 40       		.byte	64
 976 03b8 4F       		.byte	79
 977 03b9 04       		.byte	4
 978 03ba 54       		.byte	84
 979 03bb 40       		.byte	64
 980 03bc 55       		.byte	85
 981 03bd 12       		.byte	18
 982 03be 57       		.byte	87
 983 03bf 20       		.byte	32
 984 03c0 5C       		.byte	92
 985 03c1 20       		.byte	32
 986 03c2 5E       		.byte	94
 987 03c3 80       		.byte	-128
 988 03c4 5F       		.byte	95
 989 03c5 06       		.byte	6
 990 03c6 65       		.byte	101
 991 03c7 80       		.byte	-128
 992 03c8 80       		.byte	-128
 993 03c9 14       		.byte	20
 994 03ca 81       		.byte	-127
 995 03cb 80       		.byte	-128
 996 03cc 82       		.byte	-126
 997 03cd 80       		.byte	-128
 998 03ce 83       		.byte	-125
 999 03cf 02       		.byte	2
 1000 03d0 85       		.byte	-123
 1001 03d1 02       		.byte	2
 1002 03d2 87       		.byte	-121
 1003 03d3 40       		.byte	64
 1004 03d4 89       		.byte	-119
 1005 03d5 80       		.byte	-128
 1006 03d6 8B       		.byte	-117
 1007 03d7 09       		.byte	9
 1008 03d8 8E       		.byte	-114
 1009 03d9 40       		.byte	64
 1010 03da 8F       		.byte	-113
 1011 03db 40       		.byte	64
 1012 03dc 91       		.byte	-111
 1013 03dd 50       		.byte	80
 1014 03de 92       		.byte	-110
 1015 03df 05       		.byte	5
 1016 03e0 96       		.byte	-106
 1017 03e1 80       		.byte	-128
 1018 03e2 9A       		.byte	-102
 1019 03e3 02       		.byte	2
 1020 03e4 9B       		.byte	-101
 1021 03e5 18       		.byte	24
 1022 03e6 A0       		.byte	-96
 1023 03e7 20       		.byte	32
 1024 03e8 A2       		.byte	-94
 1025 03e9 02       		.byte	2
 1026 03ea A7       		.byte	-89
ARM GAS  C:\Users\mark6\AppData\Local\Temp\cckWYsQn.s 			page 19


 1027 03eb 28       		.byte	40
 1028 03ec B5       		.byte	-75
 1029 03ed 08       		.byte	8
 1030 03ee B6       		.byte	-74
 1031 03ef 40       		.byte	64
 1032 03f0 C0       		.byte	-64
 1033 03f1 2F       		.byte	47
 1034 03f2 C2       		.byte	-62
 1035 03f3 9F       		.byte	-97
 1036 03f4 C4       		.byte	-60
 1037 03f5 27       		.byte	39
 1038 03f6 CA       		.byte	-54
 1039 03f7 B0       		.byte	-80
 1040 03f8 CC       		.byte	-52
 1041 03f9 F0       		.byte	-16
 1042 03fa CE       		.byte	-50
 1043 03fb F0       		.byte	-16
 1044 03fc D0       		.byte	-48
 1045 03fd F0       		.byte	-16
 1046 03fe D2       		.byte	-46
 1047 03ff 20       		.byte	32
 1048 0400 D6       		.byte	-42
 1049 0401 F0       		.byte	-16
 1050 0402 D8       		.byte	-40
 1051 0403 10       		.byte	16
 1052 0404 E0       		.byte	-32
 1053 0405 02       		.byte	2
 1054 0406 E2       		.byte	-30
 1055 0407 18       		.byte	24
 1056 0408 E6       		.byte	-26
 1057 0409 40       		.byte	64
 1058 040a EE       		.byte	-18
 1059 040b 40       		.byte	64
 1060 040c 01       		.byte	1
 1061 040d 20       		.byte	32
 1062 040e 05       		.byte	5
 1063 040f 20       		.byte	32
 1064 0410 08       		.byte	8
 1065 0411 05       		.byte	5
 1066 0412 0A       		.byte	10
 1067 0413 0A       		.byte	10
 1068 0414 0B       		.byte	11
 1069 0415 20       		.byte	32
 1070 0416 10       		.byte	16
 1071 0417 0E       		.byte	14
 1072 0418 11       		.byte	17
 1073 0419 08       		.byte	8
 1074 041a 13       		.byte	19
 1075 041b 30       		.byte	48
 1076 041c 15       		.byte	21
 1077 041d 01       		.byte	1
 1078 041e 17       		.byte	23
 1079 041f 1A       		.byte	26
 1080 0420 19       		.byte	25
 1081 0421 3C       		.byte	60
 1082 0422 21       		.byte	33
 1083 0423 20       		.byte	32
ARM GAS  C:\Users\mark6\AppData\Local\Temp\cckWYsQn.s 			page 20


 1084 0424 24       		.byte	36
 1085 0425 03       		.byte	3
 1086 0426 25       		.byte	37
 1087 0427 04       		.byte	4
 1088 0428 26       		.byte	38
 1089 0429 04       		.byte	4
 1090 042a 28       		.byte	40
 1091 042b 04       		.byte	4
 1092 042c 29       		.byte	41
 1093 042d 0E       		.byte	14
 1094 042e 2A       		.byte	42
 1095 042f 09       		.byte	9
 1096 0430 2B       		.byte	43
 1097 0431 31       		.byte	49
 1098 0432 2D       		.byte	45
 1099 0433 20       		.byte	32
 1100 0434 30       		.byte	48
 1101 0435 0F       		.byte	15
 1102 0436 31       		.byte	49
 1103 0437 38       		.byte	56
 1104 0438 33       		.byte	51
 1105 0439 07       		.byte	7
 1106 043a 38       		.byte	56
 1107 043b 02       		.byte	2
 1108 043c 3B       		.byte	59
 1109 043d 0A       		.byte	10
 1110 043e 58       		.byte	88
 1111 043f 04       		.byte	4
 1112 0440 59       		.byte	89
 1113 0441 04       		.byte	4
 1114 0442 5F       		.byte	95
 1115 0443 01       		.byte	1
 1116 0444 80       		.byte	-128
 1117 0445 20       		.byte	32
 1118 0446 81       		.byte	-127
 1119 0447 0D       		.byte	13
 1120 0448 82       		.byte	-126
 1121 0449 D0       		.byte	-48
 1122 044a 84       		.byte	-124
 1123 044b 02       		.byte	2
 1124 044c 85       		.byte	-123
 1125 044d 05       		.byte	5
 1126 044e 86       		.byte	-122
 1127 044f 0D       		.byte	13
 1128 0450 87       		.byte	-121
 1129 0451 08       		.byte	8
 1130 0452 88       		.byte	-120
 1131 0453 29       		.byte	41
 1132 0454 89       		.byte	-119
 1133 0455 09       		.byte	9
 1134 0456 8A       		.byte	-118
 1135 0457 86       		.byte	-122
 1136 0458 8B       		.byte	-117
 1137 0459 04       		.byte	4
 1138 045a 8C       		.byte	-116
 1139 045b D0       		.byte	-48
 1140 045c 8D       		.byte	-115
ARM GAS  C:\Users\mark6\AppData\Local\Temp\cckWYsQn.s 			page 21


 1141 045d 04       		.byte	4
 1142 045e 8F       		.byte	-113
 1143 045f 09       		.byte	9
 1144 0460 91       		.byte	-111
 1145 0461 04       		.byte	4
 1146 0462 94       		.byte	-108
 1147 0463 25       		.byte	37
 1148 0464 95       		.byte	-107
 1149 0465 02       		.byte	2
 1150 0466 96       		.byte	-106
 1151 0467 4A       		.byte	74
 1152 0468 97       		.byte	-105
 1153 0469 04       		.byte	4
 1154 046a 98       		.byte	-104
 1155 046b 13       		.byte	19
 1156 046c 99       		.byte	-103
 1157 046d 08       		.byte	8
 1158 046e 9A       		.byte	-102
 1159 046f 2C       		.byte	44
 1160 0470 9C       		.byte	-100
 1161 0471 D0       		.byte	-48
 1162 0472 9F       		.byte	-97
 1163 0473 01       		.byte	1
 1164 0474 A1       		.byte	-95
 1165 0475 0D       		.byte	13
 1166 0476 A4       		.byte	-92
 1167 0477 D0       		.byte	-48
 1168 0478 A5       		.byte	-91
 1169 0479 0E       		.byte	14
 1170 047a A8       		.byte	-88
 1171 047b D0       		.byte	-48
 1172 047c A9       		.byte	-87
 1173 047d 04       		.byte	4
 1174 047e AB       		.byte	-85
 1175 047f 0A       		.byte	10
 1176 0480 AC       		.byte	-84
 1177 0481 D0       		.byte	-48
 1178 0482 B0       		.byte	-80
 1179 0483 F0       		.byte	-16
 1180 0484 B3       		.byte	-77
 1181 0485 01       		.byte	1
 1182 0486 B4       		.byte	-76
 1183 0487 0F       		.byte	15
 1184 0488 B5       		.byte	-75
 1185 0489 0E       		.byte	14
 1186 048a BA       		.byte	-70
 1187 048b 22       		.byte	34
 1188 048c BF       		.byte	-65
 1189 048d 04       		.byte	4
 1190 048e D6       		.byte	-42
 1191 048f 02       		.byte	2
 1192 0490 D7       		.byte	-41
 1193 0491 24       		.byte	36
 1194 0492 D8       		.byte	-40
 1195 0493 04       		.byte	4
 1196 0494 D9       		.byte	-39
 1197 0495 04       		.byte	4
ARM GAS  C:\Users\mark6\AppData\Local\Temp\cckWYsQn.s 			page 22


 1198 0496 DB       		.byte	-37
 1199 0497 04       		.byte	4
 1200 0498 DF       		.byte	-33
 1201 0499 01       		.byte	1
 1202 049a 00       		.byte	0
 1203 049b 04       		.byte	4
 1204 049c 01       		.byte	1
 1205 049d 02       		.byte	2
 1206 049e 02       		.byte	2
 1207 049f 09       		.byte	9
 1208 04a0 07       		.byte	7
 1209 04a1 04       		.byte	4
 1210 04a2 08       		.byte	8
 1211 04a3 04       		.byte	4
 1212 04a4 09       		.byte	9
 1213 04a5 20       		.byte	32
 1214 04a6 0A       		.byte	10
 1215 04a7 01       		.byte	1
 1216 04a8 0E       		.byte	14
 1217 04a9 40       		.byte	64
 1218 04aa 10       		.byte	16
 1219 04ab 20       		.byte	32
 1220 04ac 11       		.byte	17
 1221 04ad 50       		.byte	80
 1222 04ae 17       		.byte	23
 1223 04af 18       		.byte	24
 1224 04b0 18       		.byte	24
 1225 04b1 04       		.byte	4
 1226 04b2 19       		.byte	25
 1227 04b3 02       		.byte	2
 1228 04b4 1E       		.byte	30
 1229 04b5 40       		.byte	64
 1230 04b6 21       		.byte	33
 1231 04b7 28       		.byte	40
 1232 04b8 23       		.byte	35
 1233 04b9 08       		.byte	8
 1234 04ba 26       		.byte	38
 1235 04bb 0A       		.byte	10
 1236 04bc 27       		.byte	39
 1237 04bd 10       		.byte	16
 1238 04be 29       		.byte	41
 1239 04bf 14       		.byte	20
 1240 04c0 2A       		.byte	42
 1241 04c1 03       		.byte	3
 1242 04c2 2D       		.byte	45
 1243 04c3 40       		.byte	64
 1244 04c4 2E       		.byte	46
 1245 04c5 02       		.byte	2
 1246 04c6 2F       		.byte	47
 1247 04c7 28       		.byte	40
 1248 04c8 30       		.byte	48
 1249 04c9 04       		.byte	4
 1250 04ca 32       		.byte	50
 1251 04cb 42       		.byte	66
 1252 04cc 33       		.byte	51
 1253 04cd 2C       		.byte	44
 1254 04ce 35       		.byte	53
ARM GAS  C:\Users\mark6\AppData\Local\Temp\cckWYsQn.s 			page 23


 1255 04cf 14       		.byte	20
 1256 04d0 36       		.byte	54
 1257 04d1 02       		.byte	2
 1258 04d2 37       		.byte	55
 1259 04d3 18       		.byte	24
 1260 04d4 39       		.byte	57
 1261 04d5 55       		.byte	85
 1262 04d6 3D       		.byte	61
 1263 04d7 10       		.byte	16
 1264 04d8 3E       		.byte	62
 1265 04d9 05       		.byte	5
 1266 04da 60       		.byte	96
 1267 04db 04       		.byte	4
 1268 04dc 68       		.byte	104
 1269 04dd 20       		.byte	32
 1270 04de 69       		.byte	105
 1271 04df 55       		.byte	85
 1272 04e0 6A       		.byte	106
 1273 04e1 05       		.byte	5
 1274 04e2 72       		.byte	114
 1275 04e3 02       		.byte	2
 1276 04e4 8E       		.byte	-114
 1277 04e5 40       		.byte	64
 1278 04e6 C0       		.byte	-64
 1279 04e7 4F       		.byte	79
 1280 04e8 C2       		.byte	-62
 1281 04e9 17       		.byte	23
 1282 04ea C4       		.byte	-60
 1283 04eb 67       		.byte	103
 1284 04ec CA       		.byte	-54
 1285 04ed F7       		.byte	-9
 1286 04ee CC       		.byte	-52
 1287 04ef EF       		.byte	-17
 1288 04f0 CE       		.byte	-50
 1289 04f1 EF       		.byte	-17
 1290 04f2 D8       		.byte	-40
 1291 04f3 04       		.byte	4
 1292 04f4 01       		.byte	1
 1293 04f5 40       		.byte	64
 1294 04f6 04       		.byte	4
 1295 04f7 01       		.byte	1
 1296 04f8 06       		.byte	6
 1297 04f9 0E       		.byte	14
 1298 04fa 09       		.byte	9
 1299 04fb 09       		.byte	9
 1300 04fc 0B       		.byte	11
 1301 04fd 10       		.byte	16
 1302 04fe 0C       		.byte	12
 1303 04ff 01       		.byte	1
 1304 0500 0E       		.byte	14
 1305 0501 06       		.byte	6
 1306 0502 11       		.byte	17
 1307 0503 30       		.byte	48
 1308 0504 13       		.byte	19
 1309 0505 0C       		.byte	12
 1310 0506 15       		.byte	21
 1311 0507 2C       		.byte	44
ARM GAS  C:\Users\mark6\AppData\Local\Temp\cckWYsQn.s 			page 24


 1312 0508 16       		.byte	22
 1313 0509 08       		.byte	8
 1314 050a 17       		.byte	23
 1315 050b 11       		.byte	17
 1316 050c 18       		.byte	24
 1317 050d 0C       		.byte	12
 1318 050e 1A       		.byte	26
 1319 050f 03       		.byte	3
 1320 0510 1B       		.byte	27
 1321 0511 03       		.byte	3
 1322 0512 1E       		.byte	30
 1323 0513 03       		.byte	3
 1324 0514 25       		.byte	37
 1325 0515 1C       		.byte	28
 1326 0516 26       		.byte	38
 1327 0517 0C       		.byte	12
 1328 0518 27       		.byte	39
 1329 0519 22       		.byte	34
 1330 051a 29       		.byte	41
 1331 051b 10       		.byte	16
 1332 051c 2D       		.byte	45
 1333 051d 14       		.byte	20
 1334 051e 33       		.byte	51
 1335 051f 1F       		.byte	31
 1336 0520 34       		.byte	52
 1337 0521 0F       		.byte	15
 1338 0522 35       		.byte	53
 1339 0523 60       		.byte	96
 1340 0524 39       		.byte	57
 1341 0525 20       		.byte	32
 1342 0526 3A       		.byte	58
 1343 0527 20       		.byte	32
 1344 0528 54       		.byte	84
 1345 0529 40       		.byte	64
 1346 052a 58       		.byte	88
 1347 052b 04       		.byte	4
 1348 052c 59       		.byte	89
 1349 052d 04       		.byte	4
 1350 052e 5B       		.byte	91
 1351 052f 04       		.byte	4
 1352 0530 5C       		.byte	92
 1353 0531 11       		.byte	17
 1354 0532 5F       		.byte	95
 1355 0533 01       		.byte	1
 1356 0534 80       		.byte	-128
 1357 0535 01       		.byte	1
 1358 0536 85       		.byte	-123
 1359 0537 08       		.byte	8
 1360 0538 89       		.byte	-119
 1361 0539 08       		.byte	8
 1362 053a 8A       		.byte	-118
 1363 053b 02       		.byte	2
 1364 053c 8D       		.byte	-115
 1365 053d 08       		.byte	8
 1366 053e 91       		.byte	-111
 1367 053f 16       		.byte	22
 1368 0540 92       		.byte	-110
ARM GAS  C:\Users\mark6\AppData\Local\Temp\cckWYsQn.s 			page 25


 1369 0541 01       		.byte	1
 1370 0542 93       		.byte	-109
 1371 0543 01       		.byte	1
 1372 0544 94       		.byte	-108
 1373 0545 01       		.byte	1
 1374 0546 95       		.byte	-107
 1375 0547 11       		.byte	17
 1376 0548 97       		.byte	-105
 1377 0549 06       		.byte	6
 1378 054a 99       		.byte	-103
 1379 054b 16       		.byte	22
 1380 054c 9B       		.byte	-101
 1381 054d 01       		.byte	1
 1382 054e 9F       		.byte	-97
 1383 054f 01       		.byte	1
 1384 0550 A1       		.byte	-95
 1385 0551 04       		.byte	4
 1386 0552 A5       		.byte	-91
 1387 0553 02       		.byte	2
 1388 0554 A6       		.byte	-90
 1389 0555 01       		.byte	1
 1390 0556 A9       		.byte	-87
 1391 0557 06       		.byte	6
 1392 0558 AD       		.byte	-83
 1393 0559 17       		.byte	23
 1394 055a AE       		.byte	-82
 1395 055b 02       		.byte	2
 1396 055c B2       		.byte	-78
 1397 055d 01       		.byte	1
 1398 055e B3       		.byte	-77
 1399 055f 10       		.byte	16
 1400 0560 B4       		.byte	-76
 1401 0561 02       		.byte	2
 1402 0562 B5       		.byte	-75
 1403 0563 07       		.byte	7
 1404 0564 B7       		.byte	-73
 1405 0565 08       		.byte	8
 1406 0566 B8       		.byte	-72
 1407 0567 08       		.byte	8
 1408 0568 BB       		.byte	-69
 1409 0569 20       		.byte	32
 1410 056a BE       		.byte	-66
 1411 056b 10       		.byte	16
 1412 056c BF       		.byte	-65
 1413 056d 04       		.byte	4
 1414 056e D6       		.byte	-42
 1415 056f 02       		.byte	2
 1416 0570 D7       		.byte	-41
 1417 0571 12       		.byte	18
 1418 0572 D8       		.byte	-40
 1419 0573 04       		.byte	4
 1420 0574 D9       		.byte	-39
 1421 0575 04       		.byte	4
 1422 0576 DB       		.byte	-37
 1423 0577 04       		.byte	4
 1424 0578 DC       		.byte	-36
 1425 0579 11       		.byte	17
ARM GAS  C:\Users\mark6\AppData\Local\Temp\cckWYsQn.s 			page 26


 1426 057a DD       		.byte	-35
 1427 057b 10       		.byte	16
 1428 057c DF       		.byte	-33
 1429 057d 01       		.byte	1
 1430 057e 00       		.byte	0
 1431 057f 10       		.byte	16
 1432 0580 02       		.byte	2
 1433 0581 40       		.byte	64
 1434 0582 05       		.byte	5
 1435 0583 04       		.byte	4
 1436 0584 07       		.byte	7
 1437 0585 01       		.byte	1
 1438 0586 09       		.byte	9
 1439 0587 0A       		.byte	10
 1440 0588 0C       		.byte	12
 1441 0589 04       		.byte	4
 1442 058a 0E       		.byte	14
 1443 058b 08       		.byte	8
 1444 058c 0F       		.byte	15
 1445 058d 21       		.byte	33
 1446 058e 10       		.byte	16
 1447 058f 10       		.byte	16
 1448 0590 12       		.byte	18
 1449 0591 02       		.byte	2
 1450 0592 17       		.byte	23
 1451 0593 08       		.byte	8
 1452 0594 18       		.byte	24
 1453 0595 14       		.byte	20
 1454 0596 1E       		.byte	30
 1455 0597 08       		.byte	8
 1456 0598 1F       		.byte	31
 1457 0599 10       		.byte	16
 1458 059a 20       		.byte	32
 1459 059b 02       		.byte	2
 1460 059c 22       		.byte	34
 1461 059d 54       		.byte	84
 1462 059e 25       		.byte	37
 1463 059f 10       		.byte	16
 1464 05a0 26       		.byte	38
 1465 05a1 08       		.byte	8
 1466 05a2 27       		.byte	39
 1467 05a3 18       		.byte	24
 1468 05a4 2A       		.byte	42
 1469 05a5 6A       		.byte	106
 1470 05a6 2C       		.byte	44
 1471 05a7 04       		.byte	4
 1472 05a8 2F       		.byte	47
 1473 05a9 12       		.byte	18
 1474 05aa 30       		.byte	48
 1475 05ab 10       		.byte	16
 1476 05ac 31       		.byte	49
 1477 05ad 0A       		.byte	10
 1478 05ae 32       		.byte	50
 1479 05af 50       		.byte	80
 1480 05b0 35       		.byte	53
 1481 05b1 04       		.byte	4
 1482 05b2 37       		.byte	55
ARM GAS  C:\Users\mark6\AppData\Local\Temp\cckWYsQn.s 			page 27


 1483 05b3 11       		.byte	17
 1484 05b4 39       		.byte	57
 1485 05b5 54       		.byte	84
 1486 05b6 3D       		.byte	61
 1487 05b7 20       		.byte	32
 1488 05b8 3F       		.byte	63
 1489 05b9 01       		.byte	1
 1490 05ba 5A       		.byte	90
 1491 05bb 08       		.byte	8
 1492 05bc 64       		.byte	100
 1493 05bd 02       		.byte	2
 1494 05be 66       		.byte	102
 1495 05bf 04       		.byte	4
 1496 05c0 67       		.byte	103
 1497 05c1 04       		.byte	4
 1498 05c2 69       		.byte	105
 1499 05c3 54       		.byte	84
 1500 05c4 6A       		.byte	106
 1501 05c5 14       		.byte	20
 1502 05c6 70       		.byte	112
 1503 05c7 A0       		.byte	-96
 1504 05c8 72       		.byte	114
 1505 05c9 2A       		.byte	42
 1506 05ca 73       		.byte	115
 1507 05cb 10       		.byte	16
 1508 05cc 8C       		.byte	-116
 1509 05cd 02       		.byte	2
 1510 05ce 93       		.byte	-109
 1511 05cf 01       		.byte	1
 1512 05d0 94       		.byte	-108
 1513 05d1 04       		.byte	4
 1514 05d2 96       		.byte	-106
 1515 05d3 14       		.byte	20
 1516 05d4 97       		.byte	-105
 1517 05d5 30       		.byte	48
 1518 05d6 99       		.byte	-103
 1519 05d7 04       		.byte	4
 1520 05d8 9A       		.byte	-102
 1521 05d9 40       		.byte	64
 1522 05da 9B       		.byte	-101
 1523 05db 01       		.byte	1
 1524 05dc 9C       		.byte	-100
 1525 05dd 10       		.byte	16
 1526 05de 9F       		.byte	-97
 1527 05df 08       		.byte	8
 1528 05e0 A1       		.byte	-95
 1529 05e1 0A       		.byte	10
 1530 05e2 A2       		.byte	-94
 1531 05e3 02       		.byte	2
 1532 05e4 A3       		.byte	-93
 1533 05e5 12       		.byte	18
 1534 05e6 A4       		.byte	-92
 1535 05e7 A1       		.byte	-95
 1536 05e8 B2       		.byte	-78
 1537 05e9 48       		.byte	72
 1538 05ea C0       		.byte	-64
 1539 05eb AA       		.byte	-86
ARM GAS  C:\Users\mark6\AppData\Local\Temp\cckWYsQn.s 			page 28


 1540 05ec C2       		.byte	-62
 1541 05ed EC       		.byte	-20
 1542 05ee C4       		.byte	-60
 1543 05ef 25       		.byte	37
 1544 05f0 CA       		.byte	-54
 1545 05f1 7F       		.byte	127
 1546 05f2 CC       		.byte	-52
 1547 05f3 EF       		.byte	-17
 1548 05f4 CE       		.byte	-50
 1549 05f5 AE       		.byte	-82
 1550 05f6 D6       		.byte	-42
 1551 05f7 02       		.byte	2
 1552 05f8 D8       		.byte	-40
 1553 05f9 70       		.byte	112
 1554 05fa E0       		.byte	-32
 1555 05fb 10       		.byte	16
 1556 05fc 86       		.byte	-122
 1557 05fd 08       		.byte	8
 1558 05fe 87       		.byte	-121
 1559 05ff 04       		.byte	4
 1560 0600 97       		.byte	-105
 1561 0601 04       		.byte	4
 1562 0602 A2       		.byte	-94
 1563 0603 08       		.byte	8
 1564 0604 B6       		.byte	-74
 1565 0605 04       		.byte	4
 1566 0606 E0       		.byte	-32
 1567 0607 80       		.byte	-128
 1568 0608 EC       		.byte	-20
 1569 0609 10       		.byte	16
 1570 060a 32       		.byte	50
 1571 060b 40       		.byte	64
 1572 060c 35       		.byte	53
 1573 060d 80       		.byte	-128
 1574 060e CC       		.byte	-52
 1575 060f 30       		.byte	48
 1576 0610 81       		.byte	-127
 1577 0611 02       		.byte	2
 1578 0612 96       		.byte	-106
 1579 0613 80       		.byte	-128
 1580 0614 9D       		.byte	-99
 1581 0615 80       		.byte	-128
 1582 0616 E6       		.byte	-26
 1583 0617 20       		.byte	32
 1584 0618 82       		.byte	-126
 1585 0619 40       		.byte	64
 1586 061a 85       		.byte	-123
 1587 061b 80       		.byte	-128
 1588 061c 96       		.byte	-106
 1589 061d 80       		.byte	-128
 1590 061e 99       		.byte	-103
 1591 061f 02       		.byte	2
 1592 0620 9D       		.byte	-99
 1593 0621 80       		.byte	-128
 1594 0622 E2       		.byte	-30
 1595 0623 10       		.byte	16
 1596 0624 E6       		.byte	-26
ARM GAS  C:\Users\mark6\AppData\Local\Temp\cckWYsQn.s 			page 29


 1597 0625 80       		.byte	-128
 1598 0626 99       		.byte	-103
 1599 0627 02       		.byte	2
 1600 0628 00       		.byte	0
 1601 0629 04       		.byte	4
 1602 062a C0       		.byte	-64
 1603 062b 08       		.byte	8
 1604 062c B4       		.byte	-76
 1605 062d 04       		.byte	4
 1606 062e EE       		.byte	-18
 1607 062f 02       		.byte	2
 1608 0630 99       		.byte	-103
 1609 0631 02       		.byte	2
 1610 0632 00       		.byte	0
 1611 0633 01       		.byte	1
 1612 0634 50       		.byte	80
 1613 0635 04       		.byte	4
 1614 0636 56       		.byte	86
 1615 0637 20       		.byte	32
 1616 0638 58       		.byte	88
 1617 0639 10       		.byte	16
 1618 063a 5F       		.byte	95
 1619 063b 08       		.byte	8
 1620 063c 64       		.byte	100
 1621 063d 10       		.byte	16
 1622 063e 65       		.byte	101
 1623 063f 02       		.byte	2
 1624 0640 80       		.byte	-128
 1625 0641 01       		.byte	1
 1626 0642 8C       		.byte	-116
 1627 0643 04       		.byte	4
 1628 0644 8E       		.byte	-114
 1629 0645 20       		.byte	32
 1630 0646 99       		.byte	-103
 1631 0647 02       		.byte	2
 1632 0648 9B       		.byte	-101
 1633 0649 08       		.byte	8
 1634 064a B7       		.byte	-73
 1635 064b 08       		.byte	8
 1636 064c C0       		.byte	-64
 1637 064d 10       		.byte	16
 1638 064e D4       		.byte	-44
 1639 064f E0       		.byte	-32
 1640 0650 D6       		.byte	-42
 1641 0651 80       		.byte	-128
 1642 0652 D8       		.byte	-40
 1643 0653 80       		.byte	-128
 1644 0654 E0       		.byte	-32
 1645 0655 80       		.byte	-128
 1646 0656 7B       		.byte	123
 1647 0657 01       		.byte	1
 1648 0658 8B       		.byte	-117
 1649 0659 01       		.byte	1
 1650 065a DC       		.byte	-36
 1651 065b 01       		.byte	1
 1652 065c E0       		.byte	-32
 1653 065d 01       		.byte	1
ARM GAS  C:\Users\mark6\AppData\Local\Temp\cckWYsQn.s 			page 30


 1654 065e 00       		.byte	0
 1655 065f 02       		.byte	2
 1656 0660 0C       		.byte	12
 1657 0661 02       		.byte	2
 1658 0662 10       		.byte	16
 1659 0663 03       		.byte	3
 1660 0664 1A       		.byte	26
 1661 0665 01       		.byte	1
 1662 0666 1C       		.byte	28
 1663 0667 03       		.byte	3
 1664 0668 00       		.byte	0
 1665 0669 0A       		.byte	10
 1666 066a 00       		.byte	0
 1667 066b 00       		.byte	0
 1668 066c 00       		.byte	0
 1669 066d 40       		.byte	64
 1670 066e 40       		.byte	64
 1671 066f 00       		.byte	0
 1672 0670 40       		.byte	64
 1673 0671 00       		.byte	0
 1674 0672 00       		.byte	0
 1675 0673 00       		.byte	0
 1676 0674 01       		.byte	1
 1677 0675 7E       		.byte	126
 1678 0676 7E       		.byte	126
 1679 0677 00       		.byte	0
 1680 0678 6E       		.byte	110
 1681 0679 00       		.byte	0
 1682 067a 00       		.byte	0
 1683 067b 00       		.byte	0
 1684 067c 01       		.byte	1
 1685 067d 00       		.byte	0
 1686 067e 01       		.byte	1
 1687 067f 08       		.byte	8
 1688 0680 08       		.byte	8
 1689 0681 00       		.byte	0
 1690 0682 00       		.byte	0
 1691 0683 00       		.byte	0
 1692 0684 00       		.byte	0
 1693 0685 00       		.byte	0
 1694 0686 00       		.byte	0
 1695 0687 00       		.byte	0
 1696              		.global	cy_meta_custnvl
 1697              		.section	.cycustnvl,"a",%progbits
 1698              		.align	2
 1699              		.type	cy_meta_custnvl, %object
 1700              		.size	cy_meta_custnvl, 4
 1701              	cy_meta_custnvl:
 1702 0000 00       		.byte	0
 1703 0001 00       		.byte	0
 1704 0002 40       		.byte	64
 1705 0003 05       		.byte	5
 1706              		.global	cy_meta_wonvl
 1707              		.section	.cywolatch,"a",%progbits
 1708              		.align	2
 1709              		.type	cy_meta_wonvl, %object
 1710              		.size	cy_meta_wonvl, 4
ARM GAS  C:\Users\mark6\AppData\Local\Temp\cckWYsQn.s 			page 31


 1711              	cy_meta_wonvl:
 1712 0000 BC       		.byte	-68
 1713 0001 90       		.byte	-112
 1714 0002 AC       		.byte	-84
 1715 0003 AF       		.byte	-81
 1716              		.global	cy_meta_flashprotect
 1717              		.section	.cyflashprotect,"a",%progbits
 1718              		.align	2
 1719              		.type	cy_meta_flashprotect, %object
 1720              		.size	cy_meta_flashprotect, 256
 1721              	cy_meta_flashprotect:
 1722 0000 00000000 		.space	256
 1722      00000000 
 1722      00000000 
 1722      00000000 
 1722      00000000 
 1723              		.global	cy_metadata
 1724              		.section	.cymeta,"a",%progbits
 1725              		.align	2
 1726              		.type	cy_metadata, %object
 1727              		.size	cy_metadata, 12
 1728              	cy_metadata:
 1729 0000 00       		.byte	0
 1730 0001 01       		.byte	1
 1731 0002 2E       		.byte	46
 1732 0003 12       		.byte	18
 1733 0004 30       		.byte	48
 1734 0005 69       		.byte	105
 1735 0006 00       		.byte	0
 1736 0007 01       		.byte	1
 1737 0008 00       		.byte	0
 1738 0009 00       		.byte	0
 1739 000a 00       		.byte	0
 1740 000b 00       		.byte	0
 1741              		.text
 1742              	.Letext0:
 1743              		.file 1 ".\\Generated_Source\\PSoC5\\cymetadata.c"
 1744              		.file 2 ".\\Generated_Source\\PSoC5\\cytypes.h"
 1745              		.section	.debug_info,"",%progbits
 1746              	.Ldebug_info0:
 1747 0000 39010000 		.4byte	0x139
 1748 0004 0400     		.2byte	0x4
 1749 0006 00000000 		.4byte	.Ldebug_abbrev0
 1750 000a 04       		.byte	0x4
 1751 000b 01       		.uleb128 0x1
 1752 000c 00000000 		.4byte	.LASF18
 1753 0010 01       		.byte	0x1
 1754 0011 8E000000 		.4byte	.LASF19
 1755 0015 C0000000 		.4byte	.LASF20
 1756 0019 00000000 		.4byte	.Ldebug_line0
 1757 001d 02       		.uleb128 0x2
 1758 001e 01       		.byte	0x1
 1759 001f 06       		.byte	0x6
 1760 0020 13020000 		.4byte	.LASF0
 1761 0024 02       		.uleb128 0x2
 1762 0025 01       		.byte	0x1
 1763 0026 08       		.byte	0x8
ARM GAS  C:\Users\mark6\AppData\Local\Temp\cckWYsQn.s 			page 32


 1764 0027 3B010000 		.4byte	.LASF1
 1765 002b 02       		.uleb128 0x2
 1766 002c 02       		.byte	0x2
 1767 002d 05       		.byte	0x5
 1768 002e FA010000 		.4byte	.LASF2
 1769 0032 02       		.uleb128 0x2
 1770 0033 02       		.byte	0x2
 1771 0034 07       		.byte	0x7
 1772 0035 5B010000 		.4byte	.LASF3
 1773 0039 02       		.uleb128 0x2
 1774 003a 04       		.byte	0x4
 1775 003b 05       		.byte	0x5
 1776 003c 0A020000 		.4byte	.LASF4
 1777 0040 02       		.uleb128 0x2
 1778 0041 04       		.byte	0x4
 1779 0042 07       		.byte	0x7
 1780 0043 49010000 		.4byte	.LASF5
 1781 0047 02       		.uleb128 0x2
 1782 0048 08       		.byte	0x8
 1783 0049 05       		.byte	0x5
 1784 004a E7010000 		.4byte	.LASF6
 1785 004e 02       		.uleb128 0x2
 1786 004f 08       		.byte	0x8
 1787 0050 07       		.byte	0x7
 1788 0051 A4010000 		.4byte	.LASF7
 1789 0055 03       		.uleb128 0x3
 1790 0056 04       		.byte	0x4
 1791 0057 05       		.byte	0x5
 1792 0058 696E7400 		.ascii	"int\000"
 1793 005c 02       		.uleb128 0x2
 1794 005d 04       		.byte	0x4
 1795 005e 07       		.byte	0x7
 1796 005f 97010000 		.4byte	.LASF8
 1797 0063 04       		.uleb128 0x4
 1798 0064 04020000 		.4byte	.LASF21
 1799 0068 02       		.byte	0x2
 1800 0069 C2       		.byte	0xc2
 1801 006a 24000000 		.4byte	0x24
 1802 006e 02       		.uleb128 0x2
 1803 006f 04       		.byte	0x4
 1804 0070 04       		.byte	0x4
 1805 0071 35010000 		.4byte	.LASF9
 1806 0075 02       		.uleb128 0x2
 1807 0076 08       		.byte	0x8
 1808 0077 04       		.byte	0x4
 1809 0078 6E010000 		.4byte	.LASF10
 1810 007c 02       		.uleb128 0x2
 1811 007d 01       		.byte	0x1
 1812 007e 08       		.byte	0x8
 1813 007f F5010000 		.4byte	.LASF11
 1814 0083 05       		.uleb128 0x5
 1815 0084 63000000 		.4byte	0x63
 1816 0088 94000000 		.4byte	0x94
 1817 008c 06       		.uleb128 0x6
 1818 008d 94000000 		.4byte	0x94
 1819 0091 8706     		.2byte	0x687
 1820 0093 00       		.byte	0
ARM GAS  C:\Users\mark6\AppData\Local\Temp\cckWYsQn.s 			page 33


 1821 0094 02       		.uleb128 0x2
 1822 0095 04       		.byte	0x4
 1823 0096 07       		.byte	0x7
 1824 0097 DE010000 		.4byte	.LASF12
 1825 009b 07       		.uleb128 0x7
 1826 009c 85010000 		.4byte	.LASF13
 1827 00a0 01       		.byte	0x1
 1828 00a1 1F       		.byte	0x1f
 1829 00a2 AC000000 		.4byte	0xac
 1830 00a6 05       		.uleb128 0x5
 1831 00a7 03       		.byte	0x3
 1832 00a8 00000000 		.4byte	cy_meta_configecc
 1833 00ac 08       		.uleb128 0x8
 1834 00ad 83000000 		.4byte	0x83
 1835 00b1 05       		.uleb128 0x5
 1836 00b2 63000000 		.4byte	0x63
 1837 00b6 C1000000 		.4byte	0xc1
 1838 00ba 09       		.uleb128 0x9
 1839 00bb 94000000 		.4byte	0x94
 1840 00bf 03       		.byte	0x3
 1841 00c0 00       		.byte	0
 1842 00c1 07       		.uleb128 0x7
 1843 00c2 75010000 		.4byte	.LASF14
 1844 00c6 01       		.byte	0x1
 1845 00c7 FD       		.byte	0xfd
 1846 00c8 D2000000 		.4byte	0xd2
 1847 00cc 05       		.uleb128 0x5
 1848 00cd 03       		.byte	0x3
 1849 00ce 00000000 		.4byte	cy_meta_custnvl
 1850 00d2 08       		.uleb128 0x8
 1851 00d3 B1000000 		.4byte	0xb1
 1852 00d7 0A       		.uleb128 0xa
 1853 00d8 D0010000 		.4byte	.LASF15
 1854 00dc 01       		.byte	0x1
 1855 00dd 0B01     		.2byte	0x10b
 1856 00df E9000000 		.4byte	0xe9
 1857 00e3 05       		.uleb128 0x5
 1858 00e4 03       		.byte	0x3
 1859 00e5 00000000 		.4byte	cy_meta_wonvl
 1860 00e9 08       		.uleb128 0x8
 1861 00ea B1000000 		.4byte	0xb1
 1862 00ee 05       		.uleb128 0x5
 1863 00ef 63000000 		.4byte	0x63
 1864 00f3 FE000000 		.4byte	0xfe
 1865 00f7 09       		.uleb128 0x9
 1866 00f8 94000000 		.4byte	0x94
 1867 00fc FF       		.byte	0xff
 1868 00fd 00       		.byte	0
 1869 00fe 0A       		.uleb128 0xa
 1870 00ff BB010000 		.4byte	.LASF16
 1871 0103 01       		.byte	0x1
 1872 0104 1901     		.2byte	0x119
 1873 0106 10010000 		.4byte	0x110
 1874 010a 05       		.uleb128 0x5
 1875 010b 03       		.byte	0x3
 1876 010c 00000000 		.4byte	cy_meta_flashprotect
 1877 0110 08       		.uleb128 0x8
ARM GAS  C:\Users\mark6\AppData\Local\Temp\cckWYsQn.s 			page 34


 1878 0111 EE000000 		.4byte	0xee
 1879 0115 05       		.uleb128 0x5
 1880 0116 63000000 		.4byte	0x63
 1881 011a 25010000 		.4byte	0x125
 1882 011e 09       		.uleb128 0x9
 1883 011f 94000000 		.4byte	0x94
 1884 0123 0B       		.byte	0xb
 1885 0124 00       		.byte	0
 1886 0125 0A       		.uleb128 0xa
 1887 0126 B4000000 		.4byte	.LASF17
 1888 012a 01       		.byte	0x1
 1889 012b 4601     		.2byte	0x146
 1890 012d 37010000 		.4byte	0x137
 1891 0131 05       		.uleb128 0x5
 1892 0132 03       		.byte	0x3
 1893 0133 00000000 		.4byte	cy_metadata
 1894 0137 08       		.uleb128 0x8
 1895 0138 15010000 		.4byte	0x115
 1896 013c 00       		.byte	0
 1897              		.section	.debug_abbrev,"",%progbits
 1898              	.Ldebug_abbrev0:
 1899 0000 01       		.uleb128 0x1
 1900 0001 11       		.uleb128 0x11
 1901 0002 01       		.byte	0x1
 1902 0003 25       		.uleb128 0x25
 1903 0004 0E       		.uleb128 0xe
 1904 0005 13       		.uleb128 0x13
 1905 0006 0B       		.uleb128 0xb
 1906 0007 03       		.uleb128 0x3
 1907 0008 0E       		.uleb128 0xe
 1908 0009 1B       		.uleb128 0x1b
 1909 000a 0E       		.uleb128 0xe
 1910 000b 10       		.uleb128 0x10
 1911 000c 17       		.uleb128 0x17
 1912 000d 00       		.byte	0
 1913 000e 00       		.byte	0
 1914 000f 02       		.uleb128 0x2
 1915 0010 24       		.uleb128 0x24
 1916 0011 00       		.byte	0
 1917 0012 0B       		.uleb128 0xb
 1918 0013 0B       		.uleb128 0xb
 1919 0014 3E       		.uleb128 0x3e
 1920 0015 0B       		.uleb128 0xb
 1921 0016 03       		.uleb128 0x3
 1922 0017 0E       		.uleb128 0xe
 1923 0018 00       		.byte	0
 1924 0019 00       		.byte	0
 1925 001a 03       		.uleb128 0x3
 1926 001b 24       		.uleb128 0x24
 1927 001c 00       		.byte	0
 1928 001d 0B       		.uleb128 0xb
 1929 001e 0B       		.uleb128 0xb
 1930 001f 3E       		.uleb128 0x3e
 1931 0020 0B       		.uleb128 0xb
 1932 0021 03       		.uleb128 0x3
 1933 0022 08       		.uleb128 0x8
 1934 0023 00       		.byte	0
ARM GAS  C:\Users\mark6\AppData\Local\Temp\cckWYsQn.s 			page 35


 1935 0024 00       		.byte	0
 1936 0025 04       		.uleb128 0x4
 1937 0026 16       		.uleb128 0x16
 1938 0027 00       		.byte	0
 1939 0028 03       		.uleb128 0x3
 1940 0029 0E       		.uleb128 0xe
 1941 002a 3A       		.uleb128 0x3a
 1942 002b 0B       		.uleb128 0xb
 1943 002c 3B       		.uleb128 0x3b
 1944 002d 0B       		.uleb128 0xb
 1945 002e 49       		.uleb128 0x49
 1946 002f 13       		.uleb128 0x13
 1947 0030 00       		.byte	0
 1948 0031 00       		.byte	0
 1949 0032 05       		.uleb128 0x5
 1950 0033 01       		.uleb128 0x1
 1951 0034 01       		.byte	0x1
 1952 0035 49       		.uleb128 0x49
 1953 0036 13       		.uleb128 0x13
 1954 0037 01       		.uleb128 0x1
 1955 0038 13       		.uleb128 0x13
 1956 0039 00       		.byte	0
 1957 003a 00       		.byte	0
 1958 003b 06       		.uleb128 0x6
 1959 003c 21       		.uleb128 0x21
 1960 003d 00       		.byte	0
 1961 003e 49       		.uleb128 0x49
 1962 003f 13       		.uleb128 0x13
 1963 0040 2F       		.uleb128 0x2f
 1964 0041 05       		.uleb128 0x5
 1965 0042 00       		.byte	0
 1966 0043 00       		.byte	0
 1967 0044 07       		.uleb128 0x7
 1968 0045 34       		.uleb128 0x34
 1969 0046 00       		.byte	0
 1970 0047 03       		.uleb128 0x3
 1971 0048 0E       		.uleb128 0xe
 1972 0049 3A       		.uleb128 0x3a
 1973 004a 0B       		.uleb128 0xb
 1974 004b 3B       		.uleb128 0x3b
 1975 004c 0B       		.uleb128 0xb
 1976 004d 49       		.uleb128 0x49
 1977 004e 13       		.uleb128 0x13
 1978 004f 3F       		.uleb128 0x3f
 1979 0050 19       		.uleb128 0x19
 1980 0051 02       		.uleb128 0x2
 1981 0052 18       		.uleb128 0x18
 1982 0053 00       		.byte	0
 1983 0054 00       		.byte	0
 1984 0055 08       		.uleb128 0x8
 1985 0056 26       		.uleb128 0x26
 1986 0057 00       		.byte	0
 1987 0058 49       		.uleb128 0x49
 1988 0059 13       		.uleb128 0x13
 1989 005a 00       		.byte	0
 1990 005b 00       		.byte	0
 1991 005c 09       		.uleb128 0x9
ARM GAS  C:\Users\mark6\AppData\Local\Temp\cckWYsQn.s 			page 36


 1992 005d 21       		.uleb128 0x21
 1993 005e 00       		.byte	0
 1994 005f 49       		.uleb128 0x49
 1995 0060 13       		.uleb128 0x13
 1996 0061 2F       		.uleb128 0x2f
 1997 0062 0B       		.uleb128 0xb
 1998 0063 00       		.byte	0
 1999 0064 00       		.byte	0
 2000 0065 0A       		.uleb128 0xa
 2001 0066 34       		.uleb128 0x34
 2002 0067 00       		.byte	0
 2003 0068 03       		.uleb128 0x3
 2004 0069 0E       		.uleb128 0xe
 2005 006a 3A       		.uleb128 0x3a
 2006 006b 0B       		.uleb128 0xb
 2007 006c 3B       		.uleb128 0x3b
 2008 006d 05       		.uleb128 0x5
 2009 006e 49       		.uleb128 0x49
 2010 006f 13       		.uleb128 0x13
 2011 0070 3F       		.uleb128 0x3f
 2012 0071 19       		.uleb128 0x19
 2013 0072 02       		.uleb128 0x2
 2014 0073 18       		.uleb128 0x18
 2015 0074 00       		.byte	0
 2016 0075 00       		.byte	0
 2017 0076 00       		.byte	0
 2018              		.section	.debug_aranges,"",%progbits
 2019 0000 14000000 		.4byte	0x14
 2020 0004 0200     		.2byte	0x2
 2021 0006 00000000 		.4byte	.Ldebug_info0
 2022 000a 04       		.byte	0x4
 2023 000b 00       		.byte	0
 2024 000c 0000     		.2byte	0
 2025 000e 0000     		.2byte	0
 2026 0010 00000000 		.4byte	0
 2027 0014 00000000 		.4byte	0
 2028              		.section	.debug_line,"",%progbits
 2029              	.Ldebug_line0:
 2030 0000 4F000000 		.section	.debug_str,"MS",%progbits,1
 2030      02004900 
 2030      00000201 
 2030      FB0E0D00 
 2030      01010101 
 2031              	.LASF18:
 2032 0000 474E5520 		.ascii	"GNU C 4.9.3 20150303 (release) [ARM/embedded-4_9-br"
 2032      4320342E 
 2032      392E3320 
 2032      32303135 
 2032      30333033 
 2033 0033 616E6368 		.ascii	"anch revision 221220] -mcpu=cortex-m3 -mthumb -g -O"
 2033      20726576 
 2033      6973696F 
 2033      6E203232 
 2033      31323230 
 2034 0066 30202D66 		.ascii	"0 -ffunction-sections -ffat-lto-objects\000"
 2034      66756E63 
 2034      74696F6E 
ARM GAS  C:\Users\mark6\AppData\Local\Temp\cckWYsQn.s 			page 37


 2034      2D736563 
 2034      74696F6E 
 2035              	.LASF19:
 2036 008e 2E5C4765 		.ascii	".\\Generated_Source\\PSoC5\\cymetadata.c\000"
 2036      6E657261 
 2036      7465645F 
 2036      536F7572 
 2036      63655C50 
 2037              	.LASF17:
 2038 00b4 63795F6D 		.ascii	"cy_metadata\000"
 2038      65746164 
 2038      61746100 
 2039              	.LASF20:
 2040 00c0 433A5C55 		.ascii	"C:\\Users\\mark6\\Google Drive\\College-MIT\\S6Spri"
 2040      73657273 
 2040      5C6D6172 
 2040      6B365C47 
 2040      6F6F676C 
 2041 00ee 6E673230 		.ascii	"ng2020\\6.115\\FinalProject\\BunkerKnowledge\\PSoC_"
 2041      32305C36 
 2041      2E313135 
 2041      5C46696E 
 2041      616C5072 
 2042 011d 355F4669 		.ascii	"5_Files\\Processor.cydsn\000"
 2042      6C65735C 
 2042      50726F63 
 2042      6573736F 
 2042      722E6379 
 2043              	.LASF9:
 2044 0135 666C6F61 		.ascii	"float\000"
 2044      7400
 2045              	.LASF1:
 2046 013b 756E7369 		.ascii	"unsigned char\000"
 2046      676E6564 
 2046      20636861 
 2046      7200
 2047              	.LASF5:
 2048 0149 6C6F6E67 		.ascii	"long unsigned int\000"
 2048      20756E73 
 2048      69676E65 
 2048      6420696E 
 2048      7400
 2049              	.LASF3:
 2050 015b 73686F72 		.ascii	"short unsigned int\000"
 2050      7420756E 
 2050      7369676E 
 2050      65642069 
 2050      6E7400
 2051              	.LASF10:
 2052 016e 646F7562 		.ascii	"double\000"
 2052      6C6500
 2053              	.LASF14:
 2054 0175 63795F6D 		.ascii	"cy_meta_custnvl\000"
 2054      6574615F 
 2054      63757374 
 2054      6E766C00 
 2055              	.LASF13:
ARM GAS  C:\Users\mark6\AppData\Local\Temp\cckWYsQn.s 			page 38


 2056 0185 63795F6D 		.ascii	"cy_meta_configecc\000"
 2056      6574615F 
 2056      636F6E66 
 2056      69676563 
 2056      6300
 2057              	.LASF8:
 2058 0197 756E7369 		.ascii	"unsigned int\000"
 2058      676E6564 
 2058      20696E74 
 2058      00
 2059              	.LASF7:
 2060 01a4 6C6F6E67 		.ascii	"long long unsigned int\000"
 2060      206C6F6E 
 2060      6720756E 
 2060      7369676E 
 2060      65642069 
 2061              	.LASF16:
 2062 01bb 63795F6D 		.ascii	"cy_meta_flashprotect\000"
 2062      6574615F 
 2062      666C6173 
 2062      6870726F 
 2062      74656374 
 2063              	.LASF15:
 2064 01d0 63795F6D 		.ascii	"cy_meta_wonvl\000"
 2064      6574615F 
 2064      776F6E76 
 2064      6C00
 2065              	.LASF12:
 2066 01de 73697A65 		.ascii	"sizetype\000"
 2066      74797065 
 2066      00
 2067              	.LASF6:
 2068 01e7 6C6F6E67 		.ascii	"long long int\000"
 2068      206C6F6E 
 2068      6720696E 
 2068      7400
 2069              	.LASF11:
 2070 01f5 63686172 		.ascii	"char\000"
 2070      00
 2071              	.LASF2:
 2072 01fa 73686F72 		.ascii	"short int\000"
 2072      7420696E 
 2072      7400
 2073              	.LASF21:
 2074 0204 75696E74 		.ascii	"uint8\000"
 2074      3800
 2075              	.LASF4:
 2076 020a 6C6F6E67 		.ascii	"long int\000"
 2076      20696E74 
 2076      00
 2077              	.LASF0:
 2078 0213 7369676E 		.ascii	"signed char\000"
 2078      65642063 
 2078      68617200 
 2079              		.ident	"GCC: (GNU Tools for ARM Embedded Processors) 4.9.3 20150303 (release) [ARM/embedded-4_9-br
