ARM GAS  C:\Users\mark6\AppData\Local\Temp\ccXdfoJd.s 			page 1


   1              		.syntax unified
   2              		.cpu cortex-m3
   3              		.fpu softvfp
   4              		.eabi_attribute 20, 1
   5              		.eabi_attribute 21, 1
   6              		.eabi_attribute 23, 3
   7              		.eabi_attribute 24, 1
   8              		.eabi_attribute 25, 1
   9              		.eabi_attribute 26, 1
  10              		.eabi_attribute 30, 6
  11              		.eabi_attribute 34, 1
  12              		.eabi_attribute 18, 4
  13              		.thumb
  14              		.file	"LCDConf.c"
  15              		.text
  16              	.Ltext0:
  17              		.cfi_sections	.debug_frame
  18              		.section	.text._InitController,"ax",%progbits
  19              		.align	2
  20              		.thumb
  21              		.thumb_func
  22              		.type	_InitController, %function
  23              	_InitController:
  24              	.LFB63:
  25              		.file 1 ".\\LCDConf.c"
   1:.\LCDConf.c   **** /*********************************************************************
   2:.\LCDConf.c   **** *                SEGGER Microcontroller GmbH & Co. KG                *
   3:.\LCDConf.c   **** *        Solutions for real time microcontroller applications        *
   4:.\LCDConf.c   **** **********************************************************************
   5:.\LCDConf.c   **** *                                                                    *
   6:.\LCDConf.c   **** *        (c) 1996 - 2017  SEGGER Microcontroller GmbH & Co. KG       *
   7:.\LCDConf.c   **** *                                                                    *
   8:.\LCDConf.c   **** *        Internet: www.segger.com    Support:  support@segger.com    *
   9:.\LCDConf.c   **** *                                                                    *
  10:.\LCDConf.c   **** **********************************************************************
  11:.\LCDConf.c   **** 
  12:.\LCDConf.c   **** ** emWin V5.46 - Graphical user interface for embedded applications **
  13:.\LCDConf.c   **** All  Intellectual Property rights  in the Software belongs to  SEGGER.
  14:.\LCDConf.c   **** emWin is protected by  international copyright laws.  Knowledge of the
  15:.\LCDConf.c   **** source code may not be used to write a similar product.  This file may
  16:.\LCDConf.c   **** only be used in accordance with the following terms:
  17:.\LCDConf.c   **** 
  18:.\LCDConf.c   **** The software  has been licensed to  Cypress Semiconductor Corporation,
  19:.\LCDConf.c   **** whose registered  office is situated  at 198 Champion Ct. San Jose, CA 
  20:.\LCDConf.c   **** 95134 USA  solely for the  purposes of creating  libraries for Cypress
  21:.\LCDConf.c   **** PSoC3 and  PSoC5 processor-based devices,  sublicensed and distributed
  22:.\LCDConf.c   **** under  the  terms  and  conditions  of  the  Cypress  End User License
  23:.\LCDConf.c   **** Agreement.
  24:.\LCDConf.c   **** Full source code is available at: www.segger.com
  25:.\LCDConf.c   **** 
  26:.\LCDConf.c   **** We appreciate your understanding and fairness.
  27:.\LCDConf.c   **** ----------------------------------------------------------------------
  28:.\LCDConf.c   **** Licensing information
  29:.\LCDConf.c   **** Licensor:                 SEGGER Microcontroller Systems LLC
  30:.\LCDConf.c   **** Licensed to:              Cypress Semiconductor Corp, 198 Champion Ct., San Jose, CA 95134, USA
  31:.\LCDConf.c   **** Licensed SEGGER software: emWin
  32:.\LCDConf.c   **** License number:           GUI-00319
ARM GAS  C:\Users\mark6\AppData\Local\Temp\ccXdfoJd.s 			page 2


  33:.\LCDConf.c   **** License model:            Services and License Agreement, signed June 10th, 2009
  34:.\LCDConf.c   **** Licensed platform:        Any Cypress platform (Initial targets are: PSoC3, PSoC5)
  35:.\LCDConf.c   **** ----------------------------------------------------------------------
  36:.\LCDConf.c   **** Support and Update Agreement (SUA)
  37:.\LCDConf.c   **** SUA period:               2009-06-12 - 2022-07-27
  38:.\LCDConf.c   **** Contact to extend SUA:    sales@segger.com
  39:.\LCDConf.c   **** ----------------------------------------------------------------------
  40:.\LCDConf.c   **** File        : LCDConf.c
  41:.\LCDConf.c   **** Purpose     : Display controller configuration (single layer)
  42:.\LCDConf.c   **** ---------------------------END-OF-HEADER------------------------------
  43:.\LCDConf.c   **** */
  44:.\LCDConf.c   **** 
  45:.\LCDConf.c   **** #include "project.h" 
  46:.\LCDConf.c   **** 
  47:.\LCDConf.c   **** #include "GUI.h"
  48:.\LCDConf.c   **** #include "GUIDRV_FlexColor.h"
  49:.\LCDConf.c   **** 
  50:.\LCDConf.c   **** #include "tft.h"
  51:.\LCDConf.c   **** 
  52:.\LCDConf.c   **** /*********************************************************************
  53:.\LCDConf.c   **** *
  54:.\LCDConf.c   **** *       Layer configuration (to be modified)
  55:.\LCDConf.c   **** *
  56:.\LCDConf.c   **** **********************************************************************
  57:.\LCDConf.c   **** */
  58:.\LCDConf.c   **** //
  59:.\LCDConf.c   **** // Physical display size
  60:.\LCDConf.c   **** //   The display size should be adapted in order to match the size of
  61:.\LCDConf.c   **** //   the target display.
  62:.\LCDConf.c   **** //
  63:.\LCDConf.c   **** #define XSIZE_PHYS 240
  64:.\LCDConf.c   **** #define YSIZE_PHYS 320
  65:.\LCDConf.c   **** #define LCD_CONTROLLER GUIDRV_FLEXCOLOR_F66709
  66:.\LCDConf.c   **** 
  67:.\LCDConf.c   **** 
  68:.\LCDConf.c   **** //
  69:.\LCDConf.c   **** // Color conversion
  70:.\LCDConf.c   **** //   The color conversion functions should be selected according to
  71:.\LCDConf.c   **** //   the color mode of the target display. Details can be found in
  72:.\LCDConf.c   **** //   the chapter "Colors" in the emWin user manual.
  73:.\LCDConf.c   **** //
  74:.\LCDConf.c   **** #define COLOR_CONVERSION GUICC_M565
  75:.\LCDConf.c   **** 
  76:.\LCDConf.c   **** //
  77:.\LCDConf.c   **** // Display driver
  78:.\LCDConf.c   **** //
  79:.\LCDConf.c   **** #define DISPLAY_DRIVER GUIDRV_FLEXCOLOR
  80:.\LCDConf.c   **** 
  81:.\LCDConf.c   **** /*********************************************************************
  82:.\LCDConf.c   **** *
  83:.\LCDConf.c   **** *       Configuration checking
  84:.\LCDConf.c   **** *
  85:.\LCDConf.c   **** **********************************************************************
  86:.\LCDConf.c   **** */
  87:.\LCDConf.c   **** #ifndef   VXSIZE_PHYS
  88:.\LCDConf.c   ****   #define VXSIZE_PHYS XSIZE_PHYS
  89:.\LCDConf.c   **** #endif
ARM GAS  C:\Users\mark6\AppData\Local\Temp\ccXdfoJd.s 			page 3


  90:.\LCDConf.c   **** #ifndef   VYSIZE_PHYS
  91:.\LCDConf.c   ****   #define VYSIZE_PHYS YSIZE_PHYS
  92:.\LCDConf.c   **** #endif
  93:.\LCDConf.c   **** #ifndef   XSIZE_PHYS
  94:.\LCDConf.c   ****   #error Physical X size of display is not defined!
  95:.\LCDConf.c   **** #endif
  96:.\LCDConf.c   **** #ifndef   YSIZE_PHYS
  97:.\LCDConf.c   ****   #error Physical Y size of display is not defined!
  98:.\LCDConf.c   **** #endif
  99:.\LCDConf.c   **** #ifndef   COLOR_CONVERSION
 100:.\LCDConf.c   ****   #error Color conversion not defined!
 101:.\LCDConf.c   **** #endif
 102:.\LCDConf.c   **** #ifndef   DISPLAY_DRIVER
 103:.\LCDConf.c   ****   #error No display driver defined!
 104:.\LCDConf.c   **** #endif
 105:.\LCDConf.c   **** 
 106:.\LCDConf.c   **** /********************************************************************
 107:.\LCDConf.c   **** *
 108:.\LCDConf.c   **** *       _InitController
 109:.\LCDConf.c   **** *
 110:.\LCDConf.c   **** * Purpose:
 111:.\LCDConf.c   **** *   Initializes the LCD controller
 112:.\LCDConf.c   **** *
 113:.\LCDConf.c   **** */
 114:.\LCDConf.c   **** static void _InitController(void) {
  26              		.loc 1 114 0
  27              		.cfi_startproc
  28              		@ args = 0, pretend = 0, frame = 0
  29              		@ frame_needed = 1, uses_anonymous_args = 0
  30 0000 80B5     		push	{r7, lr}
  31              		.cfi_def_cfa_offset 8
  32              		.cfi_offset 7, -8
  33              		.cfi_offset 14, -4
  34 0002 00AF     		add	r7, sp, #0
  35              		.cfi_def_cfa_register 7
 115:.\LCDConf.c   ****   /* Set up the display controller and put it into operation. If the 
 116:.\LCDConf.c   ****   *  display controller is not initialized by any external routine 
 117:.\LCDConf.c   ****   *  this needs to be adapted by the customer.
 118:.\LCDConf.c   ****   */
 119:.\LCDConf.c   ****     tftStart();
  36              		.loc 1 119 0
  37 0004 FFF7FEFF 		bl	tftStart
 120:.\LCDConf.c   **** }
  38              		.loc 1 120 0
  39 0008 80BD     		pop	{r7, pc}
  40              		.cfi_endproc
  41              	.LFE63:
  42              		.size	_InitController, .-_InitController
  43 000a 00BF     		.section	.text.LCD_X_Config,"ax",%progbits
  44              		.align	2
  45              		.global	LCD_X_Config
  46              		.thumb
  47              		.thumb_func
  48              		.type	LCD_X_Config, %function
  49              	LCD_X_Config:
  50              	.LFB64:
 121:.\LCDConf.c   **** 
ARM GAS  C:\Users\mark6\AppData\Local\Temp\ccXdfoJd.s 			page 4


 122:.\LCDConf.c   **** /*********************************************************************
 123:.\LCDConf.c   **** *
 124:.\LCDConf.c   **** *       Public code
 125:.\LCDConf.c   **** *
 126:.\LCDConf.c   **** **********************************************************************
 127:.\LCDConf.c   **** */
 128:.\LCDConf.c   **** /*********************************************************************
 129:.\LCDConf.c   **** *
 130:.\LCDConf.c   **** *       LCD_X_Config
 131:.\LCDConf.c   **** *
 132:.\LCDConf.c   **** * Function description
 133:.\LCDConf.c   **** *   Called during the initialization process in order to set up the
 134:.\LCDConf.c   **** *   display driver configuration.
 135:.\LCDConf.c   **** */
 136:.\LCDConf.c   **** void LCD_X_Config(void) {
  51              		.loc 1 136 0
  52              		.cfi_startproc
  53              		@ args = 0, pretend = 0, frame = 128
  54              		@ frame_needed = 1, uses_anonymous_args = 0
  55 0000 80B5     		push	{r7, lr}
  56              		.cfi_def_cfa_offset 8
  57              		.cfi_offset 7, -8
  58              		.cfi_offset 14, -4
  59 0002 A0B0     		sub	sp, sp, #128
  60              		.cfi_def_cfa_offset 136
  61 0004 00AF     		add	r7, sp, #0
  62              		.cfi_def_cfa_register 7
 137:.\LCDConf.c   ****   GUI_DEVICE * pDevice;
 138:.\LCDConf.c   ****   CONFIG_FLEXCOLOR Config = {0};
  63              		.loc 1 138 0
  64 0006 07F16803 		add	r3, r7, #104
  65 000a 0022     		movs	r2, #0
  66 000c 1A60     		str	r2, [r3]
  67 000e 0433     		adds	r3, r3, #4
  68 0010 0022     		movs	r2, #0
  69 0012 1A60     		str	r2, [r3]
  70 0014 0433     		adds	r3, r3, #4
  71 0016 0022     		movs	r2, #0
  72 0018 1A60     		str	r2, [r3]
  73 001a 0433     		adds	r3, r3, #4
  74 001c 0022     		movs	r2, #0
  75 001e 1A60     		str	r2, [r3]
  76 0020 0433     		adds	r3, r3, #4
  77 0022 0022     		movs	r2, #0
  78 0024 1A60     		str	r2, [r3]
  79 0026 0433     		adds	r3, r3, #4
 139:.\LCDConf.c   ****   GUI_PORT_API PortAPI = {0};
  80              		.loc 1 139 0
  81 0028 3B46     		mov	r3, r7
  82 002a 6822     		movs	r2, #104
  83 002c 1846     		mov	r0, r3
  84 002e 0021     		movs	r1, #0
  85 0030 FFF7FEFF 		bl	memset
 140:.\LCDConf.c   ****   //
 141:.\LCDConf.c   ****   // Set the display driver and color conversion
 142:.\LCDConf.c   ****   //
 143:.\LCDConf.c   ****   pDevice = GUI_DEVICE_CreateAndLink(DISPLAY_DRIVER, COLOR_CONVERSION, 0, 0);
ARM GAS  C:\Users\mark6\AppData\Local\Temp\ccXdfoJd.s 			page 5


  86              		.loc 1 143 0
  87 0034 1748     		ldr	r0, .L3
  88 0036 1849     		ldr	r1, .L3+4
  89 0038 0022     		movs	r2, #0
  90 003a 0023     		movs	r3, #0
  91 003c FFF7FEFF 		bl	GUI_DEVICE_CreateAndLink
  92 0040 F867     		str	r0, [r7, #124]
 144:.\LCDConf.c   ****   //
 145:.\LCDConf.c   ****   // Display driver configuration
 146:.\LCDConf.c   ****   //
 147:.\LCDConf.c   ****   LCD_SetSizeEx    (0, XSIZE_PHYS,   YSIZE_PHYS);
  93              		.loc 1 147 0
  94 0042 0020     		movs	r0, #0
  95 0044 F021     		movs	r1, #240
  96 0046 4FF4A072 		mov	r2, #320
  97 004a FFF7FEFF 		bl	LCD_SetSizeEx
 148:.\LCDConf.c   ****   LCD_SetVSizeEx   (0, VXSIZE_PHYS,  VYSIZE_PHYS);
  98              		.loc 1 148 0
  99 004e 0020     		movs	r0, #0
 100 0050 F021     		movs	r1, #240
 101 0052 4FF4A072 		mov	r2, #320
 102 0056 FFF7FEFF 		bl	LCD_SetVSizeEx
 149:.\LCDConf.c   ****   //
 150:.\LCDConf.c   ****   // Orientation
 151:.\LCDConf.c   ****   //
 152:.\LCDConf.c   ****   Config.Orientation = GUI_MIRROR_Y;
 103              		.loc 1 152 0
 104 005a 0223     		movs	r3, #2
 105 005c 3B67     		str	r3, [r7, #112]
 153:.\LCDConf.c   **** 
 154:.\LCDConf.c   ****   GUIDRV_FlexColor_Config(pDevice, &Config);
 106              		.loc 1 154 0
 107 005e 07F16803 		add	r3, r7, #104
 108 0062 F86F     		ldr	r0, [r7, #124]
 109 0064 1946     		mov	r1, r3
 110 0066 FFF7FEFF 		bl	GUIDRV_FlexColor_Config
 155:.\LCDConf.c   ****   //
 156:.\LCDConf.c   ****   // Set controller and operation mode
 157:.\LCDConf.c   ****   //
 158:.\LCDConf.c   ****   PortAPI.pfWrite8_A0 = write8_a0;
 111              		.loc 1 158 0
 112 006a 0C4B     		ldr	r3, .L3+8
 113 006c 3B60     		str	r3, [r7]
 159:.\LCDConf.c   ****   PortAPI.pfWrite8_A1 = write8_a1;
 114              		.loc 1 159 0
 115 006e 0C4B     		ldr	r3, .L3+12
 116 0070 7B60     		str	r3, [r7, #4]
 160:.\LCDConf.c   ****   PortAPI.pfWriteM8_A1 = writeM8_a1;
 117              		.loc 1 160 0
 118 0072 0C4B     		ldr	r3, .L3+16
 119 0074 FB60     		str	r3, [r7, #12]
 161:.\LCDConf.c   ****   PortAPI.pfRead8_A1 = read8_a1;
 120              		.loc 1 161 0
 121 0076 0C4B     		ldr	r3, .L3+20
 122 0078 7B61     		str	r3, [r7, #20]
 162:.\LCDConf.c   ****   PortAPI.pfReadM8_A1 = readM8_a1;
 123              		.loc 1 162 0
ARM GAS  C:\Users\mark6\AppData\Local\Temp\ccXdfoJd.s 			page 6


 124 007a 0C4B     		ldr	r3, .L3+24
 125 007c FB61     		str	r3, [r7, #28]
 163:.\LCDConf.c   ****   
 164:.\LCDConf.c   ****   GUIDRV_FlexColor_SetFunc(pDevice, &PortAPI, LCD_CONTROLLER, GUIDRV_FLEXCOLOR_M16C0B8);
 126              		.loc 1 164 0
 127 007e 3B46     		mov	r3, r7
 128 0080 F86F     		ldr	r0, [r7, #124]
 129 0082 1946     		mov	r1, r3
 130 0084 0A4A     		ldr	r2, .L3+28
 131 0086 0B4B     		ldr	r3, .L3+32
 132 0088 FFF7FEFF 		bl	GUIDRV_FlexColor_SetFunc
 165:.\LCDConf.c   **** }
 133              		.loc 1 165 0
 134 008c 8037     		adds	r7, r7, #128
 135              		.cfi_def_cfa_offset 8
 136 008e BD46     		mov	sp, r7
 137              		.cfi_def_cfa_register 13
 138              		@ sp needed
 139 0090 80BD     		pop	{r7, pc}
 140              	.L4:
 141 0092 00BF     		.align	2
 142              	.L3:
 143 0094 00000000 		.word	GUIDRV_FlexColor_API
 144 0098 00000000 		.word	LCD_API_ColorConv_M565
 145 009c 00000000 		.word	write8_a0
 146 00a0 00000000 		.word	write8_a1
 147 00a4 00000000 		.word	writeM8_a1
 148 00a8 00000000 		.word	read8_a1
 149 00ac 00000000 		.word	readM8_a1
 150 00b0 00000000 		.word	GUIDRV_FlexColor_SetFunc66709
 151 00b4 00000000 		.word	GUIDRV_FlexColor_SetMode16bppC0B8
 152              		.cfi_endproc
 153              	.LFE64:
 154              		.size	LCD_X_Config, .-LCD_X_Config
 155              		.section	.text.LCD_X_DisplayDriver,"ax",%progbits
 156              		.align	2
 157              		.global	LCD_X_DisplayDriver
 158              		.thumb
 159              		.thumb_func
 160              		.type	LCD_X_DisplayDriver, %function
 161              	LCD_X_DisplayDriver:
 162              	.LFB65:
 166:.\LCDConf.c   **** 
 167:.\LCDConf.c   **** /*********************************************************************
 168:.\LCDConf.c   **** *
 169:.\LCDConf.c   **** *       LCD_X_DisplayDriver
 170:.\LCDConf.c   **** *
 171:.\LCDConf.c   **** * Purpose:
 172:.\LCDConf.c   **** *   This function is called by the display driver for several purposes.
 173:.\LCDConf.c   **** *   To support the according task, the routine needs to be adapted to
 174:.\LCDConf.c   **** *   the display controller. Note that the commands marked
 175:.\LCDConf.c   **** *   "optional" are not cogently required and should only be adapted if 
 176:.\LCDConf.c   **** *   the display controller supports these features.
 177:.\LCDConf.c   **** *
 178:.\LCDConf.c   **** * Parameter:
 179:.\LCDConf.c   **** *   LayerIndex - Zero based layer index
 180:.\LCDConf.c   **** *   Cmd        - Command to be executed
ARM GAS  C:\Users\mark6\AppData\Local\Temp\ccXdfoJd.s 			page 7


 181:.\LCDConf.c   **** *   pData      - Pointer to a data structure.
 182:.\LCDConf.c   **** * 
 183:.\LCDConf.c   **** * Return Value:
 184:.\LCDConf.c   **** *   < -1 - Error
 185:.\LCDConf.c   **** *     -1 - The command is not handled.
 186:.\LCDConf.c   **** *      0 - OK.
 187:.\LCDConf.c   **** */
 188:.\LCDConf.c   **** int LCD_X_DisplayDriver(unsigned LayerIndex, unsigned Cmd, void * pData) {
 163              		.loc 1 188 0
 164              		.cfi_startproc
 165              		@ args = 0, pretend = 0, frame = 24
 166              		@ frame_needed = 1, uses_anonymous_args = 0
 167 0000 80B5     		push	{r7, lr}
 168              		.cfi_def_cfa_offset 8
 169              		.cfi_offset 7, -8
 170              		.cfi_offset 14, -4
 171 0002 86B0     		sub	sp, sp, #24
 172              		.cfi_def_cfa_offset 32
 173 0004 00AF     		add	r7, sp, #0
 174              		.cfi_def_cfa_register 7
 175 0006 F860     		str	r0, [r7, #12]
 176 0008 B960     		str	r1, [r7, #8]
 177 000a 7A60     		str	r2, [r7, #4]
 189:.\LCDConf.c   ****   int r;
 190:.\LCDConf.c   ****   
 191:.\LCDConf.c   ****   GUI_USE_PARA(LayerIndex);
 192:.\LCDConf.c   ****   GUI_USE_PARA(pData);
 193:.\LCDConf.c   ****   
 194:.\LCDConf.c   ****   switch (Cmd) {
 178              		.loc 1 194 0
 179 000c BB68     		ldr	r3, [r7, #8]
 180 000e 012B     		cmp	r3, #1
 181 0010 03D1     		bne	.L9
 195:.\LCDConf.c   ****   case LCD_X_INITCONTROLLER: {
 196:.\LCDConf.c   ****     //
 197:.\LCDConf.c   ****     // Called during the initialization process in order to set up the
 198:.\LCDConf.c   ****     // display controller and put it into operation. If the display
 199:.\LCDConf.c   ****     // controller is not initialized by any external routine, this needs
 200:.\LCDConf.c   ****     // to be adapted by the customer...
 201:.\LCDConf.c   ****     //
 202:.\LCDConf.c   ****     // ...
 203:.\LCDConf.c   ****     _InitController();
 182              		.loc 1 203 0
 183 0012 FFF7FEFF 		bl	_InitController
 204:.\LCDConf.c   ****     return 0;
 184              		.loc 1 204 0
 185 0016 0023     		movs	r3, #0
 186 0018 03E0     		b	.L8
 187              	.L9:
 205:.\LCDConf.c   ****   }
 206:.\LCDConf.c   ****   default:
 207:.\LCDConf.c   ****     r = -1;
 188              		.loc 1 207 0
 189 001a 4FF0FF33 		mov	r3, #-1
 190 001e 7B61     		str	r3, [r7, #20]
 208:.\LCDConf.c   ****   }
 209:.\LCDConf.c   ****   return r;
ARM GAS  C:\Users\mark6\AppData\Local\Temp\ccXdfoJd.s 			page 8


 191              		.loc 1 209 0
 192 0020 7B69     		ldr	r3, [r7, #20]
 193              	.L8:
 210:.\LCDConf.c   **** }
 194              		.loc 1 210 0
 195 0022 1846     		mov	r0, r3
 196 0024 1837     		adds	r7, r7, #24
 197              		.cfi_def_cfa_offset 8
 198 0026 BD46     		mov	sp, r7
 199              		.cfi_def_cfa_register 13
 200              		@ sp needed
 201 0028 80BD     		pop	{r7, pc}
 202              		.cfi_endproc
 203              	.LFE65:
 204              		.size	LCD_X_DisplayDriver, .-LCD_X_DisplayDriver
 205 002a 00BF     		.text
 206              	.Letext0:
 207              		.file 2 "c:\\program files (x86)\\cypress\\psoc creator\\3.3\\psoc creator\\import\\gnu\\arm\\4.9.
 208              		.file 3 "c:\\program files (x86)\\cypress\\psoc creator\\3.3\\psoc creator\\import\\gnu\\arm\\4.9.
 209              		.file 4 "..\\..\\..\\emWinGraphics_v5_46\\Code\\Include\\PSoC4_5/LCD.h"
 210              		.file 5 "..\\..\\..\\emWinGraphics_v5_46\\Code\\Include\\PSoC4_5/GUI.h"
 211              		.file 6 "..\\..\\..\\emWinGraphics_v5_46\\Code\\Include\\PSoC4_5/GUI_Type.h"
 212              		.file 7 ".\\GUIDRV_FlexColor.h"
 213              		.file 8 "Generated_Source\\PSoC5/core_cm3.h"
 214              		.section	.debug_info,"",%progbits
 215              	.Ldebug_info0:
 216 0000 DE070000 		.4byte	0x7de
 217 0004 0400     		.2byte	0x4
 218 0006 00000000 		.4byte	.Ldebug_abbrev0
 219 000a 04       		.byte	0x4
 220 000b 01       		.uleb128 0x1
 221 000c 0E000000 		.4byte	.LASF92
 222 0010 01       		.byte	0x1
 223 0011 F2040000 		.4byte	.LASF93
 224 0015 D6000000 		.4byte	.LASF94
 225 0019 00000000 		.4byte	.Ldebug_ranges0+0
 226 001d 00000000 		.4byte	0
 227 0021 00000000 		.4byte	.Ldebug_line0
 228 0025 02       		.uleb128 0x2
 229 0026 01       		.byte	0x1
 230 0027 06       		.byte	0x6
 231 0028 2E030000 		.4byte	.LASF0
 232 002c 02       		.uleb128 0x2
 233 002d 01       		.byte	0x1
 234 002e 08       		.byte	0x8
 235 002f 20030000 		.4byte	.LASF1
 236 0033 02       		.uleb128 0x2
 237 0034 02       		.byte	0x2
 238 0035 05       		.byte	0x5
 239 0036 4B010000 		.4byte	.LASF2
 240 003a 02       		.uleb128 0x2
 241 003b 02       		.byte	0x2
 242 003c 07       		.byte	0x7
 243 003d 6B040000 		.4byte	.LASF3
 244 0041 03       		.uleb128 0x3
 245 0042 0C050000 		.4byte	.LASF9
 246 0046 02       		.byte	0x2
ARM GAS  C:\Users\mark6\AppData\Local\Temp\ccXdfoJd.s 			page 9


 247 0047 3F       		.byte	0x3f
 248 0048 4C000000 		.4byte	0x4c
 249 004c 02       		.uleb128 0x2
 250 004d 04       		.byte	0x4
 251 004e 05       		.byte	0x5
 252 004f A4020000 		.4byte	.LASF4
 253 0053 02       		.uleb128 0x2
 254 0054 04       		.byte	0x4
 255 0055 07       		.byte	0x7
 256 0056 98040000 		.4byte	.LASF5
 257 005a 02       		.uleb128 0x2
 258 005b 08       		.byte	0x8
 259 005c 05       		.byte	0x5
 260 005d 6E020000 		.4byte	.LASF6
 261 0061 02       		.uleb128 0x2
 262 0062 08       		.byte	0x8
 263 0063 07       		.byte	0x7
 264 0064 3A030000 		.4byte	.LASF7
 265 0068 04       		.uleb128 0x4
 266 0069 04       		.byte	0x4
 267 006a 05       		.byte	0x5
 268 006b 696E7400 		.ascii	"int\000"
 269 006f 02       		.uleb128 0x2
 270 0070 04       		.byte	0x4
 271 0071 07       		.byte	0x7
 272 0072 83030000 		.4byte	.LASF8
 273 0076 03       		.uleb128 0x3
 274 0077 FE030000 		.4byte	.LASF10
 275 007b 03       		.byte	0x3
 276 007c 2C       		.byte	0x2c
 277 007d 41000000 		.4byte	0x41
 278 0081 02       		.uleb128 0x2
 279 0082 04       		.byte	0x4
 280 0083 04       		.byte	0x4
 281 0084 55020000 		.4byte	.LASF11
 282 0088 02       		.uleb128 0x2
 283 0089 08       		.byte	0x8
 284 008a 04       		.byte	0x4
 285 008b AA040000 		.4byte	.LASF12
 286 008f 02       		.uleb128 0x2
 287 0090 01       		.byte	0x1
 288 0091 08       		.byte	0x8
 289 0092 E8030000 		.4byte	.LASF13
 290 0096 05       		.uleb128 0x5
 291 0097 04       		.byte	0x4
 292 0098 9C000000 		.4byte	0x9c
 293 009c 06       		.uleb128 0x6
 294 009d 02       		.uleb128 0x2
 295 009e 04       		.byte	0x4
 296 009f 07       		.byte	0x7
 297 00a0 61010000 		.4byte	.LASF14
 298 00a4 07       		.uleb128 0x7
 299 00a5 04       		.byte	0x4
 300 00a6 05       		.uleb128 0x5
 301 00a7 04       		.byte	0x4
 302 00a8 2C000000 		.4byte	0x2c
 303 00ac 03       		.uleb128 0x3
ARM GAS  C:\Users\mark6\AppData\Local\Temp\ccXdfoJd.s 			page 10


 304 00ad F1010000 		.4byte	.LASF15
 305 00b1 04       		.byte	0x4
 306 00b2 6A       		.byte	0x6a
 307 00b3 53000000 		.4byte	0x53
 308 00b7 08       		.uleb128 0x8
 309 00b8 08       		.byte	0x8
 310 00b9 04       		.byte	0x4
 311 00ba 71       		.byte	0x71
 312 00bb EC000000 		.4byte	0xec
 313 00bf 09       		.uleb128 0x9
 314 00c0 783000   		.ascii	"x0\000"
 315 00c3 04       		.byte	0x4
 316 00c4 71       		.byte	0x71
 317 00c5 33000000 		.4byte	0x33
 318 00c9 00       		.byte	0
 319 00ca 09       		.uleb128 0x9
 320 00cb 793000   		.ascii	"y0\000"
 321 00ce 04       		.byte	0x4
 322 00cf 71       		.byte	0x71
 323 00d0 33000000 		.4byte	0x33
 324 00d4 02       		.byte	0x2
 325 00d5 09       		.uleb128 0x9
 326 00d6 783100   		.ascii	"x1\000"
 327 00d9 04       		.byte	0x4
 328 00da 71       		.byte	0x71
 329 00db 33000000 		.4byte	0x33
 330 00df 04       		.byte	0x4
 331 00e0 09       		.uleb128 0x9
 332 00e1 793100   		.ascii	"y1\000"
 333 00e4 04       		.byte	0x4
 334 00e5 71       		.byte	0x71
 335 00e6 33000000 		.4byte	0x33
 336 00ea 06       		.byte	0x6
 337 00eb 00       		.byte	0
 338 00ec 03       		.uleb128 0x3
 339 00ed 17030000 		.4byte	.LASF16
 340 00f1 04       		.byte	0x4
 341 00f2 71       		.byte	0x71
 342 00f3 B7000000 		.4byte	0xb7
 343 00f7 03       		.uleb128 0x3
 344 00f8 72050000 		.4byte	.LASF17
 345 00fc 04       		.byte	0x4
 346 00fd 88       		.byte	0x88
 347 00fe 02010000 		.4byte	0x102
 348 0102 0A       		.uleb128 0xa
 349 0103 AC000000 		.4byte	0xac
 350 0107 11010000 		.4byte	0x111
 351 010b 0B       		.uleb128 0xb
 352 010c 53000000 		.4byte	0x53
 353 0110 00       		.byte	0
 354 0111 03       		.uleb128 0x3
 355 0112 C2050000 		.4byte	.LASF18
 356 0116 04       		.byte	0x4
 357 0117 89       		.byte	0x89
 358 0118 1C010000 		.4byte	0x11c
 359 011c 0A       		.uleb128 0xa
 360 011d 53000000 		.4byte	0x53
ARM GAS  C:\Users\mark6\AppData\Local\Temp\ccXdfoJd.s 			page 11


 361 0121 2B010000 		.4byte	0x12b
 362 0125 0B       		.uleb128 0xb
 363 0126 AC000000 		.4byte	0xac
 364 012a 00       		.byte	0
 365 012b 03       		.uleb128 0x3
 366 012c 8F020000 		.4byte	.LASF19
 367 0130 04       		.byte	0x4
 368 0131 8A       		.byte	0x8a
 369 0132 36010000 		.4byte	0x136
 370 0136 0C       		.uleb128 0xc
 371 0137 53000000 		.4byte	0x53
 372 013b 03       		.uleb128 0x3
 373 013c 5A050000 		.4byte	.LASF20
 374 0140 04       		.byte	0x4
 375 0141 8C       		.byte	0x8c
 376 0142 46010000 		.4byte	0x146
 377 0146 0D       		.uleb128 0xd
 378 0147 60010000 		.4byte	0x160
 379 014b 0B       		.uleb128 0xb
 380 014c A4000000 		.4byte	0xa4
 381 0150 0B       		.uleb128 0xb
 382 0151 60010000 		.4byte	0x160
 383 0155 0B       		.uleb128 0xb
 384 0156 53000000 		.4byte	0x53
 385 015a 0B       		.uleb128 0xb
 386 015b 2C000000 		.4byte	0x2c
 387 015f 00       		.byte	0
 388 0160 05       		.uleb128 0x5
 389 0161 04       		.byte	0x4
 390 0162 AC000000 		.4byte	0xac
 391 0166 03       		.uleb128 0x3
 392 0167 D0030000 		.4byte	.LASF21
 393 016b 04       		.byte	0x4
 394 016c 8D       		.byte	0x8d
 395 016d 71010000 		.4byte	0x171
 396 0171 0D       		.uleb128 0xd
 397 0172 8B010000 		.4byte	0x18b
 398 0176 0B       		.uleb128 0xb
 399 0177 60010000 		.4byte	0x160
 400 017b 0B       		.uleb128 0xb
 401 017c A4000000 		.4byte	0xa4
 402 0180 0B       		.uleb128 0xb
 403 0181 53000000 		.4byte	0x53
 404 0185 0B       		.uleb128 0xb
 405 0186 2C000000 		.4byte	0x2c
 406 018a 00       		.byte	0
 407 018b 08       		.uleb128 0x8
 408 018c 18       		.byte	0x18
 409 018d 04       		.byte	0x4
 410 018e 93       		.byte	0x93
 411 018f DC010000 		.4byte	0x1dc
 412 0193 0E       		.uleb128 0xe
 413 0194 B5030000 		.4byte	.LASF22
 414 0198 04       		.byte	0x4
 415 0199 94       		.byte	0x94
 416 019a DC010000 		.4byte	0x1dc
 417 019e 00       		.byte	0
ARM GAS  C:\Users\mark6\AppData\Local\Temp\ccXdfoJd.s 			page 12


 418 019f 0E       		.uleb128 0xe
 419 01a0 75030000 		.4byte	.LASF23
 420 01a4 04       		.byte	0x4
 421 01a5 95       		.byte	0x95
 422 01a6 E2010000 		.4byte	0x1e2
 423 01aa 04       		.byte	0x4
 424 01ab 0E       		.uleb128 0xe
 425 01ac 08020000 		.4byte	.LASF24
 426 01b0 04       		.byte	0x4
 427 01b1 96       		.byte	0x96
 428 01b2 E8010000 		.4byte	0x1e8
 429 01b6 08       		.byte	0x8
 430 01b7 0E       		.uleb128 0xe
 431 01b8 6D030000 		.4byte	.LASF25
 432 01bc 04       		.byte	0x4
 433 01bd 97       		.byte	0x97
 434 01be 68000000 		.4byte	0x68
 435 01c2 0C       		.byte	0xc
 436 01c3 0E       		.uleb128 0xe
 437 01c4 17020000 		.4byte	.LASF26
 438 01c8 04       		.byte	0x4
 439 01c9 98       		.byte	0x98
 440 01ca EE010000 		.4byte	0x1ee
 441 01ce 10       		.byte	0x10
 442 01cf 0E       		.uleb128 0xe
 443 01d0 1D040000 		.4byte	.LASF27
 444 01d4 04       		.byte	0x4
 445 01d5 99       		.byte	0x99
 446 01d6 F4010000 		.4byte	0x1f4
 447 01da 14       		.byte	0x14
 448 01db 00       		.byte	0
 449 01dc 05       		.uleb128 0x5
 450 01dd 04       		.byte	0x4
 451 01de 11010000 		.4byte	0x111
 452 01e2 05       		.uleb128 0x5
 453 01e3 04       		.byte	0x4
 454 01e4 F7000000 		.4byte	0xf7
 455 01e8 05       		.uleb128 0x5
 456 01e9 04       		.byte	0x4
 457 01ea 2B010000 		.4byte	0x12b
 458 01ee 05       		.uleb128 0x5
 459 01ef 04       		.byte	0x4
 460 01f0 66010000 		.4byte	0x166
 461 01f4 05       		.uleb128 0x5
 462 01f5 04       		.byte	0x4
 463 01f6 3B010000 		.4byte	0x13b
 464 01fa 03       		.uleb128 0x3
 465 01fb BD020000 		.4byte	.LASF28
 466 01ff 04       		.byte	0x4
 467 0200 9A       		.byte	0x9a
 468 0201 8B010000 		.4byte	0x18b
 469 0205 05       		.uleb128 0x5
 470 0206 04       		.byte	0x4
 471 0207 EC000000 		.4byte	0xec
 472 020b 0F       		.uleb128 0xf
 473 020c 12040000 		.4byte	.LASF29
 474 0210 04       		.byte	0x4
ARM GAS  C:\Users\mark6\AppData\Local\Temp\ccXdfoJd.s 			page 13


 475 0211 4301     		.2byte	0x143
 476 0213 17020000 		.4byte	0x217
 477 0217 10       		.uleb128 0x10
 478 0218 12040000 		.4byte	.LASF29
 479 021c 1C       		.byte	0x1c
 480 021d 05       		.byte	0x5
 481 021e B0       		.byte	0xb0
 482 021f 76020000 		.4byte	0x276
 483 0223 0E       		.uleb128 0xe
 484 0224 7C020000 		.4byte	.LASF30
 485 0228 05       		.byte	0x5
 486 0229 B4       		.byte	0xb4
 487 022a 7E050000 		.4byte	0x57e
 488 022e 00       		.byte	0
 489 022f 0E       		.uleb128 0xe
 490 0230 E1020000 		.4byte	.LASF31
 491 0234 05       		.byte	0x5
 492 0235 B5       		.byte	0xb5
 493 0236 7E050000 		.4byte	0x57e
 494 023a 04       		.byte	0x4
 495 023b 09       		.uleb128 0x9
 496 023c 7500     		.ascii	"u\000"
 497 023e 05       		.byte	0x5
 498 023f BC       		.byte	0xbc
 499 0240 9E060000 		.4byte	0x69e
 500 0244 08       		.byte	0x8
 501 0245 0E       		.uleb128 0xe
 502 0246 CA010000 		.4byte	.LASF32
 503 024a 05       		.byte	0x5
 504 024b C0       		.byte	0xc0
 505 024c BD060000 		.4byte	0x6bd
 506 0250 0C       		.byte	0xc
 507 0251 0E       		.uleb128 0xe
 508 0252 00000000 		.4byte	.LASF33
 509 0256 05       		.byte	0x5
 510 0257 C1       		.byte	0xc1
 511 0258 47030000 		.4byte	0x347
 512 025c 10       		.byte	0x10
 513 025d 0E       		.uleb128 0xe
 514 025e 4F020000 		.4byte	.LASF34
 515 0262 05       		.byte	0x5
 516 0263 C2       		.byte	0xc2
 517 0264 3A000000 		.4byte	0x3a
 518 0268 14       		.byte	0x14
 519 0269 0E       		.uleb128 0xe
 520 026a 63020000 		.4byte	.LASF35
 521 026e 05       		.byte	0x5
 522 026f C3       		.byte	0xc3
 523 0270 68000000 		.4byte	0x68
 524 0274 18       		.byte	0x18
 525 0275 00       		.byte	0
 526 0276 0F       		.uleb128 0xf
 527 0277 E2010000 		.4byte	.LASF36
 528 027b 04       		.byte	0x4
 529 027c 4401     		.2byte	0x144
 530 027e 82020000 		.4byte	0x282
 531 0282 10       		.uleb128 0x10
ARM GAS  C:\Users\mark6\AppData\Local\Temp\ccXdfoJd.s 			page 14


 532 0283 E2010000 		.4byte	.LASF36
 533 0287 34       		.byte	0x34
 534 0288 05       		.byte	0x5
 535 0289 6A       		.byte	0x6a
 536 028a 2B030000 		.4byte	0x32b
 537 028e 0E       		.uleb128 0xe
 538 028f ED030000 		.4byte	.LASF37
 539 0293 05       		.byte	0x5
 540 0294 6E       		.byte	0x6e
 541 0295 68000000 		.4byte	0x68
 542 0299 00       		.byte	0
 543 029a 0E       		.uleb128 0xe
 544 029b 5E040000 		.4byte	.LASF38
 545 029f 05       		.byte	0x5
 546 02a0 72       		.byte	0x72
 547 02a1 8F050000 		.4byte	0x58f
 548 02a5 04       		.byte	0x4
 549 02a6 0E       		.uleb128 0xe
 550 02a7 43020000 		.4byte	.LASF39
 551 02ab 05       		.byte	0x5
 552 02ac 73       		.byte	0x73
 553 02ad AF050000 		.4byte	0x5af
 554 02b1 08       		.byte	0x8
 555 02b2 0E       		.uleb128 0xe
 556 02b3 A6010000 		.4byte	.LASF40
 557 02b7 05       		.byte	0x5
 558 02b8 74       		.byte	0x74
 559 02b9 AF050000 		.4byte	0x5af
 560 02bd 0C       		.byte	0xc
 561 02be 0E       		.uleb128 0xe
 562 02bf BD000000 		.4byte	.LASF41
 563 02c3 05       		.byte	0x5
 564 02c4 75       		.byte	0x75
 565 02c5 D4050000 		.4byte	0x5d4
 566 02c9 10       		.byte	0x10
 567 02ca 0E       		.uleb128 0xe
 568 02cb AD020000 		.4byte	.LASF42
 569 02cf 05       		.byte	0x5
 570 02d0 76       		.byte	0x76
 571 02d1 F3050000 		.4byte	0x5f3
 572 02d5 14       		.byte	0x14
 573 02d6 0E       		.uleb128 0xe
 574 02d7 90030000 		.4byte	.LASF43
 575 02db 05       		.byte	0x5
 576 02dc 77       		.byte	0x77
 577 02dd 13060000 		.4byte	0x613
 578 02e1 18       		.byte	0x18
 579 02e2 0E       		.uleb128 0xe
 580 02e3 2C050000 		.4byte	.LASF44
 581 02e7 05       		.byte	0x5
 582 02e8 78       		.byte	0x78
 583 02e9 2E060000 		.4byte	0x62e
 584 02ed 1C       		.byte	0x1c
 585 02ee 0E       		.uleb128 0xe
 586 02ef 37050000 		.4byte	.LASF45
 587 02f3 05       		.byte	0x5
 588 02f4 7C       		.byte	0x7c
ARM GAS  C:\Users\mark6\AppData\Local\Temp\ccXdfoJd.s 			page 15


 589 02f5 2E060000 		.4byte	0x62e
 590 02f9 20       		.byte	0x20
 591 02fa 0E       		.uleb128 0xe
 592 02fb 7E040000 		.4byte	.LASF46
 593 02ff 05       		.byte	0x5
 594 0300 80       		.byte	0x80
 595 0301 4E060000 		.4byte	0x64e
 596 0305 24       		.byte	0x24
 597 0306 0E       		.uleb128 0xe
 598 0307 B5050000 		.4byte	.LASF47
 599 030b 05       		.byte	0x5
 600 030c 81       		.byte	0x81
 601 030d 68060000 		.4byte	0x668
 602 0311 28       		.byte	0x28
 603 0312 0E       		.uleb128 0xe
 604 0313 6A010000 		.4byte	.LASF48
 605 0317 05       		.byte	0x5
 606 0318 82       		.byte	0x82
 607 0319 82060000 		.4byte	0x682
 608 031d 2C       		.byte	0x2c
 609 031e 0E       		.uleb128 0xe
 610 031f C0010000 		.4byte	.LASF49
 611 0323 05       		.byte	0x5
 612 0324 83       		.byte	0x83
 613 0325 98060000 		.4byte	0x698
 614 0329 30       		.byte	0x30
 615 032a 00       		.byte	0
 616 032b 05       		.uleb128 0x5
 617 032c 04       		.byte	0x4
 618 032d 31030000 		.4byte	0x331
 619 0331 11       		.uleb128 0x11
 620 0332 2C000000 		.4byte	0x2c
 621 0336 0D       		.uleb128 0xd
 622 0337 41030000 		.4byte	0x341
 623 033b 0B       		.uleb128 0xb
 624 033c 53000000 		.4byte	0x53
 625 0340 00       		.byte	0
 626 0341 05       		.uleb128 0x5
 627 0342 04       		.byte	0x4
 628 0343 36030000 		.4byte	0x336
 629 0347 05       		.uleb128 0x5
 630 0348 04       		.byte	0x4
 631 0349 4D030000 		.4byte	0x34d
 632 034d 11       		.uleb128 0x11
 633 034e FA010000 		.4byte	0x1fa
 634 0352 0D       		.uleb128 0xd
 635 0353 5D030000 		.4byte	0x35d
 636 0357 0B       		.uleb128 0xb
 637 0358 3A000000 		.4byte	0x3a
 638 035c 00       		.byte	0
 639 035d 12       		.uleb128 0x12
 640 035e 68       		.byte	0x68
 641 035f 06       		.byte	0x6
 642 0360 7102     		.2byte	0x271
 643 0362 B9040000 		.4byte	0x4b9
 644 0366 13       		.uleb128 0x13
 645 0367 B1040000 		.4byte	.LASF50
ARM GAS  C:\Users\mark6\AppData\Local\Temp\ccXdfoJd.s 			page 16


 646 036b 06       		.byte	0x6
 647 036c 7502     		.2byte	0x275
 648 036e C4040000 		.4byte	0x4c4
 649 0372 00       		.byte	0
 650 0373 13       		.uleb128 0x13
 651 0374 BD040000 		.4byte	.LASF51
 652 0378 06       		.byte	0x6
 653 0379 7602     		.2byte	0x276
 654 037b C4040000 		.4byte	0x4c4
 655 037f 04       		.byte	0x4
 656 0380 13       		.uleb128 0x13
 657 0381 48040000 		.4byte	.LASF52
 658 0385 06       		.byte	0x6
 659 0386 7702     		.2byte	0x277
 660 0388 DA040000 		.4byte	0x4da
 661 038c 08       		.byte	0x8
 662 038d 13       		.uleb128 0x13
 663 038e FB010000 		.4byte	.LASF53
 664 0392 06       		.byte	0x6
 665 0393 7802     		.2byte	0x278
 666 0395 DA040000 		.4byte	0x4da
 667 0399 0C       		.byte	0xc
 668 039a 13       		.uleb128 0x13
 669 039b 16050000 		.4byte	.LASF54
 670 039f 06       		.byte	0x6
 671 03a0 7902     		.2byte	0x279
 672 03a2 E5040000 		.4byte	0x4e5
 673 03a6 10       		.byte	0x10
 674 03a7 13       		.uleb128 0x13
 675 03a8 21050000 		.4byte	.LASF55
 676 03ac 06       		.byte	0x6
 677 03ad 7A02     		.2byte	0x27a
 678 03af E5040000 		.4byte	0x4e5
 679 03b3 14       		.byte	0x14
 680 03b4 13       		.uleb128 0x13
 681 03b5 2F040000 		.4byte	.LASF56
 682 03b9 06       		.byte	0x6
 683 03ba 7B02     		.2byte	0x27b
 684 03bc DA040000 		.4byte	0x4da
 685 03c0 18       		.byte	0x18
 686 03c1 13       		.uleb128 0x13
 687 03c2 0B030000 		.4byte	.LASF57
 688 03c6 06       		.byte	0x6
 689 03c7 7C02     		.2byte	0x27c
 690 03c9 DA040000 		.4byte	0x4da
 691 03cd 1C       		.byte	0x1c
 692 03ce 13       		.uleb128 0x13
 693 03cf 40050000 		.4byte	.LASF58
 694 03d3 06       		.byte	0x6
 695 03d4 8002     		.2byte	0x280
 696 03d6 EB040000 		.4byte	0x4eb
 697 03da 20       		.byte	0x20
 698 03db 13       		.uleb128 0x13
 699 03dc 4D050000 		.4byte	.LASF59
 700 03e0 06       		.byte	0x6
 701 03e1 8102     		.2byte	0x281
 702 03e3 EB040000 		.4byte	0x4eb
ARM GAS  C:\Users\mark6\AppData\Local\Temp\ccXdfoJd.s 			page 17


 703 03e7 24       		.byte	0x24
 704 03e8 13       		.uleb128 0x13
 705 03e9 51030000 		.4byte	.LASF60
 706 03ed 06       		.byte	0x6
 707 03ee 8202     		.2byte	0x282
 708 03f0 07050000 		.4byte	0x507
 709 03f4 28       		.byte	0x28
 710 03f5 13       		.uleb128 0x13
 711 03f6 5F030000 		.4byte	.LASF61
 712 03fa 06       		.byte	0x6
 713 03fb 8302     		.2byte	0x283
 714 03fd 07050000 		.4byte	0x507
 715 0401 2C       		.byte	0x2c
 716 0402 13       		.uleb128 0x13
 717 0403 8E010000 		.4byte	.LASF62
 718 0407 06       		.byte	0x6
 719 0408 8402     		.2byte	0x284
 720 040a 12050000 		.4byte	0x512
 721 040e 30       		.byte	0x30
 722 040f 13       		.uleb128 0x13
 723 0410 9A010000 		.4byte	.LASF63
 724 0414 06       		.byte	0x6
 725 0415 8502     		.2byte	0x285
 726 0417 12050000 		.4byte	0x512
 727 041b 34       		.byte	0x34
 728 041c 13       		.uleb128 0x13
 729 041d C3030000 		.4byte	.LASF64
 730 0421 06       		.byte	0x6
 731 0422 8602     		.2byte	0x286
 732 0424 07050000 		.4byte	0x507
 733 0428 38       		.byte	0x38
 734 0429 13       		.uleb128 0x13
 735 042a 82020000 		.4byte	.LASF65
 736 042e 06       		.byte	0x6
 737 042f 8702     		.2byte	0x287
 738 0431 07050000 		.4byte	0x507
 739 0435 3C       		.byte	0x3c
 740 0436 13       		.uleb128 0x13
 741 0437 3B040000 		.4byte	.LASF66
 742 043b 06       		.byte	0x6
 743 043c 8B02     		.2byte	0x28b
 744 043e 41030000 		.4byte	0x341
 745 0442 40       		.byte	0x40
 746 0443 13       		.uleb128 0x13
 747 0444 C9040000 		.4byte	.LASF67
 748 0448 06       		.byte	0x6
 749 0449 8C02     		.2byte	0x28c
 750 044b 41030000 		.4byte	0x341
 751 044f 44       		.byte	0x44
 752 0450 13       		.uleb128 0x13
 753 0451 C8000000 		.4byte	.LASF68
 754 0455 06       		.byte	0x6
 755 0456 8D02     		.2byte	0x28d
 756 0458 2E050000 		.4byte	0x52e
 757 045c 48       		.byte	0x48
 758 045d 13       		.uleb128 0x13
 759 045e B2010000 		.4byte	.LASF69
ARM GAS  C:\Users\mark6\AppData\Local\Temp\ccXdfoJd.s 			page 18


 760 0462 06       		.byte	0x6
 761 0463 8E02     		.2byte	0x28e
 762 0465 2E050000 		.4byte	0x52e
 763 0469 4C       		.byte	0x4c
 764 046a 13       		.uleb128 0x13
 765 046b E6040000 		.4byte	.LASF70
 766 046f 06       		.byte	0x6
 767 0470 8F02     		.2byte	0x28f
 768 0472 34050000 		.4byte	0x534
 769 0476 50       		.byte	0x50
 770 0477 13       		.uleb128 0x13
 771 0478 55010000 		.4byte	.LASF71
 772 047c 06       		.byte	0x6
 773 047d 9002     		.2byte	0x290
 774 047f 34050000 		.4byte	0x534
 775 0483 54       		.byte	0x54
 776 0484 13       		.uleb128 0x13
 777 0485 29020000 		.4byte	.LASF72
 778 0489 06       		.byte	0x6
 779 048a 9102     		.2byte	0x291
 780 048c 2E050000 		.4byte	0x52e
 781 0490 58       		.byte	0x58
 782 0491 13       		.uleb128 0x13
 783 0492 36020000 		.4byte	.LASF73
 784 0496 06       		.byte	0x6
 785 0497 9202     		.2byte	0x292
 786 0499 2E050000 		.4byte	0x52e
 787 049d 5C       		.byte	0x5c
 788 049e 13       		.uleb128 0x13
 789 049f D0020000 		.4byte	.LASF74
 790 04a3 06       		.byte	0x6
 791 04a4 9602     		.2byte	0x296
 792 04a6 C4040000 		.4byte	0x4c4
 793 04aa 60       		.byte	0x60
 794 04ab 13       		.uleb128 0x13
 795 04ac FE040000 		.4byte	.LASF75
 796 04b0 06       		.byte	0x6
 797 04b1 9A02     		.2byte	0x29a
 798 04b3 96000000 		.4byte	0x96
 799 04b7 64       		.byte	0x64
 800 04b8 00       		.byte	0
 801 04b9 0D       		.uleb128 0xd
 802 04ba C4040000 		.4byte	0x4c4
 803 04be 0B       		.uleb128 0xb
 804 04bf 2C000000 		.4byte	0x2c
 805 04c3 00       		.byte	0
 806 04c4 05       		.uleb128 0x5
 807 04c5 04       		.byte	0x4
 808 04c6 B9040000 		.4byte	0x4b9
 809 04ca 0D       		.uleb128 0xd
 810 04cb DA040000 		.4byte	0x4da
 811 04cf 0B       		.uleb128 0xb
 812 04d0 A6000000 		.4byte	0xa6
 813 04d4 0B       		.uleb128 0xb
 814 04d5 68000000 		.4byte	0x68
 815 04d9 00       		.byte	0
 816 04da 05       		.uleb128 0x5
ARM GAS  C:\Users\mark6\AppData\Local\Temp\ccXdfoJd.s 			page 19


 817 04db 04       		.byte	0x4
 818 04dc CA040000 		.4byte	0x4ca
 819 04e0 0C       		.uleb128 0xc
 820 04e1 2C000000 		.4byte	0x2c
 821 04e5 05       		.uleb128 0x5
 822 04e6 04       		.byte	0x4
 823 04e7 E0040000 		.4byte	0x4e0
 824 04eb 05       		.uleb128 0x5
 825 04ec 04       		.byte	0x4
 826 04ed 52030000 		.4byte	0x352
 827 04f1 0D       		.uleb128 0xd
 828 04f2 01050000 		.4byte	0x501
 829 04f6 0B       		.uleb128 0xb
 830 04f7 01050000 		.4byte	0x501
 831 04fb 0B       		.uleb128 0xb
 832 04fc 68000000 		.4byte	0x68
 833 0500 00       		.byte	0
 834 0501 05       		.uleb128 0x5
 835 0502 04       		.byte	0x4
 836 0503 3A000000 		.4byte	0x3a
 837 0507 05       		.uleb128 0x5
 838 0508 04       		.byte	0x4
 839 0509 F1040000 		.4byte	0x4f1
 840 050d 0C       		.uleb128 0xc
 841 050e 3A000000 		.4byte	0x3a
 842 0512 05       		.uleb128 0x5
 843 0513 04       		.byte	0x4
 844 0514 0D050000 		.4byte	0x50d
 845 0518 0D       		.uleb128 0xd
 846 0519 28050000 		.4byte	0x528
 847 051d 0B       		.uleb128 0xb
 848 051e 28050000 		.4byte	0x528
 849 0522 0B       		.uleb128 0xb
 850 0523 68000000 		.4byte	0x68
 851 0527 00       		.byte	0
 852 0528 05       		.uleb128 0x5
 853 0529 04       		.byte	0x4
 854 052a 53000000 		.4byte	0x53
 855 052e 05       		.uleb128 0x5
 856 052f 04       		.byte	0x4
 857 0530 18050000 		.4byte	0x518
 858 0534 05       		.uleb128 0x5
 859 0535 04       		.byte	0x4
 860 0536 36010000 		.4byte	0x136
 861 053a 0F       		.uleb128 0xf
 862 053b 8B040000 		.4byte	.LASF76
 863 053f 06       		.byte	0x6
 864 0540 9B02     		.2byte	0x29b
 865 0542 5D030000 		.4byte	0x35d
 866 0546 0D       		.uleb128 0xd
 867 0547 7E050000 		.4byte	0x57e
 868 054b 0B       		.uleb128 0xb
 869 054c 7E050000 		.4byte	0x57e
 870 0550 0B       		.uleb128 0xb
 871 0551 68000000 		.4byte	0x68
 872 0555 0B       		.uleb128 0xb
 873 0556 68000000 		.4byte	0x68
ARM GAS  C:\Users\mark6\AppData\Local\Temp\ccXdfoJd.s 			page 20


 874 055a 0B       		.uleb128 0xb
 875 055b 68000000 		.4byte	0x68
 876 055f 0B       		.uleb128 0xb
 877 0560 68000000 		.4byte	0x68
 878 0564 0B       		.uleb128 0xb
 879 0565 68000000 		.4byte	0x68
 880 0569 0B       		.uleb128 0xb
 881 056a 68000000 		.4byte	0x68
 882 056e 0B       		.uleb128 0xb
 883 056f 2B030000 		.4byte	0x32b
 884 0573 0B       		.uleb128 0xb
 885 0574 68000000 		.4byte	0x68
 886 0578 0B       		.uleb128 0xb
 887 0579 84050000 		.4byte	0x584
 888 057d 00       		.byte	0
 889 057e 05       		.uleb128 0x5
 890 057f 04       		.byte	0x4
 891 0580 0B020000 		.4byte	0x20b
 892 0584 05       		.uleb128 0x5
 893 0585 04       		.byte	0x4
 894 0586 8A050000 		.4byte	0x58a
 895 058a 11       		.uleb128 0x11
 896 058b 53000000 		.4byte	0x53
 897 058f 05       		.uleb128 0x5
 898 0590 04       		.byte	0x4
 899 0591 46050000 		.4byte	0x546
 900 0595 0D       		.uleb128 0xd
 901 0596 AF050000 		.4byte	0x5af
 902 059a 0B       		.uleb128 0xb
 903 059b 7E050000 		.4byte	0x57e
 904 059f 0B       		.uleb128 0xb
 905 05a0 68000000 		.4byte	0x68
 906 05a4 0B       		.uleb128 0xb
 907 05a5 68000000 		.4byte	0x68
 908 05a9 0B       		.uleb128 0xb
 909 05aa 68000000 		.4byte	0x68
 910 05ae 00       		.byte	0
 911 05af 05       		.uleb128 0x5
 912 05b0 04       		.byte	0x4
 913 05b1 95050000 		.4byte	0x595
 914 05b5 0D       		.uleb128 0xd
 915 05b6 D4050000 		.4byte	0x5d4
 916 05ba 0B       		.uleb128 0xb
 917 05bb 7E050000 		.4byte	0x57e
 918 05bf 0B       		.uleb128 0xb
 919 05c0 68000000 		.4byte	0x68
 920 05c4 0B       		.uleb128 0xb
 921 05c5 68000000 		.4byte	0x68
 922 05c9 0B       		.uleb128 0xb
 923 05ca 68000000 		.4byte	0x68
 924 05ce 0B       		.uleb128 0xb
 925 05cf 68000000 		.4byte	0x68
 926 05d3 00       		.byte	0
 927 05d4 05       		.uleb128 0x5
 928 05d5 04       		.byte	0x4
 929 05d6 B5050000 		.4byte	0x5b5
 930 05da 0A       		.uleb128 0xa
ARM GAS  C:\Users\mark6\AppData\Local\Temp\ccXdfoJd.s 			page 21


 931 05db 53000000 		.4byte	0x53
 932 05df F3050000 		.4byte	0x5f3
 933 05e3 0B       		.uleb128 0xb
 934 05e4 7E050000 		.4byte	0x57e
 935 05e8 0B       		.uleb128 0xb
 936 05e9 68000000 		.4byte	0x68
 937 05ed 0B       		.uleb128 0xb
 938 05ee 68000000 		.4byte	0x68
 939 05f2 00       		.byte	0
 940 05f3 05       		.uleb128 0x5
 941 05f4 04       		.byte	0x4
 942 05f5 DA050000 		.4byte	0x5da
 943 05f9 0D       		.uleb128 0xd
 944 05fa 13060000 		.4byte	0x613
 945 05fe 0B       		.uleb128 0xb
 946 05ff 7E050000 		.4byte	0x57e
 947 0603 0B       		.uleb128 0xb
 948 0604 68000000 		.4byte	0x68
 949 0608 0B       		.uleb128 0xb
 950 0609 68000000 		.4byte	0x68
 951 060d 0B       		.uleb128 0xb
 952 060e 53000000 		.4byte	0x53
 953 0612 00       		.byte	0
 954 0613 05       		.uleb128 0x5
 955 0614 04       		.byte	0x4
 956 0615 F9050000 		.4byte	0x5f9
 957 0619 0D       		.uleb128 0xd
 958 061a 2E060000 		.4byte	0x62e
 959 061e 0B       		.uleb128 0xb
 960 061f 7E050000 		.4byte	0x57e
 961 0623 0B       		.uleb128 0xb
 962 0624 68000000 		.4byte	0x68
 963 0628 0B       		.uleb128 0xb
 964 0629 68000000 		.4byte	0x68
 965 062d 00       		.byte	0
 966 062e 05       		.uleb128 0x5
 967 062f 04       		.byte	0x4
 968 0630 19060000 		.4byte	0x619
 969 0634 0A       		.uleb128 0xa
 970 0635 96000000 		.4byte	0x96
 971 0639 48060000 		.4byte	0x648
 972 063d 0B       		.uleb128 0xb
 973 063e 48060000 		.4byte	0x648
 974 0642 0B       		.uleb128 0xb
 975 0643 68000000 		.4byte	0x68
 976 0647 00       		.byte	0
 977 0648 05       		.uleb128 0x5
 978 0649 04       		.byte	0x4
 979 064a 7E050000 		.4byte	0x57e
 980 064e 05       		.uleb128 0x5
 981 064f 04       		.byte	0x4
 982 0650 34060000 		.4byte	0x634
 983 0654 0A       		.uleb128 0xa
 984 0655 4C000000 		.4byte	0x4c
 985 0659 68060000 		.4byte	0x668
 986 065d 0B       		.uleb128 0xb
 987 065e 7E050000 		.4byte	0x57e
ARM GAS  C:\Users\mark6\AppData\Local\Temp\ccXdfoJd.s 			page 22


 988 0662 0B       		.uleb128 0xb
 989 0663 68000000 		.4byte	0x68
 990 0667 00       		.byte	0
 991 0668 05       		.uleb128 0x5
 992 0669 04       		.byte	0x4
 993 066a 54060000 		.4byte	0x654
 994 066e 0A       		.uleb128 0xa
 995 066f A4000000 		.4byte	0xa4
 996 0673 82060000 		.4byte	0x682
 997 0677 0B       		.uleb128 0xb
 998 0678 7E050000 		.4byte	0x57e
 999 067c 0B       		.uleb128 0xb
 1000 067d 68000000 		.4byte	0x68
 1001 0681 00       		.byte	0
 1002 0682 05       		.uleb128 0x5
 1003 0683 04       		.byte	0x4
 1004 0684 6E060000 		.4byte	0x66e
 1005 0688 0D       		.uleb128 0xd
 1006 0689 98060000 		.4byte	0x698
 1007 068d 0B       		.uleb128 0xb
 1008 068e 7E050000 		.4byte	0x57e
 1009 0692 0B       		.uleb128 0xb
 1010 0693 05020000 		.4byte	0x205
 1011 0697 00       		.byte	0
 1012 0698 05       		.uleb128 0x5
 1013 0699 04       		.byte	0x4
 1014 069a 88060000 		.4byte	0x688
 1015 069e 14       		.uleb128 0x14
 1016 069f 04       		.byte	0x4
 1017 06a0 05       		.byte	0x5
 1018 06a1 B9       		.byte	0xb9
 1019 06a2 BD060000 		.4byte	0x6bd
 1020 06a6 15       		.uleb128 0x15
 1021 06a7 EE020000 		.4byte	.LASF77
 1022 06ab 05       		.byte	0x5
 1023 06ac BA       		.byte	0xba
 1024 06ad 4C000000 		.4byte	0x4c
 1025 06b1 15       		.uleb128 0x15
 1026 06b2 55040000 		.4byte	.LASF78
 1027 06b6 05       		.byte	0x5
 1028 06b7 BB       		.byte	0xbb
 1029 06b8 A4000000 		.4byte	0xa4
 1030 06bc 00       		.byte	0
 1031 06bd 05       		.uleb128 0x5
 1032 06be 04       		.byte	0x4
 1033 06bf C3060000 		.4byte	0x6c3
 1034 06c3 11       		.uleb128 0x11
 1035 06c4 76020000 		.4byte	0x276
 1036 06c8 08       		.uleb128 0x8
 1037 06c9 14       		.byte	0x14
 1038 06ca 07       		.byte	0x7
 1039 06cb 72       		.byte	0x72
 1040 06cc 0D070000 		.4byte	0x70d
 1041 06d0 0E       		.uleb128 0xe
 1042 06d1 D8020000 		.4byte	.LASF79
 1043 06d5 07       		.byte	0x7
 1044 06d6 76       		.byte	0x76
ARM GAS  C:\Users\mark6\AppData\Local\Temp\ccXdfoJd.s 			page 23


 1045 06d7 68000000 		.4byte	0x68
 1046 06db 00       		.byte	0
 1047 06dc 0E       		.uleb128 0xe
 1048 06dd 93050000 		.4byte	.LASF80
 1049 06e1 07       		.byte	0x7
 1050 06e2 77       		.byte	0x77
 1051 06e3 68000000 		.4byte	0x68
 1052 06e7 04       		.byte	0x4
 1053 06e8 0E       		.uleb128 0xe
 1054 06e9 06040000 		.4byte	.LASF81
 1055 06ed 07       		.byte	0x7
 1056 06ee 78       		.byte	0x78
 1057 06ef 68000000 		.4byte	0x68
 1058 06f3 08       		.byte	0x8
 1059 06f4 0E       		.uleb128 0xe
 1060 06f5 D5010000 		.4byte	.LASF82
 1061 06f9 07       		.byte	0x7
 1062 06fa 79       		.byte	0x79
 1063 06fb 3A000000 		.4byte	0x3a
 1064 06ff 0C       		.byte	0xc
 1065 0700 0E       		.uleb128 0xe
 1066 0701 AF000000 		.4byte	.LASF83
 1067 0705 07       		.byte	0x7
 1068 0706 7A       		.byte	0x7a
 1069 0707 68000000 		.4byte	0x68
 1070 070b 10       		.byte	0x10
 1071 070c 00       		.byte	0
 1072 070d 03       		.uleb128 0x3
 1073 070e 9C050000 		.4byte	.LASF84
 1074 0712 07       		.byte	0x7
 1075 0713 7B       		.byte	0x7b
 1076 0714 C8060000 		.4byte	0x6c8
 1077 0718 16       		.uleb128 0x16
 1078 0719 D6040000 		.4byte	.LASF95
 1079 071d 01       		.byte	0x1
 1080 071e 72       		.byte	0x72
 1081 071f 00000000 		.4byte	.LFB63
 1082 0723 0A000000 		.4byte	.LFE63-.LFB63
 1083 0727 01       		.uleb128 0x1
 1084 0728 9C       		.byte	0x9c
 1085 0729 17       		.uleb128 0x17
 1086 072a 9C000000 		.4byte	.LASF96
 1087 072e 01       		.byte	0x1
 1088 072f 88       		.byte	0x88
 1089 0730 00000000 		.4byte	.LFB64
 1090 0734 B8000000 		.4byte	.LFE64-.LFB64
 1091 0738 01       		.uleb128 0x1
 1092 0739 9C       		.byte	0x9c
 1093 073a 6A070000 		.4byte	0x76a
 1094 073e 18       		.uleb128 0x18
 1095 073f AD050000 		.4byte	.LASF85
 1096 0743 01       		.byte	0x1
 1097 0744 89       		.byte	0x89
 1098 0745 7E050000 		.4byte	0x57e
 1099 0749 02       		.uleb128 0x2
 1100 074a 91       		.byte	0x91
 1101 074b 74       		.sleb128 -12
ARM GAS  C:\Users\mark6\AppData\Local\Temp\ccXdfoJd.s 			page 24


 1102 074c 18       		.uleb128 0x18
 1103 074d E7020000 		.4byte	.LASF86
 1104 0751 01       		.byte	0x1
 1105 0752 8A       		.byte	0x8a
 1106 0753 0D070000 		.4byte	0x70d
 1107 0757 02       		.uleb128 0x2
 1108 0758 91       		.byte	0x91
 1109 0759 60       		.sleb128 -32
 1110 075a 18       		.uleb128 0x18
 1111 075b 5B020000 		.4byte	.LASF87
 1112 075f 01       		.byte	0x1
 1113 0760 8B       		.byte	0x8b
 1114 0761 3A050000 		.4byte	0x53a
 1115 0765 03       		.uleb128 0x3
 1116 0766 91       		.byte	0x91
 1117 0767 F87E     		.sleb128 -136
 1118 0769 00       		.byte	0
 1119 076a 19       		.uleb128 0x19
 1120 076b F7020000 		.4byte	.LASF97
 1121 076f 01       		.byte	0x1
 1122 0770 BC       		.byte	0xbc
 1123 0771 68000000 		.4byte	0x68
 1124 0775 00000000 		.4byte	.LFB65
 1125 0779 2A000000 		.4byte	.LFE65-.LFB65
 1126 077d 01       		.uleb128 0x1
 1127 077e 9C       		.byte	0x9c
 1128 077f BA070000 		.4byte	0x7ba
 1129 0783 1A       		.uleb128 0x1a
 1130 0784 63020000 		.4byte	.LASF35
 1131 0788 01       		.byte	0x1
 1132 0789 BC       		.byte	0xbc
 1133 078a 6F000000 		.4byte	0x6f
 1134 078e 02       		.uleb128 0x2
 1135 078f 91       		.byte	0x91
 1136 0790 6C       		.sleb128 -20
 1137 0791 1B       		.uleb128 0x1b
 1138 0792 436D6400 		.ascii	"Cmd\000"
 1139 0796 01       		.byte	0x1
 1140 0797 BC       		.byte	0xbc
 1141 0798 6F000000 		.4byte	0x6f
 1142 079c 02       		.uleb128 0x2
 1143 079d 91       		.byte	0x91
 1144 079e 68       		.sleb128 -24
 1145 079f 1A       		.uleb128 0x1a
 1146 07a0 A9000000 		.4byte	.LASF88
 1147 07a4 01       		.byte	0x1
 1148 07a5 BC       		.byte	0xbc
 1149 07a6 A4000000 		.4byte	0xa4
 1150 07aa 02       		.uleb128 0x2
 1151 07ab 91       		.byte	0x91
 1152 07ac 64       		.sleb128 -28
 1153 07ad 1C       		.uleb128 0x1c
 1154 07ae 7200     		.ascii	"r\000"
 1155 07b0 01       		.byte	0x1
 1156 07b1 BD       		.byte	0xbd
 1157 07b2 68000000 		.4byte	0x68
 1158 07b6 02       		.uleb128 0x2
ARM GAS  C:\Users\mark6\AppData\Local\Temp\ccXdfoJd.s 			page 25


 1159 07b7 91       		.byte	0x91
 1160 07b8 74       		.sleb128 -12
 1161 07b9 00       		.byte	0
 1162 07ba 1D       		.uleb128 0x1d
 1163 07bb 86050000 		.4byte	.LASF89
 1164 07bf 08       		.byte	0x8
 1165 07c0 2A06     		.2byte	0x62a
 1166 07c2 C6070000 		.4byte	0x7c6
 1167 07c6 1E       		.uleb128 0x1e
 1168 07c7 76000000 		.4byte	0x76
 1169 07cb 1F       		.uleb128 0x1f
 1170 07cc 77010000 		.4byte	.LASF90
 1171 07d0 04       		.byte	0x4
 1172 07d1 CB       		.byte	0xcb
 1173 07d2 4D030000 		.4byte	0x34d
 1174 07d6 1F       		.uleb128 0x1f
 1175 07d7 A0030000 		.4byte	.LASF91
 1176 07db 07       		.byte	0x7
 1177 07dc 86       		.byte	0x86
 1178 07dd C3060000 		.4byte	0x6c3
 1179 07e1 00       		.byte	0
 1180              		.section	.debug_abbrev,"",%progbits
 1181              	.Ldebug_abbrev0:
 1182 0000 01       		.uleb128 0x1
 1183 0001 11       		.uleb128 0x11
 1184 0002 01       		.byte	0x1
 1185 0003 25       		.uleb128 0x25
 1186 0004 0E       		.uleb128 0xe
 1187 0005 13       		.uleb128 0x13
 1188 0006 0B       		.uleb128 0xb
 1189 0007 03       		.uleb128 0x3
 1190 0008 0E       		.uleb128 0xe
 1191 0009 1B       		.uleb128 0x1b
 1192 000a 0E       		.uleb128 0xe
 1193 000b 55       		.uleb128 0x55
 1194 000c 17       		.uleb128 0x17
 1195 000d 11       		.uleb128 0x11
 1196 000e 01       		.uleb128 0x1
 1197 000f 10       		.uleb128 0x10
 1198 0010 17       		.uleb128 0x17
 1199 0011 00       		.byte	0
 1200 0012 00       		.byte	0
 1201 0013 02       		.uleb128 0x2
 1202 0014 24       		.uleb128 0x24
 1203 0015 00       		.byte	0
 1204 0016 0B       		.uleb128 0xb
 1205 0017 0B       		.uleb128 0xb
 1206 0018 3E       		.uleb128 0x3e
 1207 0019 0B       		.uleb128 0xb
 1208 001a 03       		.uleb128 0x3
 1209 001b 0E       		.uleb128 0xe
 1210 001c 00       		.byte	0
 1211 001d 00       		.byte	0
 1212 001e 03       		.uleb128 0x3
 1213 001f 16       		.uleb128 0x16
 1214 0020 00       		.byte	0
 1215 0021 03       		.uleb128 0x3
ARM GAS  C:\Users\mark6\AppData\Local\Temp\ccXdfoJd.s 			page 26


 1216 0022 0E       		.uleb128 0xe
 1217 0023 3A       		.uleb128 0x3a
 1218 0024 0B       		.uleb128 0xb
 1219 0025 3B       		.uleb128 0x3b
 1220 0026 0B       		.uleb128 0xb
 1221 0027 49       		.uleb128 0x49
 1222 0028 13       		.uleb128 0x13
 1223 0029 00       		.byte	0
 1224 002a 00       		.byte	0
 1225 002b 04       		.uleb128 0x4
 1226 002c 24       		.uleb128 0x24
 1227 002d 00       		.byte	0
 1228 002e 0B       		.uleb128 0xb
 1229 002f 0B       		.uleb128 0xb
 1230 0030 3E       		.uleb128 0x3e
 1231 0031 0B       		.uleb128 0xb
 1232 0032 03       		.uleb128 0x3
 1233 0033 08       		.uleb128 0x8
 1234 0034 00       		.byte	0
 1235 0035 00       		.byte	0
 1236 0036 05       		.uleb128 0x5
 1237 0037 0F       		.uleb128 0xf
 1238 0038 00       		.byte	0
 1239 0039 0B       		.uleb128 0xb
 1240 003a 0B       		.uleb128 0xb
 1241 003b 49       		.uleb128 0x49
 1242 003c 13       		.uleb128 0x13
 1243 003d 00       		.byte	0
 1244 003e 00       		.byte	0
 1245 003f 06       		.uleb128 0x6
 1246 0040 15       		.uleb128 0x15
 1247 0041 00       		.byte	0
 1248 0042 27       		.uleb128 0x27
 1249 0043 19       		.uleb128 0x19
 1250 0044 00       		.byte	0
 1251 0045 00       		.byte	0
 1252 0046 07       		.uleb128 0x7
 1253 0047 0F       		.uleb128 0xf
 1254 0048 00       		.byte	0
 1255 0049 0B       		.uleb128 0xb
 1256 004a 0B       		.uleb128 0xb
 1257 004b 00       		.byte	0
 1258 004c 00       		.byte	0
 1259 004d 08       		.uleb128 0x8
 1260 004e 13       		.uleb128 0x13
 1261 004f 01       		.byte	0x1
 1262 0050 0B       		.uleb128 0xb
 1263 0051 0B       		.uleb128 0xb
 1264 0052 3A       		.uleb128 0x3a
 1265 0053 0B       		.uleb128 0xb
 1266 0054 3B       		.uleb128 0x3b
 1267 0055 0B       		.uleb128 0xb
 1268 0056 01       		.uleb128 0x1
 1269 0057 13       		.uleb128 0x13
 1270 0058 00       		.byte	0
 1271 0059 00       		.byte	0
 1272 005a 09       		.uleb128 0x9
ARM GAS  C:\Users\mark6\AppData\Local\Temp\ccXdfoJd.s 			page 27


 1273 005b 0D       		.uleb128 0xd
 1274 005c 00       		.byte	0
 1275 005d 03       		.uleb128 0x3
 1276 005e 08       		.uleb128 0x8
 1277 005f 3A       		.uleb128 0x3a
 1278 0060 0B       		.uleb128 0xb
 1279 0061 3B       		.uleb128 0x3b
 1280 0062 0B       		.uleb128 0xb
 1281 0063 49       		.uleb128 0x49
 1282 0064 13       		.uleb128 0x13
 1283 0065 38       		.uleb128 0x38
 1284 0066 0B       		.uleb128 0xb
 1285 0067 00       		.byte	0
 1286 0068 00       		.byte	0
 1287 0069 0A       		.uleb128 0xa
 1288 006a 15       		.uleb128 0x15
 1289 006b 01       		.byte	0x1
 1290 006c 27       		.uleb128 0x27
 1291 006d 19       		.uleb128 0x19
 1292 006e 49       		.uleb128 0x49
 1293 006f 13       		.uleb128 0x13
 1294 0070 01       		.uleb128 0x1
 1295 0071 13       		.uleb128 0x13
 1296 0072 00       		.byte	0
 1297 0073 00       		.byte	0
 1298 0074 0B       		.uleb128 0xb
 1299 0075 05       		.uleb128 0x5
 1300 0076 00       		.byte	0
 1301 0077 49       		.uleb128 0x49
 1302 0078 13       		.uleb128 0x13
 1303 0079 00       		.byte	0
 1304 007a 00       		.byte	0
 1305 007b 0C       		.uleb128 0xc
 1306 007c 15       		.uleb128 0x15
 1307 007d 00       		.byte	0
 1308 007e 27       		.uleb128 0x27
 1309 007f 19       		.uleb128 0x19
 1310 0080 49       		.uleb128 0x49
 1311 0081 13       		.uleb128 0x13
 1312 0082 00       		.byte	0
 1313 0083 00       		.byte	0
 1314 0084 0D       		.uleb128 0xd
 1315 0085 15       		.uleb128 0x15
 1316 0086 01       		.byte	0x1
 1317 0087 27       		.uleb128 0x27
 1318 0088 19       		.uleb128 0x19
 1319 0089 01       		.uleb128 0x1
 1320 008a 13       		.uleb128 0x13
 1321 008b 00       		.byte	0
 1322 008c 00       		.byte	0
 1323 008d 0E       		.uleb128 0xe
 1324 008e 0D       		.uleb128 0xd
 1325 008f 00       		.byte	0
 1326 0090 03       		.uleb128 0x3
 1327 0091 0E       		.uleb128 0xe
 1328 0092 3A       		.uleb128 0x3a
 1329 0093 0B       		.uleb128 0xb
ARM GAS  C:\Users\mark6\AppData\Local\Temp\ccXdfoJd.s 			page 28


 1330 0094 3B       		.uleb128 0x3b
 1331 0095 0B       		.uleb128 0xb
 1332 0096 49       		.uleb128 0x49
 1333 0097 13       		.uleb128 0x13
 1334 0098 38       		.uleb128 0x38
 1335 0099 0B       		.uleb128 0xb
 1336 009a 00       		.byte	0
 1337 009b 00       		.byte	0
 1338 009c 0F       		.uleb128 0xf
 1339 009d 16       		.uleb128 0x16
 1340 009e 00       		.byte	0
 1341 009f 03       		.uleb128 0x3
 1342 00a0 0E       		.uleb128 0xe
 1343 00a1 3A       		.uleb128 0x3a
 1344 00a2 0B       		.uleb128 0xb
 1345 00a3 3B       		.uleb128 0x3b
 1346 00a4 05       		.uleb128 0x5
 1347 00a5 49       		.uleb128 0x49
 1348 00a6 13       		.uleb128 0x13
 1349 00a7 00       		.byte	0
 1350 00a8 00       		.byte	0
 1351 00a9 10       		.uleb128 0x10
 1352 00aa 13       		.uleb128 0x13
 1353 00ab 01       		.byte	0x1
 1354 00ac 03       		.uleb128 0x3
 1355 00ad 0E       		.uleb128 0xe
 1356 00ae 0B       		.uleb128 0xb
 1357 00af 0B       		.uleb128 0xb
 1358 00b0 3A       		.uleb128 0x3a
 1359 00b1 0B       		.uleb128 0xb
 1360 00b2 3B       		.uleb128 0x3b
 1361 00b3 0B       		.uleb128 0xb
 1362 00b4 01       		.uleb128 0x1
 1363 00b5 13       		.uleb128 0x13
 1364 00b6 00       		.byte	0
 1365 00b7 00       		.byte	0
 1366 00b8 11       		.uleb128 0x11
 1367 00b9 26       		.uleb128 0x26
 1368 00ba 00       		.byte	0
 1369 00bb 49       		.uleb128 0x49
 1370 00bc 13       		.uleb128 0x13
 1371 00bd 00       		.byte	0
 1372 00be 00       		.byte	0
 1373 00bf 12       		.uleb128 0x12
 1374 00c0 13       		.uleb128 0x13
 1375 00c1 01       		.byte	0x1
 1376 00c2 0B       		.uleb128 0xb
 1377 00c3 0B       		.uleb128 0xb
 1378 00c4 3A       		.uleb128 0x3a
 1379 00c5 0B       		.uleb128 0xb
 1380 00c6 3B       		.uleb128 0x3b
 1381 00c7 05       		.uleb128 0x5
 1382 00c8 01       		.uleb128 0x1
 1383 00c9 13       		.uleb128 0x13
 1384 00ca 00       		.byte	0
 1385 00cb 00       		.byte	0
 1386 00cc 13       		.uleb128 0x13
ARM GAS  C:\Users\mark6\AppData\Local\Temp\ccXdfoJd.s 			page 29


 1387 00cd 0D       		.uleb128 0xd
 1388 00ce 00       		.byte	0
 1389 00cf 03       		.uleb128 0x3
 1390 00d0 0E       		.uleb128 0xe
 1391 00d1 3A       		.uleb128 0x3a
 1392 00d2 0B       		.uleb128 0xb
 1393 00d3 3B       		.uleb128 0x3b
 1394 00d4 05       		.uleb128 0x5
 1395 00d5 49       		.uleb128 0x49
 1396 00d6 13       		.uleb128 0x13
 1397 00d7 38       		.uleb128 0x38
 1398 00d8 0B       		.uleb128 0xb
 1399 00d9 00       		.byte	0
 1400 00da 00       		.byte	0
 1401 00db 14       		.uleb128 0x14
 1402 00dc 17       		.uleb128 0x17
 1403 00dd 01       		.byte	0x1
 1404 00de 0B       		.uleb128 0xb
 1405 00df 0B       		.uleb128 0xb
 1406 00e0 3A       		.uleb128 0x3a
 1407 00e1 0B       		.uleb128 0xb
 1408 00e2 3B       		.uleb128 0x3b
 1409 00e3 0B       		.uleb128 0xb
 1410 00e4 01       		.uleb128 0x1
 1411 00e5 13       		.uleb128 0x13
 1412 00e6 00       		.byte	0
 1413 00e7 00       		.byte	0
 1414 00e8 15       		.uleb128 0x15
 1415 00e9 0D       		.uleb128 0xd
 1416 00ea 00       		.byte	0
 1417 00eb 03       		.uleb128 0x3
 1418 00ec 0E       		.uleb128 0xe
 1419 00ed 3A       		.uleb128 0x3a
 1420 00ee 0B       		.uleb128 0xb
 1421 00ef 3B       		.uleb128 0x3b
 1422 00f0 0B       		.uleb128 0xb
 1423 00f1 49       		.uleb128 0x49
 1424 00f2 13       		.uleb128 0x13
 1425 00f3 00       		.byte	0
 1426 00f4 00       		.byte	0
 1427 00f5 16       		.uleb128 0x16
 1428 00f6 2E       		.uleb128 0x2e
 1429 00f7 00       		.byte	0
 1430 00f8 03       		.uleb128 0x3
 1431 00f9 0E       		.uleb128 0xe
 1432 00fa 3A       		.uleb128 0x3a
 1433 00fb 0B       		.uleb128 0xb
 1434 00fc 3B       		.uleb128 0x3b
 1435 00fd 0B       		.uleb128 0xb
 1436 00fe 27       		.uleb128 0x27
 1437 00ff 19       		.uleb128 0x19
 1438 0100 11       		.uleb128 0x11
 1439 0101 01       		.uleb128 0x1
 1440 0102 12       		.uleb128 0x12
 1441 0103 06       		.uleb128 0x6
 1442 0104 40       		.uleb128 0x40
 1443 0105 18       		.uleb128 0x18
ARM GAS  C:\Users\mark6\AppData\Local\Temp\ccXdfoJd.s 			page 30


 1444 0106 9642     		.uleb128 0x2116
 1445 0108 19       		.uleb128 0x19
 1446 0109 00       		.byte	0
 1447 010a 00       		.byte	0
 1448 010b 17       		.uleb128 0x17
 1449 010c 2E       		.uleb128 0x2e
 1450 010d 01       		.byte	0x1
 1451 010e 3F       		.uleb128 0x3f
 1452 010f 19       		.uleb128 0x19
 1453 0110 03       		.uleb128 0x3
 1454 0111 0E       		.uleb128 0xe
 1455 0112 3A       		.uleb128 0x3a
 1456 0113 0B       		.uleb128 0xb
 1457 0114 3B       		.uleb128 0x3b
 1458 0115 0B       		.uleb128 0xb
 1459 0116 27       		.uleb128 0x27
 1460 0117 19       		.uleb128 0x19
 1461 0118 11       		.uleb128 0x11
 1462 0119 01       		.uleb128 0x1
 1463 011a 12       		.uleb128 0x12
 1464 011b 06       		.uleb128 0x6
 1465 011c 40       		.uleb128 0x40
 1466 011d 18       		.uleb128 0x18
 1467 011e 9642     		.uleb128 0x2116
 1468 0120 19       		.uleb128 0x19
 1469 0121 01       		.uleb128 0x1
 1470 0122 13       		.uleb128 0x13
 1471 0123 00       		.byte	0
 1472 0124 00       		.byte	0
 1473 0125 18       		.uleb128 0x18
 1474 0126 34       		.uleb128 0x34
 1475 0127 00       		.byte	0
 1476 0128 03       		.uleb128 0x3
 1477 0129 0E       		.uleb128 0xe
 1478 012a 3A       		.uleb128 0x3a
 1479 012b 0B       		.uleb128 0xb
 1480 012c 3B       		.uleb128 0x3b
 1481 012d 0B       		.uleb128 0xb
 1482 012e 49       		.uleb128 0x49
 1483 012f 13       		.uleb128 0x13
 1484 0130 02       		.uleb128 0x2
 1485 0131 18       		.uleb128 0x18
 1486 0132 00       		.byte	0
 1487 0133 00       		.byte	0
 1488 0134 19       		.uleb128 0x19
 1489 0135 2E       		.uleb128 0x2e
 1490 0136 01       		.byte	0x1
 1491 0137 3F       		.uleb128 0x3f
 1492 0138 19       		.uleb128 0x19
 1493 0139 03       		.uleb128 0x3
 1494 013a 0E       		.uleb128 0xe
 1495 013b 3A       		.uleb128 0x3a
 1496 013c 0B       		.uleb128 0xb
 1497 013d 3B       		.uleb128 0x3b
 1498 013e 0B       		.uleb128 0xb
 1499 013f 27       		.uleb128 0x27
 1500 0140 19       		.uleb128 0x19
ARM GAS  C:\Users\mark6\AppData\Local\Temp\ccXdfoJd.s 			page 31


 1501 0141 49       		.uleb128 0x49
 1502 0142 13       		.uleb128 0x13
 1503 0143 11       		.uleb128 0x11
 1504 0144 01       		.uleb128 0x1
 1505 0145 12       		.uleb128 0x12
 1506 0146 06       		.uleb128 0x6
 1507 0147 40       		.uleb128 0x40
 1508 0148 18       		.uleb128 0x18
 1509 0149 9642     		.uleb128 0x2116
 1510 014b 19       		.uleb128 0x19
 1511 014c 01       		.uleb128 0x1
 1512 014d 13       		.uleb128 0x13
 1513 014e 00       		.byte	0
 1514 014f 00       		.byte	0
 1515 0150 1A       		.uleb128 0x1a
 1516 0151 05       		.uleb128 0x5
 1517 0152 00       		.byte	0
 1518 0153 03       		.uleb128 0x3
 1519 0154 0E       		.uleb128 0xe
 1520 0155 3A       		.uleb128 0x3a
 1521 0156 0B       		.uleb128 0xb
 1522 0157 3B       		.uleb128 0x3b
 1523 0158 0B       		.uleb128 0xb
 1524 0159 49       		.uleb128 0x49
 1525 015a 13       		.uleb128 0x13
 1526 015b 02       		.uleb128 0x2
 1527 015c 18       		.uleb128 0x18
 1528 015d 00       		.byte	0
 1529 015e 00       		.byte	0
 1530 015f 1B       		.uleb128 0x1b
 1531 0160 05       		.uleb128 0x5
 1532 0161 00       		.byte	0
 1533 0162 03       		.uleb128 0x3
 1534 0163 08       		.uleb128 0x8
 1535 0164 3A       		.uleb128 0x3a
 1536 0165 0B       		.uleb128 0xb
 1537 0166 3B       		.uleb128 0x3b
 1538 0167 0B       		.uleb128 0xb
 1539 0168 49       		.uleb128 0x49
 1540 0169 13       		.uleb128 0x13
 1541 016a 02       		.uleb128 0x2
 1542 016b 18       		.uleb128 0x18
 1543 016c 00       		.byte	0
 1544 016d 00       		.byte	0
 1545 016e 1C       		.uleb128 0x1c
 1546 016f 34       		.uleb128 0x34
 1547 0170 00       		.byte	0
 1548 0171 03       		.uleb128 0x3
 1549 0172 08       		.uleb128 0x8
 1550 0173 3A       		.uleb128 0x3a
 1551 0174 0B       		.uleb128 0xb
 1552 0175 3B       		.uleb128 0x3b
 1553 0176 0B       		.uleb128 0xb
 1554 0177 49       		.uleb128 0x49
 1555 0178 13       		.uleb128 0x13
 1556 0179 02       		.uleb128 0x2
 1557 017a 18       		.uleb128 0x18
ARM GAS  C:\Users\mark6\AppData\Local\Temp\ccXdfoJd.s 			page 32


 1558 017b 00       		.byte	0
 1559 017c 00       		.byte	0
 1560 017d 1D       		.uleb128 0x1d
 1561 017e 34       		.uleb128 0x34
 1562 017f 00       		.byte	0
 1563 0180 03       		.uleb128 0x3
 1564 0181 0E       		.uleb128 0xe
 1565 0182 3A       		.uleb128 0x3a
 1566 0183 0B       		.uleb128 0xb
 1567 0184 3B       		.uleb128 0x3b
 1568 0185 05       		.uleb128 0x5
 1569 0186 49       		.uleb128 0x49
 1570 0187 13       		.uleb128 0x13
 1571 0188 3F       		.uleb128 0x3f
 1572 0189 19       		.uleb128 0x19
 1573 018a 3C       		.uleb128 0x3c
 1574 018b 19       		.uleb128 0x19
 1575 018c 00       		.byte	0
 1576 018d 00       		.byte	0
 1577 018e 1E       		.uleb128 0x1e
 1578 018f 35       		.uleb128 0x35
 1579 0190 00       		.byte	0
 1580 0191 49       		.uleb128 0x49
 1581 0192 13       		.uleb128 0x13
 1582 0193 00       		.byte	0
 1583 0194 00       		.byte	0
 1584 0195 1F       		.uleb128 0x1f
 1585 0196 34       		.uleb128 0x34
 1586 0197 00       		.byte	0
 1587 0198 03       		.uleb128 0x3
 1588 0199 0E       		.uleb128 0xe
 1589 019a 3A       		.uleb128 0x3a
 1590 019b 0B       		.uleb128 0xb
 1591 019c 3B       		.uleb128 0x3b
 1592 019d 0B       		.uleb128 0xb
 1593 019e 49       		.uleb128 0x49
 1594 019f 13       		.uleb128 0x13
 1595 01a0 3F       		.uleb128 0x3f
 1596 01a1 19       		.uleb128 0x19
 1597 01a2 3C       		.uleb128 0x3c
 1598 01a3 19       		.uleb128 0x19
 1599 01a4 00       		.byte	0
 1600 01a5 00       		.byte	0
 1601 01a6 00       		.byte	0
 1602              		.section	.debug_aranges,"",%progbits
 1603 0000 2C000000 		.4byte	0x2c
 1604 0004 0200     		.2byte	0x2
 1605 0006 00000000 		.4byte	.Ldebug_info0
 1606 000a 04       		.byte	0x4
 1607 000b 00       		.byte	0
 1608 000c 0000     		.2byte	0
 1609 000e 0000     		.2byte	0
 1610 0010 00000000 		.4byte	.LFB63
 1611 0014 0A000000 		.4byte	.LFE63-.LFB63
 1612 0018 00000000 		.4byte	.LFB64
 1613 001c B8000000 		.4byte	.LFE64-.LFB64
 1614 0020 00000000 		.4byte	.LFB65
ARM GAS  C:\Users\mark6\AppData\Local\Temp\ccXdfoJd.s 			page 33


 1615 0024 2A000000 		.4byte	.LFE65-.LFB65
 1616 0028 00000000 		.4byte	0
 1617 002c 00000000 		.4byte	0
 1618              		.section	.debug_ranges,"",%progbits
 1619              	.Ldebug_ranges0:
 1620 0000 00000000 		.4byte	.LFB63
 1621 0004 0A000000 		.4byte	.LFE63
 1622 0008 00000000 		.4byte	.LFB64
 1623 000c B8000000 		.4byte	.LFE64
 1624 0010 00000000 		.4byte	.LFB65
 1625 0014 2A000000 		.4byte	.LFE65
 1626 0018 00000000 		.4byte	0
 1627 001c 00000000 		.4byte	0
 1628              		.section	.debug_line,"",%progbits
 1629              	.Ldebug_line0:
 1630 0000 F8010000 		.section	.debug_str,"MS",%progbits,1
 1630      0200A901 
 1630      00000201 
 1630      FB0E0D00 
 1630      01010101 
 1631              	.LASF33:
 1632 0000 70436F6C 		.ascii	"pColorConvAPI\000"
 1632      6F72436F 
 1632      6E764150 
 1632      4900
 1633              	.LASF92:
 1634 000e 474E5520 		.ascii	"GNU C 4.9.3 20150303 (release) [ARM/embedded-4_9-br"
 1634      4320342E 
 1634      392E3320 
 1634      32303135 
 1634      30333033 
 1635 0041 616E6368 		.ascii	"anch revision 221220] -mcpu=cortex-m3 -mthumb -g -O"
 1635      20726576 
 1635      6973696F 
 1635      6E203232 
 1635      31323230 
 1636 0074 30202D66 		.ascii	"0 -ffunction-sections -ffat-lto-objects\000"
 1636      66756E63 
 1636      74696F6E 
 1636      2D736563 
 1636      74696F6E 
 1637              	.LASF96:
 1638 009c 4C43445F 		.ascii	"LCD_X_Config\000"
 1638      585F436F 
 1638      6E666967 
 1638      00
 1639              	.LASF88:
 1640 00a9 70446174 		.ascii	"pData\000"
 1640      6100
 1641              	.LASF83:
 1642 00af 4E756D44 		.ascii	"NumDummyReads\000"
 1642      756D6D79 
 1642      52656164 
 1642      7300
 1643              	.LASF41:
 1644 00bd 70664669 		.ascii	"pfFillRect\000"
 1644      6C6C5265 
ARM GAS  C:\Users\mark6\AppData\Local\Temp\ccXdfoJd.s 			page 34


 1644      637400
 1645              	.LASF68:
 1646 00c8 70665772 		.ascii	"pfWriteM32_A0\000"
 1646      6974654D 
 1646      33325F41 
 1646      3000
 1647              	.LASF94:
 1648 00d6 433A5C55 		.ascii	"C:\\Users\\mark6\\Google Drive\\College-MIT\\S6Spri"
 1648      73657273 
 1648      5C6D6172 
 1648      6B365C47 
 1648      6F6F676C 
 1649 0104 6E673230 		.ascii	"ng2020\\6.115\\FinalProject\\BunkerKnowledge\\PSoC_"
 1649      32305C36 
 1649      2E313135 
 1649      5C46696E 
 1649      616C5072 
 1650 0133 355F4669 		.ascii	"5_Files\\Processor.cydsn\000"
 1650      6C65735C 
 1650      50726F63 
 1650      6573736F 
 1650      722E6379 
 1651              	.LASF2:
 1652 014b 73686F72 		.ascii	"short int\000"
 1652      7420696E 
 1652      7400
 1653              	.LASF71:
 1654 0155 70665265 		.ascii	"pfRead32_A1\000"
 1654      61643332 
 1654      5F413100 
 1655              	.LASF14:
 1656 0161 73697A65 		.ascii	"sizetype\000"
 1656      74797065 
 1656      00
 1657              	.LASF48:
 1658 016a 70664765 		.ascii	"pfGetDevData\000"
 1658      74446576 
 1658      44617461 
 1658      00
 1659              	.LASF90:
 1660 0177 4C43445F 		.ascii	"LCD_API_ColorConv_M565\000"
 1660      4150495F 
 1660      436F6C6F 
 1660      72436F6E 
 1660      765F4D35 
 1661              	.LASF62:
 1662 018e 70665265 		.ascii	"pfRead16_A0\000"
 1662      61643136 
 1662      5F413000 
 1663              	.LASF63:
 1664 019a 70665265 		.ascii	"pfRead16_A1\000"
 1664      61643136 
 1664      5F413100 
 1665              	.LASF40:
 1666 01a6 70664472 		.ascii	"pfDrawVLine\000"
 1666      6177564C 
 1666      696E6500 
ARM GAS  C:\Users\mark6\AppData\Local\Temp\ccXdfoJd.s 			page 35


 1667              	.LASF69:
 1668 01b2 70665772 		.ascii	"pfWriteM32_A1\000"
 1668      6974654D 
 1668      33325F41 
 1668      3100
 1669              	.LASF49:
 1670 01c0 70664765 		.ascii	"pfGetRect\000"
 1670      74526563 
 1670      7400
 1671              	.LASF32:
 1672 01ca 70446576 		.ascii	"pDeviceAPI\000"
 1672      69636541 
 1672      504900
 1673              	.LASF82:
 1674 01d5 52656745 		.ascii	"RegEntryMode\000"
 1674      6E747279 
 1674      4D6F6465 
 1674      00
 1675              	.LASF36:
 1676 01e2 4755495F 		.ascii	"GUI_DEVICE_API\000"
 1676      44455649 
 1676      43455F41 
 1676      504900
 1677              	.LASF15:
 1678 01f1 4C43445F 		.ascii	"LCD_COLOR\000"
 1678      434F4C4F 
 1678      5200
 1679              	.LASF53:
 1680 01fb 70665772 		.ascii	"pfWriteM8_A1\000"
 1680      6974654D 
 1680      385F4131 
 1680      00
 1681              	.LASF24:
 1682 0208 70664765 		.ascii	"pfGetIndexMask\000"
 1682      74496E64 
 1682      65784D61 
 1682      736B00
 1683              	.LASF26:
 1684 0217 7066436F 		.ascii	"pfColor2IndexBulk\000"
 1684      6C6F7232 
 1684      496E6465 
 1684      7842756C 
 1684      6B00
 1685              	.LASF72:
 1686 0229 70665265 		.ascii	"pfReadM32_A0\000"
 1686      61644D33 
 1686      325F4130 
 1686      00
 1687              	.LASF73:
 1688 0236 70665265 		.ascii	"pfReadM32_A1\000"
 1688      61644D33 
 1688      325F4131 
 1688      00
 1689              	.LASF39:
 1690 0243 70664472 		.ascii	"pfDrawHLine\000"
 1690      6177484C 
 1690      696E6500 
ARM GAS  C:\Users\mark6\AppData\Local\Temp\ccXdfoJd.s 			page 36


 1691              	.LASF34:
 1692 024f 466C6167 		.ascii	"Flags\000"
 1692      7300
 1693              	.LASF11:
 1694 0255 666C6F61 		.ascii	"float\000"
 1694      7400
 1695              	.LASF87:
 1696 025b 506F7274 		.ascii	"PortAPI\000"
 1696      41504900 
 1697              	.LASF35:
 1698 0263 4C617965 		.ascii	"LayerIndex\000"
 1698      72496E64 
 1698      657800
 1699              	.LASF6:
 1700 026e 6C6F6E67 		.ascii	"long long int\000"
 1700      206C6F6E 
 1700      6720696E 
 1700      7400
 1701              	.LASF30:
 1702 027c 704E6578 		.ascii	"pNext\000"
 1702      7400
 1703              	.LASF65:
 1704 0282 70665265 		.ascii	"pfReadM16_A1\000"
 1704      61644D31 
 1704      365F4131 
 1704      00
 1705              	.LASF19:
 1706 028f 744C4344 		.ascii	"tLCDDEV_GetIndexMask\000"
 1706      4445565F 
 1706      47657449 
 1706      6E646578 
 1706      4D61736B 
 1707              	.LASF4:
 1708 02a4 6C6F6E67 		.ascii	"long int\000"
 1708      20696E74 
 1708      00
 1709              	.LASF42:
 1710 02ad 70664765 		.ascii	"pfGetPixelIndex\000"
 1710      74506978 
 1710      656C496E 
 1710      64657800 
 1711              	.LASF28:
 1712 02bd 4C43445F 		.ascii	"LCD_API_COLOR_CONV\000"
 1712      4150495F 
 1712      434F4C4F 
 1712      525F434F 
 1712      4E5600
 1713              	.LASF74:
 1714 02d0 70665365 		.ascii	"pfSetCS\000"
 1714      74435300 
 1715              	.LASF79:
 1716 02d8 46697273 		.ascii	"FirstSEG\000"
 1716      74534547 
 1716      00
 1717              	.LASF31:
 1718 02e1 70507265 		.ascii	"pPrev\000"
 1718      7600
ARM GAS  C:\Users\mark6\AppData\Local\Temp\ccXdfoJd.s 			page 37


 1719              	.LASF86:
 1720 02e7 436F6E66 		.ascii	"Config\000"
 1720      696700
 1721              	.LASF77:
 1722 02ee 68436F6E 		.ascii	"hContext\000"
 1722      74657874 
 1722      00
 1723              	.LASF97:
 1724 02f7 4C43445F 		.ascii	"LCD_X_DisplayDriver\000"
 1724      585F4469 
 1724      73706C61 
 1724      79447269 
 1724      76657200 
 1725              	.LASF57:
 1726 030b 70665265 		.ascii	"pfReadM8_A1\000"
 1726      61644D38 
 1726      5F413100 
 1727              	.LASF16:
 1728 0317 4C43445F 		.ascii	"LCD_RECT\000"
 1728      52454354 
 1728      00
 1729              	.LASF1:
 1730 0320 756E7369 		.ascii	"unsigned char\000"
 1730      676E6564 
 1730      20636861 
 1730      7200
 1731              	.LASF0:
 1732 032e 7369676E 		.ascii	"signed char\000"
 1732      65642063 
 1732      68617200 
 1733              	.LASF7:
 1734 033a 6C6F6E67 		.ascii	"long long unsigned int\000"
 1734      206C6F6E 
 1734      6720756E 
 1734      7369676E 
 1734      65642069 
 1735              	.LASF60:
 1736 0351 70665772 		.ascii	"pfWriteM16_A0\000"
 1736      6974654D 
 1736      31365F41 
 1736      3000
 1737              	.LASF61:
 1738 035f 70665772 		.ascii	"pfWriteM16_A1\000"
 1738      6974654D 
 1738      31365F41 
 1738      3100
 1739              	.LASF25:
 1740 036d 4E6F416C 		.ascii	"NoAlpha\000"
 1740      70686100 
 1741              	.LASF23:
 1742 0375 7066496E 		.ascii	"pfIndex2Color\000"
 1742      64657832 
 1742      436F6C6F 
 1742      7200
 1743              	.LASF8:
 1744 0383 756E7369 		.ascii	"unsigned int\000"
 1744      676E6564 
ARM GAS  C:\Users\mark6\AppData\Local\Temp\ccXdfoJd.s 			page 38


 1744      20696E74 
 1744      00
 1745              	.LASF43:
 1746 0390 70665365 		.ascii	"pfSetPixelIndex\000"
 1746      74506978 
 1746      656C496E 
 1746      64657800 
 1747              	.LASF91:
 1748 03a0 47554944 		.ascii	"GUIDRV_FlexColor_API\000"
 1748      52565F46 
 1748      6C657843 
 1748      6F6C6F72 
 1748      5F415049 
 1749              	.LASF22:
 1750 03b5 7066436F 		.ascii	"pfColor2Index\000"
 1750      6C6F7232 
 1750      496E6465 
 1750      7800
 1751              	.LASF64:
 1752 03c3 70665265 		.ascii	"pfReadM16_A0\000"
 1752      61644D31 
 1752      365F4130 
 1752      00
 1753              	.LASF21:
 1754 03d0 744C4344 		.ascii	"tLCDDEV_Color2IndexBulk\000"
 1754      4445565F 
 1754      436F6C6F 
 1754      7232496E 
 1754      64657842 
 1755              	.LASF13:
 1756 03e8 63686172 		.ascii	"char\000"
 1756      00
 1757              	.LASF37:
 1758 03ed 44657669 		.ascii	"DeviceClassIndex\000"
 1758      6365436C 
 1758      61737349 
 1758      6E646578 
 1758      00
 1759              	.LASF10:
 1760 03fe 696E7433 		.ascii	"int32_t\000"
 1760      325F7400 
 1761              	.LASF81:
 1762 0406 4F726965 		.ascii	"Orientation\000"
 1762      6E746174 
 1762      696F6E00 
 1763              	.LASF29:
 1764 0412 4755495F 		.ascii	"GUI_DEVICE\000"
 1764      44455649 
 1764      434500
 1765              	.LASF27:
 1766 041d 7066496E 		.ascii	"pfIndex2ColorBulk\000"
 1766      64657832 
 1766      436F6C6F 
 1766      7242756C 
 1766      6B00
 1767              	.LASF56:
 1768 042f 70665265 		.ascii	"pfReadM8_A0\000"
ARM GAS  C:\Users\mark6\AppData\Local\Temp\ccXdfoJd.s 			page 39


 1768      61644D38 
 1768      5F413000 
 1769              	.LASF66:
 1770 043b 70665772 		.ascii	"pfWrite32_A0\000"
 1770      69746533 
 1770      325F4130 
 1770      00
 1771              	.LASF52:
 1772 0448 70665772 		.ascii	"pfWriteM8_A0\000"
 1772      6974654D 
 1772      385F4130 
 1772      00
 1773              	.LASF78:
 1774 0455 70436F6E 		.ascii	"pContext\000"
 1774      74657874 
 1774      00
 1775              	.LASF38:
 1776 045e 70664472 		.ascii	"pfDrawBitmap\000"
 1776      61774269 
 1776      746D6170 
 1776      00
 1777              	.LASF3:
 1778 046b 73686F72 		.ascii	"short unsigned int\000"
 1778      7420756E 
 1778      7369676E 
 1778      65642069 
 1778      6E7400
 1779              	.LASF46:
 1780 047e 70664765 		.ascii	"pfGetDevFunc\000"
 1780      74446576 
 1780      46756E63 
 1780      00
 1781              	.LASF76:
 1782 048b 4755495F 		.ascii	"GUI_PORT_API\000"
 1782      504F5254 
 1782      5F415049 
 1782      00
 1783              	.LASF5:
 1784 0498 6C6F6E67 		.ascii	"long unsigned int\000"
 1784      20756E73 
 1784      69676E65 
 1784      6420696E 
 1784      7400
 1785              	.LASF12:
 1786 04aa 646F7562 		.ascii	"double\000"
 1786      6C6500
 1787              	.LASF50:
 1788 04b1 70665772 		.ascii	"pfWrite8_A0\000"
 1788      69746538 
 1788      5F413000 
 1789              	.LASF51:
 1790 04bd 70665772 		.ascii	"pfWrite8_A1\000"
 1790      69746538 
 1790      5F413100 
 1791              	.LASF67:
 1792 04c9 70665772 		.ascii	"pfWrite32_A1\000"
 1792      69746533 
ARM GAS  C:\Users\mark6\AppData\Local\Temp\ccXdfoJd.s 			page 40


 1792      325F4131 
 1792      00
 1793              	.LASF95:
 1794 04d6 5F496E69 		.ascii	"_InitController\000"
 1794      74436F6E 
 1794      74726F6C 
 1794      6C657200 
 1795              	.LASF70:
 1796 04e6 70665265 		.ascii	"pfRead32_A0\000"
 1796      61643332 
 1796      5F413000 
 1797              	.LASF93:
 1798 04f2 2E5C4C43 		.ascii	".\\LCDConf.c\000"
 1798      44436F6E 
 1798      662E6300 
 1799              	.LASF75:
 1800 04fe 7066466C 		.ascii	"pfFlushBuffer\000"
 1800      75736842 
 1800      75666665 
 1800      7200
 1801              	.LASF9:
 1802 050c 5F5F696E 		.ascii	"__int32_t\000"
 1802      7433325F 
 1802      7400
 1803              	.LASF54:
 1804 0516 70665265 		.ascii	"pfRead8_A0\000"
 1804      6164385F 
 1804      413000
 1805              	.LASF55:
 1806 0521 70665265 		.ascii	"pfRead8_A1\000"
 1806      6164385F 
 1806      413100
 1807              	.LASF44:
 1808 052c 7066586F 		.ascii	"pfXorPixel\000"
 1808      72506978 
 1808      656C00
 1809              	.LASF45:
 1810 0537 70665365 		.ascii	"pfSetOrg\000"
 1810      744F7267 
 1810      00
 1811              	.LASF58:
 1812 0540 70665772 		.ascii	"pfWrite16_A0\000"
 1812      69746531 
 1812      365F4130 
 1812      00
 1813              	.LASF59:
 1814 054d 70665772 		.ascii	"pfWrite16_A1\000"
 1814      69746531 
 1814      365F4131 
 1814      00
 1815              	.LASF20:
 1816 055a 744C4344 		.ascii	"tLCDDEV_Index2ColorBulk\000"
 1816      4445565F 
 1816      496E6465 
 1816      7832436F 
 1816      6C6F7242 
 1817              	.LASF17:
ARM GAS  C:\Users\mark6\AppData\Local\Temp\ccXdfoJd.s 			page 41


 1818 0572 744C4344 		.ascii	"tLCDDEV_Index2Color\000"
 1818      4445565F 
 1818      496E6465 
 1818      7832436F 
 1818      6C6F7200 
 1819              	.LASF89:
 1820 0586 49544D5F 		.ascii	"ITM_RxBuffer\000"
 1820      52784275 
 1820      66666572 
 1820      00
 1821              	.LASF80:
 1822 0593 46697273 		.ascii	"FirstCOM\000"
 1822      74434F4D 
 1822      00
 1823              	.LASF84:
 1824 059c 434F4E46 		.ascii	"CONFIG_FLEXCOLOR\000"
 1824      49475F46 
 1824      4C455843 
 1824      4F4C4F52 
 1824      00
 1825              	.LASF85:
 1826 05ad 70446576 		.ascii	"pDevice\000"
 1826      69636500 
 1827              	.LASF47:
 1828 05b5 70664765 		.ascii	"pfGetDevProp\000"
 1828      74446576 
 1828      50726F70 
 1828      00
 1829              	.LASF18:
 1830 05c2 744C4344 		.ascii	"tLCDDEV_Color2Index\000"
 1830      4445565F 
 1830      436F6C6F 
 1830      7232496E 
 1830      64657800 
 1831              		.ident	"GCC: (GNU Tools for ARM Embedded Processors) 4.9.3 20150303 (release) [ARM/embedded-4_9-br
