ARM GAS  C:\Users\mark6\AppData\Local\Temp\ccR6h6ot.s 			page 1


   1              		.syntax unified
   2              		.cpu cortex-m3
   3              		.fpu softvfp
   4              		.eabi_attribute 20, 1
   5              		.eabi_attribute 21, 1
   6              		.eabi_attribute 23, 3
   7              		.eabi_attribute 24, 1
   8              		.eabi_attribute 25, 1
   9              		.eabi_attribute 26, 1
  10              		.eabi_attribute 30, 6
  11              		.eabi_attribute 34, 1
  12              		.eabi_attribute 18, 4
  13              		.thumb
  14              		.file	"tft.c"
  15              		.text
  16              	.Ltext0:
  17              		.cfi_sections	.debug_frame
  18              		.section	.text.write8_a0,"ax",%progbits
  19              		.align	2
  20              		.global	write8_a0
  21              		.thumb
  22              		.thumb_func
  23              		.type	write8_a0, %function
  24              	write8_a0:
  25              	.LFB63:
  26              		.file 1 ".\\tft.c"
   1:.\tft.c       **** /* ========================================
   2:.\tft.c       ****  *
   3:.\tft.c       ****  * Copyright YOUR COMPANY, THE YEAR
   4:.\tft.c       ****  * All Rights Reserved
   5:.\tft.c       ****  * UNPUBLISHED, LICENSED SOFTWARE.
   6:.\tft.c       ****  *
   7:.\tft.c       ****  * CONFIDENTIAL AND PROPRIETARY INFORMATION
   8:.\tft.c       ****  * WHICH IS THE PROPERTY OF your company.
   9:.\tft.c       ****  *
  10:.\tft.c       ****  * ========================================
  11:.\tft.c       **** */
  12:.\tft.c       **** #include "tft.h"
  13:.\tft.c       **** 
  14:.\tft.c       **** //==============================================================
  15:.\tft.c       **** // write8_a0()
  16:.\tft.c       **** // writes an 8-bit value to the TFT with the D/C line low
  17:.\tft.c       **** //
  18:.\tft.c       **** // Arguments:
  19:.\tft.c       **** //      data - 8-bit value
  20:.\tft.c       **** //==============================================================
  21:.\tft.c       **** void write8_a0(uint8 data)
  22:.\tft.c       **** {
  27              		.loc 1 22 0
  28              		.cfi_startproc
  29              		@ args = 0, pretend = 0, frame = 8
  30              		@ frame_needed = 1, uses_anonymous_args = 0
  31 0000 80B5     		push	{r7, lr}
  32              		.cfi_def_cfa_offset 8
  33              		.cfi_offset 7, -8
  34              		.cfi_offset 14, -4
  35 0002 82B0     		sub	sp, sp, #8
ARM GAS  C:\Users\mark6\AppData\Local\Temp\ccR6h6ot.s 			page 2


  36              		.cfi_def_cfa_offset 16
  37 0004 00AF     		add	r7, sp, #0
  38              		.cfi_def_cfa_register 7
  39 0006 0346     		mov	r3, r0
  40 0008 FB71     		strb	r3, [r7, #7]
  23:.\tft.c       **** 	DC_Write(0x00); 						        // set DC line low
  41              		.loc 1 23 0
  42 000a 0020     		movs	r0, #0
  43 000c FFF7FEFF 		bl	DC_Write
  24:.\tft.c       ****     SPIM_1_WriteTxData(data);         		        // send data to transmit buffer
  44              		.loc 1 24 0
  45 0010 FB79     		ldrb	r3, [r7, #7]	@ zero_extendqisi2
  46 0012 1846     		mov	r0, r3
  47 0014 FFF7FEFF 		bl	SPIM_1_WriteTxData
  25:.\tft.c       ****     while (!(SPIM_1_ReadTxStatus() & 0x01)){};	    // wait for data to be sent
  48              		.loc 1 25 0
  49 0018 00BF     		nop
  50              	.L2:
  51              		.loc 1 25 0 is_stmt 0 discriminator 1
  52 001a FFF7FEFF 		bl	SPIM_1_ReadTxStatus
  53 001e 0346     		mov	r3, r0
  54 0020 03F00103 		and	r3, r3, #1
  55 0024 002B     		cmp	r3, #0
  56 0026 F8D0     		beq	.L2
  26:.\tft.c       **** }
  57              		.loc 1 26 0 is_stmt 1
  58 0028 0837     		adds	r7, r7, #8
  59              		.cfi_def_cfa_offset 8
  60 002a BD46     		mov	sp, r7
  61              		.cfi_def_cfa_register 13
  62              		@ sp needed
  63 002c 80BD     		pop	{r7, pc}
  64              		.cfi_endproc
  65              	.LFE63:
  66              		.size	write8_a0, .-write8_a0
  67 002e 00BF     		.section	.text.write8_a1,"ax",%progbits
  68              		.align	2
  69              		.global	write8_a1
  70              		.thumb
  71              		.thumb_func
  72              		.type	write8_a1, %function
  73              	write8_a1:
  74              	.LFB64:
  27:.\tft.c       **** 
  28:.\tft.c       **** //==============================================================
  29:.\tft.c       **** // write8_a1()
  30:.\tft.c       **** // writes an 8-bit value to the TFT with the D/C line high
  31:.\tft.c       **** //
  32:.\tft.c       **** // Arguments:
  33:.\tft.c       **** //      data - 8-bit value
  34:.\tft.c       **** //==============================================================
  35:.\tft.c       **** void write8_a1(uint8 data)
  36:.\tft.c       **** {
  75              		.loc 1 36 0
  76              		.cfi_startproc
  77              		@ args = 0, pretend = 0, frame = 8
  78              		@ frame_needed = 1, uses_anonymous_args = 0
ARM GAS  C:\Users\mark6\AppData\Local\Temp\ccR6h6ot.s 			page 3


  79 0000 80B5     		push	{r7, lr}
  80              		.cfi_def_cfa_offset 8
  81              		.cfi_offset 7, -8
  82              		.cfi_offset 14, -4
  83 0002 82B0     		sub	sp, sp, #8
  84              		.cfi_def_cfa_offset 16
  85 0004 00AF     		add	r7, sp, #0
  86              		.cfi_def_cfa_register 7
  87 0006 0346     		mov	r3, r0
  88 0008 FB71     		strb	r3, [r7, #7]
  37:.\tft.c       **** 	DC_Write(0x01); 						        // set DC line high
  89              		.loc 1 37 0
  90 000a 0120     		movs	r0, #1
  91 000c FFF7FEFF 		bl	DC_Write
  38:.\tft.c       ****     SPIM_1_WriteTxData(data);                       // send data to transmit buffer
  92              		.loc 1 38 0
  93 0010 FB79     		ldrb	r3, [r7, #7]	@ zero_extendqisi2
  94 0012 1846     		mov	r0, r3
  95 0014 FFF7FEFF 		bl	SPIM_1_WriteTxData
  39:.\tft.c       ****     while (!(SPIM_1_ReadTxStatus() & 0x01)){};	    // wait for data to be sent
  96              		.loc 1 39 0
  97 0018 00BF     		nop
  98              	.L4:
  99              		.loc 1 39 0 is_stmt 0 discriminator 1
 100 001a FFF7FEFF 		bl	SPIM_1_ReadTxStatus
 101 001e 0346     		mov	r3, r0
 102 0020 03F00103 		and	r3, r3, #1
 103 0024 002B     		cmp	r3, #0
 104 0026 F8D0     		beq	.L4
  40:.\tft.c       **** }
 105              		.loc 1 40 0 is_stmt 1
 106 0028 0837     		adds	r7, r7, #8
 107              		.cfi_def_cfa_offset 8
 108 002a BD46     		mov	sp, r7
 109              		.cfi_def_cfa_register 13
 110              		@ sp needed
 111 002c 80BD     		pop	{r7, pc}
 112              		.cfi_endproc
 113              	.LFE64:
 114              		.size	write8_a1, .-write8_a1
 115 002e 00BF     		.section	.text.writeM8_a1,"ax",%progbits
 116              		.align	2
 117              		.global	writeM8_a1
 118              		.thumb
 119              		.thumb_func
 120              		.type	writeM8_a1, %function
 121              	writeM8_a1:
 122              	.LFB65:
  41:.\tft.c       **** 
  42:.\tft.c       **** //==============================================================
  43:.\tft.c       **** // writeM8_a1()
  44:.\tft.c       **** // writes multiple bytes to the TFT with the D/C line high
  45:.\tft.c       **** //
  46:.\tft.c       **** // Arguments:
  47:.\tft.c       **** //      pData - pointer to an array of 8-bit data values
  48:.\tft.c       **** //      N - the size of the array *pData
  49:.\tft.c       **** //==============================================================
ARM GAS  C:\Users\mark6\AppData\Local\Temp\ccR6h6ot.s 			page 4


  50:.\tft.c       **** void writeM8_a1(uint8 *pData, int N)
  51:.\tft.c       **** {
 123              		.loc 1 51 0
 124              		.cfi_startproc
 125              		@ args = 0, pretend = 0, frame = 16
 126              		@ frame_needed = 1, uses_anonymous_args = 0
 127 0000 80B5     		push	{r7, lr}
 128              		.cfi_def_cfa_offset 8
 129              		.cfi_offset 7, -8
 130              		.cfi_offset 14, -4
 131 0002 84B0     		sub	sp, sp, #16
 132              		.cfi_def_cfa_offset 24
 133 0004 00AF     		add	r7, sp, #0
 134              		.cfi_def_cfa_register 7
 135 0006 7860     		str	r0, [r7, #4]
 136 0008 3960     		str	r1, [r7]
  52:.\tft.c       **** 	DC_Write(0x01); 						        // set DC line high
 137              		.loc 1 52 0
 138 000a 0120     		movs	r0, #1
 139 000c FFF7FEFF 		bl	DC_Write
  53:.\tft.c       ****     int i;
  54:.\tft.c       ****     for (i=0; i<N; i++)
 140              		.loc 1 54 0
 141 0010 0023     		movs	r3, #0
 142 0012 FB60     		str	r3, [r7, #12]
 143 0014 11E0     		b	.L6
 144              	.L8:
  55:.\tft.c       ****     {
  56:.\tft.c       ****         SPIM_1_WriteTxData(pData[i]);               // send data to transmit buffer
 145              		.loc 1 56 0
 146 0016 FB68     		ldr	r3, [r7, #12]
 147 0018 7A68     		ldr	r2, [r7, #4]
 148 001a 1344     		add	r3, r3, r2
 149 001c 1B78     		ldrb	r3, [r3]	@ zero_extendqisi2
 150 001e 1846     		mov	r0, r3
 151 0020 FFF7FEFF 		bl	SPIM_1_WriteTxData
  57:.\tft.c       ****         while (!(SPIM_1_ReadTxStatus() & 0x01)){};  // wait for data to be sent
 152              		.loc 1 57 0
 153 0024 00BF     		nop
 154              	.L7:
 155              		.loc 1 57 0 is_stmt 0 discriminator 1
 156 0026 FFF7FEFF 		bl	SPIM_1_ReadTxStatus
 157 002a 0346     		mov	r3, r0
 158 002c 03F00103 		and	r3, r3, #1
 159 0030 002B     		cmp	r3, #0
 160 0032 F8D0     		beq	.L7
  54:.\tft.c       ****     {
 161              		.loc 1 54 0 is_stmt 1 discriminator 2
 162 0034 FB68     		ldr	r3, [r7, #12]
 163 0036 0133     		adds	r3, r3, #1
 164 0038 FB60     		str	r3, [r7, #12]
 165              	.L6:
  54:.\tft.c       ****     {
 166              		.loc 1 54 0 is_stmt 0 discriminator 1
 167 003a FA68     		ldr	r2, [r7, #12]
 168 003c 3B68     		ldr	r3, [r7]
 169 003e 9A42     		cmp	r2, r3
ARM GAS  C:\Users\mark6\AppData\Local\Temp\ccR6h6ot.s 			page 5


 170 0040 E9DB     		blt	.L8
  58:.\tft.c       ****     }
  59:.\tft.c       **** }
 171              		.loc 1 59 0 is_stmt 1
 172 0042 1037     		adds	r7, r7, #16
 173              		.cfi_def_cfa_offset 8
 174 0044 BD46     		mov	sp, r7
 175              		.cfi_def_cfa_register 13
 176              		@ sp needed
 177 0046 80BD     		pop	{r7, pc}
 178              		.cfi_endproc
 179              	.LFE65:
 180              		.size	writeM8_a1, .-writeM8_a1
 181              		.section	.text.read8_a1,"ax",%progbits
 182              		.align	2
 183              		.global	read8_a1
 184              		.thumb
 185              		.thumb_func
 186              		.type	read8_a1, %function
 187              	read8_a1:
 188              	.LFB66:
  60:.\tft.c       **** 
  61:.\tft.c       **** //==============================================================
  62:.\tft.c       **** // read8_a1()
  63:.\tft.c       **** // reads an 8-bit value to the TFT with the D/C line high
  64:.\tft.c       **** //==============================================================
  65:.\tft.c       **** uint8 read8_a1(void)
  66:.\tft.c       **** {
 189              		.loc 1 66 0
 190              		.cfi_startproc
 191              		@ args = 0, pretend = 0, frame = 0
 192              		@ frame_needed = 1, uses_anonymous_args = 0
 193              		@ link register save eliminated.
 194 0000 80B4     		push	{r7}
 195              		.cfi_def_cfa_offset 4
 196              		.cfi_offset 7, -4
 197 0002 00AF     		add	r7, sp, #0
 198              		.cfi_def_cfa_register 7
 199              	.L10:
  67:.\tft.c       **** 	for (;;) {}                                     // read function not implemented
 200              		.loc 1 67 0 discriminator 1
 201 0004 FEE7     		b	.L10
 202              		.cfi_endproc
 203              	.LFE66:
 204              		.size	read8_a1, .-read8_a1
 205 0006 00BF     		.section	.text.readM8_a1,"ax",%progbits
 206              		.align	2
 207              		.global	readM8_a1
 208              		.thumb
 209              		.thumb_func
 210              		.type	readM8_a1, %function
 211              	readM8_a1:
 212              	.LFB67:
  68:.\tft.c       **** };
  69:.\tft.c       **** 
  70:.\tft.c       **** //==============================================================
  71:.\tft.c       **** // readM8_a1()
ARM GAS  C:\Users\mark6\AppData\Local\Temp\ccR6h6ot.s 			page 6


  72:.\tft.c       **** // reads multple 8-bit values from the TFT with the D/C line high
  73:.\tft.c       **** //
  74:.\tft.c       **** // Arguments:
  75:.\tft.c       **** //      pData - an array where the read values we be stored
  76:.\tft.c       **** //      N - the number of values that will be read (also size of 
  77:.\tft.c       **** //          the array pData)
  78:.\tft.c       **** //==============================================================
  79:.\tft.c       **** void readM8_a1(uint8 *pData, int N)
  80:.\tft.c       **** {
 213              		.loc 1 80 0
 214              		.cfi_startproc
 215              		@ args = 0, pretend = 0, frame = 8
 216              		@ frame_needed = 1, uses_anonymous_args = 0
 217              		@ link register save eliminated.
 218 0000 80B4     		push	{r7}
 219              		.cfi_def_cfa_offset 4
 220              		.cfi_offset 7, -4
 221 0002 83B0     		sub	sp, sp, #12
 222              		.cfi_def_cfa_offset 16
 223 0004 00AF     		add	r7, sp, #0
 224              		.cfi_def_cfa_register 7
 225 0006 7860     		str	r0, [r7, #4]
 226 0008 3960     		str	r1, [r7]
 227              	.L12:
  81:.\tft.c       **** 	for (;;) {}                                     // read function not implemented
 228              		.loc 1 81 0 discriminator 1
 229 000a FEE7     		b	.L12
 230              		.cfi_endproc
 231              	.LFE67:
 232              		.size	readM8_a1, .-readM8_a1
 233              		.section	.text.tftStart,"ax",%progbits
 234              		.align	2
 235              		.global	tftStart
 236              		.thumb
 237              		.thumb_func
 238              		.type	tftStart, %function
 239              	tftStart:
 240              	.LFB68:
  82:.\tft.c       **** }
  83:.\tft.c       **** 
  84:.\tft.c       **** //==============================================================
  85:.\tft.c       **** // tftStart()
  86:.\tft.c       **** // this function must be called to initializes the TFT
  87:.\tft.c       **** //==============================================================
  88:.\tft.c       **** void tftStart(void)
  89:.\tft.c       **** {
 241              		.loc 1 89 0
 242              		.cfi_startproc
 243              		@ args = 0, pretend = 0, frame = 0
 244              		@ frame_needed = 1, uses_anonymous_args = 0
 245 0000 80B5     		push	{r7, lr}
 246              		.cfi_def_cfa_offset 8
 247              		.cfi_offset 7, -8
 248              		.cfi_offset 14, -4
 249 0002 00AF     		add	r7, sp, #0
 250              		.cfi_def_cfa_register 7
  90:.\tft.c       ****     write8_a0(0x01);         			// send Software Reset Command (must wait at least 5ms after comman
ARM GAS  C:\Users\mark6\AppData\Local\Temp\ccR6h6ot.s 			page 7


 251              		.loc 1 90 0
 252 0004 0120     		movs	r0, #1
 253 0006 FFF7FEFF 		bl	write8_a0
  91:.\tft.c       ****     CyDelay(10);
 254              		.loc 1 91 0
 255 000a 0A20     		movs	r0, #10
 256 000c FFF7FEFF 		bl	CyDelay
  92:.\tft.c       ****     write8_a0(0x36);         			// send Memory Access Control command
 257              		.loc 1 92 0
 258 0010 3620     		movs	r0, #54
 259 0012 FFF7FEFF 		bl	write8_a0
  93:.\tft.c       **** 	write8_a1(0x88);
 260              		.loc 1 93 0
 261 0016 8820     		movs	r0, #136
 262 0018 FFF7FEFF 		bl	write8_a1
  94:.\tft.c       ****     write8_a0(0x3A);         			// send COLMOD: Pixel Format Set command
 263              		.loc 1 94 0
 264 001c 3A20     		movs	r0, #58
 265 001e FFF7FEFF 		bl	write8_a0
  95:.\tft.c       ****     write8_a1(0x55);
 266              		.loc 1 95 0
 267 0022 5520     		movs	r0, #85
 268 0024 FFF7FEFF 		bl	write8_a1
  96:.\tft.c       ****     write8_a0(0x11);         			// send Sleep Out command
 269              		.loc 1 96 0
 270 0028 1120     		movs	r0, #17
 271 002a FFF7FEFF 		bl	write8_a0
  97:.\tft.c       ****     write8_a0(0x29);         			// send Display ON command
 272              		.loc 1 97 0
 273 002e 2920     		movs	r0, #41
 274 0030 FFF7FEFF 		bl	write8_a0
  98:.\tft.c       ****     CyDelay(250);            			// delay to allow all changes to take effect	
 275              		.loc 1 98 0
 276 0034 FA20     		movs	r0, #250
 277 0036 FFF7FEFF 		bl	CyDelay
  99:.\tft.c       **** }
 278              		.loc 1 99 0
 279 003a 80BD     		pop	{r7, pc}
 280              		.cfi_endproc
 281              	.LFE68:
 282              		.size	tftStart, .-tftStart
 283              		.text
 284              	.Letext0:
 285              		.file 2 "c:\\program files (x86)\\cypress\\psoc creator\\3.3\\psoc creator\\import\\gnu\\arm\\4.9.
 286              		.file 3 "c:\\program files (x86)\\cypress\\psoc creator\\3.3\\psoc creator\\import\\gnu\\arm\\4.9.
 287              		.file 4 "Generated_Source\\PSoC5/cytypes.h"
 288              		.file 5 "Generated_Source\\PSoC5/core_cm3.h"
 289              		.section	.debug_info,"",%progbits
 290              	.Ldebug_info0:
 291 0000 96010000 		.4byte	0x196
 292 0004 0400     		.2byte	0x4
 293 0006 00000000 		.4byte	.Ldebug_abbrev0
 294 000a 04       		.byte	0x4
 295 000b 01       		.uleb128 0x1
 296 000c 14000000 		.4byte	.LASF22
 297 0010 01       		.byte	0x1
 298 0011 AA010000 		.4byte	.LASF23
ARM GAS  C:\Users\mark6\AppData\Local\Temp\ccR6h6ot.s 			page 8


 299 0015 BC000000 		.4byte	.LASF24
 300 0019 00000000 		.4byte	.Ldebug_ranges0+0
 301 001d 00000000 		.4byte	0
 302 0021 00000000 		.4byte	.Ldebug_line0
 303 0025 02       		.uleb128 0x2
 304 0026 01       		.byte	0x1
 305 0027 06       		.byte	0x6
 306 0028 09020000 		.4byte	.LASF0
 307 002c 02       		.uleb128 0x2
 308 002d 01       		.byte	0x1
 309 002e 08       		.byte	0x8
 310 002f 7D010000 		.4byte	.LASF1
 311 0033 02       		.uleb128 0x2
 312 0034 02       		.byte	0x2
 313 0035 05       		.byte	0x5
 314 0036 ED010000 		.4byte	.LASF2
 315 003a 02       		.uleb128 0x2
 316 003b 02       		.byte	0x2
 317 003c 07       		.byte	0x7
 318 003d 5D010000 		.4byte	.LASF3
 319 0041 03       		.uleb128 0x3
 320 0042 00000000 		.4byte	.LASF9
 321 0046 02       		.byte	0x2
 322 0047 3F       		.byte	0x3f
 323 0048 4C000000 		.4byte	0x4c
 324 004c 02       		.uleb128 0x2
 325 004d 04       		.byte	0x4
 326 004e 05       		.byte	0x5
 327 004f 00020000 		.4byte	.LASF4
 328 0053 02       		.uleb128 0x2
 329 0054 04       		.byte	0x4
 330 0055 07       		.byte	0x7
 331 0056 4B010000 		.4byte	.LASF5
 332 005a 02       		.uleb128 0x2
 333 005b 08       		.byte	0x8
 334 005c 05       		.byte	0x5
 335 005d DA010000 		.4byte	.LASF6
 336 0061 02       		.uleb128 0x2
 337 0062 08       		.byte	0x8
 338 0063 07       		.byte	0x7
 339 0064 B2010000 		.4byte	.LASF7
 340 0068 04       		.uleb128 0x4
 341 0069 04       		.byte	0x4
 342 006a 05       		.byte	0x5
 343 006b 696E7400 		.ascii	"int\000"
 344 006f 02       		.uleb128 0x2
 345 0070 04       		.byte	0x4
 346 0071 07       		.byte	0x7
 347 0072 92010000 		.4byte	.LASF8
 348 0076 03       		.uleb128 0x3
 349 0077 C9010000 		.4byte	.LASF10
 350 007b 03       		.byte	0x3
 351 007c 2C       		.byte	0x2c
 352 007d 41000000 		.4byte	0x41
 353 0081 03       		.uleb128 0x3
 354 0082 3C010000 		.4byte	.LASF11
 355 0086 04       		.byte	0x4
ARM GAS  C:\Users\mark6\AppData\Local\Temp\ccR6h6ot.s 			page 9


 356 0087 C2       		.byte	0xc2
 357 0088 2C000000 		.4byte	0x2c
 358 008c 02       		.uleb128 0x2
 359 008d 04       		.byte	0x4
 360 008e 04       		.byte	0x4
 361 008f 31010000 		.4byte	.LASF12
 362 0093 02       		.uleb128 0x2
 363 0094 08       		.byte	0x8
 364 0095 04       		.byte	0x4
 365 0096 8B010000 		.4byte	.LASF13
 366 009a 02       		.uleb128 0x2
 367 009b 01       		.byte	0x1
 368 009c 08       		.byte	0x8
 369 009d E8010000 		.4byte	.LASF14
 370 00a1 02       		.uleb128 0x2
 371 00a2 04       		.byte	0x4
 372 00a3 07       		.byte	0x7
 373 00a4 D1010000 		.4byte	.LASF15
 374 00a8 05       		.uleb128 0x5
 375 00a9 A2000000 		.4byte	.LASF16
 376 00ad 01       		.byte	0x1
 377 00ae 15       		.byte	0x15
 378 00af 00000000 		.4byte	.LFB63
 379 00b3 2E000000 		.4byte	.LFE63-.LFB63
 380 00b7 01       		.uleb128 0x1
 381 00b8 9C       		.byte	0x9c
 382 00b9 CC000000 		.4byte	0xcc
 383 00bd 06       		.uleb128 0x6
 384 00be 37010000 		.4byte	.LASF18
 385 00c2 01       		.byte	0x1
 386 00c3 15       		.byte	0x15
 387 00c4 81000000 		.4byte	0x81
 388 00c8 02       		.uleb128 0x2
 389 00c9 91       		.byte	0x91
 390 00ca 77       		.sleb128 -9
 391 00cb 00       		.byte	0
 392 00cc 05       		.uleb128 0x5
 393 00cd AC000000 		.4byte	.LASF17
 394 00d1 01       		.byte	0x1
 395 00d2 23       		.byte	0x23
 396 00d3 00000000 		.4byte	.LFB64
 397 00d7 2E000000 		.4byte	.LFE64-.LFB64
 398 00db 01       		.uleb128 0x1
 399 00dc 9C       		.byte	0x9c
 400 00dd F0000000 		.4byte	0xf0
 401 00e1 06       		.uleb128 0x6
 402 00e2 37010000 		.4byte	.LASF18
 403 00e6 01       		.byte	0x1
 404 00e7 23       		.byte	0x23
 405 00e8 81000000 		.4byte	0x81
 406 00ec 02       		.uleb128 0x2
 407 00ed 91       		.byte	0x91
 408 00ee 77       		.sleb128 -9
 409 00ef 00       		.byte	0
 410 00f0 05       		.uleb128 0x5
 411 00f1 9F010000 		.4byte	.LASF19
 412 00f5 01       		.byte	0x1
ARM GAS  C:\Users\mark6\AppData\Local\Temp\ccR6h6ot.s 			page 10


 413 00f6 32       		.byte	0x32
 414 00f7 00000000 		.4byte	.LFB65
 415 00fb 48000000 		.4byte	.LFE65-.LFB65
 416 00ff 01       		.uleb128 0x1
 417 0100 9C       		.byte	0x9c
 418 0101 2C010000 		.4byte	0x12c
 419 0105 06       		.uleb128 0x6
 420 0106 B6000000 		.4byte	.LASF20
 421 010a 01       		.byte	0x1
 422 010b 32       		.byte	0x32
 423 010c 2C010000 		.4byte	0x12c
 424 0110 02       		.uleb128 0x2
 425 0111 91       		.byte	0x91
 426 0112 6C       		.sleb128 -20
 427 0113 07       		.uleb128 0x7
 428 0114 4E00     		.ascii	"N\000"
 429 0116 01       		.byte	0x1
 430 0117 32       		.byte	0x32
 431 0118 68000000 		.4byte	0x68
 432 011c 02       		.uleb128 0x2
 433 011d 91       		.byte	0x91
 434 011e 68       		.sleb128 -24
 435 011f 08       		.uleb128 0x8
 436 0120 6900     		.ascii	"i\000"
 437 0122 01       		.byte	0x1
 438 0123 35       		.byte	0x35
 439 0124 68000000 		.4byte	0x68
 440 0128 02       		.uleb128 0x2
 441 0129 91       		.byte	0x91
 442 012a 74       		.sleb128 -12
 443 012b 00       		.byte	0
 444 012c 09       		.uleb128 0x9
 445 012d 04       		.byte	0x4
 446 012e 81000000 		.4byte	0x81
 447 0132 0A       		.uleb128 0xa
 448 0133 42010000 		.4byte	.LASF25
 449 0137 01       		.byte	0x1
 450 0138 41       		.byte	0x41
 451 0139 81000000 		.4byte	0x81
 452 013d 00000000 		.4byte	.LFB66
 453 0141 06000000 		.4byte	.LFE66-.LFB66
 454 0145 01       		.uleb128 0x1
 455 0146 9C       		.byte	0x9c
 456 0147 0B       		.uleb128 0xb
 457 0148 0A000000 		.4byte	.LASF21
 458 014c 01       		.byte	0x1
 459 014d 4F       		.byte	0x4f
 460 014e 00000000 		.4byte	.LFB67
 461 0152 0C000000 		.4byte	.LFE67-.LFB67
 462 0156 01       		.uleb128 0x1
 463 0157 9C       		.byte	0x9c
 464 0158 77010000 		.4byte	0x177
 465 015c 06       		.uleb128 0x6
 466 015d B6000000 		.4byte	.LASF20
 467 0161 01       		.byte	0x1
 468 0162 4F       		.byte	0x4f
 469 0163 2C010000 		.4byte	0x12c
ARM GAS  C:\Users\mark6\AppData\Local\Temp\ccR6h6ot.s 			page 11


 470 0167 02       		.uleb128 0x2
 471 0168 91       		.byte	0x91
 472 0169 74       		.sleb128 -12
 473 016a 07       		.uleb128 0x7
 474 016b 4E00     		.ascii	"N\000"
 475 016d 01       		.byte	0x1
 476 016e 4F       		.byte	0x4f
 477 016f 68000000 		.4byte	0x68
 478 0173 02       		.uleb128 0x2
 479 0174 91       		.byte	0x91
 480 0175 70       		.sleb128 -16
 481 0176 00       		.byte	0
 482 0177 0C       		.uleb128 0xc
 483 0178 F7010000 		.4byte	.LASF26
 484 017c 01       		.byte	0x1
 485 017d 58       		.byte	0x58
 486 017e 00000000 		.4byte	.LFB68
 487 0182 3C000000 		.4byte	.LFE68-.LFB68
 488 0186 01       		.uleb128 0x1
 489 0187 9C       		.byte	0x9c
 490 0188 0D       		.uleb128 0xd
 491 0189 70010000 		.4byte	.LASF27
 492 018d 05       		.byte	0x5
 493 018e 2A06     		.2byte	0x62a
 494 0190 94010000 		.4byte	0x194
 495 0194 0E       		.uleb128 0xe
 496 0195 76000000 		.4byte	0x76
 497 0199 00       		.byte	0
 498              		.section	.debug_abbrev,"",%progbits
 499              	.Ldebug_abbrev0:
 500 0000 01       		.uleb128 0x1
 501 0001 11       		.uleb128 0x11
 502 0002 01       		.byte	0x1
 503 0003 25       		.uleb128 0x25
 504 0004 0E       		.uleb128 0xe
 505 0005 13       		.uleb128 0x13
 506 0006 0B       		.uleb128 0xb
 507 0007 03       		.uleb128 0x3
 508 0008 0E       		.uleb128 0xe
 509 0009 1B       		.uleb128 0x1b
 510 000a 0E       		.uleb128 0xe
 511 000b 55       		.uleb128 0x55
 512 000c 17       		.uleb128 0x17
 513 000d 11       		.uleb128 0x11
 514 000e 01       		.uleb128 0x1
 515 000f 10       		.uleb128 0x10
 516 0010 17       		.uleb128 0x17
 517 0011 00       		.byte	0
 518 0012 00       		.byte	0
 519 0013 02       		.uleb128 0x2
 520 0014 24       		.uleb128 0x24
 521 0015 00       		.byte	0
 522 0016 0B       		.uleb128 0xb
 523 0017 0B       		.uleb128 0xb
 524 0018 3E       		.uleb128 0x3e
 525 0019 0B       		.uleb128 0xb
 526 001a 03       		.uleb128 0x3
ARM GAS  C:\Users\mark6\AppData\Local\Temp\ccR6h6ot.s 			page 12


 527 001b 0E       		.uleb128 0xe
 528 001c 00       		.byte	0
 529 001d 00       		.byte	0
 530 001e 03       		.uleb128 0x3
 531 001f 16       		.uleb128 0x16
 532 0020 00       		.byte	0
 533 0021 03       		.uleb128 0x3
 534 0022 0E       		.uleb128 0xe
 535 0023 3A       		.uleb128 0x3a
 536 0024 0B       		.uleb128 0xb
 537 0025 3B       		.uleb128 0x3b
 538 0026 0B       		.uleb128 0xb
 539 0027 49       		.uleb128 0x49
 540 0028 13       		.uleb128 0x13
 541 0029 00       		.byte	0
 542 002a 00       		.byte	0
 543 002b 04       		.uleb128 0x4
 544 002c 24       		.uleb128 0x24
 545 002d 00       		.byte	0
 546 002e 0B       		.uleb128 0xb
 547 002f 0B       		.uleb128 0xb
 548 0030 3E       		.uleb128 0x3e
 549 0031 0B       		.uleb128 0xb
 550 0032 03       		.uleb128 0x3
 551 0033 08       		.uleb128 0x8
 552 0034 00       		.byte	0
 553 0035 00       		.byte	0
 554 0036 05       		.uleb128 0x5
 555 0037 2E       		.uleb128 0x2e
 556 0038 01       		.byte	0x1
 557 0039 3F       		.uleb128 0x3f
 558 003a 19       		.uleb128 0x19
 559 003b 03       		.uleb128 0x3
 560 003c 0E       		.uleb128 0xe
 561 003d 3A       		.uleb128 0x3a
 562 003e 0B       		.uleb128 0xb
 563 003f 3B       		.uleb128 0x3b
 564 0040 0B       		.uleb128 0xb
 565 0041 27       		.uleb128 0x27
 566 0042 19       		.uleb128 0x19
 567 0043 11       		.uleb128 0x11
 568 0044 01       		.uleb128 0x1
 569 0045 12       		.uleb128 0x12
 570 0046 06       		.uleb128 0x6
 571 0047 40       		.uleb128 0x40
 572 0048 18       		.uleb128 0x18
 573 0049 9642     		.uleb128 0x2116
 574 004b 19       		.uleb128 0x19
 575 004c 01       		.uleb128 0x1
 576 004d 13       		.uleb128 0x13
 577 004e 00       		.byte	0
 578 004f 00       		.byte	0
 579 0050 06       		.uleb128 0x6
 580 0051 05       		.uleb128 0x5
 581 0052 00       		.byte	0
 582 0053 03       		.uleb128 0x3
 583 0054 0E       		.uleb128 0xe
ARM GAS  C:\Users\mark6\AppData\Local\Temp\ccR6h6ot.s 			page 13


 584 0055 3A       		.uleb128 0x3a
 585 0056 0B       		.uleb128 0xb
 586 0057 3B       		.uleb128 0x3b
 587 0058 0B       		.uleb128 0xb
 588 0059 49       		.uleb128 0x49
 589 005a 13       		.uleb128 0x13
 590 005b 02       		.uleb128 0x2
 591 005c 18       		.uleb128 0x18
 592 005d 00       		.byte	0
 593 005e 00       		.byte	0
 594 005f 07       		.uleb128 0x7
 595 0060 05       		.uleb128 0x5
 596 0061 00       		.byte	0
 597 0062 03       		.uleb128 0x3
 598 0063 08       		.uleb128 0x8
 599 0064 3A       		.uleb128 0x3a
 600 0065 0B       		.uleb128 0xb
 601 0066 3B       		.uleb128 0x3b
 602 0067 0B       		.uleb128 0xb
 603 0068 49       		.uleb128 0x49
 604 0069 13       		.uleb128 0x13
 605 006a 02       		.uleb128 0x2
 606 006b 18       		.uleb128 0x18
 607 006c 00       		.byte	0
 608 006d 00       		.byte	0
 609 006e 08       		.uleb128 0x8
 610 006f 34       		.uleb128 0x34
 611 0070 00       		.byte	0
 612 0071 03       		.uleb128 0x3
 613 0072 08       		.uleb128 0x8
 614 0073 3A       		.uleb128 0x3a
 615 0074 0B       		.uleb128 0xb
 616 0075 3B       		.uleb128 0x3b
 617 0076 0B       		.uleb128 0xb
 618 0077 49       		.uleb128 0x49
 619 0078 13       		.uleb128 0x13
 620 0079 02       		.uleb128 0x2
 621 007a 18       		.uleb128 0x18
 622 007b 00       		.byte	0
 623 007c 00       		.byte	0
 624 007d 09       		.uleb128 0x9
 625 007e 0F       		.uleb128 0xf
 626 007f 00       		.byte	0
 627 0080 0B       		.uleb128 0xb
 628 0081 0B       		.uleb128 0xb
 629 0082 49       		.uleb128 0x49
 630 0083 13       		.uleb128 0x13
 631 0084 00       		.byte	0
 632 0085 00       		.byte	0
 633 0086 0A       		.uleb128 0xa
 634 0087 2E       		.uleb128 0x2e
 635 0088 00       		.byte	0
 636 0089 3F       		.uleb128 0x3f
 637 008a 19       		.uleb128 0x19
 638 008b 03       		.uleb128 0x3
 639 008c 0E       		.uleb128 0xe
 640 008d 3A       		.uleb128 0x3a
ARM GAS  C:\Users\mark6\AppData\Local\Temp\ccR6h6ot.s 			page 14


 641 008e 0B       		.uleb128 0xb
 642 008f 3B       		.uleb128 0x3b
 643 0090 0B       		.uleb128 0xb
 644 0091 27       		.uleb128 0x27
 645 0092 19       		.uleb128 0x19
 646 0093 49       		.uleb128 0x49
 647 0094 13       		.uleb128 0x13
 648 0095 11       		.uleb128 0x11
 649 0096 01       		.uleb128 0x1
 650 0097 12       		.uleb128 0x12
 651 0098 06       		.uleb128 0x6
 652 0099 40       		.uleb128 0x40
 653 009a 18       		.uleb128 0x18
 654 009b 9742     		.uleb128 0x2117
 655 009d 19       		.uleb128 0x19
 656 009e 00       		.byte	0
 657 009f 00       		.byte	0
 658 00a0 0B       		.uleb128 0xb
 659 00a1 2E       		.uleb128 0x2e
 660 00a2 01       		.byte	0x1
 661 00a3 3F       		.uleb128 0x3f
 662 00a4 19       		.uleb128 0x19
 663 00a5 03       		.uleb128 0x3
 664 00a6 0E       		.uleb128 0xe
 665 00a7 3A       		.uleb128 0x3a
 666 00a8 0B       		.uleb128 0xb
 667 00a9 3B       		.uleb128 0x3b
 668 00aa 0B       		.uleb128 0xb
 669 00ab 27       		.uleb128 0x27
 670 00ac 19       		.uleb128 0x19
 671 00ad 11       		.uleb128 0x11
 672 00ae 01       		.uleb128 0x1
 673 00af 12       		.uleb128 0x12
 674 00b0 06       		.uleb128 0x6
 675 00b1 40       		.uleb128 0x40
 676 00b2 18       		.uleb128 0x18
 677 00b3 9742     		.uleb128 0x2117
 678 00b5 19       		.uleb128 0x19
 679 00b6 01       		.uleb128 0x1
 680 00b7 13       		.uleb128 0x13
 681 00b8 00       		.byte	0
 682 00b9 00       		.byte	0
 683 00ba 0C       		.uleb128 0xc
 684 00bb 2E       		.uleb128 0x2e
 685 00bc 00       		.byte	0
 686 00bd 3F       		.uleb128 0x3f
 687 00be 19       		.uleb128 0x19
 688 00bf 03       		.uleb128 0x3
 689 00c0 0E       		.uleb128 0xe
 690 00c1 3A       		.uleb128 0x3a
 691 00c2 0B       		.uleb128 0xb
 692 00c3 3B       		.uleb128 0x3b
 693 00c4 0B       		.uleb128 0xb
 694 00c5 27       		.uleb128 0x27
 695 00c6 19       		.uleb128 0x19
 696 00c7 11       		.uleb128 0x11
 697 00c8 01       		.uleb128 0x1
ARM GAS  C:\Users\mark6\AppData\Local\Temp\ccR6h6ot.s 			page 15


 698 00c9 12       		.uleb128 0x12
 699 00ca 06       		.uleb128 0x6
 700 00cb 40       		.uleb128 0x40
 701 00cc 18       		.uleb128 0x18
 702 00cd 9642     		.uleb128 0x2116
 703 00cf 19       		.uleb128 0x19
 704 00d0 00       		.byte	0
 705 00d1 00       		.byte	0
 706 00d2 0D       		.uleb128 0xd
 707 00d3 34       		.uleb128 0x34
 708 00d4 00       		.byte	0
 709 00d5 03       		.uleb128 0x3
 710 00d6 0E       		.uleb128 0xe
 711 00d7 3A       		.uleb128 0x3a
 712 00d8 0B       		.uleb128 0xb
 713 00d9 3B       		.uleb128 0x3b
 714 00da 05       		.uleb128 0x5
 715 00db 49       		.uleb128 0x49
 716 00dc 13       		.uleb128 0x13
 717 00dd 3F       		.uleb128 0x3f
 718 00de 19       		.uleb128 0x19
 719 00df 3C       		.uleb128 0x3c
 720 00e0 19       		.uleb128 0x19
 721 00e1 00       		.byte	0
 722 00e2 00       		.byte	0
 723 00e3 0E       		.uleb128 0xe
 724 00e4 35       		.uleb128 0x35
 725 00e5 00       		.byte	0
 726 00e6 49       		.uleb128 0x49
 727 00e7 13       		.uleb128 0x13
 728 00e8 00       		.byte	0
 729 00e9 00       		.byte	0
 730 00ea 00       		.byte	0
 731              		.section	.debug_aranges,"",%progbits
 732 0000 44000000 		.4byte	0x44
 733 0004 0200     		.2byte	0x2
 734 0006 00000000 		.4byte	.Ldebug_info0
 735 000a 04       		.byte	0x4
 736 000b 00       		.byte	0
 737 000c 0000     		.2byte	0
 738 000e 0000     		.2byte	0
 739 0010 00000000 		.4byte	.LFB63
 740 0014 2E000000 		.4byte	.LFE63-.LFB63
 741 0018 00000000 		.4byte	.LFB64
 742 001c 2E000000 		.4byte	.LFE64-.LFB64
 743 0020 00000000 		.4byte	.LFB65
 744 0024 48000000 		.4byte	.LFE65-.LFB65
 745 0028 00000000 		.4byte	.LFB66
 746 002c 06000000 		.4byte	.LFE66-.LFB66
 747 0030 00000000 		.4byte	.LFB67
 748 0034 0C000000 		.4byte	.LFE67-.LFB67
 749 0038 00000000 		.4byte	.LFB68
 750 003c 3C000000 		.4byte	.LFE68-.LFB68
 751 0040 00000000 		.4byte	0
 752 0044 00000000 		.4byte	0
 753              		.section	.debug_ranges,"",%progbits
 754              	.Ldebug_ranges0:
ARM GAS  C:\Users\mark6\AppData\Local\Temp\ccR6h6ot.s 			page 16


 755 0000 00000000 		.4byte	.LFB63
 756 0004 2E000000 		.4byte	.LFE63
 757 0008 00000000 		.4byte	.LFB64
 758 000c 2E000000 		.4byte	.LFE64
 759 0010 00000000 		.4byte	.LFB65
 760 0014 48000000 		.4byte	.LFE65
 761 0018 00000000 		.4byte	.LFB66
 762 001c 06000000 		.4byte	.LFE66
 763 0020 00000000 		.4byte	.LFB67
 764 0024 0C000000 		.4byte	.LFE67
 765 0028 00000000 		.4byte	.LFB68
 766 002c 3C000000 		.4byte	.LFE68
 767 0030 00000000 		.4byte	0
 768 0034 00000000 		.4byte	0
 769              		.section	.debug_line,"",%progbits
 770              	.Ldebug_line0:
 771 0000 ED010000 		.section	.debug_str,"MS",%progbits,1
 771      02004801 
 771      00000201 
 771      FB0E0D00 
 771      01010101 
 772              	.LASF9:
 773 0000 5F5F696E 		.ascii	"__int32_t\000"
 773      7433325F 
 773      7400
 774              	.LASF21:
 775 000a 72656164 		.ascii	"readM8_a1\000"
 775      4D385F61 
 775      3100
 776              	.LASF22:
 777 0014 474E5520 		.ascii	"GNU C 4.9.3 20150303 (release) [ARM/embedded-4_9-br"
 777      4320342E 
 777      392E3320 
 777      32303135 
 777      30333033 
 778 0047 616E6368 		.ascii	"anch revision 221220] -mcpu=cortex-m3 -mthumb -g -O"
 778      20726576 
 778      6973696F 
 778      6E203232 
 778      31323230 
 779 007a 30202D66 		.ascii	"0 -ffunction-sections -ffat-lto-objects\000"
 779      66756E63 
 779      74696F6E 
 779      2D736563 
 779      74696F6E 
 780              	.LASF16:
 781 00a2 77726974 		.ascii	"write8_a0\000"
 781      65385F61 
 781      3000
 782              	.LASF17:
 783 00ac 77726974 		.ascii	"write8_a1\000"
 783      65385F61 
 783      3100
 784              	.LASF20:
 785 00b6 70446174 		.ascii	"pData\000"
 785      6100
 786              	.LASF24:
ARM GAS  C:\Users\mark6\AppData\Local\Temp\ccR6h6ot.s 			page 17


 787 00bc 433A5C55 		.ascii	"C:\\Users\\mark6\\Google Drive\\College-MIT\\S6Spri"
 787      73657273 
 787      5C6D6172 
 787      6B365C47 
 787      6F6F676C 
 788 00ea 6E673230 		.ascii	"ng2020\\6.115\\FinalProject\\BunkerKnowledge\\PSoC_"
 788      32305C36 
 788      2E313135 
 788      5C46696E 
 788      616C5072 
 789 0119 355F4669 		.ascii	"5_Files\\Processor.cydsn\000"
 789      6C65735C 
 789      50726F63 
 789      6573736F 
 789      722E6379 
 790              	.LASF12:
 791 0131 666C6F61 		.ascii	"float\000"
 791      7400
 792              	.LASF18:
 793 0137 64617461 		.ascii	"data\000"
 793      00
 794              	.LASF11:
 795 013c 75696E74 		.ascii	"uint8\000"
 795      3800
 796              	.LASF25:
 797 0142 72656164 		.ascii	"read8_a1\000"
 797      385F6131 
 797      00
 798              	.LASF5:
 799 014b 6C6F6E67 		.ascii	"long unsigned int\000"
 799      20756E73 
 799      69676E65 
 799      6420696E 
 799      7400
 800              	.LASF3:
 801 015d 73686F72 		.ascii	"short unsigned int\000"
 801      7420756E 
 801      7369676E 
 801      65642069 
 801      6E7400
 802              	.LASF27:
 803 0170 49544D5F 		.ascii	"ITM_RxBuffer\000"
 803      52784275 
 803      66666572 
 803      00
 804              	.LASF1:
 805 017d 756E7369 		.ascii	"unsigned char\000"
 805      676E6564 
 805      20636861 
 805      7200
 806              	.LASF13:
 807 018b 646F7562 		.ascii	"double\000"
 807      6C6500
 808              	.LASF8:
 809 0192 756E7369 		.ascii	"unsigned int\000"
 809      676E6564 
 809      20696E74 
ARM GAS  C:\Users\mark6\AppData\Local\Temp\ccR6h6ot.s 			page 18


 809      00
 810              	.LASF19:
 811 019f 77726974 		.ascii	"writeM8_a1\000"
 811      654D385F 
 811      613100
 812              	.LASF23:
 813 01aa 2E5C7466 		.ascii	".\\tft.c\000"
 813      742E6300 
 814              	.LASF7:
 815 01b2 6C6F6E67 		.ascii	"long long unsigned int\000"
 815      206C6F6E 
 815      6720756E 
 815      7369676E 
 815      65642069 
 816              	.LASF10:
 817 01c9 696E7433 		.ascii	"int32_t\000"
 817      325F7400 
 818              	.LASF15:
 819 01d1 73697A65 		.ascii	"sizetype\000"
 819      74797065 
 819      00
 820              	.LASF6:
 821 01da 6C6F6E67 		.ascii	"long long int\000"
 821      206C6F6E 
 821      6720696E 
 821      7400
 822              	.LASF14:
 823 01e8 63686172 		.ascii	"char\000"
 823      00
 824              	.LASF2:
 825 01ed 73686F72 		.ascii	"short int\000"
 825      7420696E 
 825      7400
 826              	.LASF26:
 827 01f7 74667453 		.ascii	"tftStart\000"
 827      74617274 
 827      00
 828              	.LASF4:
 829 0200 6C6F6E67 		.ascii	"long int\000"
 829      20696E74 
 829      00
 830              	.LASF0:
 831 0209 7369676E 		.ascii	"signed char\000"
 831      65642063 
 831      68617200 
 832              		.ident	"GCC: (GNU Tools for ARM Embedded Processors) 4.9.3 20150303 (release) [ARM/embedded-4_9-br
