ARM GAS  C:\Users\mark6\AppData\Local\Temp\ccfivqQa.s 			page 1


   1              		.syntax unified
   2              		.cpu cortex-m3
   3              		.fpu softvfp
   4              		.eabi_attribute 20, 1
   5              		.eabi_attribute 21, 1
   6              		.eabi_attribute 23, 3
   7              		.eabi_attribute 24, 1
   8              		.eabi_attribute 25, 1
   9              		.eabi_attribute 26, 1
  10              		.eabi_attribute 30, 1
  11              		.eabi_attribute 34, 1
  12              		.eabi_attribute 18, 4
  13              		.thumb
  14              		.file	"cymetadata.c"
  15              		.text
  16              	.Ltext0:
  17              		.cfi_sections	.debug_frame
  18              		.global	cy_metadata
  19              		.global	cy_meta_flashprotect
  20              		.global	cy_meta_wonvl
  21              		.global	cy_meta_custnvl
  22              		.global	cy_meta_configecc
  23              		.section	.cyconfigecc,"a",%progbits
  24              		.align	2
  25              		.type	cy_meta_configecc, %object
  26              		.size	cy_meta_configecc, 680
  27              	cy_meta_configecc:
  28 0000 03       		.byte	3
  29 0001 52       		.byte	82
  30 0002 00       		.byte	0
  31 0003 40       		.byte	64
  32 0004 01       		.byte	1
  33 0005 64       		.byte	100
  34 0006 00       		.byte	0
  35 0007 40       		.byte	64
  36 0008 04       		.byte	4
  37 0009 04       		.byte	4
  38 000a 01       		.byte	1
  39 000b 40       		.byte	64
  40 000c 01       		.byte	1
  41 000d 05       		.byte	5
  42 000e 01       		.byte	1
  43 000f 40       		.byte	64
  44 0010 01       		.byte	1
  45 0011 07       		.byte	7
  46 0012 01       		.byte	1
  47 0013 40       		.byte	64
  48 0014 01       		.byte	1
  49 0015 09       		.byte	9
  50 0016 01       		.byte	1
  51 0017 40       		.byte	64
  52 0018 07       		.byte	7
  53 0019 0B       		.byte	11
  54 001a 01       		.byte	1
  55 001b 40       		.byte	64
  56 001c 58       		.byte	88
  57 001d 0C       		.byte	12
ARM GAS  C:\Users\mark6\AppData\Local\Temp\ccfivqQa.s 			page 2


  58 001e 01       		.byte	1
  59 001f 40       		.byte	64
  60 0020 3C       		.byte	60
  61 0021 0D       		.byte	13
  62 0022 01       		.byte	1
  63 0023 40       		.byte	64
  64 0024 44       		.byte	68
  65 0025 0E       		.byte	14
  66 0026 01       		.byte	1
  67 0027 40       		.byte	64
  68 0028 31       		.byte	49
  69 0029 0F       		.byte	15
  70 002a 01       		.byte	1
  71 002b 40       		.byte	64
  72 002c 0C       		.byte	12
  73 002d 45       		.byte	69
  74 002e 01       		.byte	1
  75 002f 40       		.byte	64
  76 0030 07       		.byte	7
  77 0031 46       		.byte	70
  78 0032 01       		.byte	1
  79 0033 40       		.byte	64
  80 0034 02       		.byte	2
  81 0035 47       		.byte	71
  82 0036 01       		.byte	1
  83 0037 40       		.byte	64
  84 0038 02       		.byte	2
  85 0039 50       		.byte	80
  86 003a 01       		.byte	1
  87 003b 40       		.byte	64
  88 003c 10       		.byte	16
  89 003d C4       		.byte	-60
  90 003e 11       		.byte	17
  91 003f 80       		.byte	-128
  92 0040 14       		.byte	20
  93 0041 02       		.byte	2
  94 0042 8F       		.byte	-113
  95 0043 0F       		.byte	15
  96 0044 39       		.byte	57
  97 0045 80       		.byte	-128
  98 0046 3F       		.byte	63
  99 0047 40       		.byte	64
 100 0048 59       		.byte	89
 101 0049 04       		.byte	4
 102 004a 5F       		.byte	95
 103 004b 01       		.byte	1
 104 004c 20       		.byte	32
 105 004d 01       		.byte	1
 106 004e B4       		.byte	-76
 107 004f 01       		.byte	1
 108 0050 EC       		.byte	-20
 109 0051 10       		.byte	16
 110 0052 AD       		.byte	-83
 111 0053 40       		.byte	64
 112 0054 AE       		.byte	-82
 113 0055 01       		.byte	1
 114 0056 AF       		.byte	-81
ARM GAS  C:\Users\mark6\AppData\Local\Temp\ccfivqQa.s 			page 3


 115 0057 04       		.byte	4
 116 0058 B0       		.byte	-80
 117 0059 84       		.byte	-124
 118 005a B4       		.byte	-76
 119 005b 01       		.byte	1
 120 005c B5       		.byte	-75
 121 005d 01       		.byte	1
 122 005e E8       		.byte	-24
 123 005f 08       		.byte	8
 124 0060 01       		.byte	1
 125 0061 68       		.byte	104
 126 0062 05       		.byte	5
 127 0063 68       		.byte	104
 128 0064 0A       		.byte	10
 129 0065 03       		.byte	3
 130 0066 0C       		.byte	12
 131 0067 01       		.byte	1
 132 0068 11       		.byte	17
 133 0069 09       		.byte	9
 134 006a 12       		.byte	18
 135 006b 02       		.byte	2
 136 006c 13       		.byte	19
 137 006d 12       		.byte	18
 138 006e 15       		.byte	21
 139 006f 16       		.byte	22
 140 0070 17       		.byte	23
 141 0071 21       		.byte	33
 142 0072 19       		.byte	25
 143 0073 14       		.byte	20
 144 0074 1B       		.byte	27
 145 0075 40       		.byte	64
 146 0076 1D       		.byte	29
 147 0077 10       		.byte	16
 148 0078 1F       		.byte	31
 149 0079 68       		.byte	104
 150 007a 21       		.byte	33
 151 007b 04       		.byte	4
 152 007c 25       		.byte	37
 153 007d 68       		.byte	104
 154 007e 26       		.byte	38
 155 007f 03       		.byte	3
 156 0080 29       		.byte	41
 157 0081 68       		.byte	104
 158 0082 2D       		.byte	45
 159 0083 68       		.byte	104
 160 0084 30       		.byte	48
 161 0085 03       		.byte	3
 162 0086 33       		.byte	51
 163 0087 07       		.byte	7
 164 0088 37       		.byte	55
 165 0089 78       		.byte	120
 166 008a 3B       		.byte	59
 167 008b 88       		.byte	-120
 168 008c 58       		.byte	88
 169 008d 04       		.byte	4
 170 008e 59       		.byte	89
 171 008f 04       		.byte	4
ARM GAS  C:\Users\mark6\AppData\Local\Temp\ccfivqQa.s 			page 4


 172 0090 5F       		.byte	95
 173 0091 01       		.byte	1
 174 0092 80       		.byte	-128
 175 0093 60       		.byte	96
 176 0094 81       		.byte	-127
 177 0095 03       		.byte	3
 178 0096 83       		.byte	-125
 179 0097 04       		.byte	4
 180 0098 84       		.byte	-124
 181 0099 80       		.byte	-128
 182 009a 85       		.byte	-123
 183 009b 05       		.byte	5
 184 009c 86       		.byte	-122
 185 009d 04       		.byte	4
 186 009e 87       		.byte	-121
 187 009f 0A       		.byte	10
 188 00a0 88       		.byte	-120
 189 00a1 0A       		.byte	10
 190 00a2 8A       		.byte	-118
 191 00a3 10       		.byte	16
 192 00a4 8C       		.byte	-116
 193 00a5 07       		.byte	7
 194 00a6 8E       		.byte	-114
 195 00a7 38       		.byte	56
 196 00a8 90       		.byte	-112
 197 00a9 84       		.byte	-124
 198 00aa 91       		.byte	-111
 199 00ab 0E       		.byte	14
 200 00ac 95       		.byte	-107
 201 00ad 04       		.byte	4
 202 00ae 96       		.byte	-106
 203 00af 80       		.byte	-128
 204 00b0 97       		.byte	-105
 205 00b1 09       		.byte	9
 206 00b2 98       		.byte	-104
 207 00b3 04       		.byte	4
 208 00b4 9C       		.byte	-100
 209 00b5 01       		.byte	1
 210 00b6 A0       		.byte	-96
 211 00b7 84       		.byte	-124
 212 00b8 A4       		.byte	-92
 213 00b9 84       		.byte	-124
 214 00ba A8       		.byte	-88
 215 00bb 56       		.byte	86
 216 00bc AA       		.byte	-86
 217 00bd 09       		.byte	9
 218 00be AC       		.byte	-84
 219 00bf 04       		.byte	4
 220 00c0 AE       		.byte	-82
 221 00c1 80       		.byte	-128
 222 00c2 B1       		.byte	-79
 223 00c3 0F       		.byte	15
 224 00c4 B4       		.byte	-76
 225 00c5 80       		.byte	-128
 226 00c6 B6       		.byte	-74
 227 00c7 7F       		.byte	127
 228 00c8 B8       		.byte	-72
ARM GAS  C:\Users\mark6\AppData\Local\Temp\ccfivqQa.s 			page 5


 229 00c9 80       		.byte	-128
 230 00ca B9       		.byte	-71
 231 00cb 02       		.byte	2
 232 00cc BE       		.byte	-66
 233 00cd 10       		.byte	16
 234 00ce C0       		.byte	-64
 235 00cf 36       		.byte	54
 236 00d0 C1       		.byte	-63
 237 00d1 04       		.byte	4
 238 00d2 C2       		.byte	-62
 239 00d3 20       		.byte	32
 240 00d4 C4       		.byte	-60
 241 00d5 01       		.byte	1
 242 00d6 C5       		.byte	-59
 243 00d7 BE       		.byte	-66
 244 00d8 C6       		.byte	-58
 245 00d9 FC       		.byte	-4
 246 00da C7       		.byte	-57
 247 00db 0D       		.byte	13
 248 00dc C8       		.byte	-56
 249 00dd 1F       		.byte	31
 250 00de C9       		.byte	-55
 251 00df FF       		.byte	-1
 252 00e0 CA       		.byte	-54
 253 00e1 FF       		.byte	-1
 254 00e2 CB       		.byte	-53
 255 00e3 FF       		.byte	-1
 256 00e4 CC       		.byte	-52
 257 00e5 22       		.byte	34
 258 00e6 CE       		.byte	-50
 259 00e7 F0       		.byte	-16
 260 00e8 CF       		.byte	-49
 261 00e9 08       		.byte	8
 262 00ea D0       		.byte	-48
 263 00eb 04       		.byte	4
 264 00ec D4       		.byte	-44
 265 00ed 40       		.byte	64
 266 00ee D8       		.byte	-40
 267 00ef 04       		.byte	4
 268 00f0 D9       		.byte	-39
 269 00f1 04       		.byte	4
 270 00f2 DA       		.byte	-38
 271 00f3 04       		.byte	4
 272 00f4 DB       		.byte	-37
 273 00f5 04       		.byte	4
 274 00f6 DF       		.byte	-33
 275 00f7 01       		.byte	1
 276 00f8 E2       		.byte	-30
 277 00f9 C0       		.byte	-64
 278 00fa E4       		.byte	-28
 279 00fb 40       		.byte	64
 280 00fc E5       		.byte	-27
 281 00fd 01       		.byte	1
 282 00fe E6       		.byte	-26
 283 00ff 10       		.byte	16
 284 0100 E7       		.byte	-25
 285 0101 11       		.byte	17
ARM GAS  C:\Users\mark6\AppData\Local\Temp\ccfivqQa.s 			page 6


 286 0102 E8       		.byte	-24
 287 0103 C0       		.byte	-64
 288 0104 E9       		.byte	-23
 289 0105 01       		.byte	1
 290 0106 EB       		.byte	-21
 291 0107 11       		.byte	17
 292 0108 EC       		.byte	-20
 293 0109 40       		.byte	64
 294 010a ED       		.byte	-19
 295 010b 01       		.byte	1
 296 010c EE       		.byte	-18
 297 010d 40       		.byte	64
 298 010e EF       		.byte	-17
 299 010f 01       		.byte	1
 300 0110 00       		.byte	0
 301 0111 08       		.byte	8
 302 0112 01       		.byte	1
 303 0113 02       		.byte	2
 304 0114 03       		.byte	3
 305 0115 05       		.byte	5
 306 0116 04       		.byte	4
 307 0117 20       		.byte	32
 308 0118 07       		.byte	7
 309 0119 01       		.byte	1
 310 011a 09       		.byte	9
 311 011b 09       		.byte	9
 312 011c 0A       		.byte	10
 313 011d 09       		.byte	9
 314 011e 0E       		.byte	14
 315 011f 80       		.byte	-128
 316 0120 10       		.byte	16
 317 0121 A2       		.byte	-94
 318 0122 12       		.byte	18
 319 0123 08       		.byte	8
 320 0124 17       		.byte	23
 321 0125 04       		.byte	4
 322 0126 1A       		.byte	26
 323 0127 01       		.byte	1
 324 0128 1B       		.byte	27
 325 0129 10       		.byte	16
 326 012a 1D       		.byte	29
 327 012b 01       		.byte	1
 328 012c 1E       		.byte	30
 329 012d 80       		.byte	-128
 330 012e 21       		.byte	33
 331 012f 02       		.byte	2
 332 0130 24       		.byte	36
 333 0131 20       		.byte	32
 334 0132 26       		.byte	38
 335 0133 88       		.byte	-120
 336 0134 27       		.byte	39
 337 0135 20       		.byte	32
 338 0136 2C       		.byte	44
 339 0137 26       		.byte	38
 340 0138 2F       		.byte	47
 341 0139 80       		.byte	-128
 342 013a 31       		.byte	49
ARM GAS  C:\Users\mark6\AppData\Local\Temp\ccfivqQa.s 			page 7


 343 013b 02       		.byte	2
 344 013c 32       		.byte	50
 345 013d 08       		.byte	8
 346 013e 36       		.byte	54
 347 013f 80       		.byte	-128
 348 0140 37       		.byte	55
 349 0141 25       		.byte	37
 350 0142 38       		.byte	56
 351 0143 08       		.byte	8
 352 0144 39       		.byte	57
 353 0145 02       		.byte	2
 354 0146 3C       		.byte	60
 355 0147 08       		.byte	8
 356 0148 3D       		.byte	61
 357 0149 02       		.byte	2
 358 014a 40       		.byte	64
 359 014b 05       		.byte	5
 360 014c 41       		.byte	65
 361 014d 01       		.byte	1
 362 014e 43       		.byte	67
 363 014f 05       		.byte	5
 364 0150 49       		.byte	73
 365 0151 0A       		.byte	10
 366 0152 4A       		.byte	74
 367 0153 08       		.byte	8
 368 0154 51       		.byte	81
 369 0155 08       		.byte	8
 370 0156 52       		.byte	82
 371 0157 10       		.byte	16
 372 0158 53       		.byte	83
 373 0159 84       		.byte	-124
 374 015a 61       		.byte	97
 375 015b 40       		.byte	64
 376 015c 62       		.byte	98
 377 015d 10       		.byte	16
 378 015e 63       		.byte	99
 379 015f 20       		.byte	32
 380 0160 89       		.byte	-119
 381 0161 02       		.byte	2
 382 0162 90       		.byte	-112
 383 0163 0C       		.byte	12
 384 0164 92       		.byte	-110
 385 0165 08       		.byte	8
 386 0166 94       		.byte	-108
 387 0167 20       		.byte	32
 388 0168 9B       		.byte	-101
 389 0169 05       		.byte	5
 390 016a 9D       		.byte	-99
 391 016b 08       		.byte	8
 392 016c A0       		.byte	-96
 393 016d A6       		.byte	-90
 394 016e A1       		.byte	-95
 395 016f 01       		.byte	1
 396 0170 A7       		.byte	-89
 397 0171 80       		.byte	-128
 398 0172 B0       		.byte	-80
 399 0173 20       		.byte	32
ARM GAS  C:\Users\mark6\AppData\Local\Temp\ccfivqQa.s 			page 8


 400 0174 B3       		.byte	-77
 401 0175 80       		.byte	-128
 402 0176 C0       		.byte	-64
 403 0177 CF       		.byte	-49
 404 0178 C2       		.byte	-62
 405 0179 1F       		.byte	31
 406 017a C4       		.byte	-60
 407 017b 2F       		.byte	47
 408 017c CA       		.byte	-54
 409 017d F0       		.byte	-16
 410 017e CC       		.byte	-52
 411 017f F3       		.byte	-13
 412 0180 CE       		.byte	-50
 413 0181 C3       		.byte	-61
 414 0182 D0       		.byte	-48
 415 0183 0F       		.byte	15
 416 0184 D2       		.byte	-46
 417 0185 04       		.byte	4
 418 0186 D8       		.byte	-40
 419 0187 0E       		.byte	14
 420 0188 05       		.byte	5
 421 0189 09       		.byte	9
 422 018a 07       		.byte	7
 423 018b 06       		.byte	6
 424 018c 08       		.byte	8
 425 018d 01       		.byte	1
 426 018e 09       		.byte	9
 427 018f 07       		.byte	7
 428 0190 0B       		.byte	11
 429 0191 08       		.byte	8
 430 0192 0C       		.byte	12
 431 0193 01       		.byte	1
 432 0194 0D       		.byte	13
 433 0195 04       		.byte	4
 434 0196 10       		.byte	16
 435 0197 02       		.byte	2
 436 0198 13       		.byte	19
 437 0199 0B       		.byte	11
 438 019a 14       		.byte	20
 439 019b 01       		.byte	1
 440 019c 17       		.byte	23
 441 019d 04       		.byte	4
 442 019e 19       		.byte	25
 443 019f 04       		.byte	4
 444 01a0 1D       		.byte	29
 445 01a1 04       		.byte	4
 446 01a2 20       		.byte	32
 447 01a3 02       		.byte	2
 448 01a4 24       		.byte	36
 449 01a5 02       		.byte	2
 450 01a6 25       		.byte	37
 451 01a7 01       		.byte	1
 452 01a8 27       		.byte	39
 453 01a9 06       		.byte	6
 454 01aa 28       		.byte	40
 455 01ab 02       		.byte	2
 456 01ac 2D       		.byte	45
ARM GAS  C:\Users\mark6\AppData\Local\Temp\ccfivqQa.s 			page 9


 457 01ad 04       		.byte	4
 458 01ae 2E       		.byte	46
 459 01af 02       		.byte	2
 460 01b0 33       		.byte	51
 461 01b1 07       		.byte	7
 462 01b2 34       		.byte	52
 463 01b3 02       		.byte	2
 464 01b4 36       		.byte	54
 465 01b5 01       		.byte	1
 466 01b6 37       		.byte	55
 467 01b7 08       		.byte	8
 468 01b8 3B       		.byte	59
 469 01b9 08       		.byte	8
 470 01ba 3E       		.byte	62
 471 01bb 50       		.byte	80
 472 01bc 3F       		.byte	63
 473 01bd 40       		.byte	64
 474 01be 54       		.byte	84
 475 01bf 09       		.byte	9
 476 01c0 58       		.byte	88
 477 01c1 04       		.byte	4
 478 01c2 59       		.byte	89
 479 01c3 04       		.byte	4
 480 01c4 5B       		.byte	91
 481 01c5 04       		.byte	4
 482 01c6 5F       		.byte	95
 483 01c7 01       		.byte	1
 484 01c8 81       		.byte	-127
 485 01c9 1A       		.byte	26
 486 01ca 85       		.byte	-123
 487 01cb 02       		.byte	2
 488 01cc 87       		.byte	-121
 489 01cd 18       		.byte	24
 490 01ce 88       		.byte	-120
 491 01cf 09       		.byte	9
 492 01d0 8A       		.byte	-118
 493 01d1 06       		.byte	6
 494 01d2 8C       		.byte	-116
 495 01d3 03       		.byte	3
 496 01d4 8D       		.byte	-115
 497 01d5 1A       		.byte	26
 498 01d6 8E       		.byte	-114
 499 01d7 0C       		.byte	12
 500 01d8 90       		.byte	-112
 501 01d9 02       		.byte	2
 502 01da 91       		.byte	-111
 503 01db 13       		.byte	19
 504 01dc 92       		.byte	-110
 505 01dd 0D       		.byte	13
 506 01de 93       		.byte	-109
 507 01df 04       		.byte	4
 508 01e0 95       		.byte	-107
 509 01e1 01       		.byte	1
 510 01e2 97       		.byte	-105
 511 01e3 18       		.byte	24
 512 01e4 99       		.byte	-103
 513 01e5 18       		.byte	24
ARM GAS  C:\Users\mark6\AppData\Local\Temp\ccfivqQa.s 			page 10


 514 01e6 A1       		.byte	-95
 515 01e7 02       		.byte	2
 516 01e8 A4       		.byte	-92
 517 01e9 05       		.byte	5
 518 01ea A5       		.byte	-91
 519 01eb 18       		.byte	24
 520 01ec A6       		.byte	-90
 521 01ed 0A       		.byte	10
 522 01ee A7       		.byte	-89
 523 01ef 02       		.byte	2
 524 01f0 A9       		.byte	-87
 525 01f1 1C       		.byte	28
 526 01f2 AB       		.byte	-85
 527 01f3 03       		.byte	3
 528 01f4 AD       		.byte	-83
 529 01f5 18       		.byte	24
 530 01f6 AF       		.byte	-81
 531 01f7 02       		.byte	2
 532 01f8 B0       		.byte	-80
 533 01f9 0F       		.byte	15
 534 01fa B4       		.byte	-76
 535 01fb 0F       		.byte	15
 536 01fc B5       		.byte	-75
 537 01fd 0F       		.byte	15
 538 01fe B7       		.byte	-73
 539 01ff 13       		.byte	19
 540 0200 BA       		.byte	-70
 541 0201 22       		.byte	34
 542 0202 BB       		.byte	-69
 543 0203 20       		.byte	32
 544 0204 D6       		.byte	-42
 545 0205 02       		.byte	2
 546 0206 D7       		.byte	-41
 547 0207 28       		.byte	40
 548 0208 D8       		.byte	-40
 549 0209 04       		.byte	4
 550 020a D9       		.byte	-39
 551 020b 04       		.byte	4
 552 020c DB       		.byte	-37
 553 020d 04       		.byte	4
 554 020e DF       		.byte	-33
 555 020f 01       		.byte	1
 556 0210 03       		.byte	3
 557 0211 05       		.byte	5
 558 0212 04       		.byte	4
 559 0213 20       		.byte	32
 560 0214 07       		.byte	7
 561 0215 01       		.byte	1
 562 0216 09       		.byte	9
 563 0217 01       		.byte	1
 564 0218 0B       		.byte	11
 565 0219 10       		.byte	16
 566 021a 0E       		.byte	14
 567 021b 80       		.byte	-128
 568 021c 10       		.byte	16
 569 021d AA       		.byte	-86
 570 021e 17       		.byte	23
ARM GAS  C:\Users\mark6\AppData\Local\Temp\ccfivqQa.s 			page 11


 571 021f 04       		.byte	4
 572 0220 18       		.byte	24
 573 0221 05       		.byte	5
 574 0222 1E       		.byte	30
 575 0223 80       		.byte	-128
 576 0224 1F       		.byte	31
 577 0225 10       		.byte	16
 578 0226 22       		.byte	34
 579 0227 44       		.byte	68
 580 0228 23       		.byte	35
 581 0229 20       		.byte	32
 582 022a 24       		.byte	36
 583 022b 08       		.byte	8
 584 022c 27       		.byte	39
 585 022d 05       		.byte	5
 586 022e 28       		.byte	40
 587 022f 10       		.byte	16
 588 0230 2B       		.byte	43
 589 0231 02       		.byte	2
 590 0232 2C       		.byte	44
 591 0233 20       		.byte	32
 592 0234 2E       		.byte	46
 593 0235 20       		.byte	32
 594 0236 2F       		.byte	47
 595 0237 82       		.byte	-126
 596 0238 30       		.byte	48
 597 0239 A8       		.byte	-88
 598 023a 33       		.byte	51
 599 023b 01       		.byte	1
 600 023c 34       		.byte	52
 601 023d 10       		.byte	16
 602 023e 37       		.byte	55
 603 023f 25       		.byte	37
 604 0240 38       		.byte	56
 605 0241 A8       		.byte	-88
 606 0242 3A       		.byte	58
 607 0243 20       		.byte	32
 608 0244 3B       		.byte	59
 609 0245 10       		.byte	16
 610 0246 3C       		.byte	60
 611 0247 88       		.byte	-120
 612 0248 3D       		.byte	61
 613 0249 02       		.byte	2
 614 024a 48       		.byte	72
 615 024b 0C       		.byte	12
 616 024c 58       		.byte	88
 617 024d 20       		.byte	32
 618 024e 59       		.byte	89
 619 024f 09       		.byte	9
 620 0250 5A       		.byte	90
 621 0251 80       		.byte	-128
 622 0252 60       		.byte	96
 623 0253 01       		.byte	1
 624 0254 67       		.byte	103
 625 0255 20       		.byte	32
 626 0256 6C       		.byte	108
 627 0257 6A       		.byte	106
ARM GAS  C:\Users\mark6\AppData\Local\Temp\ccfivqQa.s 			page 12


 628 0258 6D       		.byte	109
 629 0259 02       		.byte	2
 630 025a 6F       		.byte	111
 631 025b 02       		.byte	2
 632 025c 74       		.byte	116
 633 025d C0       		.byte	-64
 634 025e 8C       		.byte	-116
 635 025f 04       		.byte	4
 636 0260 8D       		.byte	-115
 637 0261 01       		.byte	1
 638 0262 C0       		.byte	-64
 639 0263 C3       		.byte	-61
 640 0264 C2       		.byte	-62
 641 0265 1C       		.byte	28
 642 0266 C4       		.byte	-60
 643 0267 2F       		.byte	47
 644 0268 CA       		.byte	-54
 645 0269 FA       		.byte	-6
 646 026a CC       		.byte	-52
 647 026b EF       		.byte	-17
 648 026c CE       		.byte	-50
 649 026d DE       		.byte	-34
 650 026e D6       		.byte	-42
 651 026f 0F       		.byte	15
 652 0270 D8       		.byte	-40
 653 0271 48       		.byte	72
 654 0272 06       		.byte	6
 655 0273 80       		.byte	-128
 656 0274 50       		.byte	80
 657 0275 10       		.byte	16
 658 0276 54       		.byte	84
 659 0277 20       		.byte	32
 660 0278 58       		.byte	88
 661 0279 04       		.byte	4
 662 027a 5C       		.byte	92
 663 027b 01       		.byte	1
 664 027c 66       		.byte	102
 665 027d 10       		.byte	16
 666 027e 8A       		.byte	-118
 667 027f 10       		.byte	16
 668 0280 C0       		.byte	-64
 669 0281 04       		.byte	4
 670 0282 D4       		.byte	-44
 671 0283 06       		.byte	6
 672 0284 D6       		.byte	-42
 673 0285 03       		.byte	3
 674 0286 D8       		.byte	-40
 675 0287 01       		.byte	1
 676 0288 E4       		.byte	-28
 677 0289 04       		.byte	4
 678 028a 94       		.byte	-108
 679 028b 01       		.byte	1
 680 028c A4       		.byte	-92
 681 028d 20       		.byte	32
 682 028e AC       		.byte	-84
 683 028f 04       		.byte	4
 684 0290 B4       		.byte	-76
ARM GAS  C:\Users\mark6\AppData\Local\Temp\ccfivqQa.s 			page 13


 685 0291 10       		.byte	16
 686 0292 B6       		.byte	-74
 687 0293 80       		.byte	-128
 688 0294 EC       		.byte	-20
 689 0295 02       		.byte	2
 690 0296 EE       		.byte	-18
 691 0297 08       		.byte	8
 692 0298 B4       		.byte	-76
 693 0299 21       		.byte	33
 694 029a EC       		.byte	-20
 695 029b 08       		.byte	8
 696 029c 00       		.byte	0
 697 029d 01       		.byte	1
 698 029e 0E       		.byte	14
 699 029f 01       		.byte	1
 700 02a0 02       		.byte	2
 701 02a1 FC       		.byte	-4
 702 02a2 FC       		.byte	-4
 703 02a3 00       		.byte	0
 704 02a4 DC       		.byte	-36
 705 02a5 00       		.byte	0
 706 02a6 00       		.byte	0
 707 02a7 00       		.byte	0
 708              		.section	.cywolatch,"a",%progbits
 709              		.align	2
 710              		.type	cy_meta_wonvl, %object
 711              		.size	cy_meta_wonvl, 4
 712              	cy_meta_wonvl:
 713 0000 BC       		.byte	-68
 714 0001 90       		.byte	-112
 715 0002 AC       		.byte	-84
 716 0003 AF       		.byte	-81
 717              		.section	.cycustnvl,"a",%progbits
 718              		.align	2
 719              		.type	cy_meta_custnvl, %object
 720              		.size	cy_meta_custnvl, 4
 721              	cy_meta_custnvl:
 722 0000 00       		.byte	0
 723 0001 00       		.byte	0
 724 0002 40       		.byte	64
 725 0003 05       		.byte	5
 726              		.section	.cymeta,"a",%progbits
 727              		.align	2
 728              		.type	cy_metadata, %object
 729              		.size	cy_metadata, 12
 730              	cy_metadata:
 731 0000 00       		.byte	0
 732 0001 01       		.byte	1
 733 0002 2E       		.byte	46
 734 0003 16       		.byte	22
 735 0004 10       		.byte	16
 736 0005 69       		.byte	105
 737 0006 00       		.byte	0
 738 0007 01       		.byte	1
 739 0008 00       		.byte	0
 740 0009 00       		.byte	0
 741 000a 00       		.byte	0
ARM GAS  C:\Users\mark6\AppData\Local\Temp\ccfivqQa.s 			page 14


 742 000b 00       		.byte	0
 743              		.section	.cyflashprotect,"a",%progbits
 744              		.align	2
 745              		.type	cy_meta_flashprotect, %object
 746              		.size	cy_meta_flashprotect, 256
 747              	cy_meta_flashprotect:
 748 0000 00000000 		.space	256
 748      00000000 
 748      00000000 
 748      00000000 
 748      00000000 
 749              		.text
 750              	.Letext0:
 751              		.file 1 ".\\Generated_Source\\PSoC5\\cymetadata.c"
 752              		.file 2 ".\\Generated_Source\\PSoC5\\cytypes.h"
 753              		.section	.debug_info,"",%progbits
 754              	.Ldebug_info0:
 755 0000 36010000 		.4byte	0x136
 756 0004 0400     		.2byte	0x4
 757 0006 00000000 		.4byte	.Ldebug_abbrev0
 758 000a 04       		.byte	0x4
 759 000b 01       		.uleb128 0x1
 760 000c 16010000 		.4byte	.LASF18
 761 0010 01       		.byte	0x1
 762 0011 82000000 		.4byte	.LASF19
 763 0015 00000000 		.4byte	.LASF20
 764 0019 00000000 		.4byte	.Ldebug_line0
 765 001d 02       		.uleb128 0x2
 766 001e 01       		.byte	0x1
 767 001f 06       		.byte	0x6
 768 0020 20020000 		.4byte	.LASF0
 769 0024 02       		.uleb128 0x2
 770 0025 01       		.byte	0x1
 771 0026 08       		.byte	0x8
 772 0027 BA000000 		.4byte	.LASF1
 773 002b 02       		.uleb128 0x2
 774 002c 02       		.byte	0x2
 775 002d 05       		.byte	0x5
 776 002e 07020000 		.4byte	.LASF2
 777 0032 02       		.uleb128 0x2
 778 0033 02       		.byte	0x2
 779 0034 07       		.byte	0x7
 780 0035 DA000000 		.4byte	.LASF3
 781 0039 02       		.uleb128 0x2
 782 003a 04       		.byte	0x4
 783 003b 05       		.byte	0x5
 784 003c 17020000 		.4byte	.LASF4
 785 0040 02       		.uleb128 0x2
 786 0041 04       		.byte	0x4
 787 0042 07       		.byte	0x7
 788 0043 C8000000 		.4byte	.LASF5
 789 0047 02       		.uleb128 0x2
 790 0048 08       		.byte	0x8
 791 0049 05       		.byte	0x5
 792 004a F4010000 		.4byte	.LASF6
 793 004e 02       		.uleb128 0x2
 794 004f 08       		.byte	0x8
ARM GAS  C:\Users\mark6\AppData\Local\Temp\ccfivqQa.s 			page 15


 795 0050 07       		.byte	0x7
 796 0051 B1010000 		.4byte	.LASF7
 797 0055 03       		.uleb128 0x3
 798 0056 04       		.byte	0x4
 799 0057 05       		.byte	0x5
 800 0058 696E7400 		.ascii	"int\000"
 801 005c 02       		.uleb128 0x2
 802 005d 04       		.byte	0x4
 803 005e 07       		.byte	0x7
 804 005f A4010000 		.4byte	.LASF8
 805 0063 04       		.uleb128 0x4
 806 0064 11020000 		.4byte	.LASF21
 807 0068 02       		.byte	0x2
 808 0069 C2       		.byte	0xc2
 809 006a 24000000 		.4byte	0x24
 810 006e 02       		.uleb128 0x2
 811 006f 04       		.byte	0x4
 812 0070 04       		.byte	0x4
 813 0071 B4000000 		.4byte	.LASF9
 814 0075 02       		.uleb128 0x2
 815 0076 08       		.byte	0x8
 816 0077 04       		.byte	0x4
 817 0078 ED000000 		.4byte	.LASF10
 818 007c 02       		.uleb128 0x2
 819 007d 01       		.byte	0x1
 820 007e 08       		.byte	0x8
 821 007f 02020000 		.4byte	.LASF11
 822 0083 05       		.uleb128 0x5
 823 0084 63000000 		.4byte	0x63
 824 0088 94000000 		.4byte	0x94
 825 008c 06       		.uleb128 0x6
 826 008d 94000000 		.4byte	0x94
 827 0091 A702     		.2byte	0x2a7
 828 0093 00       		.byte	0
 829 0094 02       		.uleb128 0x2
 830 0095 04       		.byte	0x4
 831 0096 07       		.byte	0x7
 832 0097 EB010000 		.4byte	.LASF12
 833 009b 07       		.uleb128 0x7
 834 009c 04010000 		.4byte	.LASF13
 835 00a0 01       		.byte	0x1
 836 00a1 1F       		.byte	0x1f
 837 00a2 AC000000 		.4byte	0xac
 838 00a6 05       		.uleb128 0x5
 839 00a7 03       		.byte	0x3
 840 00a8 00000000 		.4byte	cy_meta_configecc
 841 00ac 08       		.uleb128 0x8
 842 00ad 83000000 		.4byte	0x83
 843 00b1 05       		.uleb128 0x5
 844 00b2 63000000 		.4byte	0x63
 845 00b6 C1000000 		.4byte	0xc1
 846 00ba 09       		.uleb128 0x9
 847 00bb 94000000 		.4byte	0x94
 848 00bf 03       		.byte	0x3
 849 00c0 00       		.byte	0
 850 00c1 07       		.uleb128 0x7
 851 00c2 F4000000 		.4byte	.LASF14
ARM GAS  C:\Users\mark6\AppData\Local\Temp\ccfivqQa.s 			page 16


 852 00c6 01       		.byte	0x1
 853 00c7 81       		.byte	0x81
 854 00c8 D2000000 		.4byte	0xd2
 855 00cc 05       		.uleb128 0x5
 856 00cd 03       		.byte	0x3
 857 00ce 00000000 		.4byte	cy_meta_custnvl
 858 00d2 08       		.uleb128 0x8
 859 00d3 B1000000 		.4byte	0xb1
 860 00d7 07       		.uleb128 0x7
 861 00d8 DD010000 		.4byte	.LASF15
 862 00dc 01       		.byte	0x1
 863 00dd 8F       		.byte	0x8f
 864 00de E8000000 		.4byte	0xe8
 865 00e2 05       		.uleb128 0x5
 866 00e3 03       		.byte	0x3
 867 00e4 00000000 		.4byte	cy_meta_wonvl
 868 00e8 08       		.uleb128 0x8
 869 00e9 B1000000 		.4byte	0xb1
 870 00ed 05       		.uleb128 0x5
 871 00ee 63000000 		.4byte	0x63
 872 00f2 FD000000 		.4byte	0xfd
 873 00f6 09       		.uleb128 0x9
 874 00f7 94000000 		.4byte	0x94
 875 00fb FF       		.byte	0xff
 876 00fc 00       		.byte	0
 877 00fd 07       		.uleb128 0x7
 878 00fe C8010000 		.4byte	.LASF16
 879 0102 01       		.byte	0x1
 880 0103 9D       		.byte	0x9d
 881 0104 0E010000 		.4byte	0x10e
 882 0108 05       		.uleb128 0x5
 883 0109 03       		.byte	0x3
 884 010a 00000000 		.4byte	cy_meta_flashprotect
 885 010e 08       		.uleb128 0x8
 886 010f ED000000 		.4byte	0xed
 887 0113 05       		.uleb128 0x5
 888 0114 63000000 		.4byte	0x63
 889 0118 23010000 		.4byte	0x123
 890 011c 09       		.uleb128 0x9
 891 011d 94000000 		.4byte	0x94
 892 0121 0B       		.byte	0xb
 893 0122 00       		.byte	0
 894 0123 07       		.uleb128 0x7
 895 0124 A8000000 		.4byte	.LASF17
 896 0128 01       		.byte	0x1
 897 0129 CA       		.byte	0xca
 898 012a 34010000 		.4byte	0x134
 899 012e 05       		.uleb128 0x5
 900 012f 03       		.byte	0x3
 901 0130 00000000 		.4byte	cy_metadata
 902 0134 08       		.uleb128 0x8
 903 0135 13010000 		.4byte	0x113
 904 0139 00       		.byte	0
 905              		.section	.debug_abbrev,"",%progbits
 906              	.Ldebug_abbrev0:
 907 0000 01       		.uleb128 0x1
 908 0001 11       		.uleb128 0x11
ARM GAS  C:\Users\mark6\AppData\Local\Temp\ccfivqQa.s 			page 17


 909 0002 01       		.byte	0x1
 910 0003 25       		.uleb128 0x25
 911 0004 0E       		.uleb128 0xe
 912 0005 13       		.uleb128 0x13
 913 0006 0B       		.uleb128 0xb
 914 0007 03       		.uleb128 0x3
 915 0008 0E       		.uleb128 0xe
 916 0009 1B       		.uleb128 0x1b
 917 000a 0E       		.uleb128 0xe
 918 000b 10       		.uleb128 0x10
 919 000c 17       		.uleb128 0x17
 920 000d 00       		.byte	0
 921 000e 00       		.byte	0
 922 000f 02       		.uleb128 0x2
 923 0010 24       		.uleb128 0x24
 924 0011 00       		.byte	0
 925 0012 0B       		.uleb128 0xb
 926 0013 0B       		.uleb128 0xb
 927 0014 3E       		.uleb128 0x3e
 928 0015 0B       		.uleb128 0xb
 929 0016 03       		.uleb128 0x3
 930 0017 0E       		.uleb128 0xe
 931 0018 00       		.byte	0
 932 0019 00       		.byte	0
 933 001a 03       		.uleb128 0x3
 934 001b 24       		.uleb128 0x24
 935 001c 00       		.byte	0
 936 001d 0B       		.uleb128 0xb
 937 001e 0B       		.uleb128 0xb
 938 001f 3E       		.uleb128 0x3e
 939 0020 0B       		.uleb128 0xb
 940 0021 03       		.uleb128 0x3
 941 0022 08       		.uleb128 0x8
 942 0023 00       		.byte	0
 943 0024 00       		.byte	0
 944 0025 04       		.uleb128 0x4
 945 0026 16       		.uleb128 0x16
 946 0027 00       		.byte	0
 947 0028 03       		.uleb128 0x3
 948 0029 0E       		.uleb128 0xe
 949 002a 3A       		.uleb128 0x3a
 950 002b 0B       		.uleb128 0xb
 951 002c 3B       		.uleb128 0x3b
 952 002d 0B       		.uleb128 0xb
 953 002e 49       		.uleb128 0x49
 954 002f 13       		.uleb128 0x13
 955 0030 00       		.byte	0
 956 0031 00       		.byte	0
 957 0032 05       		.uleb128 0x5
 958 0033 01       		.uleb128 0x1
 959 0034 01       		.byte	0x1
 960 0035 49       		.uleb128 0x49
 961 0036 13       		.uleb128 0x13
 962 0037 01       		.uleb128 0x1
 963 0038 13       		.uleb128 0x13
 964 0039 00       		.byte	0
 965 003a 00       		.byte	0
ARM GAS  C:\Users\mark6\AppData\Local\Temp\ccfivqQa.s 			page 18


 966 003b 06       		.uleb128 0x6
 967 003c 21       		.uleb128 0x21
 968 003d 00       		.byte	0
 969 003e 49       		.uleb128 0x49
 970 003f 13       		.uleb128 0x13
 971 0040 2F       		.uleb128 0x2f
 972 0041 05       		.uleb128 0x5
 973 0042 00       		.byte	0
 974 0043 00       		.byte	0
 975 0044 07       		.uleb128 0x7
 976 0045 34       		.uleb128 0x34
 977 0046 00       		.byte	0
 978 0047 03       		.uleb128 0x3
 979 0048 0E       		.uleb128 0xe
 980 0049 3A       		.uleb128 0x3a
 981 004a 0B       		.uleb128 0xb
 982 004b 3B       		.uleb128 0x3b
 983 004c 0B       		.uleb128 0xb
 984 004d 49       		.uleb128 0x49
 985 004e 13       		.uleb128 0x13
 986 004f 3F       		.uleb128 0x3f
 987 0050 19       		.uleb128 0x19
 988 0051 02       		.uleb128 0x2
 989 0052 18       		.uleb128 0x18
 990 0053 00       		.byte	0
 991 0054 00       		.byte	0
 992 0055 08       		.uleb128 0x8
 993 0056 26       		.uleb128 0x26
 994 0057 00       		.byte	0
 995 0058 49       		.uleb128 0x49
 996 0059 13       		.uleb128 0x13
 997 005a 00       		.byte	0
 998 005b 00       		.byte	0
 999 005c 09       		.uleb128 0x9
 1000 005d 21       		.uleb128 0x21
 1001 005e 00       		.byte	0
 1002 005f 49       		.uleb128 0x49
 1003 0060 13       		.uleb128 0x13
 1004 0061 2F       		.uleb128 0x2f
 1005 0062 0B       		.uleb128 0xb
 1006 0063 00       		.byte	0
 1007 0064 00       		.byte	0
 1008 0065 00       		.byte	0
 1009              		.section	.debug_aranges,"",%progbits
 1010 0000 14000000 		.4byte	0x14
 1011 0004 0200     		.2byte	0x2
 1012 0006 00000000 		.4byte	.Ldebug_info0
 1013 000a 04       		.byte	0x4
 1014 000b 00       		.byte	0
 1015 000c 0000     		.2byte	0
 1016 000e 0000     		.2byte	0
 1017 0010 00000000 		.4byte	0
 1018 0014 00000000 		.4byte	0
 1019              		.section	.debug_line,"",%progbits
 1020              	.Ldebug_line0:
 1021 0000 4F000000 		.section	.debug_str,"MS",%progbits,1
 1021      02004900 
ARM GAS  C:\Users\mark6\AppData\Local\Temp\ccfivqQa.s 			page 19


 1021      00000201 
 1021      FB0E0D00 
 1021      01010101 
 1022              	.LASF20:
 1023 0000 433A5C55 		.ascii	"C:\\Users\\mark6\\Google Drive\\College-MIT\\S6Spri"
 1023      73657273 
 1023      5C6D6172 
 1023      6B365C47 
 1023      6F6F676C 
 1024 002e 6E673230 		.ascii	"ng2020\\6.115\\FinalProject\\BunkerKnowledge\\PSoC_"
 1024      32305C36 
 1024      2E313135 
 1024      5C46696E 
 1024      616C5072 
 1025 005d 53746963 		.ascii	"Stick_Files\\Learning_TFT_emWin.cydsn\000"
 1025      6B5F4669 
 1025      6C65735C 
 1025      4C656172 
 1025      6E696E67 
 1026              	.LASF19:
 1027 0082 2E5C4765 		.ascii	".\\Generated_Source\\PSoC5\\cymetadata.c\000"
 1027      6E657261 
 1027      7465645F 
 1027      536F7572 
 1027      63655C50 
 1028              	.LASF17:
 1029 00a8 63795F6D 		.ascii	"cy_metadata\000"
 1029      65746164 
 1029      61746100 
 1030              	.LASF9:
 1031 00b4 666C6F61 		.ascii	"float\000"
 1031      7400
 1032              	.LASF1:
 1033 00ba 756E7369 		.ascii	"unsigned char\000"
 1033      676E6564 
 1033      20636861 
 1033      7200
 1034              	.LASF5:
 1035 00c8 6C6F6E67 		.ascii	"long unsigned int\000"
 1035      20756E73 
 1035      69676E65 
 1035      6420696E 
 1035      7400
 1036              	.LASF3:
 1037 00da 73686F72 		.ascii	"short unsigned int\000"
 1037      7420756E 
 1037      7369676E 
 1037      65642069 
 1037      6E7400
 1038              	.LASF10:
 1039 00ed 646F7562 		.ascii	"double\000"
 1039      6C6500
 1040              	.LASF14:
 1041 00f4 63795F6D 		.ascii	"cy_meta_custnvl\000"
 1041      6574615F 
 1041      63757374 
 1041      6E766C00 
ARM GAS  C:\Users\mark6\AppData\Local\Temp\ccfivqQa.s 			page 20


 1042              	.LASF13:
 1043 0104 63795F6D 		.ascii	"cy_meta_configecc\000"
 1043      6574615F 
 1043      636F6E66 
 1043      69676563 
 1043      6300
 1044              	.LASF18:
 1045 0116 474E5520 		.ascii	"GNU C 4.9.3 20150303 (release) [ARM/embedded-4_9-br"
 1045      4320342E 
 1045      392E3320 
 1045      32303135 
 1045      30333033 
 1046 0149 616E6368 		.ascii	"anch revision 221220] -mcpu=cortex-m3 -mthumb -g -O"
 1046      20726576 
 1046      6973696F 
 1046      6E203232 
 1046      31323230 
 1047 017c 67202D66 		.ascii	"g -ffunction-sections -ffat-lto-objects\000"
 1047      66756E63 
 1047      74696F6E 
 1047      2D736563 
 1047      74696F6E 
 1048              	.LASF8:
 1049 01a4 756E7369 		.ascii	"unsigned int\000"
 1049      676E6564 
 1049      20696E74 
 1049      00
 1050              	.LASF7:
 1051 01b1 6C6F6E67 		.ascii	"long long unsigned int\000"
 1051      206C6F6E 
 1051      6720756E 
 1051      7369676E 
 1051      65642069 
 1052              	.LASF16:
 1053 01c8 63795F6D 		.ascii	"cy_meta_flashprotect\000"
 1053      6574615F 
 1053      666C6173 
 1053      6870726F 
 1053      74656374 
 1054              	.LASF15:
 1055 01dd 63795F6D 		.ascii	"cy_meta_wonvl\000"
 1055      6574615F 
 1055      776F6E76 
 1055      6C00
 1056              	.LASF12:
 1057 01eb 73697A65 		.ascii	"sizetype\000"
 1057      74797065 
 1057      00
 1058              	.LASF6:
 1059 01f4 6C6F6E67 		.ascii	"long long int\000"
 1059      206C6F6E 
 1059      6720696E 
 1059      7400
 1060              	.LASF11:
 1061 0202 63686172 		.ascii	"char\000"
 1061      00
 1062              	.LASF2:
ARM GAS  C:\Users\mark6\AppData\Local\Temp\ccfivqQa.s 			page 21


 1063 0207 73686F72 		.ascii	"short int\000"
 1063      7420696E 
 1063      7400
 1064              	.LASF21:
 1065 0211 75696E74 		.ascii	"uint8\000"
 1065      3800
 1066              	.LASF4:
 1067 0217 6C6F6E67 		.ascii	"long int\000"
 1067      20696E74 
 1067      00
 1068              	.LASF0:
 1069 0220 7369676E 		.ascii	"signed char\000"
 1069      65642063 
 1069      68617200 
 1070              		.ident	"GCC: (GNU Tools for ARM Embedded Processors) 4.9.3 20150303 (release) [ARM/embedded-4_9-br
