ARM GAS  C:\Users\mark6\AppData\Local\Temp\cclrV05B.s 			page 1


   1              		.syntax unified
   2              		.cpu cortex-m3
   3              		.fpu softvfp
   4              		.eabi_attribute 20, 1
   5              		.eabi_attribute 21, 1
   6              		.eabi_attribute 23, 3
   7              		.eabi_attribute 24, 1
   8              		.eabi_attribute 25, 1
   9              		.eabi_attribute 26, 1
  10              		.eabi_attribute 30, 1
  11              		.eabi_attribute 34, 1
  12              		.eabi_attribute 18, 4
  13              		.thumb
  14              		.file	"main.c"
  15              		.text
  16              	.Ltext0:
  17              		.cfi_sections	.debug_frame
  18              		.section	.text.MainTask,"ax",%progbits
  19              		.align	2
  20              		.global	MainTask
  21              		.thumb
  22              		.thumb_func
  23              		.type	MainTask, %function
  24              	MainTask:
  25              	.LFB64:
  26              		.file 1 ".\\main.c"
   1:.\main.c      **** /* ========================================
   2:.\main.c      ****  *
   3:.\main.c      ****  * Copyright YOUR COMPANY, THE YEAR
   4:.\main.c      ****  * All Rights Reserved
   5:.\main.c      ****  * UNPUBLISHED, LICENSED SOFTWARE.
   6:.\main.c      ****  *
   7:.\main.c      ****  * CONFIDENTIAL AND PROPRIETARY INFORMATION
   8:.\main.c      ****  * WHICH IS THE PROPERTY OF your company.
   9:.\main.c      ****  *
  10:.\main.c      ****  * ========================================
  11:.\main.c      **** */
  12:.\main.c      **** #include <project.h>
  13:.\main.c      **** #include <stdio.h>
  14:.\main.c      **** #include "GUI.h"
  15:.\main.c      **** #include "tft.h"
  16:.\main.c      **** 
  17:.\main.c      **** void MainTask(void);
  18:.\main.c      **** inline void counter(int* i, int max, int digits);
  19:.\main.c      **** // Screen size for TFT 35628MP from MPJA, 240x320
  20:.\main.c      **** int SCREEN_X; // 240
  21:.\main.c      **** int SCREEN_Y; // 320
  22:.\main.c      **** char print[100];
  23:.\main.c      **** 
  24:.\main.c      **** int main()
  25:.\main.c      **** {
  26:.\main.c      ****     CyGlobalIntEnable;                      // Enable global interrupts
  27:.\main.c      ****     SPIM_1_Start();                         // initialize SPIM component 
  28:.\main.c      ****     MainTask();                             // all of the emWin exmples use MainTask() as the entry
  29:.\main.c      ****     for(;;) {}                              // loop
  30:.\main.c      **** }
  31:.\main.c      **** 
ARM GAS  C:\Users\mark6\AppData\Local\Temp\cclrV05B.s 			page 2


  32:.\main.c      **** void MainTask()
  33:.\main.c      **** {
  27              		.loc 1 33 0
  28              		.cfi_startproc
  29              		@ args = 0, pretend = 0, frame = 0
  30              		@ frame_needed = 0, uses_anonymous_args = 0
  31 0000 10B5     		push	{r4, lr}
  32              		.cfi_def_cfa_offset 8
  33              		.cfi_offset 4, -8
  34              		.cfi_offset 14, -4
  34:.\main.c      ****     GUI_Init();                             // initilize graphics library
  35              		.loc 1 34 0
  36 0002 FFF7FEFF 		bl	GUI_Init
  37              	.LVL0:
  35:.\main.c      ****     GUI_Clear();
  38              		.loc 1 35 0
  39 0006 FFF7FEFF 		bl	GUI_Clear
  40              	.LVL1:
  36:.\main.c      ****     SCREEN_X = GUI_GetScreenSizeX();
  41              		.loc 1 36 0
  42 000a FFF7FEFF 		bl	GUI_GetScreenSizeX
  43              	.LVL2:
  44 000e 0D4B     		ldr	r3, .L8
  45 0010 1860     		str	r0, [r3]
  37:.\main.c      ****     SCREEN_Y = GUI_GetScreenSizeY();
  46              		.loc 1 37 0
  47 0012 FFF7FEFF 		bl	GUI_GetScreenSizeY
  48              	.LVL3:
  49 0016 0C4B     		ldr	r3, .L8+4
  50 0018 1860     		str	r0, [r3]
  51              	.LVL4:
  38:.\main.c      ****     int i = 0;
  39:.\main.c      ****     int *iptr = &i;
  40:.\main.c      ****     GUI_SetFont(&GUI_Font8x16);
  52              		.loc 1 40 0
  53 001a 0C48     		ldr	r0, .L8+8
  54 001c FFF7FEFF 		bl	GUI_SetFont
  55              	.LVL5:
  41:.\main.c      ****     GUI_DispString("Hello world!");
  56              		.loc 1 41 0
  57 0020 0B48     		ldr	r0, .L8+12
  58 0022 FFF7FEFF 		bl	GUI_DispString
  59              	.LVL6:
  38:.\main.c      ****     int i = 0;
  60              		.loc 1 38 0
  61 0026 0020     		movs	r0, #0
  62 0028 02E0     		b	.L2
  63              	.LVL7:
  64              	.L6:
  65              	.LBB4:
  66              	.LBB5:
  42:.\main.c      ****     while(1) {
  43:.\main.c      ****          counter(iptr, 99999, 5);
  44:.\main.c      ****      }
  45:.\main.c      **** }
  46:.\main.c      **** 
  47:.\main.c      **** inline void counter(int* iptr, int max, int digits) {
ARM GAS  C:\Users\mark6\AppData\Local\Temp\cclrV05B.s 			page 3


  48:.\main.c      ****     GUI_DispDecAt( (*iptr)++, 20,20,digits);
  67              		.loc 1 48 0
  68 002a 2046     		mov	r0, r4
  69 002c 00E0     		b	.L2
  70              	.L5:
  49:.\main.c      ****             if (*iptr > max) {
  50:.\main.c      ****             *iptr = 0;
  71              		.loc 1 50 0
  72 002e 0020     		movs	r0, #0
  73              	.LVL8:
  74              	.L2:
  48:.\main.c      ****             if (*iptr > max) {
  75              		.loc 1 48 0 discriminator 1
  76 0030 441C     		adds	r4, r0, #1
  77              	.LVL9:
  78 0032 1421     		movs	r1, #20
  79 0034 0A46     		mov	r2, r1
  80 0036 0523     		movs	r3, #5
  81 0038 FFF7FEFF 		bl	GUI_DispDecAt
  82              	.LVL10:
  49:.\main.c      ****             if (*iptr > max) {
  83              		.loc 1 49 0 discriminator 1
  84 003c 054B     		ldr	r3, .L8+16
  85 003e 9C42     		cmp	r4, r3
  86 0040 F5DC     		bgt	.L5
  87 0042 F2E7     		b	.L6
  88              	.L9:
  89              		.align	2
  90              	.L8:
  91 0044 00000000 		.word	SCREEN_X
  92 0048 00000000 		.word	SCREEN_Y
  93 004c 00000000 		.word	GUI_Font8x16
  94 0050 00000000 		.word	.LC0
  95 0054 9F860100 		.word	99999
  96              	.LBE5:
  97              	.LBE4:
  98              		.cfi_endproc
  99              	.LFE64:
 100              		.size	MainTask, .-MainTask
 101              		.section	.text.main,"ax",%progbits
 102              		.align	2
 103              		.global	main
 104              		.thumb
 105              		.thumb_func
 106              		.type	main, %function
 107              	main:
 108              	.LFB63:
  25:.\main.c      ****     CyGlobalIntEnable;                      // Enable global interrupts
 109              		.loc 1 25 0
 110              		.cfi_startproc
 111              		@ Volatile: function does not return.
 112              		@ args = 0, pretend = 0, frame = 0
 113              		@ frame_needed = 0, uses_anonymous_args = 0
 114 0000 08B5     		push	{r3, lr}
 115              		.cfi_def_cfa_offset 8
 116              		.cfi_offset 3, -8
 117              		.cfi_offset 14, -4
ARM GAS  C:\Users\mark6\AppData\Local\Temp\cclrV05B.s 			page 4


  26:.\main.c      ****     SPIM_1_Start();                         // initialize SPIM component 
 118              		.loc 1 26 0
 119              	@ 26 ".\main.c" 1
 120 0002 62B6     		CPSIE   i
 121              	@ 0 "" 2
  27:.\main.c      ****     MainTask();                             // all of the emWin exmples use MainTask() as the entry
 122              		.loc 1 27 0
 123              		.thumb
 124 0004 FFF7FEFF 		bl	SPIM_1_Start
 125              	.LVL11:
  28:.\main.c      ****     for(;;) {}                              // loop
 126              		.loc 1 28 0
 127 0008 FFF7FEFF 		bl	MainTask
 128              	.LVL12:
 129              		.cfi_endproc
 130              	.LFE63:
 131              		.size	main, .-main
 132              		.section	.text.counter,"ax",%progbits
 133              		.align	2
 134              		.global	counter
 135              		.thumb
 136              		.thumb_func
 137              		.type	counter, %function
 138              	counter:
 139              	.LFB65:
  47:.\main.c      ****     GUI_DispDecAt( (*iptr)++, 20,20,digits);
 140              		.loc 1 47 0
 141              		.cfi_startproc
 142              		@ args = 0, pretend = 0, frame = 0
 143              		@ frame_needed = 0, uses_anonymous_args = 0
 144              	.LVL13:
 145 0000 38B5     		push	{r3, r4, r5, lr}
 146              		.cfi_def_cfa_offset 16
 147              		.cfi_offset 3, -16
 148              		.cfi_offset 4, -12
 149              		.cfi_offset 5, -8
 150              		.cfi_offset 14, -4
 151 0002 0446     		mov	r4, r0
 152 0004 0D46     		mov	r5, r1
  48:.\main.c      ****             if (*iptr > max) {
 153              		.loc 1 48 0
 154 0006 0068     		ldr	r0, [r0]
 155              	.LVL14:
 156 0008 431C     		adds	r3, r0, #1
 157 000a 2360     		str	r3, [r4]
 158 000c D3B2     		uxtb	r3, r2
 159 000e 1421     		movs	r1, #20
 160              	.LVL15:
 161 0010 0A46     		mov	r2, r1
 162              	.LVL16:
 163 0012 FFF7FEFF 		bl	GUI_DispDecAt
 164              	.LVL17:
  49:.\main.c      ****             *iptr = 0;
 165              		.loc 1 49 0
 166 0016 2368     		ldr	r3, [r4]
 167 0018 AB42     		cmp	r3, r5
 168 001a 01DD     		ble	.L12
ARM GAS  C:\Users\mark6\AppData\Local\Temp\cclrV05B.s 			page 5


 169              		.loc 1 50 0
 170 001c 0023     		movs	r3, #0
 171 001e 2360     		str	r3, [r4]
 172              	.L12:
 173 0020 38BD     		pop	{r3, r4, r5, pc}
 174              		.cfi_endproc
 175              	.LFE65:
 176              		.size	counter, .-counter
 177              		.comm	print,100,4
 178              		.comm	SCREEN_Y,4,4
 179              		.comm	SCREEN_X,4,4
 180 0022 00BF     		.section	.rodata.str1.4,"aMS",%progbits,1
 181              		.align	2
 182              	.LC0:
 183 0000 48656C6C 		.ascii	"Hello world!\000"
 183      6F20776F 
 183      726C6421 
 183      00
 184 000d 000000   		.text
 185              	.Letext0:
 186              		.file 2 "c:\\program files (x86)\\cypress\\psoc creator\\3.3\\psoc creator\\import\\gnu\\arm\\4.9.
 187              		.file 3 "c:\\program files (x86)\\cypress\\psoc creator\\3.3\\psoc creator\\import\\gnu\\arm\\4.9.
 188              		.file 4 "..\\..\\..\\emWinGraphics_v5_46\\Code\\Include\\PSoC4_5/GUI_Type.h"
 189              		.file 5 "Generated_Source\\PSoC5/core_cm3.h"
 190              		.file 6 "..\\..\\..\\emWinGraphics_v5_46\\Code\\Include\\PSoC4_5/GUI.h"
 191              		.file 7 "Generated_Source\\PSoC5/SPIM_1.h"
 192              		.section	.debug_info,"",%progbits
 193              	.Ldebug_info0:
 194 0000 1F080000 		.4byte	0x81f
 195 0004 0400     		.2byte	0x4
 196 0006 00000000 		.4byte	.Ldebug_abbrev0
 197 000a 04       		.byte	0x4
 198 000b 01       		.uleb128 0x1
 199 000c 8C030000 		.4byte	.LASF86
 200 0010 01       		.byte	0x1
 201 0011 79030000 		.4byte	.LASF87
 202 0015 9B020000 		.4byte	.LASF88
 203 0019 00000000 		.4byte	.Ldebug_ranges0+0
 204 001d 00000000 		.4byte	0
 205 0021 00000000 		.4byte	.Ldebug_line0
 206 0025 02       		.uleb128 0x2
 207 0026 01       		.byte	0x1
 208 0027 06       		.byte	0x6
 209 0028 FF010000 		.4byte	.LASF0
 210 002c 02       		.uleb128 0x2
 211 002d 01       		.byte	0x1
 212 002e 08       		.byte	0x8
 213 002f D8010000 		.4byte	.LASF1
 214 0033 02       		.uleb128 0x2
 215 0034 02       		.byte	0x2
 216 0035 05       		.byte	0x5
 217 0036 4D000000 		.4byte	.LASF2
 218 003a 02       		.uleb128 0x2
 219 003b 02       		.byte	0x2
 220 003c 07       		.byte	0x7
 221 003d 4F020000 		.4byte	.LASF3
 222 0041 03       		.uleb128 0x3
ARM GAS  C:\Users\mark6\AppData\Local\Temp\cclrV05B.s 			page 6


 223 0042 82030000 		.4byte	.LASF9
 224 0046 02       		.byte	0x2
 225 0047 3F       		.byte	0x3f
 226 0048 4C000000 		.4byte	0x4c
 227 004c 02       		.uleb128 0x2
 228 004d 04       		.byte	0x4
 229 004e 05       		.byte	0x5
 230 004f 5E010000 		.4byte	.LASF4
 231 0053 02       		.uleb128 0x2
 232 0054 04       		.byte	0x4
 233 0055 07       		.byte	0x7
 234 0056 2E030000 		.4byte	.LASF5
 235 005a 02       		.uleb128 0x2
 236 005b 08       		.byte	0x8
 237 005c 05       		.byte	0x5
 238 005d B5040000 		.4byte	.LASF6
 239 0061 02       		.uleb128 0x2
 240 0062 08       		.byte	0x8
 241 0063 07       		.byte	0x7
 242 0064 0B020000 		.4byte	.LASF7
 243 0068 04       		.uleb128 0x4
 244 0069 04       		.byte	0x4
 245 006a 05       		.byte	0x5
 246 006b 696E7400 		.ascii	"int\000"
 247 006f 02       		.uleb128 0x2
 248 0070 04       		.byte	0x4
 249 0071 07       		.byte	0x7
 250 0072 2E020000 		.4byte	.LASF8
 251 0076 03       		.uleb128 0x3
 252 0077 8A020000 		.4byte	.LASF10
 253 007b 03       		.byte	0x3
 254 007c 2C       		.byte	0x2c
 255 007d 41000000 		.4byte	0x41
 256 0081 02       		.uleb128 0x2
 257 0082 04       		.byte	0x4
 258 0083 04       		.byte	0x4
 259 0084 20010000 		.4byte	.LASF11
 260 0088 02       		.uleb128 0x2
 261 0089 08       		.byte	0x8
 262 008a 04       		.byte	0x4
 263 008b 40030000 		.4byte	.LASF12
 264 008f 02       		.uleb128 0x2
 265 0090 01       		.byte	0x1
 266 0091 08       		.byte	0x8
 267 0092 6C020000 		.4byte	.LASF13
 268 0096 02       		.uleb128 0x2
 269 0097 04       		.byte	0x4
 270 0098 07       		.byte	0x7
 271 0099 57000000 		.4byte	.LASF14
 272 009d 05       		.uleb128 0x5
 273 009e 04       		.byte	0x4
 274 009f A3000000 		.4byte	0xa3
 275 00a3 06       		.uleb128 0x6
 276 00a4 8F000000 		.4byte	0x8f
 277 00a8 05       		.uleb128 0x5
 278 00a9 04       		.byte	0x4
 279 00aa AE000000 		.4byte	0xae
ARM GAS  C:\Users\mark6\AppData\Local\Temp\cclrV05B.s 			page 7


 280 00ae 06       		.uleb128 0x6
 281 00af 2C000000 		.4byte	0x2c
 282 00b3 05       		.uleb128 0x5
 283 00b4 04       		.byte	0x4
 284 00b5 B9000000 		.4byte	0xb9
 285 00b9 07       		.uleb128 0x7
 286 00ba 08       		.uleb128 0x8
 287 00bb 04       		.byte	0x4
 288 00bc 04       		.byte	0x4
 289 00bd B6       		.byte	0xb6
 290 00be D9000000 		.4byte	0xd9
 291 00c2 09       		.uleb128 0x9
 292 00c3 633000   		.ascii	"c0\000"
 293 00c6 04       		.byte	0x4
 294 00c7 B7       		.byte	0xb7
 295 00c8 33000000 		.4byte	0x33
 296 00cc 00       		.byte	0
 297 00cd 09       		.uleb128 0x9
 298 00ce 633100   		.ascii	"c1\000"
 299 00d1 04       		.byte	0x4
 300 00d2 B8       		.byte	0xb8
 301 00d3 33000000 		.4byte	0x33
 302 00d7 02       		.byte	0x2
 303 00d8 00       		.byte	0
 304 00d9 03       		.uleb128 0x3
 305 00da 98000000 		.4byte	.LASF15
 306 00de 04       		.byte	0x4
 307 00df B9       		.byte	0xb9
 308 00e0 BA000000 		.4byte	0xba
 309 00e4 08       		.uleb128 0x8
 310 00e5 08       		.byte	0x8
 311 00e6 04       		.byte	0x4
 312 00e7 BB       		.byte	0xbb
 313 00e8 11010000 		.4byte	0x111
 314 00ec 0A       		.uleb128 0xa
 315 00ed 71020000 		.4byte	.LASF16
 316 00f1 04       		.byte	0x4
 317 00f2 BC       		.byte	0xbc
 318 00f3 3A000000 		.4byte	0x3a
 319 00f7 00       		.byte	0
 320 00f8 0A       		.uleb128 0xa
 321 00f9 CD040000 		.4byte	.LASF17
 322 00fd 04       		.byte	0x4
 323 00fe BD       		.byte	0xbd
 324 00ff 3A000000 		.4byte	0x3a
 325 0103 02       		.byte	0x2
 326 0104 0A       		.uleb128 0xa
 327 0105 0F000000 		.4byte	.LASF18
 328 0109 04       		.byte	0x4
 329 010a BE       		.byte	0xbe
 330 010b 11010000 		.4byte	0x111
 331 010f 04       		.byte	0x4
 332 0110 00       		.byte	0
 333 0111 05       		.uleb128 0x5
 334 0112 04       		.byte	0x4
 335 0113 17010000 		.4byte	0x117
 336 0117 06       		.uleb128 0x6
ARM GAS  C:\Users\mark6\AppData\Local\Temp\cclrV05B.s 			page 8


 337 0118 D9000000 		.4byte	0xd9
 338 011c 03       		.uleb128 0x3
 339 011d 26010000 		.4byte	.LASF19
 340 0121 04       		.byte	0x4
 341 0122 BF       		.byte	0xbf
 342 0123 E4000000 		.4byte	0xe4
 343 0127 08       		.uleb128 0x8
 344 0128 08       		.byte	0x8
 345 0129 04       		.byte	0x4
 346 012a C1       		.byte	0xc1
 347 012b 60010000 		.4byte	0x160
 348 012f 0A       		.uleb128 0xa
 349 0130 CF000000 		.4byte	.LASF20
 350 0134 04       		.byte	0x4
 351 0135 C2       		.byte	0xc2
 352 0136 2C000000 		.4byte	0x2c
 353 013a 00       		.byte	0
 354 013b 0A       		.uleb128 0xa
 355 013c 28020000 		.4byte	.LASF21
 356 0140 04       		.byte	0x4
 357 0141 C3       		.byte	0xc3
 358 0142 2C000000 		.4byte	0x2c
 359 0146 01       		.byte	0x1
 360 0147 0A       		.uleb128 0xa
 361 0148 60000000 		.4byte	.LASF22
 362 014c 04       		.byte	0x4
 363 014d C4       		.byte	0xc4
 364 014e 2C000000 		.4byte	0x2c
 365 0152 02       		.byte	0x2
 366 0153 0A       		.uleb128 0xa
 367 0154 35000000 		.4byte	.LASF23
 368 0158 04       		.byte	0x4
 369 0159 C5       		.byte	0xc5
 370 015a A8000000 		.4byte	0xa8
 371 015e 04       		.byte	0x4
 372 015f 00       		.byte	0
 373 0160 03       		.uleb128 0x3
 374 0161 1D000000 		.4byte	.LASF24
 375 0165 04       		.byte	0x4
 376 0166 C6       		.byte	0xc6
 377 0167 27010000 		.4byte	0x127
 378 016b 08       		.uleb128 0x8
 379 016c 0C       		.byte	0xc
 380 016d 04       		.byte	0x4
 381 016e C8       		.byte	0xc8
 382 016f BC010000 		.4byte	0x1bc
 383 0173 0A       		.uleb128 0xa
 384 0174 CF000000 		.4byte	.LASF20
 385 0178 04       		.byte	0x4
 386 0179 C9       		.byte	0xc9
 387 017a 2C000000 		.4byte	0x2c
 388 017e 00       		.byte	0
 389 017f 0A       		.uleb128 0xa
 390 0180 49020000 		.4byte	.LASF25
 391 0184 04       		.byte	0x4
 392 0185 CA       		.byte	0xca
 393 0186 2C000000 		.4byte	0x2c
ARM GAS  C:\Users\mark6\AppData\Local\Temp\cclrV05B.s 			page 9


 394 018a 01       		.byte	0x1
 395 018b 0A       		.uleb128 0xa
 396 018c 15010000 		.4byte	.LASF26
 397 0190 04       		.byte	0x4
 398 0191 CB       		.byte	0xcb
 399 0192 25000000 		.4byte	0x25
 400 0196 02       		.byte	0x2
 401 0197 0A       		.uleb128 0xa
 402 0198 44020000 		.4byte	.LASF27
 403 019c 04       		.byte	0x4
 404 019d CC       		.byte	0xcc
 405 019e 25000000 		.4byte	0x25
 406 01a2 03       		.byte	0x3
 407 01a3 0A       		.uleb128 0xa
 408 01a4 28020000 		.4byte	.LASF21
 409 01a8 04       		.byte	0x4
 410 01a9 CD       		.byte	0xcd
 411 01aa 2C000000 		.4byte	0x2c
 412 01ae 04       		.byte	0x4
 413 01af 0A       		.uleb128 0xa
 414 01b0 35000000 		.4byte	.LASF23
 415 01b4 04       		.byte	0x4
 416 01b5 CE       		.byte	0xce
 417 01b6 A8000000 		.4byte	0xa8
 418 01ba 08       		.byte	0x8
 419 01bb 00       		.byte	0
 420 01bc 03       		.uleb128 0x3
 421 01bd 67010000 		.4byte	.LASF28
 422 01c1 04       		.byte	0x4
 423 01c2 CF       		.byte	0xcf
 424 01c3 6B010000 		.4byte	0x16b
 425 01c7 0B       		.uleb128 0xb
 426 01c8 3E040000 		.4byte	.LASF33
 427 01cc 0C       		.byte	0xc
 428 01cd 04       		.byte	0x4
 429 01ce D1       		.byte	0xd1
 430 01cf 04020000 		.4byte	0x204
 431 01d3 0A       		.uleb128 0xa
 432 01d4 53030000 		.4byte	.LASF29
 433 01d8 04       		.byte	0x4
 434 01d9 D2       		.byte	0xd2
 435 01da 3A000000 		.4byte	0x3a
 436 01de 00       		.byte	0
 437 01df 0A       		.uleb128 0xa
 438 01e0 59010000 		.4byte	.LASF30
 439 01e4 04       		.byte	0x4
 440 01e5 D3       		.byte	0xd3
 441 01e6 3A000000 		.4byte	0x3a
 442 01ea 02       		.byte	0x2
 443 01eb 0A       		.uleb128 0xa
 444 01ec 43010000 		.4byte	.LASF31
 445 01f0 04       		.byte	0x4
 446 01f1 D4       		.byte	0xd4
 447 01f2 04020000 		.4byte	0x204
 448 01f6 04       		.byte	0x4
 449 01f7 0A       		.uleb128 0xa
 450 01f8 53010000 		.4byte	.LASF32
ARM GAS  C:\Users\mark6\AppData\Local\Temp\cclrV05B.s 			page 10


 451 01fc 04       		.byte	0x4
 452 01fd D5       		.byte	0xd5
 453 01fe 0F020000 		.4byte	0x20f
 454 0202 08       		.byte	0x8
 455 0203 00       		.byte	0
 456 0204 05       		.uleb128 0x5
 457 0205 04       		.byte	0x4
 458 0206 0A020000 		.4byte	0x20a
 459 020a 06       		.uleb128 0x6
 460 020b 60010000 		.4byte	0x160
 461 020f 05       		.uleb128 0x5
 462 0210 04       		.byte	0x4
 463 0211 15020000 		.4byte	0x215
 464 0215 06       		.uleb128 0x6
 465 0216 C7010000 		.4byte	0x1c7
 466 021a 03       		.uleb128 0x3
 467 021b 3E040000 		.4byte	.LASF33
 468 021f 04       		.byte	0x4
 469 0220 D6       		.byte	0xd6
 470 0221 C7010000 		.4byte	0x1c7
 471 0225 0B       		.uleb128 0xb
 472 0226 81000000 		.4byte	.LASF34
 473 022a 0C       		.byte	0xc
 474 022b 04       		.byte	0x4
 475 022c D8       		.byte	0xd8
 476 022d 62020000 		.4byte	0x262
 477 0231 0A       		.uleb128 0xa
 478 0232 53030000 		.4byte	.LASF29
 479 0236 04       		.byte	0x4
 480 0237 D9       		.byte	0xd9
 481 0238 3A000000 		.4byte	0x3a
 482 023c 00       		.byte	0
 483 023d 0A       		.uleb128 0xa
 484 023e 59010000 		.4byte	.LASF30
 485 0242 04       		.byte	0x4
 486 0243 DA       		.byte	0xda
 487 0244 3A000000 		.4byte	0x3a
 488 0248 02       		.byte	0x2
 489 0249 0A       		.uleb128 0xa
 490 024a 43010000 		.4byte	.LASF31
 491 024e 04       		.byte	0x4
 492 024f DB       		.byte	0xdb
 493 0250 62020000 		.4byte	0x262
 494 0254 04       		.byte	0x4
 495 0255 0A       		.uleb128 0xa
 496 0256 53010000 		.4byte	.LASF32
 497 025a 04       		.byte	0x4
 498 025b DC       		.byte	0xdc
 499 025c 6D020000 		.4byte	0x26d
 500 0260 08       		.byte	0x8
 501 0261 00       		.byte	0
 502 0262 05       		.uleb128 0x5
 503 0263 04       		.byte	0x4
 504 0264 68020000 		.4byte	0x268
 505 0268 06       		.uleb128 0x6
 506 0269 BC010000 		.4byte	0x1bc
 507 026d 05       		.uleb128 0x5
ARM GAS  C:\Users\mark6\AppData\Local\Temp\cclrV05B.s 			page 11


 508 026e 04       		.byte	0x4
 509 026f 73020000 		.4byte	0x273
 510 0273 06       		.uleb128 0x6
 511 0274 25020000 		.4byte	0x225
 512 0278 03       		.uleb128 0x3
 513 0279 81000000 		.4byte	.LASF34
 514 027d 04       		.byte	0x4
 515 027e DD       		.byte	0xdd
 516 027f 25020000 		.4byte	0x225
 517 0283 08       		.uleb128 0x8
 518 0284 14       		.byte	0x14
 519 0285 04       		.byte	0x4
 520 0286 DF       		.byte	0xdf
 521 0287 EC020000 		.4byte	0x2ec
 522 028b 0A       		.uleb128 0xa
 523 028c 35000000 		.4byte	.LASF23
 524 0290 04       		.byte	0x4
 525 0291 E0       		.byte	0xe0
 526 0292 A8000000 		.4byte	0xa8
 527 0296 00       		.byte	0
 528 0297 0A       		.uleb128 0xa
 529 0298 0A010000 		.4byte	.LASF35
 530 029c 04       		.byte	0x4
 531 029d E1       		.byte	0xe1
 532 029e A8000000 		.4byte	0xa8
 533 02a2 04       		.byte	0x4
 534 02a3 0A       		.uleb128 0xa
 535 02a4 7A000000 		.4byte	.LASF36
 536 02a8 04       		.byte	0x4
 537 02a9 E2       		.byte	0xe2
 538 02aa EC020000 		.4byte	0x2ec
 539 02ae 08       		.byte	0x8
 540 02af 0A       		.uleb128 0xa
 541 02b0 71020000 		.4byte	.LASF16
 542 02b4 04       		.byte	0x4
 543 02b5 E3       		.byte	0xe3
 544 02b6 3A000000 		.4byte	0x3a
 545 02ba 0C       		.byte	0xc
 546 02bb 0A       		.uleb128 0xa
 547 02bc CD040000 		.4byte	.LASF17
 548 02c0 04       		.byte	0x4
 549 02c1 E4       		.byte	0xe4
 550 02c2 3A000000 		.4byte	0x3a
 551 02c6 0E       		.byte	0xe
 552 02c7 0A       		.uleb128 0xa
 553 02c8 CF000000 		.4byte	.LASF20
 554 02cc 04       		.byte	0x4
 555 02cd E5       		.byte	0xe5
 556 02ce 2C000000 		.4byte	0x2c
 557 02d2 10       		.byte	0x10
 558 02d3 0A       		.uleb128 0xa
 559 02d4 28020000 		.4byte	.LASF21
 560 02d8 04       		.byte	0x4
 561 02d9 E6       		.byte	0xe6
 562 02da 2C000000 		.4byte	0x2c
 563 02de 11       		.byte	0x11
 564 02df 0A       		.uleb128 0xa
ARM GAS  C:\Users\mark6\AppData\Local\Temp\cclrV05B.s 			page 12


 565 02e0 60000000 		.4byte	.LASF22
 566 02e4 04       		.byte	0x4
 567 02e5 E7       		.byte	0xe7
 568 02e6 2C000000 		.4byte	0x2c
 569 02ea 12       		.byte	0x12
 570 02eb 00       		.byte	0
 571 02ec 05       		.uleb128 0x5
 572 02ed 04       		.byte	0x4
 573 02ee F2020000 		.4byte	0x2f2
 574 02f2 06       		.uleb128 0x6
 575 02f3 1C010000 		.4byte	0x11c
 576 02f7 03       		.uleb128 0x3
 577 02f8 59030000 		.4byte	.LASF37
 578 02fc 04       		.byte	0x4
 579 02fd E8       		.byte	0xe8
 580 02fe 83020000 		.4byte	0x283
 581 0302 08       		.uleb128 0x8
 582 0303 06       		.byte	0x6
 583 0304 04       		.byte	0x4
 584 0305 F1       		.byte	0xf1
 585 0306 3B030000 		.4byte	0x33b
 586 030a 0A       		.uleb128 0xa
 587 030b 1A010000 		.4byte	.LASF38
 588 030f 04       		.byte	0x4
 589 0310 F2       		.byte	0xf2
 590 0311 3A000000 		.4byte	0x3a
 591 0315 00       		.byte	0
 592 0316 0A       		.uleb128 0xa
 593 0317 C6000000 		.4byte	.LASF39
 594 031b 04       		.byte	0x4
 595 031c F3       		.byte	0xf3
 596 031d 2C000000 		.4byte	0x2c
 597 0321 02       		.byte	0x2
 598 0322 0A       		.uleb128 0xa
 599 0323 AB000000 		.4byte	.LASF40
 600 0327 04       		.byte	0x4
 601 0328 F4       		.byte	0xf4
 602 0329 2C000000 		.4byte	0x2c
 603 032d 03       		.byte	0x3
 604 032e 0A       		.uleb128 0xa
 605 032f DB000000 		.4byte	.LASF41
 606 0333 04       		.byte	0x4
 607 0334 F5       		.byte	0xf5
 608 0335 2C000000 		.4byte	0x2c
 609 0339 04       		.byte	0x4
 610 033a 00       		.byte	0
 611 033b 03       		.uleb128 0x3
 612 033c 85010000 		.4byte	.LASF42
 613 0340 04       		.byte	0x4
 614 0341 F6       		.byte	0xf6
 615 0342 02030000 		.4byte	0x302
 616 0346 0C       		.uleb128 0xc
 617 0347 3B000000 		.4byte	.LASF43
 618 034b 04       		.byte	0x4
 619 034c 1301     		.2byte	0x113
 620 034e 52030000 		.4byte	0x352
 621 0352 0D       		.uleb128 0xd
ARM GAS  C:\Users\mark6\AppData\Local\Temp\cclrV05B.s 			page 13


 622 0353 68000000 		.4byte	0x68
 623 0357 66030000 		.4byte	0x366
 624 035b 0E       		.uleb128 0xe
 625 035c 9D000000 		.4byte	0x9d
 626 0360 0E       		.uleb128 0xe
 627 0361 68000000 		.4byte	0x68
 628 0365 00       		.byte	0
 629 0366 0C       		.uleb128 0xc
 630 0367 6A040000 		.4byte	.LASF44
 631 036b 04       		.byte	0x4
 632 036c 1401     		.2byte	0x114
 633 036e 52030000 		.4byte	0x352
 634 0372 0C       		.uleb128 0xc
 635 0373 A8040000 		.4byte	.LASF45
 636 0377 04       		.byte	0x4
 637 0378 1501     		.2byte	0x115
 638 037a 7E030000 		.4byte	0x37e
 639 037e 0F       		.uleb128 0xf
 640 037f 8E030000 		.4byte	0x38e
 641 0383 0E       		.uleb128 0xe
 642 0384 9D000000 		.4byte	0x9d
 643 0388 0E       		.uleb128 0xe
 644 0389 68000000 		.4byte	0x68
 645 038d 00       		.byte	0
 646 038e 10       		.uleb128 0x10
 647 038f 0C       		.byte	0xc
 648 0390 04       		.byte	0x4
 649 0391 1701     		.2byte	0x117
 650 0393 BF030000 		.4byte	0x3bf
 651 0397 11       		.uleb128 0x11
 652 0398 7B020000 		.4byte	.LASF46
 653 039c 04       		.byte	0x4
 654 039d 1801     		.2byte	0x118
 655 039f BF030000 		.4byte	0x3bf
 656 03a3 00       		.byte	0
 657 03a4 11       		.uleb128 0x11
 658 03a5 6D000000 		.4byte	.LASF47
 659 03a9 04       		.byte	0x4
 660 03aa 1901     		.2byte	0x119
 661 03ac C5030000 		.4byte	0x3c5
 662 03b0 04       		.byte	0x4
 663 03b1 11       		.uleb128 0x11
 664 03b2 F4010000 		.4byte	.LASF48
 665 03b6 04       		.byte	0x4
 666 03b7 1A01     		.2byte	0x11a
 667 03b9 CB030000 		.4byte	0x3cb
 668 03bd 08       		.byte	0x8
 669 03be 00       		.byte	0
 670 03bf 05       		.uleb128 0x5
 671 03c0 04       		.byte	0x4
 672 03c1 46030000 		.4byte	0x346
 673 03c5 05       		.uleb128 0x5
 674 03c6 04       		.byte	0x4
 675 03c7 66030000 		.4byte	0x366
 676 03cb 05       		.uleb128 0x5
 677 03cc 04       		.byte	0x4
 678 03cd 72030000 		.4byte	0x372
ARM GAS  C:\Users\mark6\AppData\Local\Temp\cclrV05B.s 			page 14


 679 03d1 0C       		.uleb128 0xc
 680 03d2 F9000000 		.4byte	.LASF49
 681 03d6 04       		.byte	0x4
 682 03d7 1B01     		.2byte	0x11b
 683 03d9 8E030000 		.4byte	0x38e
 684 03dd 0C       		.uleb128 0xc
 685 03de 92020000 		.4byte	.LASF50
 686 03e2 04       		.byte	0x4
 687 03e3 2401     		.2byte	0x124
 688 03e5 E9030000 		.4byte	0x3e9
 689 03e9 12       		.uleb128 0x12
 690 03ea 92020000 		.4byte	.LASF50
 691 03ee 24       		.byte	0x24
 692 03ef 04       		.byte	0x4
 693 03f0 B101     		.2byte	0x1b1
 694 03f2 AB040000 		.4byte	0x4ab
 695 03f6 11       		.uleb128 0x11
 696 03f7 4C040000 		.4byte	.LASF51
 697 03fb 04       		.byte	0x4
 698 03fc B201     		.2byte	0x1b2
 699 03fe B6050000 		.4byte	0x5b6
 700 0402 00       		.byte	0
 701 0403 11       		.uleb128 0x11
 702 0404 1A040000 		.4byte	.LASF52
 703 0408 04       		.byte	0x4
 704 0409 B301     		.2byte	0x1b3
 705 040b BC050000 		.4byte	0x5bc
 706 040f 04       		.byte	0x4
 707 0410 11       		.uleb128 0x11
 708 0411 9A040000 		.4byte	.LASF53
 709 0415 04       		.byte	0x4
 710 0416 B401     		.2byte	0x1b4
 711 0418 C2050000 		.4byte	0x5c2
 712 041c 08       		.byte	0x8
 713 041d 11       		.uleb128 0x11
 714 041e 2A000000 		.4byte	.LASF54
 715 0422 04       		.byte	0x4
 716 0423 B501     		.2byte	0x1b5
 717 0425 C8050000 		.4byte	0x5c8
 718 0429 0C       		.byte	0xc
 719 042a 11       		.uleb128 0x11
 720 042b E6010000 		.4byte	.LASF55
 721 042f 04       		.byte	0x4
 722 0430 B601     		.2byte	0x1b6
 723 0432 CE050000 		.4byte	0x5ce
 724 0436 10       		.byte	0x10
 725 0437 11       		.uleb128 0x11
 726 0438 39010000 		.4byte	.LASF56
 727 043c 04       		.byte	0x4
 728 043d B701     		.2byte	0x1b7
 729 043f D4050000 		.4byte	0x5d4
 730 0443 14       		.byte	0x14
 731 0444 11       		.uleb128 0x11
 732 0445 49020000 		.4byte	.LASF25
 733 0449 04       		.byte	0x4
 734 044a B801     		.2byte	0x1b8
 735 044c 2C000000 		.4byte	0x2c
ARM GAS  C:\Users\mark6\AppData\Local\Temp\cclrV05B.s 			page 15


 736 0450 18       		.byte	0x18
 737 0451 11       		.uleb128 0x11
 738 0452 64040000 		.4byte	.LASF57
 739 0456 04       		.byte	0x4
 740 0457 B901     		.2byte	0x1b9
 741 0459 2C000000 		.4byte	0x2c
 742 045d 19       		.byte	0x19
 743 045e 11       		.uleb128 0x11
 744 045f 39040000 		.4byte	.LASF58
 745 0463 04       		.byte	0x4
 746 0464 BA01     		.2byte	0x1ba
 747 0466 2C000000 		.4byte	0x2c
 748 046a 1A       		.byte	0x1a
 749 046b 11       		.uleb128 0x11
 750 046c C1000000 		.4byte	.LASF59
 751 0470 04       		.byte	0x4
 752 0471 BB01     		.2byte	0x1bb
 753 0473 2C000000 		.4byte	0x2c
 754 0477 1B       		.byte	0x1b
 755 0478 13       		.uleb128 0x13
 756 0479 7000     		.ascii	"p\000"
 757 047b 04       		.byte	0x4
 758 047c C101     		.2byte	0x1c1
 759 047e 5B050000 		.4byte	0x55b
 760 0482 1C       		.byte	0x1c
 761 0483 11       		.uleb128 0x11
 762 0484 C6000000 		.4byte	.LASF39
 763 0488 04       		.byte	0x4
 764 0489 C201     		.2byte	0x1c2
 765 048b 2C000000 		.4byte	0x2c
 766 048f 20       		.byte	0x20
 767 0490 11       		.uleb128 0x11
 768 0491 AB000000 		.4byte	.LASF40
 769 0495 04       		.byte	0x4
 770 0496 C301     		.2byte	0x1c3
 771 0498 2C000000 		.4byte	0x2c
 772 049c 21       		.byte	0x21
 773 049d 11       		.uleb128 0x11
 774 049e DB000000 		.4byte	.LASF41
 775 04a2 04       		.byte	0x4
 776 04a3 C401     		.2byte	0x1c4
 777 04a5 2C000000 		.4byte	0x2c
 778 04a9 22       		.byte	0x22
 779 04aa 00       		.byte	0
 780 04ab 0C       		.uleb128 0xc
 781 04ac E3000000 		.4byte	.LASF60
 782 04b0 04       		.byte	0x4
 783 04b1 2601     		.2byte	0x126
 784 04b3 B7040000 		.4byte	0x4b7
 785 04b7 0F       		.uleb128 0xf
 786 04b8 C2040000 		.4byte	0x4c2
 787 04bc 0E       		.uleb128 0xe
 788 04bd 3A000000 		.4byte	0x3a
 789 04c1 00       		.byte	0
 790 04c2 0C       		.uleb128 0xc
 791 04c3 1D030000 		.4byte	.LASF61
 792 04c7 04       		.byte	0x4
ARM GAS  C:\Users\mark6\AppData\Local\Temp\cclrV05B.s 			page 16


 793 04c8 2701     		.2byte	0x127
 794 04ca CE040000 		.4byte	0x4ce
 795 04ce 0D       		.uleb128 0xd
 796 04cf 68000000 		.4byte	0x68
 797 04d3 E2040000 		.4byte	0x4e2
 798 04d7 0E       		.uleb128 0xe
 799 04d8 3A000000 		.4byte	0x3a
 800 04dc 0E       		.uleb128 0xe
 801 04dd E2040000 		.4byte	0x4e2
 802 04e1 00       		.byte	0
 803 04e2 05       		.uleb128 0x5
 804 04e3 04       		.byte	0x4
 805 04e4 68000000 		.4byte	0x68
 806 04e8 0C       		.uleb128 0xc
 807 04e9 29040000 		.4byte	.LASF62
 808 04ed 04       		.byte	0x4
 809 04ee 2801     		.2byte	0x128
 810 04f0 F4040000 		.4byte	0x4f4
 811 04f4 0F       		.uleb128 0xf
 812 04f5 04050000 		.4byte	0x504
 813 04f9 0E       		.uleb128 0xe
 814 04fa 04050000 		.4byte	0x504
 815 04fe 0E       		.uleb128 0xe
 816 04ff 0F050000 		.4byte	0x50f
 817 0503 00       		.byte	0
 818 0504 05       		.uleb128 0x5
 819 0505 04       		.byte	0x4
 820 0506 0A050000 		.4byte	0x50a
 821 050a 06       		.uleb128 0x6
 822 050b DD030000 		.4byte	0x3dd
 823 050f 05       		.uleb128 0x5
 824 0510 04       		.byte	0x4
 825 0511 3B030000 		.4byte	0x33b
 826 0515 0C       		.uleb128 0xc
 827 0516 78010000 		.4byte	.LASF63
 828 051a 04       		.byte	0x4
 829 051b 2901     		.2byte	0x129
 830 051d 21050000 		.4byte	0x521
 831 0521 0D       		.uleb128 0xd
 832 0522 8F000000 		.4byte	0x8f
 833 0526 35050000 		.4byte	0x535
 834 052a 0E       		.uleb128 0xe
 835 052b 04050000 		.4byte	0x504
 836 052f 0E       		.uleb128 0xe
 837 0530 3A000000 		.4byte	0x3a
 838 0534 00       		.byte	0
 839 0535 0C       		.uleb128 0xc
 840 0536 9B010000 		.4byte	.LASF64
 841 053a 04       		.byte	0x4
 842 053b 2A01     		.2byte	0x12a
 843 053d 41050000 		.4byte	0x541
 844 0541 0D       		.uleb128 0xd
 845 0542 68000000 		.4byte	0x68
 846 0546 55050000 		.4byte	0x555
 847 054a 0E       		.uleb128 0xe
 848 054b 3A000000 		.4byte	0x3a
 849 054f 0E       		.uleb128 0xe
ARM GAS  C:\Users\mark6\AppData\Local\Temp\cclrV05B.s 			page 17


 850 0550 55050000 		.4byte	0x555
 851 0554 00       		.byte	0
 852 0555 05       		.uleb128 0x5
 853 0556 04       		.byte	0x4
 854 0557 BC010000 		.4byte	0x1bc
 855 055b 14       		.uleb128 0x14
 856 055c 04       		.byte	0x4
 857 055d 04       		.byte	0x4
 858 055e BC01     		.2byte	0x1bc
 859 0560 95050000 		.4byte	0x595
 860 0564 15       		.uleb128 0x15
 861 0565 62020000 		.4byte	.LASF65
 862 0569 04       		.byte	0x4
 863 056a BD01     		.2byte	0x1bd
 864 056c B3000000 		.4byte	0xb3
 865 0570 15       		.uleb128 0x15
 866 0571 D5000000 		.4byte	.LASF66
 867 0575 04       		.byte	0x4
 868 0576 BE01     		.2byte	0x1be
 869 0578 95050000 		.4byte	0x595
 870 057c 15       		.uleb128 0x15
 871 057d 94040000 		.4byte	.LASF67
 872 0581 04       		.byte	0x4
 873 0582 BF01     		.2byte	0x1bf
 874 0584 A0050000 		.4byte	0x5a0
 875 0588 15       		.uleb128 0x15
 876 0589 92010000 		.4byte	.LASF68
 877 058d 04       		.byte	0x4
 878 058e C001     		.2byte	0x1c0
 879 0590 AB050000 		.4byte	0x5ab
 880 0594 00       		.byte	0
 881 0595 05       		.uleb128 0x5
 882 0596 04       		.byte	0x4
 883 0597 9B050000 		.4byte	0x59b
 884 059b 06       		.uleb128 0x6
 885 059c F7020000 		.4byte	0x2f7
 886 05a0 05       		.uleb128 0x5
 887 05a1 04       		.byte	0x4
 888 05a2 A6050000 		.4byte	0x5a6
 889 05a6 06       		.uleb128 0x6
 890 05a7 1A020000 		.4byte	0x21a
 891 05ab 05       		.uleb128 0x5
 892 05ac 04       		.byte	0x4
 893 05ad B1050000 		.4byte	0x5b1
 894 05b1 06       		.uleb128 0x6
 895 05b2 78020000 		.4byte	0x278
 896 05b6 05       		.uleb128 0x5
 897 05b7 04       		.byte	0x4
 898 05b8 AB040000 		.4byte	0x4ab
 899 05bc 05       		.uleb128 0x5
 900 05bd 04       		.byte	0x4
 901 05be C2040000 		.4byte	0x4c2
 902 05c2 05       		.uleb128 0x5
 903 05c3 04       		.byte	0x4
 904 05c4 E8040000 		.4byte	0x4e8
 905 05c8 05       		.uleb128 0x5
 906 05c9 04       		.byte	0x4
ARM GAS  C:\Users\mark6\AppData\Local\Temp\cclrV05B.s 			page 18


 907 05ca 15050000 		.4byte	0x515
 908 05ce 05       		.uleb128 0x5
 909 05cf 04       		.byte	0x4
 910 05d0 35050000 		.4byte	0x535
 911 05d4 05       		.uleb128 0x5
 912 05d5 04       		.byte	0x4
 913 05d6 DA050000 		.4byte	0x5da
 914 05da 06       		.uleb128 0x6
 915 05db D1030000 		.4byte	0x3d1
 916 05df 16       		.uleb128 0x16
 917 05e0 15000000 		.4byte	.LASF78
 918 05e4 01       		.byte	0x1
 919 05e5 2F       		.byte	0x2f
 920 05e6 03       		.byte	0x3
 921 05e7 0D060000 		.4byte	0x60d
 922 05eb 17       		.uleb128 0x17
 923 05ec 4E010000 		.4byte	.LASF69
 924 05f0 01       		.byte	0x1
 925 05f1 2F       		.byte	0x2f
 926 05f2 E2040000 		.4byte	0x4e2
 927 05f6 18       		.uleb128 0x18
 928 05f7 6D617800 		.ascii	"max\000"
 929 05fb 01       		.byte	0x1
 930 05fc 2F       		.byte	0x2f
 931 05fd 68000000 		.4byte	0x68
 932 0601 17       		.uleb128 0x17
 933 0602 AB010000 		.4byte	.LASF70
 934 0606 01       		.byte	0x1
 935 0607 2F       		.byte	0x2f
 936 0608 68000000 		.4byte	0x68
 937 060c 00       		.byte	0
 938 060d 19       		.uleb128 0x19
 939 060e 67030000 		.4byte	.LASF71
 940 0612 01       		.byte	0x1
 941 0613 20       		.byte	0x20
 942 0614 00000000 		.4byte	.LFB64
 943 0618 58000000 		.4byte	.LFE64-.LFB64
 944 061c 01       		.uleb128 0x1
 945 061d 9C       		.byte	0x9c
 946 061e D0060000 		.4byte	0x6d0
 947 0622 1A       		.uleb128 0x1a
 948 0623 6900     		.ascii	"i\000"
 949 0625 01       		.byte	0x1
 950 0626 26       		.byte	0x26
 951 0627 68000000 		.4byte	0x68
 952 062b 00000000 		.4byte	.LLST0
 953 062f 1B       		.uleb128 0x1b
 954 0630 4E010000 		.4byte	.LASF69
 955 0634 01       		.byte	0x1
 956 0635 27       		.byte	0x27
 957 0636 E2040000 		.4byte	0x4e2
 958 063a 06       		.uleb128 0x6
 959 063b F2       		.byte	0xf2
 960 063c 22060000 		.4byte	.Ldebug_info0+1570
 961 0640 00       		.sleb128 0
 962 0641 1C       		.uleb128 0x1c
 963 0642 DF050000 		.4byte	0x5df
ARM GAS  C:\Users\mark6\AppData\Local\Temp\cclrV05B.s 			page 19


 964 0646 2A000000 		.4byte	.LBB4
 965 064a 2E000000 		.4byte	.LBE4-.LBB4
 966 064e 01       		.byte	0x1
 967 064f 2B       		.byte	0x2b
 968 0650 8F060000 		.4byte	0x68f
 969 0654 1D       		.uleb128 0x1d
 970 0655 01060000 		.4byte	0x601
 971 0659 05       		.byte	0x5
 972 065a 1E       		.uleb128 0x1e
 973 065b F6050000 		.4byte	0x5f6
 974 065f 9F860100 		.4byte	0x1869f
 975 0663 1F       		.uleb128 0x1f
 976 0664 EB050000 		.4byte	0x5eb
 977 0668 06       		.uleb128 0x6
 978 0669 F2       		.byte	0xf2
 979 066a 22060000 		.4byte	.Ldebug_info0+1570
 980 066e 00       		.sleb128 0
 981 066f 20       		.uleb128 0x20
 982 0670 3C000000 		.4byte	.LVL10
 983 0674 A6070000 		.4byte	0x7a6
 984 0678 21       		.uleb128 0x21
 985 0679 01       		.uleb128 0x1
 986 067a 53       		.byte	0x53
 987 067b 01       		.uleb128 0x1
 988 067c 35       		.byte	0x35
 989 067d 21       		.uleb128 0x21
 990 067e 01       		.uleb128 0x1
 991 067f 52       		.byte	0x52
 992 0680 01       		.uleb128 0x1
 993 0681 44       		.byte	0x44
 994 0682 21       		.uleb128 0x21
 995 0683 01       		.uleb128 0x1
 996 0684 51       		.byte	0x51
 997 0685 01       		.uleb128 0x1
 998 0686 44       		.byte	0x44
 999 0687 21       		.uleb128 0x21
 1000 0688 01       		.uleb128 0x1
 1001 0689 50       		.byte	0x50
 1002 068a 02       		.uleb128 0x2
 1003 068b 74       		.byte	0x74
 1004 068c 7F       		.sleb128 -1
 1005 068d 00       		.byte	0
 1006 068e 00       		.byte	0
 1007 068f 22       		.uleb128 0x22
 1008 0690 06000000 		.4byte	.LVL0
 1009 0694 C7070000 		.4byte	0x7c7
 1010 0698 22       		.uleb128 0x22
 1011 0699 0A000000 		.4byte	.LVL1
 1012 069d D3070000 		.4byte	0x7d3
 1013 06a1 22       		.uleb128 0x22
 1014 06a2 0E000000 		.4byte	.LVL2
 1015 06a6 DB070000 		.4byte	0x7db
 1016 06aa 22       		.uleb128 0x22
 1017 06ab 16000000 		.4byte	.LVL3
 1018 06af E7070000 		.4byte	0x7e7
 1019 06b3 22       		.uleb128 0x22
 1020 06b4 20000000 		.4byte	.LVL5
ARM GAS  C:\Users\mark6\AppData\Local\Temp\cclrV05B.s 			page 20


 1021 06b8 F3070000 		.4byte	0x7f3
 1022 06bc 20       		.uleb128 0x20
 1023 06bd 26000000 		.4byte	.LVL6
 1024 06c1 09080000 		.4byte	0x809
 1025 06c5 21       		.uleb128 0x21
 1026 06c6 01       		.uleb128 0x1
 1027 06c7 50       		.byte	0x50
 1028 06c8 05       		.uleb128 0x5
 1029 06c9 03       		.byte	0x3
 1030 06ca 00000000 		.4byte	.LC0
 1031 06ce 00       		.byte	0
 1032 06cf 00       		.byte	0
 1033 06d0 23       		.uleb128 0x23
 1034 06d1 93000000 		.4byte	.LASF72
 1035 06d5 01       		.byte	0x1
 1036 06d6 18       		.byte	0x18
 1037 06d7 68000000 		.4byte	0x68
 1038 06db 00000000 		.4byte	.LFB63
 1039 06df 0C000000 		.4byte	.LFE63-.LFB63
 1040 06e3 01       		.uleb128 0x1
 1041 06e4 9C       		.byte	0x9c
 1042 06e5 FC060000 		.4byte	0x6fc
 1043 06e9 22       		.uleb128 0x22
 1044 06ea 08000000 		.4byte	.LVL11
 1045 06ee 1B080000 		.4byte	0x81b
 1046 06f2 22       		.uleb128 0x22
 1047 06f3 0C000000 		.4byte	.LVL12
 1048 06f7 0D060000 		.4byte	0x60d
 1049 06fb 00       		.byte	0
 1050 06fc 24       		.uleb128 0x24
 1051 06fd DF050000 		.4byte	0x5df
 1052 0701 00000000 		.4byte	.LFB65
 1053 0705 22000000 		.4byte	.LFE65-.LFB65
 1054 0709 01       		.uleb128 0x1
 1055 070a 9C       		.byte	0x9c
 1056 070b 46070000 		.4byte	0x746
 1057 070f 25       		.uleb128 0x25
 1058 0710 EB050000 		.4byte	0x5eb
 1059 0714 35000000 		.4byte	.LLST1
 1060 0718 25       		.uleb128 0x25
 1061 0719 F6050000 		.4byte	0x5f6
 1062 071d 53000000 		.4byte	.LLST2
 1063 0721 25       		.uleb128 0x25
 1064 0722 01060000 		.4byte	0x601
 1065 0726 71000000 		.4byte	.LLST3
 1066 072a 20       		.uleb128 0x20
 1067 072b 16000000 		.4byte	.LVL17
 1068 072f A6070000 		.4byte	0x7a6
 1069 0733 21       		.uleb128 0x21
 1070 0734 01       		.uleb128 0x1
 1071 0735 53       		.byte	0x53
 1072 0736 03       		.uleb128 0x3
 1073 0737 F3       		.byte	0xf3
 1074 0738 01       		.uleb128 0x1
 1075 0739 52       		.byte	0x52
 1076 073a 21       		.uleb128 0x21
 1077 073b 01       		.uleb128 0x1
ARM GAS  C:\Users\mark6\AppData\Local\Temp\cclrV05B.s 			page 21


 1078 073c 52       		.byte	0x52
 1079 073d 01       		.uleb128 0x1
 1080 073e 44       		.byte	0x44
 1081 073f 21       		.uleb128 0x21
 1082 0740 01       		.uleb128 0x1
 1083 0741 51       		.byte	0x51
 1084 0742 01       		.uleb128 0x1
 1085 0743 44       		.byte	0x44
 1086 0744 00       		.byte	0
 1087 0745 00       		.byte	0
 1088 0746 26       		.uleb128 0x26
 1089 0747 87040000 		.4byte	.LASF73
 1090 074b 05       		.byte	0x5
 1091 074c 2A06     		.2byte	0x62a
 1092 074e 52070000 		.4byte	0x752
 1093 0752 27       		.uleb128 0x27
 1094 0753 76000000 		.4byte	0x76
 1095 0757 26       		.uleb128 0x26
 1096 0758 57040000 		.4byte	.LASF74
 1097 075c 06       		.byte	0x6
 1098 075d 2108     		.2byte	0x821
 1099 075f 0A050000 		.4byte	0x50a
 1100 0763 28       		.uleb128 0x28
 1101 0764 3B020000 		.4byte	.LASF75
 1102 0768 01       		.byte	0x1
 1103 0769 14       		.byte	0x14
 1104 076a 68000000 		.4byte	0x68
 1105 076e 05       		.uleb128 0x5
 1106 076f 03       		.byte	0x3
 1107 0770 00000000 		.4byte	SCREEN_X
 1108 0774 28       		.uleb128 0x28
 1109 0775 F0000000 		.4byte	.LASF76
 1110 0779 01       		.byte	0x1
 1111 077a 15       		.byte	0x15
 1112 077b 68000000 		.4byte	0x68
 1113 077f 05       		.uleb128 0x5
 1114 0780 03       		.byte	0x3
 1115 0781 00000000 		.4byte	SCREEN_Y
 1116 0785 29       		.uleb128 0x29
 1117 0786 8F000000 		.4byte	0x8f
 1118 078a 95070000 		.4byte	0x795
 1119 078e 2A       		.uleb128 0x2a
 1120 078f 96000000 		.4byte	0x96
 1121 0793 63       		.byte	0x63
 1122 0794 00       		.byte	0
 1123 0795 28       		.uleb128 0x28
 1124 0796 22020000 		.4byte	.LASF77
 1125 079a 01       		.byte	0x1
 1126 079b 16       		.byte	0x16
 1127 079c 85070000 		.4byte	0x785
 1128 07a0 05       		.uleb128 0x5
 1129 07a1 03       		.byte	0x3
 1130 07a2 00000000 		.4byte	print
 1131 07a6 2B       		.uleb128 0x2b
 1132 07a7 B3000000 		.4byte	.LASF79
 1133 07ab 06       		.byte	0x6
 1134 07ac 8603     		.2byte	0x386
ARM GAS  C:\Users\mark6\AppData\Local\Temp\cclrV05B.s 			page 22


 1135 07ae C7070000 		.4byte	0x7c7
 1136 07b2 0E       		.uleb128 0xe
 1137 07b3 4C000000 		.4byte	0x4c
 1138 07b7 0E       		.uleb128 0xe
 1139 07b8 33000000 		.4byte	0x33
 1140 07bc 0E       		.uleb128 0xe
 1141 07bd 33000000 		.4byte	0x33
 1142 07c1 0E       		.uleb128 0xe
 1143 07c2 2C000000 		.4byte	0x2c
 1144 07c6 00       		.byte	0
 1145 07c7 2C       		.uleb128 0x2c
 1146 07c8 70030000 		.4byte	.LASF80
 1147 07cc 06       		.byte	0x6
 1148 07cd 6D01     		.2byte	0x16d
 1149 07cf 68000000 		.4byte	0x68
 1150 07d3 2D       		.uleb128 0x2d
 1151 07d4 C3040000 		.4byte	.LASF84
 1152 07d8 06       		.byte	0x6
 1153 07d9 F601     		.2byte	0x1f6
 1154 07db 2C       		.uleb128 0x2c
 1155 07dc B2010000 		.4byte	.LASF81
 1156 07e0 06       		.byte	0x6
 1157 07e1 6A01     		.2byte	0x16a
 1158 07e3 68000000 		.4byte	0x68
 1159 07e7 2C       		.uleb128 0x2c
 1160 07e8 C5010000 		.4byte	.LASF82
 1161 07ec 06       		.byte	0x6
 1162 07ed 6B01     		.2byte	0x16b
 1163 07ef 68000000 		.4byte	0x68
 1164 07f3 2E       		.uleb128 0x2e
 1165 07f4 47030000 		.4byte	.LASF89
 1166 07f8 06       		.byte	0x6
 1167 07f9 2B03     		.2byte	0x32b
 1168 07fb 04050000 		.4byte	0x504
 1169 07ff 09080000 		.4byte	0x809
 1170 0803 0E       		.uleb128 0xe
 1171 0804 04050000 		.4byte	0x504
 1172 0808 00       		.byte	0
 1173 0809 2B       		.uleb128 0x2b
 1174 080a 00000000 		.4byte	.LASF83
 1175 080e 06       		.byte	0x6
 1176 080f 0403     		.2byte	0x304
 1177 0811 1B080000 		.4byte	0x81b
 1178 0815 0E       		.uleb128 0xe
 1179 0816 9D000000 		.4byte	0x9d
 1180 081a 00       		.byte	0
 1181 081b 2F       		.uleb128 0x2f
 1182 081c 7A040000 		.4byte	.LASF85
 1183 0820 07       		.byte	0x7
 1184 0821 53       		.byte	0x53
 1185 0822 00       		.byte	0
 1186              		.section	.debug_abbrev,"",%progbits
 1187              	.Ldebug_abbrev0:
 1188 0000 01       		.uleb128 0x1
 1189 0001 11       		.uleb128 0x11
 1190 0002 01       		.byte	0x1
 1191 0003 25       		.uleb128 0x25
ARM GAS  C:\Users\mark6\AppData\Local\Temp\cclrV05B.s 			page 23


 1192 0004 0E       		.uleb128 0xe
 1193 0005 13       		.uleb128 0x13
 1194 0006 0B       		.uleb128 0xb
 1195 0007 03       		.uleb128 0x3
 1196 0008 0E       		.uleb128 0xe
 1197 0009 1B       		.uleb128 0x1b
 1198 000a 0E       		.uleb128 0xe
 1199 000b 55       		.uleb128 0x55
 1200 000c 17       		.uleb128 0x17
 1201 000d 11       		.uleb128 0x11
 1202 000e 01       		.uleb128 0x1
 1203 000f 10       		.uleb128 0x10
 1204 0010 17       		.uleb128 0x17
 1205 0011 00       		.byte	0
 1206 0012 00       		.byte	0
 1207 0013 02       		.uleb128 0x2
 1208 0014 24       		.uleb128 0x24
 1209 0015 00       		.byte	0
 1210 0016 0B       		.uleb128 0xb
 1211 0017 0B       		.uleb128 0xb
 1212 0018 3E       		.uleb128 0x3e
 1213 0019 0B       		.uleb128 0xb
 1214 001a 03       		.uleb128 0x3
 1215 001b 0E       		.uleb128 0xe
 1216 001c 00       		.byte	0
 1217 001d 00       		.byte	0
 1218 001e 03       		.uleb128 0x3
 1219 001f 16       		.uleb128 0x16
 1220 0020 00       		.byte	0
 1221 0021 03       		.uleb128 0x3
 1222 0022 0E       		.uleb128 0xe
 1223 0023 3A       		.uleb128 0x3a
 1224 0024 0B       		.uleb128 0xb
 1225 0025 3B       		.uleb128 0x3b
 1226 0026 0B       		.uleb128 0xb
 1227 0027 49       		.uleb128 0x49
 1228 0028 13       		.uleb128 0x13
 1229 0029 00       		.byte	0
 1230 002a 00       		.byte	0
 1231 002b 04       		.uleb128 0x4
 1232 002c 24       		.uleb128 0x24
 1233 002d 00       		.byte	0
 1234 002e 0B       		.uleb128 0xb
 1235 002f 0B       		.uleb128 0xb
 1236 0030 3E       		.uleb128 0x3e
 1237 0031 0B       		.uleb128 0xb
 1238 0032 03       		.uleb128 0x3
 1239 0033 08       		.uleb128 0x8
 1240 0034 00       		.byte	0
 1241 0035 00       		.byte	0
 1242 0036 05       		.uleb128 0x5
 1243 0037 0F       		.uleb128 0xf
 1244 0038 00       		.byte	0
 1245 0039 0B       		.uleb128 0xb
 1246 003a 0B       		.uleb128 0xb
 1247 003b 49       		.uleb128 0x49
 1248 003c 13       		.uleb128 0x13
ARM GAS  C:\Users\mark6\AppData\Local\Temp\cclrV05B.s 			page 24


 1249 003d 00       		.byte	0
 1250 003e 00       		.byte	0
 1251 003f 06       		.uleb128 0x6
 1252 0040 26       		.uleb128 0x26
 1253 0041 00       		.byte	0
 1254 0042 49       		.uleb128 0x49
 1255 0043 13       		.uleb128 0x13
 1256 0044 00       		.byte	0
 1257 0045 00       		.byte	0
 1258 0046 07       		.uleb128 0x7
 1259 0047 26       		.uleb128 0x26
 1260 0048 00       		.byte	0
 1261 0049 00       		.byte	0
 1262 004a 00       		.byte	0
 1263 004b 08       		.uleb128 0x8
 1264 004c 13       		.uleb128 0x13
 1265 004d 01       		.byte	0x1
 1266 004e 0B       		.uleb128 0xb
 1267 004f 0B       		.uleb128 0xb
 1268 0050 3A       		.uleb128 0x3a
 1269 0051 0B       		.uleb128 0xb
 1270 0052 3B       		.uleb128 0x3b
 1271 0053 0B       		.uleb128 0xb
 1272 0054 01       		.uleb128 0x1
 1273 0055 13       		.uleb128 0x13
 1274 0056 00       		.byte	0
 1275 0057 00       		.byte	0
 1276 0058 09       		.uleb128 0x9
 1277 0059 0D       		.uleb128 0xd
 1278 005a 00       		.byte	0
 1279 005b 03       		.uleb128 0x3
 1280 005c 08       		.uleb128 0x8
 1281 005d 3A       		.uleb128 0x3a
 1282 005e 0B       		.uleb128 0xb
 1283 005f 3B       		.uleb128 0x3b
 1284 0060 0B       		.uleb128 0xb
 1285 0061 49       		.uleb128 0x49
 1286 0062 13       		.uleb128 0x13
 1287 0063 38       		.uleb128 0x38
 1288 0064 0B       		.uleb128 0xb
 1289 0065 00       		.byte	0
 1290 0066 00       		.byte	0
 1291 0067 0A       		.uleb128 0xa
 1292 0068 0D       		.uleb128 0xd
 1293 0069 00       		.byte	0
 1294 006a 03       		.uleb128 0x3
 1295 006b 0E       		.uleb128 0xe
 1296 006c 3A       		.uleb128 0x3a
 1297 006d 0B       		.uleb128 0xb
 1298 006e 3B       		.uleb128 0x3b
 1299 006f 0B       		.uleb128 0xb
 1300 0070 49       		.uleb128 0x49
 1301 0071 13       		.uleb128 0x13
 1302 0072 38       		.uleb128 0x38
 1303 0073 0B       		.uleb128 0xb
 1304 0074 00       		.byte	0
 1305 0075 00       		.byte	0
ARM GAS  C:\Users\mark6\AppData\Local\Temp\cclrV05B.s 			page 25


 1306 0076 0B       		.uleb128 0xb
 1307 0077 13       		.uleb128 0x13
 1308 0078 01       		.byte	0x1
 1309 0079 03       		.uleb128 0x3
 1310 007a 0E       		.uleb128 0xe
 1311 007b 0B       		.uleb128 0xb
 1312 007c 0B       		.uleb128 0xb
 1313 007d 3A       		.uleb128 0x3a
 1314 007e 0B       		.uleb128 0xb
 1315 007f 3B       		.uleb128 0x3b
 1316 0080 0B       		.uleb128 0xb
 1317 0081 01       		.uleb128 0x1
 1318 0082 13       		.uleb128 0x13
 1319 0083 00       		.byte	0
 1320 0084 00       		.byte	0
 1321 0085 0C       		.uleb128 0xc
 1322 0086 16       		.uleb128 0x16
 1323 0087 00       		.byte	0
 1324 0088 03       		.uleb128 0x3
 1325 0089 0E       		.uleb128 0xe
 1326 008a 3A       		.uleb128 0x3a
 1327 008b 0B       		.uleb128 0xb
 1328 008c 3B       		.uleb128 0x3b
 1329 008d 05       		.uleb128 0x5
 1330 008e 49       		.uleb128 0x49
 1331 008f 13       		.uleb128 0x13
 1332 0090 00       		.byte	0
 1333 0091 00       		.byte	0
 1334 0092 0D       		.uleb128 0xd
 1335 0093 15       		.uleb128 0x15
 1336 0094 01       		.byte	0x1
 1337 0095 27       		.uleb128 0x27
 1338 0096 19       		.uleb128 0x19
 1339 0097 49       		.uleb128 0x49
 1340 0098 13       		.uleb128 0x13
 1341 0099 01       		.uleb128 0x1
 1342 009a 13       		.uleb128 0x13
 1343 009b 00       		.byte	0
 1344 009c 00       		.byte	0
 1345 009d 0E       		.uleb128 0xe
 1346 009e 05       		.uleb128 0x5
 1347 009f 00       		.byte	0
 1348 00a0 49       		.uleb128 0x49
 1349 00a1 13       		.uleb128 0x13
 1350 00a2 00       		.byte	0
 1351 00a3 00       		.byte	0
 1352 00a4 0F       		.uleb128 0xf
 1353 00a5 15       		.uleb128 0x15
 1354 00a6 01       		.byte	0x1
 1355 00a7 27       		.uleb128 0x27
 1356 00a8 19       		.uleb128 0x19
 1357 00a9 01       		.uleb128 0x1
 1358 00aa 13       		.uleb128 0x13
 1359 00ab 00       		.byte	0
 1360 00ac 00       		.byte	0
 1361 00ad 10       		.uleb128 0x10
 1362 00ae 13       		.uleb128 0x13
ARM GAS  C:\Users\mark6\AppData\Local\Temp\cclrV05B.s 			page 26


 1363 00af 01       		.byte	0x1
 1364 00b0 0B       		.uleb128 0xb
 1365 00b1 0B       		.uleb128 0xb
 1366 00b2 3A       		.uleb128 0x3a
 1367 00b3 0B       		.uleb128 0xb
 1368 00b4 3B       		.uleb128 0x3b
 1369 00b5 05       		.uleb128 0x5
 1370 00b6 01       		.uleb128 0x1
 1371 00b7 13       		.uleb128 0x13
 1372 00b8 00       		.byte	0
 1373 00b9 00       		.byte	0
 1374 00ba 11       		.uleb128 0x11
 1375 00bb 0D       		.uleb128 0xd
 1376 00bc 00       		.byte	0
 1377 00bd 03       		.uleb128 0x3
 1378 00be 0E       		.uleb128 0xe
 1379 00bf 3A       		.uleb128 0x3a
 1380 00c0 0B       		.uleb128 0xb
 1381 00c1 3B       		.uleb128 0x3b
 1382 00c2 05       		.uleb128 0x5
 1383 00c3 49       		.uleb128 0x49
 1384 00c4 13       		.uleb128 0x13
 1385 00c5 38       		.uleb128 0x38
 1386 00c6 0B       		.uleb128 0xb
 1387 00c7 00       		.byte	0
 1388 00c8 00       		.byte	0
 1389 00c9 12       		.uleb128 0x12
 1390 00ca 13       		.uleb128 0x13
 1391 00cb 01       		.byte	0x1
 1392 00cc 03       		.uleb128 0x3
 1393 00cd 0E       		.uleb128 0xe
 1394 00ce 0B       		.uleb128 0xb
 1395 00cf 0B       		.uleb128 0xb
 1396 00d0 3A       		.uleb128 0x3a
 1397 00d1 0B       		.uleb128 0xb
 1398 00d2 3B       		.uleb128 0x3b
 1399 00d3 05       		.uleb128 0x5
 1400 00d4 01       		.uleb128 0x1
 1401 00d5 13       		.uleb128 0x13
 1402 00d6 00       		.byte	0
 1403 00d7 00       		.byte	0
 1404 00d8 13       		.uleb128 0x13
 1405 00d9 0D       		.uleb128 0xd
 1406 00da 00       		.byte	0
 1407 00db 03       		.uleb128 0x3
 1408 00dc 08       		.uleb128 0x8
 1409 00dd 3A       		.uleb128 0x3a
 1410 00de 0B       		.uleb128 0xb
 1411 00df 3B       		.uleb128 0x3b
 1412 00e0 05       		.uleb128 0x5
 1413 00e1 49       		.uleb128 0x49
 1414 00e2 13       		.uleb128 0x13
 1415 00e3 38       		.uleb128 0x38
 1416 00e4 0B       		.uleb128 0xb
 1417 00e5 00       		.byte	0
 1418 00e6 00       		.byte	0
 1419 00e7 14       		.uleb128 0x14
ARM GAS  C:\Users\mark6\AppData\Local\Temp\cclrV05B.s 			page 27


 1420 00e8 17       		.uleb128 0x17
 1421 00e9 01       		.byte	0x1
 1422 00ea 0B       		.uleb128 0xb
 1423 00eb 0B       		.uleb128 0xb
 1424 00ec 3A       		.uleb128 0x3a
 1425 00ed 0B       		.uleb128 0xb
 1426 00ee 3B       		.uleb128 0x3b
 1427 00ef 05       		.uleb128 0x5
 1428 00f0 01       		.uleb128 0x1
 1429 00f1 13       		.uleb128 0x13
 1430 00f2 00       		.byte	0
 1431 00f3 00       		.byte	0
 1432 00f4 15       		.uleb128 0x15
 1433 00f5 0D       		.uleb128 0xd
 1434 00f6 00       		.byte	0
 1435 00f7 03       		.uleb128 0x3
 1436 00f8 0E       		.uleb128 0xe
 1437 00f9 3A       		.uleb128 0x3a
 1438 00fa 0B       		.uleb128 0xb
 1439 00fb 3B       		.uleb128 0x3b
 1440 00fc 05       		.uleb128 0x5
 1441 00fd 49       		.uleb128 0x49
 1442 00fe 13       		.uleb128 0x13
 1443 00ff 00       		.byte	0
 1444 0100 00       		.byte	0
 1445 0101 16       		.uleb128 0x16
 1446 0102 2E       		.uleb128 0x2e
 1447 0103 01       		.byte	0x1
 1448 0104 3F       		.uleb128 0x3f
 1449 0105 19       		.uleb128 0x19
 1450 0106 03       		.uleb128 0x3
 1451 0107 0E       		.uleb128 0xe
 1452 0108 3A       		.uleb128 0x3a
 1453 0109 0B       		.uleb128 0xb
 1454 010a 3B       		.uleb128 0x3b
 1455 010b 0B       		.uleb128 0xb
 1456 010c 27       		.uleb128 0x27
 1457 010d 19       		.uleb128 0x19
 1458 010e 20       		.uleb128 0x20
 1459 010f 0B       		.uleb128 0xb
 1460 0110 01       		.uleb128 0x1
 1461 0111 13       		.uleb128 0x13
 1462 0112 00       		.byte	0
 1463 0113 00       		.byte	0
 1464 0114 17       		.uleb128 0x17
 1465 0115 05       		.uleb128 0x5
 1466 0116 00       		.byte	0
 1467 0117 03       		.uleb128 0x3
 1468 0118 0E       		.uleb128 0xe
 1469 0119 3A       		.uleb128 0x3a
 1470 011a 0B       		.uleb128 0xb
 1471 011b 3B       		.uleb128 0x3b
 1472 011c 0B       		.uleb128 0xb
 1473 011d 49       		.uleb128 0x49
 1474 011e 13       		.uleb128 0x13
 1475 011f 00       		.byte	0
 1476 0120 00       		.byte	0
ARM GAS  C:\Users\mark6\AppData\Local\Temp\cclrV05B.s 			page 28


 1477 0121 18       		.uleb128 0x18
 1478 0122 05       		.uleb128 0x5
 1479 0123 00       		.byte	0
 1480 0124 03       		.uleb128 0x3
 1481 0125 08       		.uleb128 0x8
 1482 0126 3A       		.uleb128 0x3a
 1483 0127 0B       		.uleb128 0xb
 1484 0128 3B       		.uleb128 0x3b
 1485 0129 0B       		.uleb128 0xb
 1486 012a 49       		.uleb128 0x49
 1487 012b 13       		.uleb128 0x13
 1488 012c 00       		.byte	0
 1489 012d 00       		.byte	0
 1490 012e 19       		.uleb128 0x19
 1491 012f 2E       		.uleb128 0x2e
 1492 0130 01       		.byte	0x1
 1493 0131 3F       		.uleb128 0x3f
 1494 0132 19       		.uleb128 0x19
 1495 0133 03       		.uleb128 0x3
 1496 0134 0E       		.uleb128 0xe
 1497 0135 3A       		.uleb128 0x3a
 1498 0136 0B       		.uleb128 0xb
 1499 0137 3B       		.uleb128 0x3b
 1500 0138 0B       		.uleb128 0xb
 1501 0139 27       		.uleb128 0x27
 1502 013a 19       		.uleb128 0x19
 1503 013b 11       		.uleb128 0x11
 1504 013c 01       		.uleb128 0x1
 1505 013d 12       		.uleb128 0x12
 1506 013e 06       		.uleb128 0x6
 1507 013f 40       		.uleb128 0x40
 1508 0140 18       		.uleb128 0x18
 1509 0141 9742     		.uleb128 0x2117
 1510 0143 19       		.uleb128 0x19
 1511 0144 01       		.uleb128 0x1
 1512 0145 13       		.uleb128 0x13
 1513 0146 00       		.byte	0
 1514 0147 00       		.byte	0
 1515 0148 1A       		.uleb128 0x1a
 1516 0149 34       		.uleb128 0x34
 1517 014a 00       		.byte	0
 1518 014b 03       		.uleb128 0x3
 1519 014c 08       		.uleb128 0x8
 1520 014d 3A       		.uleb128 0x3a
 1521 014e 0B       		.uleb128 0xb
 1522 014f 3B       		.uleb128 0x3b
 1523 0150 0B       		.uleb128 0xb
 1524 0151 49       		.uleb128 0x49
 1525 0152 13       		.uleb128 0x13
 1526 0153 02       		.uleb128 0x2
 1527 0154 17       		.uleb128 0x17
 1528 0155 00       		.byte	0
 1529 0156 00       		.byte	0
 1530 0157 1B       		.uleb128 0x1b
 1531 0158 34       		.uleb128 0x34
 1532 0159 00       		.byte	0
 1533 015a 03       		.uleb128 0x3
ARM GAS  C:\Users\mark6\AppData\Local\Temp\cclrV05B.s 			page 29


 1534 015b 0E       		.uleb128 0xe
 1535 015c 3A       		.uleb128 0x3a
 1536 015d 0B       		.uleb128 0xb
 1537 015e 3B       		.uleb128 0x3b
 1538 015f 0B       		.uleb128 0xb
 1539 0160 49       		.uleb128 0x49
 1540 0161 13       		.uleb128 0x13
 1541 0162 02       		.uleb128 0x2
 1542 0163 18       		.uleb128 0x18
 1543 0164 00       		.byte	0
 1544 0165 00       		.byte	0
 1545 0166 1C       		.uleb128 0x1c
 1546 0167 1D       		.uleb128 0x1d
 1547 0168 01       		.byte	0x1
 1548 0169 31       		.uleb128 0x31
 1549 016a 13       		.uleb128 0x13
 1550 016b 11       		.uleb128 0x11
 1551 016c 01       		.uleb128 0x1
 1552 016d 12       		.uleb128 0x12
 1553 016e 06       		.uleb128 0x6
 1554 016f 58       		.uleb128 0x58
 1555 0170 0B       		.uleb128 0xb
 1556 0171 59       		.uleb128 0x59
 1557 0172 0B       		.uleb128 0xb
 1558 0173 01       		.uleb128 0x1
 1559 0174 13       		.uleb128 0x13
 1560 0175 00       		.byte	0
 1561 0176 00       		.byte	0
 1562 0177 1D       		.uleb128 0x1d
 1563 0178 05       		.uleb128 0x5
 1564 0179 00       		.byte	0
 1565 017a 31       		.uleb128 0x31
 1566 017b 13       		.uleb128 0x13
 1567 017c 1C       		.uleb128 0x1c
 1568 017d 0B       		.uleb128 0xb
 1569 017e 00       		.byte	0
 1570 017f 00       		.byte	0
 1571 0180 1E       		.uleb128 0x1e
 1572 0181 05       		.uleb128 0x5
 1573 0182 00       		.byte	0
 1574 0183 31       		.uleb128 0x31
 1575 0184 13       		.uleb128 0x13
 1576 0185 1C       		.uleb128 0x1c
 1577 0186 06       		.uleb128 0x6
 1578 0187 00       		.byte	0
 1579 0188 00       		.byte	0
 1580 0189 1F       		.uleb128 0x1f
 1581 018a 05       		.uleb128 0x5
 1582 018b 00       		.byte	0
 1583 018c 31       		.uleb128 0x31
 1584 018d 13       		.uleb128 0x13
 1585 018e 02       		.uleb128 0x2
 1586 018f 18       		.uleb128 0x18
 1587 0190 00       		.byte	0
 1588 0191 00       		.byte	0
 1589 0192 20       		.uleb128 0x20
 1590 0193 898201   		.uleb128 0x4109
ARM GAS  C:\Users\mark6\AppData\Local\Temp\cclrV05B.s 			page 30


 1591 0196 01       		.byte	0x1
 1592 0197 11       		.uleb128 0x11
 1593 0198 01       		.uleb128 0x1
 1594 0199 31       		.uleb128 0x31
 1595 019a 13       		.uleb128 0x13
 1596 019b 00       		.byte	0
 1597 019c 00       		.byte	0
 1598 019d 21       		.uleb128 0x21
 1599 019e 8A8201   		.uleb128 0x410a
 1600 01a1 00       		.byte	0
 1601 01a2 02       		.uleb128 0x2
 1602 01a3 18       		.uleb128 0x18
 1603 01a4 9142     		.uleb128 0x2111
 1604 01a6 18       		.uleb128 0x18
 1605 01a7 00       		.byte	0
 1606 01a8 00       		.byte	0
 1607 01a9 22       		.uleb128 0x22
 1608 01aa 898201   		.uleb128 0x4109
 1609 01ad 00       		.byte	0
 1610 01ae 11       		.uleb128 0x11
 1611 01af 01       		.uleb128 0x1
 1612 01b0 31       		.uleb128 0x31
 1613 01b1 13       		.uleb128 0x13
 1614 01b2 00       		.byte	0
 1615 01b3 00       		.byte	0
 1616 01b4 23       		.uleb128 0x23
 1617 01b5 2E       		.uleb128 0x2e
 1618 01b6 01       		.byte	0x1
 1619 01b7 3F       		.uleb128 0x3f
 1620 01b8 19       		.uleb128 0x19
 1621 01b9 03       		.uleb128 0x3
 1622 01ba 0E       		.uleb128 0xe
 1623 01bb 3A       		.uleb128 0x3a
 1624 01bc 0B       		.uleb128 0xb
 1625 01bd 3B       		.uleb128 0x3b
 1626 01be 0B       		.uleb128 0xb
 1627 01bf 49       		.uleb128 0x49
 1628 01c0 13       		.uleb128 0x13
 1629 01c1 11       		.uleb128 0x11
 1630 01c2 01       		.uleb128 0x1
 1631 01c3 12       		.uleb128 0x12
 1632 01c4 06       		.uleb128 0x6
 1633 01c5 40       		.uleb128 0x40
 1634 01c6 18       		.uleb128 0x18
 1635 01c7 9742     		.uleb128 0x2117
 1636 01c9 19       		.uleb128 0x19
 1637 01ca 01       		.uleb128 0x1
 1638 01cb 13       		.uleb128 0x13
 1639 01cc 00       		.byte	0
 1640 01cd 00       		.byte	0
 1641 01ce 24       		.uleb128 0x24
 1642 01cf 2E       		.uleb128 0x2e
 1643 01d0 01       		.byte	0x1
 1644 01d1 31       		.uleb128 0x31
 1645 01d2 13       		.uleb128 0x13
 1646 01d3 11       		.uleb128 0x11
 1647 01d4 01       		.uleb128 0x1
ARM GAS  C:\Users\mark6\AppData\Local\Temp\cclrV05B.s 			page 31


 1648 01d5 12       		.uleb128 0x12
 1649 01d6 06       		.uleb128 0x6
 1650 01d7 40       		.uleb128 0x40
 1651 01d8 18       		.uleb128 0x18
 1652 01d9 9742     		.uleb128 0x2117
 1653 01db 19       		.uleb128 0x19
 1654 01dc 01       		.uleb128 0x1
 1655 01dd 13       		.uleb128 0x13
 1656 01de 00       		.byte	0
 1657 01df 00       		.byte	0
 1658 01e0 25       		.uleb128 0x25
 1659 01e1 05       		.uleb128 0x5
 1660 01e2 00       		.byte	0
 1661 01e3 31       		.uleb128 0x31
 1662 01e4 13       		.uleb128 0x13
 1663 01e5 02       		.uleb128 0x2
 1664 01e6 17       		.uleb128 0x17
 1665 01e7 00       		.byte	0
 1666 01e8 00       		.byte	0
 1667 01e9 26       		.uleb128 0x26
 1668 01ea 34       		.uleb128 0x34
 1669 01eb 00       		.byte	0
 1670 01ec 03       		.uleb128 0x3
 1671 01ed 0E       		.uleb128 0xe
 1672 01ee 3A       		.uleb128 0x3a
 1673 01ef 0B       		.uleb128 0xb
 1674 01f0 3B       		.uleb128 0x3b
 1675 01f1 05       		.uleb128 0x5
 1676 01f2 49       		.uleb128 0x49
 1677 01f3 13       		.uleb128 0x13
 1678 01f4 3F       		.uleb128 0x3f
 1679 01f5 19       		.uleb128 0x19
 1680 01f6 3C       		.uleb128 0x3c
 1681 01f7 19       		.uleb128 0x19
 1682 01f8 00       		.byte	0
 1683 01f9 00       		.byte	0
 1684 01fa 27       		.uleb128 0x27
 1685 01fb 35       		.uleb128 0x35
 1686 01fc 00       		.byte	0
 1687 01fd 49       		.uleb128 0x49
 1688 01fe 13       		.uleb128 0x13
 1689 01ff 00       		.byte	0
 1690 0200 00       		.byte	0
 1691 0201 28       		.uleb128 0x28
 1692 0202 34       		.uleb128 0x34
 1693 0203 00       		.byte	0
 1694 0204 03       		.uleb128 0x3
 1695 0205 0E       		.uleb128 0xe
 1696 0206 3A       		.uleb128 0x3a
 1697 0207 0B       		.uleb128 0xb
 1698 0208 3B       		.uleb128 0x3b
 1699 0209 0B       		.uleb128 0xb
 1700 020a 49       		.uleb128 0x49
 1701 020b 13       		.uleb128 0x13
 1702 020c 3F       		.uleb128 0x3f
 1703 020d 19       		.uleb128 0x19
 1704 020e 02       		.uleb128 0x2
ARM GAS  C:\Users\mark6\AppData\Local\Temp\cclrV05B.s 			page 32


 1705 020f 18       		.uleb128 0x18
 1706 0210 00       		.byte	0
 1707 0211 00       		.byte	0
 1708 0212 29       		.uleb128 0x29
 1709 0213 01       		.uleb128 0x1
 1710 0214 01       		.byte	0x1
 1711 0215 49       		.uleb128 0x49
 1712 0216 13       		.uleb128 0x13
 1713 0217 01       		.uleb128 0x1
 1714 0218 13       		.uleb128 0x13
 1715 0219 00       		.byte	0
 1716 021a 00       		.byte	0
 1717 021b 2A       		.uleb128 0x2a
 1718 021c 21       		.uleb128 0x21
 1719 021d 00       		.byte	0
 1720 021e 49       		.uleb128 0x49
 1721 021f 13       		.uleb128 0x13
 1722 0220 2F       		.uleb128 0x2f
 1723 0221 0B       		.uleb128 0xb
 1724 0222 00       		.byte	0
 1725 0223 00       		.byte	0
 1726 0224 2B       		.uleb128 0x2b
 1727 0225 2E       		.uleb128 0x2e
 1728 0226 01       		.byte	0x1
 1729 0227 3F       		.uleb128 0x3f
 1730 0228 19       		.uleb128 0x19
 1731 0229 03       		.uleb128 0x3
 1732 022a 0E       		.uleb128 0xe
 1733 022b 3A       		.uleb128 0x3a
 1734 022c 0B       		.uleb128 0xb
 1735 022d 3B       		.uleb128 0x3b
 1736 022e 05       		.uleb128 0x5
 1737 022f 27       		.uleb128 0x27
 1738 0230 19       		.uleb128 0x19
 1739 0231 3C       		.uleb128 0x3c
 1740 0232 19       		.uleb128 0x19
 1741 0233 01       		.uleb128 0x1
 1742 0234 13       		.uleb128 0x13
 1743 0235 00       		.byte	0
 1744 0236 00       		.byte	0
 1745 0237 2C       		.uleb128 0x2c
 1746 0238 2E       		.uleb128 0x2e
 1747 0239 00       		.byte	0
 1748 023a 3F       		.uleb128 0x3f
 1749 023b 19       		.uleb128 0x19
 1750 023c 03       		.uleb128 0x3
 1751 023d 0E       		.uleb128 0xe
 1752 023e 3A       		.uleb128 0x3a
 1753 023f 0B       		.uleb128 0xb
 1754 0240 3B       		.uleb128 0x3b
 1755 0241 05       		.uleb128 0x5
 1756 0242 27       		.uleb128 0x27
 1757 0243 19       		.uleb128 0x19
 1758 0244 49       		.uleb128 0x49
 1759 0245 13       		.uleb128 0x13
 1760 0246 3C       		.uleb128 0x3c
 1761 0247 19       		.uleb128 0x19
ARM GAS  C:\Users\mark6\AppData\Local\Temp\cclrV05B.s 			page 33


 1762 0248 00       		.byte	0
 1763 0249 00       		.byte	0
 1764 024a 2D       		.uleb128 0x2d
 1765 024b 2E       		.uleb128 0x2e
 1766 024c 00       		.byte	0
 1767 024d 3F       		.uleb128 0x3f
 1768 024e 19       		.uleb128 0x19
 1769 024f 03       		.uleb128 0x3
 1770 0250 0E       		.uleb128 0xe
 1771 0251 3A       		.uleb128 0x3a
 1772 0252 0B       		.uleb128 0xb
 1773 0253 3B       		.uleb128 0x3b
 1774 0254 05       		.uleb128 0x5
 1775 0255 27       		.uleb128 0x27
 1776 0256 19       		.uleb128 0x19
 1777 0257 3C       		.uleb128 0x3c
 1778 0258 19       		.uleb128 0x19
 1779 0259 00       		.byte	0
 1780 025a 00       		.byte	0
 1781 025b 2E       		.uleb128 0x2e
 1782 025c 2E       		.uleb128 0x2e
 1783 025d 01       		.byte	0x1
 1784 025e 3F       		.uleb128 0x3f
 1785 025f 19       		.uleb128 0x19
 1786 0260 03       		.uleb128 0x3
 1787 0261 0E       		.uleb128 0xe
 1788 0262 3A       		.uleb128 0x3a
 1789 0263 0B       		.uleb128 0xb
 1790 0264 3B       		.uleb128 0x3b
 1791 0265 05       		.uleb128 0x5
 1792 0266 27       		.uleb128 0x27
 1793 0267 19       		.uleb128 0x19
 1794 0268 49       		.uleb128 0x49
 1795 0269 13       		.uleb128 0x13
 1796 026a 3C       		.uleb128 0x3c
 1797 026b 19       		.uleb128 0x19
 1798 026c 01       		.uleb128 0x1
 1799 026d 13       		.uleb128 0x13
 1800 026e 00       		.byte	0
 1801 026f 00       		.byte	0
 1802 0270 2F       		.uleb128 0x2f
 1803 0271 2E       		.uleb128 0x2e
 1804 0272 00       		.byte	0
 1805 0273 3F       		.uleb128 0x3f
 1806 0274 19       		.uleb128 0x19
 1807 0275 03       		.uleb128 0x3
 1808 0276 0E       		.uleb128 0xe
 1809 0277 3A       		.uleb128 0x3a
 1810 0278 0B       		.uleb128 0xb
 1811 0279 3B       		.uleb128 0x3b
 1812 027a 0B       		.uleb128 0xb
 1813 027b 27       		.uleb128 0x27
 1814 027c 19       		.uleb128 0x19
 1815 027d 3C       		.uleb128 0x3c
 1816 027e 19       		.uleb128 0x19
 1817 027f 00       		.byte	0
 1818 0280 00       		.byte	0
ARM GAS  C:\Users\mark6\AppData\Local\Temp\cclrV05B.s 			page 34


 1819 0281 00       		.byte	0
 1820              		.section	.debug_loc,"",%progbits
 1821              	.Ldebug_loc0:
 1822              	.LLST0:
 1823 0000 1A000000 		.4byte	.LVL4
 1824 0004 2A000000 		.4byte	.LVL7
 1825 0008 0200     		.2byte	0x2
 1826 000a 30       		.byte	0x30
 1827 000b 9F       		.byte	0x9f
 1828 000c 2A000000 		.4byte	.LVL7
 1829 0010 30000000 		.4byte	.LVL8
 1830 0014 0100     		.2byte	0x1
 1831 0016 54       		.byte	0x54
 1832 0017 30000000 		.4byte	.LVL8
 1833 001b 32000000 		.4byte	.LVL9
 1834 001f 0100     		.2byte	0x1
 1835 0021 50       		.byte	0x50
 1836 0022 32000000 		.4byte	.LVL9
 1837 0026 58000000 		.4byte	.LFE64
 1838 002a 0100     		.2byte	0x1
 1839 002c 54       		.byte	0x54
 1840 002d 00000000 		.4byte	0
 1841 0031 00000000 		.4byte	0
 1842              	.LLST1:
 1843 0035 00000000 		.4byte	.LVL13
 1844 0039 08000000 		.4byte	.LVL14
 1845 003d 0100     		.2byte	0x1
 1846 003f 50       		.byte	0x50
 1847 0040 08000000 		.4byte	.LVL14
 1848 0044 22000000 		.4byte	.LFE65
 1849 0048 0100     		.2byte	0x1
 1850 004a 54       		.byte	0x54
 1851 004b 00000000 		.4byte	0
 1852 004f 00000000 		.4byte	0
 1853              	.LLST2:
 1854 0053 00000000 		.4byte	.LVL13
 1855 0057 10000000 		.4byte	.LVL15
 1856 005b 0100     		.2byte	0x1
 1857 005d 51       		.byte	0x51
 1858 005e 10000000 		.4byte	.LVL15
 1859 0062 22000000 		.4byte	.LFE65
 1860 0066 0100     		.2byte	0x1
 1861 0068 55       		.byte	0x55
 1862 0069 00000000 		.4byte	0
 1863 006d 00000000 		.4byte	0
 1864              	.LLST3:
 1865 0071 00000000 		.4byte	.LVL13
 1866 0075 12000000 		.4byte	.LVL16
 1867 0079 0100     		.2byte	0x1
 1868 007b 52       		.byte	0x52
 1869 007c 12000000 		.4byte	.LVL16
 1870 0080 22000000 		.4byte	.LFE65
 1871 0084 0400     		.2byte	0x4
 1872 0086 F3       		.byte	0xf3
 1873 0087 01       		.uleb128 0x1
 1874 0088 52       		.byte	0x52
 1875 0089 9F       		.byte	0x9f
ARM GAS  C:\Users\mark6\AppData\Local\Temp\cclrV05B.s 			page 35


 1876 008a 00000000 		.4byte	0
 1877 008e 00000000 		.4byte	0
 1878              		.section	.debug_aranges,"",%progbits
 1879 0000 2C000000 		.4byte	0x2c
 1880 0004 0200     		.2byte	0x2
 1881 0006 00000000 		.4byte	.Ldebug_info0
 1882 000a 04       		.byte	0x4
 1883 000b 00       		.byte	0
 1884 000c 0000     		.2byte	0
 1885 000e 0000     		.2byte	0
 1886 0010 00000000 		.4byte	.LFB64
 1887 0014 58000000 		.4byte	.LFE64-.LFB64
 1888 0018 00000000 		.4byte	.LFB63
 1889 001c 0C000000 		.4byte	.LFE63-.LFB63
 1890 0020 00000000 		.4byte	.LFB65
 1891 0024 22000000 		.4byte	.LFE65-.LFB65
 1892 0028 00000000 		.4byte	0
 1893 002c 00000000 		.4byte	0
 1894              		.section	.debug_ranges,"",%progbits
 1895              	.Ldebug_ranges0:
 1896 0000 00000000 		.4byte	.LFB64
 1897 0004 58000000 		.4byte	.LFE64
 1898 0008 00000000 		.4byte	.LFB63
 1899 000c 0C000000 		.4byte	.LFE63
 1900 0010 00000000 		.4byte	.LFB65
 1901 0014 22000000 		.4byte	.LFE65
 1902 0018 00000000 		.4byte	0
 1903 001c 00000000 		.4byte	0
 1904              		.section	.debug_line,"",%progbits
 1905              	.Ldebug_line0:
 1906 0000 DF010000 		.section	.debug_str,"MS",%progbits,1
 1906      02009101 
 1906      00000201 
 1906      FB0E0D00 
 1906      01010101 
 1907              	.LASF83:
 1908 0000 4755495F 		.ascii	"GUI_DispString\000"
 1908      44697370 
 1908      53747269 
 1908      6E6700
 1909              	.LASF18:
 1910 000f 704C6973 		.ascii	"pList\000"
 1910      7400
 1911              	.LASF78:
 1912 0015 636F756E 		.ascii	"counter\000"
 1912      74657200 
 1913              	.LASF24:
 1914 001d 4755495F 		.ascii	"GUI_CHARINFO\000"
 1914      43484152 
 1914      494E464F 
 1914      00
 1915              	.LASF54:
 1916 002a 70664973 		.ascii	"pfIsInFont\000"
 1916      496E466F 
 1916      6E7400
 1917              	.LASF23:
 1918 0035 70446174 		.ascii	"pData\000"
ARM GAS  C:\Users\mark6\AppData\Local\Temp\cclrV05B.s 			page 36


 1918      6100
 1919              	.LASF43:
 1920 003b 74475549 		.ascii	"tGUI_GetLineDistX\000"
 1920      5F476574 
 1920      4C696E65 
 1920      44697374 
 1920      5800
 1921              	.LASF2:
 1922 004d 73686F72 		.ascii	"short int\000"
 1922      7420696E 
 1922      7400
 1923              	.LASF14:
 1924 0057 73697A65 		.ascii	"sizetype\000"
 1924      74797065 
 1924      00
 1925              	.LASF22:
 1926 0060 42797465 		.ascii	"BytesPerLine\000"
 1926      73506572 
 1926      4C696E65 
 1926      00
 1927              	.LASF47:
 1928 006d 70664765 		.ascii	"pfGetLineLen\000"
 1928      744C696E 
 1928      654C656E 
 1928      00
 1929              	.LASF36:
 1930 007a 70547261 		.ascii	"pTrans\000"
 1930      6E7300
 1931              	.LASF34:
 1932 0081 4755495F 		.ascii	"GUI_FONT_PROP_EXT\000"
 1932      464F4E54 
 1932      5F50524F 
 1932      505F4558 
 1932      5400
 1933              	.LASF72:
 1934 0093 6D61696E 		.ascii	"main\000"
 1934      00
 1935              	.LASF15:
 1936 0098 4755495F 		.ascii	"GUI_FONT_TRANSLIST\000"
 1936      464F4E54 
 1936      5F545241 
 1936      4E534C49 
 1936      535400
 1937              	.LASF40:
 1938 00ab 4C486569 		.ascii	"LHeight\000"
 1938      67687400 
 1939              	.LASF79:
 1940 00b3 4755495F 		.ascii	"GUI_DispDecAt\000"
 1940      44697370 
 1940      44656341 
 1940      7400
 1941              	.LASF59:
 1942 00c1 594D6167 		.ascii	"YMag\000"
 1942      00
 1943              	.LASF39:
 1944 00c6 42617365 		.ascii	"Baseline\000"
 1944      6C696E65 
ARM GAS  C:\Users\mark6\AppData\Local\Temp\cclrV05B.s 			page 37


 1944      00
 1945              	.LASF20:
 1946 00cf 5853697A 		.ascii	"XSize\000"
 1946      6500
 1947              	.LASF66:
 1948 00d5 704D6F6E 		.ascii	"pMono\000"
 1948      6F00
 1949              	.LASF41:
 1950 00db 43486569 		.ascii	"CHeight\000"
 1950      67687400 
 1951              	.LASF60:
 1952 00e3 4755495F 		.ascii	"GUI_DISPCHAR\000"
 1952      44495350 
 1952      43484152 
 1952      00
 1953              	.LASF76:
 1954 00f0 53435245 		.ascii	"SCREEN_Y\000"
 1954      454E5F59 
 1954      00
 1955              	.LASF49:
 1956 00f9 74475549 		.ascii	"tGUI_ENC_APIList\000"
 1956      5F454E43 
 1956      5F415049 
 1956      4C697374 
 1956      00
 1957              	.LASF35:
 1958 010a 70547261 		.ascii	"pTransData\000"
 1958      6E734461 
 1958      746100
 1959              	.LASF26:
 1960 0115 58506F73 		.ascii	"XPos\000"
 1960      00
 1961              	.LASF38:
 1962 011a 466C6167 		.ascii	"Flags\000"
 1962      7300
 1963              	.LASF11:
 1964 0120 666C6F61 		.ascii	"float\000"
 1964      7400
 1965              	.LASF19:
 1966 0126 4755495F 		.ascii	"GUI_FONT_TRANSINFO\000"
 1966      464F4E54 
 1966      5F545241 
 1966      4E53494E 
 1966      464F00
 1967              	.LASF56:
 1968 0139 70616645 		.ascii	"pafEncode\000"
 1968      6E636F64 
 1968      6500
 1969              	.LASF31:
 1970 0143 70614368 		.ascii	"paCharInfo\000"
 1970      6172496E 
 1970      666F00
 1971              	.LASF69:
 1972 014e 69707472 		.ascii	"iptr\000"
 1972      00
 1973              	.LASF32:
 1974 0153 704E6578 		.ascii	"pNext\000"
ARM GAS  C:\Users\mark6\AppData\Local\Temp\cclrV05B.s 			page 38


 1974      7400
 1975              	.LASF30:
 1976 0159 4C617374 		.ascii	"Last\000"
 1976      00
 1977              	.LASF4:
 1978 015e 6C6F6E67 		.ascii	"long int\000"
 1978      20696E74 
 1978      00
 1979              	.LASF28:
 1980 0167 4755495F 		.ascii	"GUI_CHARINFO_EXT\000"
 1980      43484152 
 1980      494E464F 
 1980      5F455854 
 1980      00
 1981              	.LASF63:
 1982 0178 4755495F 		.ascii	"GUI_ISINFONT\000"
 1982      4953494E 
 1982      464F4E54 
 1982      00
 1983              	.LASF42:
 1984 0185 4755495F 		.ascii	"GUI_FONTINFO\000"
 1984      464F4E54 
 1984      494E464F 
 1984      00
 1985              	.LASF68:
 1986 0192 7050726F 		.ascii	"pPropExt\000"
 1986      70457874 
 1986      00
 1987              	.LASF64:
 1988 019b 4755495F 		.ascii	"GUI_GETCHARINFO\000"
 1988      47455443 
 1988      48415249 
 1988      4E464F00 
 1989              	.LASF70:
 1990 01ab 64696769 		.ascii	"digits\000"
 1990      747300
 1991              	.LASF81:
 1992 01b2 4755495F 		.ascii	"GUI_GetScreenSizeX\000"
 1992      47657453 
 1992      63726565 
 1992      6E53697A 
 1992      655800
 1993              	.LASF82:
 1994 01c5 4755495F 		.ascii	"GUI_GetScreenSizeY\000"
 1994      47657453 
 1994      63726565 
 1994      6E53697A 
 1994      655900
 1995              	.LASF1:
 1996 01d8 756E7369 		.ascii	"unsigned char\000"
 1996      676E6564 
 1996      20636861 
 1996      7200
 1997              	.LASF55:
 1998 01e6 70664765 		.ascii	"pfGetCharInfo\000"
 1998      74436861 
 1998      72496E66 
ARM GAS  C:\Users\mark6\AppData\Local\Temp\cclrV05B.s 			page 39


 1998      6F00
 1999              	.LASF48:
 2000 01f4 70664469 		.ascii	"pfDispLine\000"
 2000      73704C69 
 2000      6E6500
 2001              	.LASF0:
 2002 01ff 7369676E 		.ascii	"signed char\000"
 2002      65642063 
 2002      68617200 
 2003              	.LASF7:
 2004 020b 6C6F6E67 		.ascii	"long long unsigned int\000"
 2004      206C6F6E 
 2004      6720756E 
 2004      7369676E 
 2004      65642069 
 2005              	.LASF77:
 2006 0222 7072696E 		.ascii	"print\000"
 2006      7400
 2007              	.LASF21:
 2008 0228 58446973 		.ascii	"XDist\000"
 2008      7400
 2009              	.LASF8:
 2010 022e 756E7369 		.ascii	"unsigned int\000"
 2010      676E6564 
 2010      20696E74 
 2010      00
 2011              	.LASF75:
 2012 023b 53435245 		.ascii	"SCREEN_X\000"
 2012      454E5F58 
 2012      00
 2013              	.LASF27:
 2014 0244 59506F73 		.ascii	"YPos\000"
 2014      00
 2015              	.LASF25:
 2016 0249 5953697A 		.ascii	"YSize\000"
 2016      6500
 2017              	.LASF3:
 2018 024f 73686F72 		.ascii	"short unsigned int\000"
 2018      7420756E 
 2018      7369676E 
 2018      65642069 
 2018      6E7400
 2019              	.LASF65:
 2020 0262 70466F6E 		.ascii	"pFontData\000"
 2020      74446174 
 2020      6100
 2021              	.LASF13:
 2022 026c 63686172 		.ascii	"char\000"
 2022      00
 2023              	.LASF16:
 2024 0271 46697273 		.ascii	"FirstChar\000"
 2024      74436861 
 2024      7200
 2025              	.LASF46:
 2026 027b 70664765 		.ascii	"pfGetLineDistX\000"
 2026      744C696E 
 2026      65446973 
ARM GAS  C:\Users\mark6\AppData\Local\Temp\cclrV05B.s 			page 40


 2026      745800
 2027              	.LASF10:
 2028 028a 696E7433 		.ascii	"int32_t\000"
 2028      325F7400 
 2029              	.LASF50:
 2030 0292 4755495F 		.ascii	"GUI_FONT\000"
 2030      464F4E54 
 2030      00
 2031              	.LASF88:
 2032 029b 433A5C55 		.ascii	"C:\\Users\\mark6\\Google Drive\\College-MIT\\S6Spri"
 2032      73657273 
 2032      5C6D6172 
 2032      6B365C47 
 2032      6F6F676C 
 2033 02c9 6E673230 		.ascii	"ng2020\\6.115\\FinalProject\\BunkerKnowledge\\PSoC_"
 2033      32305C36 
 2033      2E313135 
 2033      5C46696E 
 2033      616C5072 
 2034 02f8 53746963 		.ascii	"Stick_Files\\Learning_TFT_emWin.cydsn\000"
 2034      6B5F4669 
 2034      6C65735C 
 2034      4C656172 
 2034      6E696E67 
 2035              	.LASF61:
 2036 031d 4755495F 		.ascii	"GUI_GETCHARDISTX\000"
 2036      47455443 
 2036      48415244 
 2036      49535458 
 2036      00
 2037              	.LASF5:
 2038 032e 6C6F6E67 		.ascii	"long unsigned int\000"
 2038      20756E73 
 2038      69676E65 
 2038      6420696E 
 2038      7400
 2039              	.LASF12:
 2040 0340 646F7562 		.ascii	"double\000"
 2040      6C6500
 2041              	.LASF89:
 2042 0347 4755495F 		.ascii	"GUI_SetFont\000"
 2042      53657446 
 2042      6F6E7400 
 2043              	.LASF29:
 2044 0353 46697273 		.ascii	"First\000"
 2044      7400
 2045              	.LASF37:
 2046 0359 4755495F 		.ascii	"GUI_FONT_MONO\000"
 2046      464F4E54 
 2046      5F4D4F4E 
 2046      4F00
 2047              	.LASF71:
 2048 0367 4D61696E 		.ascii	"MainTask\000"
 2048      5461736B 
 2048      00
 2049              	.LASF80:
 2050 0370 4755495F 		.ascii	"GUI_Init\000"
ARM GAS  C:\Users\mark6\AppData\Local\Temp\cclrV05B.s 			page 41


 2050      496E6974 
 2050      00
 2051              	.LASF87:
 2052 0379 2E5C6D61 		.ascii	".\\main.c\000"
 2052      696E2E63 
 2052      00
 2053              	.LASF9:
 2054 0382 5F5F696E 		.ascii	"__int32_t\000"
 2054      7433325F 
 2054      7400
 2055              	.LASF86:
 2056 038c 474E5520 		.ascii	"GNU C 4.9.3 20150303 (release) [ARM/embedded-4_9-br"
 2056      4320342E 
 2056      392E3320 
 2056      32303135 
 2056      30333033 
 2057 03bf 616E6368 		.ascii	"anch revision 221220] -mcpu=cortex-m3 -mthumb -g -O"
 2057      20726576 
 2057      6973696F 
 2057      6E203232 
 2057      31323230 
 2058 03f2 67202D66 		.ascii	"g -ffunction-sections -ffat-lto-objects\000"
 2058      66756E63 
 2058      74696F6E 
 2058      2D736563 
 2058      74696F6E 
 2059              	.LASF52:
 2060 041a 70664765 		.ascii	"pfGetCharDistX\000"
 2060      74436861 
 2060      72446973 
 2060      745800
 2061              	.LASF62:
 2062 0429 4755495F 		.ascii	"GUI_GETFONTINFO\000"
 2062      47455446 
 2062      4F4E5449 
 2062      4E464F00 
 2063              	.LASF58:
 2064 0439 584D6167 		.ascii	"XMag\000"
 2064      00
 2065              	.LASF33:
 2066 043e 4755495F 		.ascii	"GUI_FONT_PROP\000"
 2066      464F4E54 
 2066      5F50524F 
 2066      5000
 2067              	.LASF51:
 2068 044c 70664469 		.ascii	"pfDispChar\000"
 2068      73704368 
 2068      617200
 2069              	.LASF74:
 2070 0457 4755495F 		.ascii	"GUI_Font8x16\000"
 2070      466F6E74 
 2070      38783136 
 2070      00
 2071              	.LASF57:
 2072 0464 59446973 		.ascii	"YDist\000"
 2072      7400
 2073              	.LASF44:
ARM GAS  C:\Users\mark6\AppData\Local\Temp\cclrV05B.s 			page 42


 2074 046a 74475549 		.ascii	"tGUI_GetLineLen\000"
 2074      5F476574 
 2074      4C696E65 
 2074      4C656E00 
 2075              	.LASF85:
 2076 047a 5350494D 		.ascii	"SPIM_1_Start\000"
 2076      5F315F53 
 2076      74617274 
 2076      00
 2077              	.LASF73:
 2078 0487 49544D5F 		.ascii	"ITM_RxBuffer\000"
 2078      52784275 
 2078      66666572 
 2078      00
 2079              	.LASF67:
 2080 0494 7050726F 		.ascii	"pProp\000"
 2080      7000
 2081              	.LASF53:
 2082 049a 70664765 		.ascii	"pfGetFontInfo\000"
 2082      74466F6E 
 2082      74496E66 
 2082      6F00
 2083              	.LASF45:
 2084 04a8 74474C5F 		.ascii	"tGL_DispLine\000"
 2084      44697370 
 2084      4C696E65 
 2084      00
 2085              	.LASF6:
 2086 04b5 6C6F6E67 		.ascii	"long long int\000"
 2086      206C6F6E 
 2086      6720696E 
 2086      7400
 2087              	.LASF84:
 2088 04c3 4755495F 		.ascii	"GUI_Clear\000"
 2088      436C6561 
 2088      7200
 2089              	.LASF17:
 2090 04cd 4C617374 		.ascii	"LastChar\000"
 2090      43686172 
 2090      00
 2091              		.ident	"GCC: (GNU Tools for ARM Embedded Processors) 4.9.3 20150303 (release) [ARM/embedded-4_9-br
