ARM GAS  C:\Users\mark6\AppData\Local\Temp\ccwQNcoi.s 			page 1


   1              		.syntax unified
   2              		.cpu cortex-m3
   3              		.fpu softvfp
   4              		.eabi_attribute 20, 1
   5              		.eabi_attribute 21, 1
   6              		.eabi_attribute 23, 3
   7              		.eabi_attribute 24, 1
   8              		.eabi_attribute 25, 1
   9              		.eabi_attribute 26, 1
  10              		.eabi_attribute 30, 1
  11              		.eabi_attribute 34, 1
  12              		.eabi_attribute 18, 4
  13              		.thumb
  14              		.file	"SPIM_1_PM.c"
  15              		.text
  16              	.Ltext0:
  17              		.cfi_sections	.debug_frame
  18              		.section	.text.SPIM_1_SaveConfig,"ax",%progbits
  19              		.align	2
  20              		.global	SPIM_1_SaveConfig
  21              		.thumb
  22              		.thumb_func
  23              		.type	SPIM_1_SaveConfig, %function
  24              	SPIM_1_SaveConfig:
  25              	.LFB0:
  26              		.file 1 ".\\Generated_Source\\PSoC5\\SPIM_1_PM.c"
   1:.\Generated_Source\PSoC5/SPIM_1_PM.c **** /*******************************************************************************
   2:.\Generated_Source\PSoC5/SPIM_1_PM.c **** * File Name: SPIM_1_PM.c
   3:.\Generated_Source\PSoC5/SPIM_1_PM.c **** * Version 2.50
   4:.\Generated_Source\PSoC5/SPIM_1_PM.c **** *
   5:.\Generated_Source\PSoC5/SPIM_1_PM.c **** * Description:
   6:.\Generated_Source\PSoC5/SPIM_1_PM.c **** *  This file contains the setup, control and status commands to support
   7:.\Generated_Source\PSoC5/SPIM_1_PM.c **** *  component operations in low power mode.
   8:.\Generated_Source\PSoC5/SPIM_1_PM.c **** *
   9:.\Generated_Source\PSoC5/SPIM_1_PM.c **** * Note:
  10:.\Generated_Source\PSoC5/SPIM_1_PM.c **** *
  11:.\Generated_Source\PSoC5/SPIM_1_PM.c **** ********************************************************************************
  12:.\Generated_Source\PSoC5/SPIM_1_PM.c **** * Copyright 2008-2015, Cypress Semiconductor Corporation.  All rights reserved.
  13:.\Generated_Source\PSoC5/SPIM_1_PM.c **** * You may use this file only in accordance with the license, terms, conditions,
  14:.\Generated_Source\PSoC5/SPIM_1_PM.c **** * disclaimers, and limitations in the end user license agreement accompanying
  15:.\Generated_Source\PSoC5/SPIM_1_PM.c **** * the software package with which this file was provided.
  16:.\Generated_Source\PSoC5/SPIM_1_PM.c **** *******************************************************************************/
  17:.\Generated_Source\PSoC5/SPIM_1_PM.c **** 
  18:.\Generated_Source\PSoC5/SPIM_1_PM.c **** #include "SPIM_1_PVT.h"
  19:.\Generated_Source\PSoC5/SPIM_1_PM.c **** 
  20:.\Generated_Source\PSoC5/SPIM_1_PM.c **** static SPIM_1_BACKUP_STRUCT SPIM_1_backup =
  21:.\Generated_Source\PSoC5/SPIM_1_PM.c **** {
  22:.\Generated_Source\PSoC5/SPIM_1_PM.c ****     SPIM_1_DISABLED,
  23:.\Generated_Source\PSoC5/SPIM_1_PM.c ****     SPIM_1_BITCTR_INIT,
  24:.\Generated_Source\PSoC5/SPIM_1_PM.c **** };
  25:.\Generated_Source\PSoC5/SPIM_1_PM.c **** 
  26:.\Generated_Source\PSoC5/SPIM_1_PM.c **** 
  27:.\Generated_Source\PSoC5/SPIM_1_PM.c **** /*******************************************************************************
  28:.\Generated_Source\PSoC5/SPIM_1_PM.c **** * Function Name: SPIM_1_SaveConfig
  29:.\Generated_Source\PSoC5/SPIM_1_PM.c **** ********************************************************************************
  30:.\Generated_Source\PSoC5/SPIM_1_PM.c **** *
  31:.\Generated_Source\PSoC5/SPIM_1_PM.c **** * Summary:
ARM GAS  C:\Users\mark6\AppData\Local\Temp\ccwQNcoi.s 			page 2


  32:.\Generated_Source\PSoC5/SPIM_1_PM.c **** *  Empty function. Included for consistency with other components.
  33:.\Generated_Source\PSoC5/SPIM_1_PM.c **** *
  34:.\Generated_Source\PSoC5/SPIM_1_PM.c **** * Parameters:
  35:.\Generated_Source\PSoC5/SPIM_1_PM.c **** *  None.
  36:.\Generated_Source\PSoC5/SPIM_1_PM.c **** *
  37:.\Generated_Source\PSoC5/SPIM_1_PM.c **** * Return:
  38:.\Generated_Source\PSoC5/SPIM_1_PM.c **** *  None.
  39:.\Generated_Source\PSoC5/SPIM_1_PM.c **** *
  40:.\Generated_Source\PSoC5/SPIM_1_PM.c **** *******************************************************************************/
  41:.\Generated_Source\PSoC5/SPIM_1_PM.c **** void SPIM_1_SaveConfig(void) 
  42:.\Generated_Source\PSoC5/SPIM_1_PM.c **** {
  27              		.loc 1 42 0
  28              		.cfi_startproc
  29              		@ args = 0, pretend = 0, frame = 0
  30              		@ frame_needed = 0, uses_anonymous_args = 0
  31              		@ link register save eliminated.
  32 0000 7047     		bx	lr
  33              		.cfi_endproc
  34              	.LFE0:
  35              		.size	SPIM_1_SaveConfig, .-SPIM_1_SaveConfig
  36 0002 00BF     		.section	.text.SPIM_1_RestoreConfig,"ax",%progbits
  37              		.align	2
  38              		.global	SPIM_1_RestoreConfig
  39              		.thumb
  40              		.thumb_func
  41              		.type	SPIM_1_RestoreConfig, %function
  42              	SPIM_1_RestoreConfig:
  43              	.LFB1:
  43:.\Generated_Source\PSoC5/SPIM_1_PM.c **** 
  44:.\Generated_Source\PSoC5/SPIM_1_PM.c **** }
  45:.\Generated_Source\PSoC5/SPIM_1_PM.c **** 
  46:.\Generated_Source\PSoC5/SPIM_1_PM.c **** 
  47:.\Generated_Source\PSoC5/SPIM_1_PM.c **** /*******************************************************************************
  48:.\Generated_Source\PSoC5/SPIM_1_PM.c **** * Function Name: SPIM_1_RestoreConfig
  49:.\Generated_Source\PSoC5/SPIM_1_PM.c **** ********************************************************************************
  50:.\Generated_Source\PSoC5/SPIM_1_PM.c **** *
  51:.\Generated_Source\PSoC5/SPIM_1_PM.c **** * Summary:
  52:.\Generated_Source\PSoC5/SPIM_1_PM.c **** *  Empty function. Included for consistency with other components.
  53:.\Generated_Source\PSoC5/SPIM_1_PM.c **** *
  54:.\Generated_Source\PSoC5/SPIM_1_PM.c **** * Parameters:
  55:.\Generated_Source\PSoC5/SPIM_1_PM.c **** *  None.
  56:.\Generated_Source\PSoC5/SPIM_1_PM.c **** *
  57:.\Generated_Source\PSoC5/SPIM_1_PM.c **** * Return:
  58:.\Generated_Source\PSoC5/SPIM_1_PM.c **** *  None.
  59:.\Generated_Source\PSoC5/SPIM_1_PM.c **** *
  60:.\Generated_Source\PSoC5/SPIM_1_PM.c **** *******************************************************************************/
  61:.\Generated_Source\PSoC5/SPIM_1_PM.c **** void SPIM_1_RestoreConfig(void) 
  62:.\Generated_Source\PSoC5/SPIM_1_PM.c **** {
  44              		.loc 1 62 0
  45              		.cfi_startproc
  46              		@ args = 0, pretend = 0, frame = 0
  47              		@ frame_needed = 0, uses_anonymous_args = 0
  48              		@ link register save eliminated.
  49 0000 7047     		bx	lr
  50              		.cfi_endproc
  51              	.LFE1:
  52              		.size	SPIM_1_RestoreConfig, .-SPIM_1_RestoreConfig
ARM GAS  C:\Users\mark6\AppData\Local\Temp\ccwQNcoi.s 			page 3


  53 0002 00BF     		.section	.text.SPIM_1_Sleep,"ax",%progbits
  54              		.align	2
  55              		.global	SPIM_1_Sleep
  56              		.thumb
  57              		.thumb_func
  58              		.type	SPIM_1_Sleep, %function
  59              	SPIM_1_Sleep:
  60              	.LFB2:
  63:.\Generated_Source\PSoC5/SPIM_1_PM.c **** 
  64:.\Generated_Source\PSoC5/SPIM_1_PM.c **** }
  65:.\Generated_Source\PSoC5/SPIM_1_PM.c **** 
  66:.\Generated_Source\PSoC5/SPIM_1_PM.c **** 
  67:.\Generated_Source\PSoC5/SPIM_1_PM.c **** /*******************************************************************************
  68:.\Generated_Source\PSoC5/SPIM_1_PM.c **** * Function Name: SPIM_1_Sleep
  69:.\Generated_Source\PSoC5/SPIM_1_PM.c **** ********************************************************************************
  70:.\Generated_Source\PSoC5/SPIM_1_PM.c **** *
  71:.\Generated_Source\PSoC5/SPIM_1_PM.c **** * Summary:
  72:.\Generated_Source\PSoC5/SPIM_1_PM.c **** *  Prepare SPIM Component goes to sleep.
  73:.\Generated_Source\PSoC5/SPIM_1_PM.c **** *
  74:.\Generated_Source\PSoC5/SPIM_1_PM.c **** * Parameters:
  75:.\Generated_Source\PSoC5/SPIM_1_PM.c **** *  None.
  76:.\Generated_Source\PSoC5/SPIM_1_PM.c **** *
  77:.\Generated_Source\PSoC5/SPIM_1_PM.c **** * Return:
  78:.\Generated_Source\PSoC5/SPIM_1_PM.c **** *  None.
  79:.\Generated_Source\PSoC5/SPIM_1_PM.c **** *
  80:.\Generated_Source\PSoC5/SPIM_1_PM.c **** * Global Variables:
  81:.\Generated_Source\PSoC5/SPIM_1_PM.c **** *  SPIM_1_backup - modified when non-retention registers are saved.
  82:.\Generated_Source\PSoC5/SPIM_1_PM.c **** *
  83:.\Generated_Source\PSoC5/SPIM_1_PM.c **** * Reentrant:
  84:.\Generated_Source\PSoC5/SPIM_1_PM.c **** *  No.
  85:.\Generated_Source\PSoC5/SPIM_1_PM.c **** *
  86:.\Generated_Source\PSoC5/SPIM_1_PM.c **** *******************************************************************************/
  87:.\Generated_Source\PSoC5/SPIM_1_PM.c **** void SPIM_1_Sleep(void) 
  88:.\Generated_Source\PSoC5/SPIM_1_PM.c **** {
  61              		.loc 1 88 0
  62              		.cfi_startproc
  63              		@ args = 0, pretend = 0, frame = 0
  64              		@ frame_needed = 0, uses_anonymous_args = 0
  65              		.loc 1 88 0
  66 0000 08B5     		push	{r3, lr}
  67              		.cfi_def_cfa_offset 8
  68              		.cfi_offset 3, -8
  69              		.cfi_offset 14, -4
  89:.\Generated_Source\PSoC5/SPIM_1_PM.c ****     /* Save components enable state */
  90:.\Generated_Source\PSoC5/SPIM_1_PM.c ****     SPIM_1_backup.enableState = ((uint8) SPIM_1_IS_ENABLED);
  70              		.loc 1 90 0
  71 0002 044B     		ldr	r3, .L5
  72 0004 1B78     		ldrb	r3, [r3]	@ zero_extendqisi2
  73 0006 C3F30013 		ubfx	r3, r3, #4, #1
  74 000a 034A     		ldr	r2, .L5+4
  75 000c 1370     		strb	r3, [r2]
  91:.\Generated_Source\PSoC5/SPIM_1_PM.c **** 
  92:.\Generated_Source\PSoC5/SPIM_1_PM.c ****     SPIM_1_Stop();
  76              		.loc 1 92 0
  77 000e FFF7FEFF 		bl	SPIM_1_Stop
  78              	.LVL0:
  79 0012 08BD     		pop	{r3, pc}
ARM GAS  C:\Users\mark6\AppData\Local\Temp\ccwQNcoi.s 			page 4


  80              	.L6:
  81              		.align	2
  82              	.L5:
  83 0014 9E640040 		.word	1073767582
  84 0018 00000000 		.word	.LANCHOR0
  85              		.cfi_endproc
  86              	.LFE2:
  87              		.size	SPIM_1_Sleep, .-SPIM_1_Sleep
  88              		.section	.text.SPIM_1_Wakeup,"ax",%progbits
  89              		.align	2
  90              		.global	SPIM_1_Wakeup
  91              		.thumb
  92              		.thumb_func
  93              		.type	SPIM_1_Wakeup, %function
  94              	SPIM_1_Wakeup:
  95              	.LFB3:
  93:.\Generated_Source\PSoC5/SPIM_1_PM.c **** }
  94:.\Generated_Source\PSoC5/SPIM_1_PM.c **** 
  95:.\Generated_Source\PSoC5/SPIM_1_PM.c **** 
  96:.\Generated_Source\PSoC5/SPIM_1_PM.c **** /*******************************************************************************
  97:.\Generated_Source\PSoC5/SPIM_1_PM.c **** * Function Name: SPIM_1_Wakeup
  98:.\Generated_Source\PSoC5/SPIM_1_PM.c **** ********************************************************************************
  99:.\Generated_Source\PSoC5/SPIM_1_PM.c **** *
 100:.\Generated_Source\PSoC5/SPIM_1_PM.c **** * Summary:
 101:.\Generated_Source\PSoC5/SPIM_1_PM.c **** *  Prepare SPIM Component to wake up.
 102:.\Generated_Source\PSoC5/SPIM_1_PM.c **** *
 103:.\Generated_Source\PSoC5/SPIM_1_PM.c **** * Parameters:
 104:.\Generated_Source\PSoC5/SPIM_1_PM.c **** *  None.
 105:.\Generated_Source\PSoC5/SPIM_1_PM.c **** *
 106:.\Generated_Source\PSoC5/SPIM_1_PM.c **** * Return:
 107:.\Generated_Source\PSoC5/SPIM_1_PM.c **** *  None.
 108:.\Generated_Source\PSoC5/SPIM_1_PM.c **** *
 109:.\Generated_Source\PSoC5/SPIM_1_PM.c **** * Global Variables:
 110:.\Generated_Source\PSoC5/SPIM_1_PM.c **** *  SPIM_1_backup - used when non-retention registers are restored.
 111:.\Generated_Source\PSoC5/SPIM_1_PM.c **** *  SPIM_1_txBufferWrite - modified every function call - resets to
 112:.\Generated_Source\PSoC5/SPIM_1_PM.c **** *  zero.
 113:.\Generated_Source\PSoC5/SPIM_1_PM.c **** *  SPIM_1_txBufferRead - modified every function call - resets to
 114:.\Generated_Source\PSoC5/SPIM_1_PM.c **** *  zero.
 115:.\Generated_Source\PSoC5/SPIM_1_PM.c **** *  SPIM_1_rxBufferWrite - modified every function call - resets to
 116:.\Generated_Source\PSoC5/SPIM_1_PM.c **** *  zero.
 117:.\Generated_Source\PSoC5/SPIM_1_PM.c **** *  SPIM_1_rxBufferRead - modified every function call - resets to
 118:.\Generated_Source\PSoC5/SPIM_1_PM.c **** *  zero.
 119:.\Generated_Source\PSoC5/SPIM_1_PM.c **** *
 120:.\Generated_Source\PSoC5/SPIM_1_PM.c **** * Reentrant:
 121:.\Generated_Source\PSoC5/SPIM_1_PM.c **** *  No.
 122:.\Generated_Source\PSoC5/SPIM_1_PM.c **** *
 123:.\Generated_Source\PSoC5/SPIM_1_PM.c **** *******************************************************************************/
 124:.\Generated_Source\PSoC5/SPIM_1_PM.c **** void SPIM_1_Wakeup(void) 
 125:.\Generated_Source\PSoC5/SPIM_1_PM.c **** {
  96              		.loc 1 125 0
  97              		.cfi_startproc
  98              		@ args = 0, pretend = 0, frame = 0
  99              		@ frame_needed = 0, uses_anonymous_args = 0
 100 0000 08B5     		push	{r3, lr}
 101              		.cfi_def_cfa_offset 8
 102              		.cfi_offset 3, -8
 103              		.cfi_offset 14, -4
ARM GAS  C:\Users\mark6\AppData\Local\Temp\ccwQNcoi.s 			page 5


 126:.\Generated_Source\PSoC5/SPIM_1_PM.c ****     #if(SPIM_1_RX_SOFTWARE_BUF_ENABLED)
 127:.\Generated_Source\PSoC5/SPIM_1_PM.c ****         SPIM_1_rxBufferFull  = 0u;
 128:.\Generated_Source\PSoC5/SPIM_1_PM.c ****         SPIM_1_rxBufferRead  = 0u;
 129:.\Generated_Source\PSoC5/SPIM_1_PM.c ****         SPIM_1_rxBufferWrite = 0u;
 130:.\Generated_Source\PSoC5/SPIM_1_PM.c ****     #endif /* (SPIM_1_RX_SOFTWARE_BUF_ENABLED) */
 131:.\Generated_Source\PSoC5/SPIM_1_PM.c **** 
 132:.\Generated_Source\PSoC5/SPIM_1_PM.c ****     #if(SPIM_1_TX_SOFTWARE_BUF_ENABLED)
 133:.\Generated_Source\PSoC5/SPIM_1_PM.c ****         SPIM_1_txBufferFull  = 0u;
 134:.\Generated_Source\PSoC5/SPIM_1_PM.c ****         SPIM_1_txBufferRead  = 0u;
 135:.\Generated_Source\PSoC5/SPIM_1_PM.c ****         SPIM_1_txBufferWrite = 0u;
 136:.\Generated_Source\PSoC5/SPIM_1_PM.c ****     #endif /* (SPIM_1_TX_SOFTWARE_BUF_ENABLED) */
 137:.\Generated_Source\PSoC5/SPIM_1_PM.c **** 
 138:.\Generated_Source\PSoC5/SPIM_1_PM.c ****     /* Clear any data from the RX and TX FIFO */
 139:.\Generated_Source\PSoC5/SPIM_1_PM.c ****     SPIM_1_ClearFIFO();
 104              		.loc 1 139 0
 105 0002 FFF7FEFF 		bl	SPIM_1_ClearFIFO
 106              	.LVL1:
 140:.\Generated_Source\PSoC5/SPIM_1_PM.c **** 
 141:.\Generated_Source\PSoC5/SPIM_1_PM.c ****     /* Restore components block enable state */
 142:.\Generated_Source\PSoC5/SPIM_1_PM.c ****     if(0u != SPIM_1_backup.enableState)
 107              		.loc 1 142 0
 108 0006 034B     		ldr	r3, .L10
 109 0008 1B78     		ldrb	r3, [r3]	@ zero_extendqisi2
 110 000a 0BB1     		cbz	r3, .L7
 143:.\Generated_Source\PSoC5/SPIM_1_PM.c ****     {
 144:.\Generated_Source\PSoC5/SPIM_1_PM.c ****         SPIM_1_Enable();
 111              		.loc 1 144 0
 112 000c FFF7FEFF 		bl	SPIM_1_Enable
 113              	.LVL2:
 114              	.L7:
 115 0010 08BD     		pop	{r3, pc}
 116              	.L11:
 117 0012 00BF     		.align	2
 118              	.L10:
 119 0014 00000000 		.word	.LANCHOR0
 120              		.cfi_endproc
 121              	.LFE3:
 122              		.size	SPIM_1_Wakeup, .-SPIM_1_Wakeup
 123              		.data
 124              		.align	2
 125              		.set	.LANCHOR0,. + 0
 126              		.type	SPIM_1_backup, %object
 127              		.size	SPIM_1_backup, 2
 128              	SPIM_1_backup:
 129 0000 00       		.byte	0
 130 0001 0F       		.byte	15
 131 0002 0000     		.text
 132              	.Letext0:
 133              		.file 2 ".\\Generated_Source\\PSoC5\\cytypes.h"
 134              		.file 3 ".\\Generated_Source\\PSoC5\\SPIM_1.h"
 135              		.section	.debug_info,"",%progbits
 136              	.Ldebug_info0:
 137 0000 5B010000 		.4byte	0x15b
 138 0004 0400     		.2byte	0x4
 139 0006 00000000 		.4byte	.Ldebug_abbrev0
 140 000a 04       		.byte	0x4
 141 000b 01       		.uleb128 0x1
ARM GAS  C:\Users\mark6\AppData\Local\Temp\ccwQNcoi.s 			page 6


 142 000c 27010000 		.4byte	.LASF25
 143 0010 01       		.byte	0x1
 144 0011 0E000000 		.4byte	.LASF26
 145 0015 4C000000 		.4byte	.LASF27
 146 0019 00000000 		.4byte	.Ldebug_ranges0+0
 147 001d 00000000 		.4byte	0
 148 0021 00000000 		.4byte	.Ldebug_line0
 149 0025 02       		.uleb128 0x2
 150 0026 01       		.byte	0x1
 151 0027 06       		.byte	0x6
 152 0028 2E020000 		.4byte	.LASF0
 153 002c 02       		.uleb128 0x2
 154 002d 01       		.byte	0x1
 155 002e 08       		.byte	0x8
 156 002f B5010000 		.4byte	.LASF1
 157 0033 02       		.uleb128 0x2
 158 0034 02       		.byte	0x2
 159 0035 05       		.byte	0x5
 160 0036 60020000 		.4byte	.LASF2
 161 003a 02       		.uleb128 0x2
 162 003b 02       		.byte	0x2
 163 003c 07       		.byte	0x7
 164 003d 1B020000 		.4byte	.LASF3
 165 0041 02       		.uleb128 0x2
 166 0042 04       		.byte	0x4
 167 0043 05       		.byte	0x5
 168 0044 D5010000 		.4byte	.LASF4
 169 0048 02       		.uleb128 0x2
 170 0049 04       		.byte	0x4
 171 004a 07       		.byte	0x7
 172 004b E9000000 		.4byte	.LASF5
 173 004f 02       		.uleb128 0x2
 174 0050 08       		.byte	0x8
 175 0051 05       		.byte	0x5
 176 0052 00000000 		.4byte	.LASF6
 177 0056 02       		.uleb128 0x2
 178 0057 08       		.byte	0x8
 179 0058 07       		.byte	0x7
 180 0059 FB000000 		.4byte	.LASF7
 181 005d 03       		.uleb128 0x3
 182 005e 04       		.byte	0x4
 183 005f 05       		.byte	0x5
 184 0060 696E7400 		.ascii	"int\000"
 185 0064 02       		.uleb128 0x2
 186 0065 04       		.byte	0x4
 187 0066 07       		.byte	0x7
 188 0067 3F000000 		.4byte	.LASF8
 189 006b 04       		.uleb128 0x4
 190 006c E3000000 		.4byte	.LASF12
 191 0070 02       		.byte	0x2
 192 0071 C2       		.byte	0xc2
 193 0072 2C000000 		.4byte	0x2c
 194 0076 02       		.uleb128 0x2
 195 0077 04       		.byte	0x4
 196 0078 04       		.byte	0x4
 197 0079 5A020000 		.4byte	.LASF9
 198 007d 02       		.uleb128 0x2
ARM GAS  C:\Users\mark6\AppData\Local\Temp\ccwQNcoi.s 			page 7


 199 007e 08       		.byte	0x8
 200 007f 04       		.byte	0x4
 201 0080 EA010000 		.4byte	.LASF10
 202 0084 02       		.uleb128 0x2
 203 0085 01       		.byte	0x1
 204 0086 08       		.byte	0x8
 205 0087 D0010000 		.4byte	.LASF11
 206 008b 05       		.uleb128 0x5
 207 008c 6A020000 		.4byte	.LASF13
 208 0090 02       		.byte	0x2
 209 0091 6C01     		.2byte	0x16c
 210 0093 97000000 		.4byte	0x97
 211 0097 06       		.uleb128 0x6
 212 0098 6B000000 		.4byte	0x6b
 213 009c 02       		.uleb128 0x2
 214 009d 04       		.byte	0x4
 215 009e 07       		.byte	0x7
 216 009f 7D020000 		.4byte	.LASF14
 217 00a3 07       		.uleb128 0x7
 218 00a4 02       		.byte	0x2
 219 00a5 03       		.byte	0x3
 220 00a6 46       		.byte	0x46
 221 00a7 C4000000 		.4byte	0xc4
 222 00ab 08       		.uleb128 0x8
 223 00ac DE010000 		.4byte	.LASF15
 224 00b0 03       		.byte	0x3
 225 00b1 48       		.byte	0x48
 226 00b2 6B000000 		.4byte	0x6b
 227 00b6 00       		.byte	0
 228 00b7 08       		.uleb128 0x8
 229 00b8 10020000 		.4byte	.LASF16
 230 00bc 03       		.byte	0x3
 231 00bd 49       		.byte	0x49
 232 00be 6B000000 		.4byte	0x6b
 233 00c2 01       		.byte	0x1
 234 00c3 00       		.byte	0
 235 00c4 04       		.uleb128 0x4
 236 00c5 12010000 		.4byte	.LASF17
 237 00c9 03       		.byte	0x3
 238 00ca 4A       		.byte	0x4a
 239 00cb A3000000 		.4byte	0xa3
 240 00cf 09       		.uleb128 0x9
 241 00d0 48020000 		.4byte	.LASF18
 242 00d4 01       		.byte	0x1
 243 00d5 29       		.byte	0x29
 244 00d6 00000000 		.4byte	.LFB0
 245 00da 02000000 		.4byte	.LFE0-.LFB0
 246 00de 01       		.uleb128 0x1
 247 00df 9C       		.byte	0x9c
 248 00e0 09       		.uleb128 0x9
 249 00e1 CE000000 		.4byte	.LASF19
 250 00e5 01       		.byte	0x1
 251 00e6 3D       		.byte	0x3d
 252 00e7 00000000 		.4byte	.LFB1
 253 00eb 02000000 		.4byte	.LFE1-.LFB1
 254 00ef 01       		.uleb128 0x1
 255 00f0 9C       		.byte	0x9c
ARM GAS  C:\Users\mark6\AppData\Local\Temp\ccwQNcoi.s 			page 8


 256 00f1 0A       		.uleb128 0xa
 257 00f2 C3010000 		.4byte	.LASF20
 258 00f6 01       		.byte	0x1
 259 00f7 57       		.byte	0x57
 260 00f8 00000000 		.4byte	.LFB2
 261 00fc 1C000000 		.4byte	.LFE2-.LFB2
 262 0100 01       		.uleb128 0x1
 263 0101 9C       		.byte	0x9c
 264 0102 10010000 		.4byte	0x110
 265 0106 0B       		.uleb128 0xb
 266 0107 12000000 		.4byte	.LVL0
 267 010b 49010000 		.4byte	0x149
 268 010f 00       		.byte	0
 269 0110 0A       		.uleb128 0xa
 270 0111 02020000 		.4byte	.LASF21
 271 0115 01       		.byte	0x1
 272 0116 7C       		.byte	0x7c
 273 0117 00000000 		.4byte	.LFB3
 274 011b 18000000 		.4byte	.LFE3-.LFB3
 275 011f 01       		.uleb128 0x1
 276 0120 9C       		.byte	0x9c
 277 0121 38010000 		.4byte	0x138
 278 0125 0B       		.uleb128 0xb
 279 0126 06000000 		.4byte	.LVL1
 280 012a 50010000 		.4byte	0x150
 281 012e 0B       		.uleb128 0xb
 282 012f 10000000 		.4byte	.LVL2
 283 0133 57010000 		.4byte	0x157
 284 0137 00       		.byte	0
 285 0138 0C       		.uleb128 0xc
 286 0139 6F020000 		.4byte	.LASF28
 287 013d 01       		.byte	0x1
 288 013e 14       		.byte	0x14
 289 013f C4000000 		.4byte	0xc4
 290 0143 05       		.uleb128 0x5
 291 0144 03       		.byte	0x3
 292 0145 00000000 		.4byte	SPIM_1_backup
 293 0149 0D       		.uleb128 0xd
 294 014a 33000000 		.4byte	.LASF22
 295 014e 03       		.byte	0x3
 296 014f 54       		.byte	0x54
 297 0150 0D       		.uleb128 0xd
 298 0151 F1010000 		.4byte	.LASF23
 299 0155 03       		.byte	0x3
 300 0156 6C       		.byte	0x6c
 301 0157 0D       		.uleb128 0xd
 302 0158 3A020000 		.4byte	.LASF24
 303 015c 03       		.byte	0x3
 304 015d 52       		.byte	0x52
 305 015e 00       		.byte	0
 306              		.section	.debug_abbrev,"",%progbits
 307              	.Ldebug_abbrev0:
 308 0000 01       		.uleb128 0x1
 309 0001 11       		.uleb128 0x11
 310 0002 01       		.byte	0x1
 311 0003 25       		.uleb128 0x25
 312 0004 0E       		.uleb128 0xe
ARM GAS  C:\Users\mark6\AppData\Local\Temp\ccwQNcoi.s 			page 9


 313 0005 13       		.uleb128 0x13
 314 0006 0B       		.uleb128 0xb
 315 0007 03       		.uleb128 0x3
 316 0008 0E       		.uleb128 0xe
 317 0009 1B       		.uleb128 0x1b
 318 000a 0E       		.uleb128 0xe
 319 000b 55       		.uleb128 0x55
 320 000c 17       		.uleb128 0x17
 321 000d 11       		.uleb128 0x11
 322 000e 01       		.uleb128 0x1
 323 000f 10       		.uleb128 0x10
 324 0010 17       		.uleb128 0x17
 325 0011 00       		.byte	0
 326 0012 00       		.byte	0
 327 0013 02       		.uleb128 0x2
 328 0014 24       		.uleb128 0x24
 329 0015 00       		.byte	0
 330 0016 0B       		.uleb128 0xb
 331 0017 0B       		.uleb128 0xb
 332 0018 3E       		.uleb128 0x3e
 333 0019 0B       		.uleb128 0xb
 334 001a 03       		.uleb128 0x3
 335 001b 0E       		.uleb128 0xe
 336 001c 00       		.byte	0
 337 001d 00       		.byte	0
 338 001e 03       		.uleb128 0x3
 339 001f 24       		.uleb128 0x24
 340 0020 00       		.byte	0
 341 0021 0B       		.uleb128 0xb
 342 0022 0B       		.uleb128 0xb
 343 0023 3E       		.uleb128 0x3e
 344 0024 0B       		.uleb128 0xb
 345 0025 03       		.uleb128 0x3
 346 0026 08       		.uleb128 0x8
 347 0027 00       		.byte	0
 348 0028 00       		.byte	0
 349 0029 04       		.uleb128 0x4
 350 002a 16       		.uleb128 0x16
 351 002b 00       		.byte	0
 352 002c 03       		.uleb128 0x3
 353 002d 0E       		.uleb128 0xe
 354 002e 3A       		.uleb128 0x3a
 355 002f 0B       		.uleb128 0xb
 356 0030 3B       		.uleb128 0x3b
 357 0031 0B       		.uleb128 0xb
 358 0032 49       		.uleb128 0x49
 359 0033 13       		.uleb128 0x13
 360 0034 00       		.byte	0
 361 0035 00       		.byte	0
 362 0036 05       		.uleb128 0x5
 363 0037 16       		.uleb128 0x16
 364 0038 00       		.byte	0
 365 0039 03       		.uleb128 0x3
 366 003a 0E       		.uleb128 0xe
 367 003b 3A       		.uleb128 0x3a
 368 003c 0B       		.uleb128 0xb
 369 003d 3B       		.uleb128 0x3b
ARM GAS  C:\Users\mark6\AppData\Local\Temp\ccwQNcoi.s 			page 10


 370 003e 05       		.uleb128 0x5
 371 003f 49       		.uleb128 0x49
 372 0040 13       		.uleb128 0x13
 373 0041 00       		.byte	0
 374 0042 00       		.byte	0
 375 0043 06       		.uleb128 0x6
 376 0044 35       		.uleb128 0x35
 377 0045 00       		.byte	0
 378 0046 49       		.uleb128 0x49
 379 0047 13       		.uleb128 0x13
 380 0048 00       		.byte	0
 381 0049 00       		.byte	0
 382 004a 07       		.uleb128 0x7
 383 004b 13       		.uleb128 0x13
 384 004c 01       		.byte	0x1
 385 004d 0B       		.uleb128 0xb
 386 004e 0B       		.uleb128 0xb
 387 004f 3A       		.uleb128 0x3a
 388 0050 0B       		.uleb128 0xb
 389 0051 3B       		.uleb128 0x3b
 390 0052 0B       		.uleb128 0xb
 391 0053 01       		.uleb128 0x1
 392 0054 13       		.uleb128 0x13
 393 0055 00       		.byte	0
 394 0056 00       		.byte	0
 395 0057 08       		.uleb128 0x8
 396 0058 0D       		.uleb128 0xd
 397 0059 00       		.byte	0
 398 005a 03       		.uleb128 0x3
 399 005b 0E       		.uleb128 0xe
 400 005c 3A       		.uleb128 0x3a
 401 005d 0B       		.uleb128 0xb
 402 005e 3B       		.uleb128 0x3b
 403 005f 0B       		.uleb128 0xb
 404 0060 49       		.uleb128 0x49
 405 0061 13       		.uleb128 0x13
 406 0062 38       		.uleb128 0x38
 407 0063 0B       		.uleb128 0xb
 408 0064 00       		.byte	0
 409 0065 00       		.byte	0
 410 0066 09       		.uleb128 0x9
 411 0067 2E       		.uleb128 0x2e
 412 0068 00       		.byte	0
 413 0069 3F       		.uleb128 0x3f
 414 006a 19       		.uleb128 0x19
 415 006b 03       		.uleb128 0x3
 416 006c 0E       		.uleb128 0xe
 417 006d 3A       		.uleb128 0x3a
 418 006e 0B       		.uleb128 0xb
 419 006f 3B       		.uleb128 0x3b
 420 0070 0B       		.uleb128 0xb
 421 0071 27       		.uleb128 0x27
 422 0072 19       		.uleb128 0x19
 423 0073 11       		.uleb128 0x11
 424 0074 01       		.uleb128 0x1
 425 0075 12       		.uleb128 0x12
 426 0076 06       		.uleb128 0x6
ARM GAS  C:\Users\mark6\AppData\Local\Temp\ccwQNcoi.s 			page 11


 427 0077 40       		.uleb128 0x40
 428 0078 18       		.uleb128 0x18
 429 0079 9742     		.uleb128 0x2117
 430 007b 19       		.uleb128 0x19
 431 007c 00       		.byte	0
 432 007d 00       		.byte	0
 433 007e 0A       		.uleb128 0xa
 434 007f 2E       		.uleb128 0x2e
 435 0080 01       		.byte	0x1
 436 0081 3F       		.uleb128 0x3f
 437 0082 19       		.uleb128 0x19
 438 0083 03       		.uleb128 0x3
 439 0084 0E       		.uleb128 0xe
 440 0085 3A       		.uleb128 0x3a
 441 0086 0B       		.uleb128 0xb
 442 0087 3B       		.uleb128 0x3b
 443 0088 0B       		.uleb128 0xb
 444 0089 27       		.uleb128 0x27
 445 008a 19       		.uleb128 0x19
 446 008b 11       		.uleb128 0x11
 447 008c 01       		.uleb128 0x1
 448 008d 12       		.uleb128 0x12
 449 008e 06       		.uleb128 0x6
 450 008f 40       		.uleb128 0x40
 451 0090 18       		.uleb128 0x18
 452 0091 9742     		.uleb128 0x2117
 453 0093 19       		.uleb128 0x19
 454 0094 01       		.uleb128 0x1
 455 0095 13       		.uleb128 0x13
 456 0096 00       		.byte	0
 457 0097 00       		.byte	0
 458 0098 0B       		.uleb128 0xb
 459 0099 898201   		.uleb128 0x4109
 460 009c 00       		.byte	0
 461 009d 11       		.uleb128 0x11
 462 009e 01       		.uleb128 0x1
 463 009f 31       		.uleb128 0x31
 464 00a0 13       		.uleb128 0x13
 465 00a1 00       		.byte	0
 466 00a2 00       		.byte	0
 467 00a3 0C       		.uleb128 0xc
 468 00a4 34       		.uleb128 0x34
 469 00a5 00       		.byte	0
 470 00a6 03       		.uleb128 0x3
 471 00a7 0E       		.uleb128 0xe
 472 00a8 3A       		.uleb128 0x3a
 473 00a9 0B       		.uleb128 0xb
 474 00aa 3B       		.uleb128 0x3b
 475 00ab 0B       		.uleb128 0xb
 476 00ac 49       		.uleb128 0x49
 477 00ad 13       		.uleb128 0x13
 478 00ae 02       		.uleb128 0x2
 479 00af 18       		.uleb128 0x18
 480 00b0 00       		.byte	0
 481 00b1 00       		.byte	0
 482 00b2 0D       		.uleb128 0xd
 483 00b3 2E       		.uleb128 0x2e
ARM GAS  C:\Users\mark6\AppData\Local\Temp\ccwQNcoi.s 			page 12


 484 00b4 00       		.byte	0
 485 00b5 3F       		.uleb128 0x3f
 486 00b6 19       		.uleb128 0x19
 487 00b7 03       		.uleb128 0x3
 488 00b8 0E       		.uleb128 0xe
 489 00b9 3A       		.uleb128 0x3a
 490 00ba 0B       		.uleb128 0xb
 491 00bb 3B       		.uleb128 0x3b
 492 00bc 0B       		.uleb128 0xb
 493 00bd 27       		.uleb128 0x27
 494 00be 19       		.uleb128 0x19
 495 00bf 3C       		.uleb128 0x3c
 496 00c0 19       		.uleb128 0x19
 497 00c1 00       		.byte	0
 498 00c2 00       		.byte	0
 499 00c3 00       		.byte	0
 500              		.section	.debug_aranges,"",%progbits
 501 0000 34000000 		.4byte	0x34
 502 0004 0200     		.2byte	0x2
 503 0006 00000000 		.4byte	.Ldebug_info0
 504 000a 04       		.byte	0x4
 505 000b 00       		.byte	0
 506 000c 0000     		.2byte	0
 507 000e 0000     		.2byte	0
 508 0010 00000000 		.4byte	.LFB0
 509 0014 02000000 		.4byte	.LFE0-.LFB0
 510 0018 00000000 		.4byte	.LFB1
 511 001c 02000000 		.4byte	.LFE1-.LFB1
 512 0020 00000000 		.4byte	.LFB2
 513 0024 1C000000 		.4byte	.LFE2-.LFB2
 514 0028 00000000 		.4byte	.LFB3
 515 002c 18000000 		.4byte	.LFE3-.LFB3
 516 0030 00000000 		.4byte	0
 517 0034 00000000 		.4byte	0
 518              		.section	.debug_ranges,"",%progbits
 519              	.Ldebug_ranges0:
 520 0000 00000000 		.4byte	.LFB0
 521 0004 02000000 		.4byte	.LFE0
 522 0008 00000000 		.4byte	.LFB1
 523 000c 02000000 		.4byte	.LFE1
 524 0010 00000000 		.4byte	.LFB2
 525 0014 1C000000 		.4byte	.LFE2
 526 0018 00000000 		.4byte	.LFB3
 527 001c 18000000 		.4byte	.LFE3
 528 0020 00000000 		.4byte	0
 529 0024 00000000 		.4byte	0
 530              		.section	.debug_line,"",%progbits
 531              	.Ldebug_line0:
 532 0000 A0000000 		.section	.debug_str,"MS",%progbits,1
 532      02005400 
 532      00000201 
 532      FB0E0D00 
 532      01010101 
 533              	.LASF6:
 534 0000 6C6F6E67 		.ascii	"long long int\000"
 534      206C6F6E 
 534      6720696E 
ARM GAS  C:\Users\mark6\AppData\Local\Temp\ccwQNcoi.s 			page 13


 534      7400
 535              	.LASF26:
 536 000e 2E5C4765 		.ascii	".\\Generated_Source\\PSoC5\\SPIM_1_PM.c\000"
 536      6E657261 
 536      7465645F 
 536      536F7572 
 536      63655C50 
 537              	.LASF22:
 538 0033 5350494D 		.ascii	"SPIM_1_Stop\000"
 538      5F315F53 
 538      746F7000 
 539              	.LASF8:
 540 003f 756E7369 		.ascii	"unsigned int\000"
 540      676E6564 
 540      20696E74 
 540      00
 541              	.LASF27:
 542 004c 433A5C55 		.ascii	"C:\\Users\\mark6\\Google Drive\\College-MIT\\S6Spri"
 542      73657273 
 542      5C6D6172 
 542      6B365C47 
 542      6F6F676C 
 543 007a 6E673230 		.ascii	"ng2020\\6.115\\FinalProject\\BunkerKnowledge\\PSoC_"
 543      32305C36 
 543      2E313135 
 543      5C46696E 
 543      616C5072 
 544 00a9 53746963 		.ascii	"Stick_Files\\Learning_TFT_emWin.cydsn\000"
 544      6B5F4669 
 544      6C65735C 
 544      4C656172 
 544      6E696E67 
 545              	.LASF19:
 546 00ce 5350494D 		.ascii	"SPIM_1_RestoreConfig\000"
 546      5F315F52 
 546      6573746F 
 546      7265436F 
 546      6E666967 
 547              	.LASF12:
 548 00e3 75696E74 		.ascii	"uint8\000"
 548      3800
 549              	.LASF5:
 550 00e9 6C6F6E67 		.ascii	"long unsigned int\000"
 550      20756E73 
 550      69676E65 
 550      6420696E 
 550      7400
 551              	.LASF7:
 552 00fb 6C6F6E67 		.ascii	"long long unsigned int\000"
 552      206C6F6E 
 552      6720756E 
 552      7369676E 
 552      65642069 
 553              	.LASF17:
 554 0112 5350494D 		.ascii	"SPIM_1_BACKUP_STRUCT\000"
 554      5F315F42 
 554      41434B55 
ARM GAS  C:\Users\mark6\AppData\Local\Temp\ccwQNcoi.s 			page 14


 554      505F5354 
 554      52554354 
 555              	.LASF25:
 556 0127 474E5520 		.ascii	"GNU C 4.9.3 20150303 (release) [ARM/embedded-4_9-br"
 556      4320342E 
 556      392E3320 
 556      32303135 
 556      30333033 
 557 015a 616E6368 		.ascii	"anch revision 221220] -mcpu=cortex-m3 -mthumb -g -O"
 557      20726576 
 557      6973696F 
 557      6E203232 
 557      31323230 
 558 018d 67202D66 		.ascii	"g -ffunction-sections -ffat-lto-objects\000"
 558      66756E63 
 558      74696F6E 
 558      2D736563 
 558      74696F6E 
 559              	.LASF1:
 560 01b5 756E7369 		.ascii	"unsigned char\000"
 560      676E6564 
 560      20636861 
 560      7200
 561              	.LASF20:
 562 01c3 5350494D 		.ascii	"SPIM_1_Sleep\000"
 562      5F315F53 
 562      6C656570 
 562      00
 563              	.LASF11:
 564 01d0 63686172 		.ascii	"char\000"
 564      00
 565              	.LASF4:
 566 01d5 6C6F6E67 		.ascii	"long int\000"
 566      20696E74 
 566      00
 567              	.LASF15:
 568 01de 656E6162 		.ascii	"enableState\000"
 568      6C655374 
 568      61746500 
 569              	.LASF10:
 570 01ea 646F7562 		.ascii	"double\000"
 570      6C6500
 571              	.LASF23:
 572 01f1 5350494D 		.ascii	"SPIM_1_ClearFIFO\000"
 572      5F315F43 
 572      6C656172 
 572      4649464F 
 572      00
 573              	.LASF21:
 574 0202 5350494D 		.ascii	"SPIM_1_Wakeup\000"
 574      5F315F57 
 574      616B6575 
 574      7000
 575              	.LASF16:
 576 0210 636E7472 		.ascii	"cntrPeriod\000"
 576      50657269 
 576      6F6400
ARM GAS  C:\Users\mark6\AppData\Local\Temp\ccwQNcoi.s 			page 15


 577              	.LASF3:
 578 021b 73686F72 		.ascii	"short unsigned int\000"
 578      7420756E 
 578      7369676E 
 578      65642069 
 578      6E7400
 579              	.LASF0:
 580 022e 7369676E 		.ascii	"signed char\000"
 580      65642063 
 580      68617200 
 581              	.LASF24:
 582 023a 5350494D 		.ascii	"SPIM_1_Enable\000"
 582      5F315F45 
 582      6E61626C 
 582      6500
 583              	.LASF18:
 584 0248 5350494D 		.ascii	"SPIM_1_SaveConfig\000"
 584      5F315F53 
 584      61766543 
 584      6F6E6669 
 584      6700
 585              	.LASF9:
 586 025a 666C6F61 		.ascii	"float\000"
 586      7400
 587              	.LASF2:
 588 0260 73686F72 		.ascii	"short int\000"
 588      7420696E 
 588      7400
 589              	.LASF13:
 590 026a 72656738 		.ascii	"reg8\000"
 590      00
 591              	.LASF28:
 592 026f 5350494D 		.ascii	"SPIM_1_backup\000"
 592      5F315F62 
 592      61636B75 
 592      7000
 593              	.LASF14:
 594 027d 73697A65 		.ascii	"sizetype\000"
 594      74797065 
 594      00
 595              		.ident	"GCC: (GNU Tools for ARM Embedded Processors) 4.9.3 20150303 (release) [ARM/embedded-4_9-br
