C51 COMPILER V9.51   CYFITTER_CFG                                                          04/17/2020 03:55:00 PAGE 1   


C51 COMPILER V9.51, COMPILATION OF MODULE CYFITTER_CFG
OBJECT MODULE PLACED IN .\DP8051_Keil_951\Debug\cyfitter_cfg.obj
COMPILER INVOKED BY: C:\Program Files (x86)\Cypress\PSoC Creator\3.3\PSoC Creator\import\keil\pk51\9.51\C51\BIN\c51.exe 
                    -.\Generated_Source\PSoC3\cyfitter_cfg.c NOIV LARGE MODDP2 OMF2 VB(1) NOIP INCDIR(.,Generated_Source\PSoC3) FF(3) DB WL(2
                    -) PR(.\DP8051_Keil_951\Debug/cyfitter_cfg.lst) CD OT(0,SIZE) OJ(.\DP8051_Keil_951\Debug\cyfitter_cfg.obj)

line level    source

   1          /*******************************************************************************
   2          * File Name: cyfitter_cfg.c
   3          * 
   4          * PSoC Creator  3.3 CP1
   5          *
   6          * Description:
   7          * This file contains device initialization code.
   8          * Except for the user defined sections in CyClockStartupError(), this file should not be modified.
   9          * This file is automatically generated by PSoC Creator.
  10          *
  11          ********************************************************************************
  12          * Copyright (c) 2007-2015 Cypress Semiconductor.  All rights reserved.
  13          * You may use this file only in accordance with the license, terms, conditions, 
  14          * disclaimers, and limitations in the end user license agreement accompanying 
  15          * the software package with which this file was provided.
  16          ********************************************************************************/
  17          
  18          #include <string.h>
  19          #include "cytypes.h"
  20          #include "cydevice_trm.h"
  21          #include "cyfitter.h"
  22          #include "CyLib.h"
  23          #include "cyfitter_cfg.h"
  24          
  25          #define CY_NEED_CYCLOCKSTARTUPERROR 1
  26          
  27          
  28          #if defined(__C51__) || defined(__CX51__)
  29                  #define CYPACKED
  30                  #define CYPACKED_ATTR
  31                  #define CYALIGNED
  32                  
  33              #define CY_CFG_UNUSED
  34                  #define CY_CFG_MEMORY_BARRIER() do { } while (0)
  35          
  36          
  37          
  38                  #define CYMEMZERO(a,c) cymemzero((a),(c))
  39                  #define CYCONFIGCPY(d,s,c) cyconfigcpy((c),(s),(d))
  40                  #define CYCONFIGCPYCODE(d,s,c) cyconfigcpycode((c),(s),(d))
  41          #else
                      #error Unsupported toolchain
              #endif
  44          
  45          
  46          
  47          /* Clock startup error codes                                                   */
  48          #define CYCLOCKSTART_NO_ERROR    0u
  49          #define CYCLOCKSTART_XTAL_ERROR  1u
  50          #define CYCLOCKSTART_32KHZ_ERROR 2u
  51          #define CYCLOCKSTART_PLL_ERROR   3u
  52          
  53          #ifdef CY_NEED_CYCLOCKSTARTUPERROR
C51 COMPILER V9.51   CYFITTER_CFG                                                          04/17/2020 03:55:00 PAGE 2   

  54          /*******************************************************************************
  55          * Function Name: CyClockStartupError
  56          ********************************************************************************
  57          * Summary:
  58          *  If an error is encountered during clock configuration (crystal startup error,
  59          *  PLL lock error, etc.), the system will end up here.  Unless reimplemented by
  60          *  the customer, this function will stop in an infinite loop.
  61          *
  62          * Parameters:
  63          *   void
  64          *
  65          * Return:
  66          *   void
  67          *
  68          *******************************************************************************/
  69          CY_CFG_UNUSED
  70          static void CyClockStartupError(uint8 errorCode);
  71          CY_CFG_UNUSED
  72          static void CyClockStartupError(uint8 errorCode)
  73          {
  74   1          /* To remove the compiler warning if errorCode not used.                */
  75   1          errorCode = errorCode;
  76   1      
  77   1          /* `#START CyClockStartupError` */
  78   1      
  79   1          /* If we have a clock startup error (bad MHz crystal, PLL lock, etc.),  */
  80   1          /* we will end up here to allow the customer to implement something to  */
  81   1          /* deal with the clock condition.                                       */
  82   1      
  83   1          /* `#END` */
  84   1      
  85   1          /* If nothing else, stop here since the clocks have not started         */
  86   1          /* correctly.                                                           */
  87   1          while(1) {}
  88   1      }
  89          #endif
  90          
  91          #define cfg_byte_table ((const void CYFAR *)0x080000u)
  92          /* IOPINS0_0 Address: CYREG_PRT0_DM0 Size (bytes): 8 */
  93          #define BS_IOPINS0_0_VAL ((const uint8 CYFAR *)0x00080330u)
  94          
  95          /* IOPINS0_1 Address: CYREG_PRT1_DM0 Size (bytes): 8 */
  96          #define BS_IOPINS0_1_VAL ((const uint8 CYFAR *)0x00080338u)
  97          
  98          /* IOPINS0_2 Address: CYREG_PRT2_DM0 Size (bytes): 8 */
  99          #define BS_IOPINS0_2_VAL ((const uint8 CYFAR *)0x00080340u)
 100          
 101          
 102          /*******************************************************************************
 103          * Function Name: ClockSetup
 104          ********************************************************************************
 105          *
 106          * Summary:
 107          *  Performs the initialization of all of the clocks in the device based on the
 108          *  settings in the Clock tab of the DWR.  This includes enabling the requested
 109          *  clocks and setting the necessary dividers to produce the desired frequency. 
 110          *
 111          * Parameters:
 112          *  void
 113          *
 114          * Return:
 115          *  void
C51 COMPILER V9.51   CYFITTER_CFG                                                          04/17/2020 03:55:00 PAGE 3   

 116          *
 117          *******************************************************************************/
 118          static void ClockSetup(void);
 119          static void ClockSetup(void)
 120          {
 121   1              uint32 timeout;
 122   1              uint8 pllLock;
 123   1      
 124   1      
 125   1              /* Configure Digital Clocks based on settings from Clock DWR */
 126   1              CY_SET_XTND_REG16((void CYFAR *)(CYREG_CLKDIST_DCFG0_CFG0), 0x0001u);
 127   1              CY_SET_REG8((void CYXDATA *)(CYREG_CLKDIST_DCFG0_CFG0 + 0x2u), 0x18u);
 128   1      
 129   1              /* Configure ILO based on settings from Clock DWR */
 130   1              CY_SET_REG8((void CYXDATA *)(CYREG_SLOWCLK_ILO_CR0), 0x02u);
 131   1              CY_SET_REG8((void CYXDATA *)(CYREG_CLKDIST_CR), 0x08u);
 132   1      
 133   1              /* Configure IMO based on settings from Clock DWR */
 134   1              CY_SET_REG8((void CYXDATA *)(CYREG_FASTCLK_IMO_CR), 0x03u);
 135   1              CY_SET_REG8((void CYXDATA *)(CYREG_IMO_TR1), (CY_GET_XTND_REG8((void CYFAR *)CYREG_FLSHID_CUST_TABLES_IMO
             -_3MHZ)));
 136   1      
 137   1              /* Configure PLL based on settings from Clock DWR */
 138   1              CY_SET_XTND_REG16((void CYFAR *)(CYREG_FASTCLK_PLL_P), 0x0008u);
 139   1              CY_SET_XTND_REG16((void CYFAR *)(CYREG_FASTCLK_PLL_CFG0), 0x1251u);
 140   1              /* Wait up to 250us for the PLL to lock */
 141   1              pllLock = 0u;
 142   1              for (timeout = 250u / 10u; (timeout > 0u) && (pllLock != 0x03u); timeout--)
 143   1              { 
 144   2                      pllLock = 0x03u & ((uint8)((uint8)pllLock << 1) | ((CY_GET_REG8((void CYXDATA *)CYREG_FASTCLK_PLL_SR) & 
             -0x01u) >> 0));
 145   2                      CyDelayCycles(10u * 48u); /* Delay 10us based on 48MHz clock */
 146   2              }
 147   1              /* If we ran out of time the PLL didn't lock so go to the error function */
 148   1              if (timeout == 0u)
 149   1              {
 150   2                      CyClockStartupError(CYCLOCKSTART_PLL_ERROR);
 151   2              }
 152   1      
 153   1              /* Configure Bus/Master Clock based on settings from Clock DWR */
 154   1              CY_SET_XTND_REG16((void CYFAR *)(CYREG_CLKDIST_MSTR0), 0x0100u);
 155   1              CY_SET_REG8((void CYXDATA *)(CYREG_CLKDIST_MSTR0), 0x07u);
 156   1              CY_SET_REG8((void CYXDATA *)(CYREG_CLKDIST_BCFG0), 0x00u);
 157   1              CY_SET_REG8((void CYXDATA *)(CYREG_CLKDIST_BCFG2), 0x48u);
 158   1              CY_SET_REG8((void CYXDATA *)(CYREG_CLKDIST_MSTR0), 0x00u);
 159   1              CY_SET_REG8((void CYXDATA *)(CYREG_CLKDIST_LD), 0x02u);
 160   1      
 161   1              CY_SET_REG8((void CYXDATA *)(CYREG_PM_ACT_CFG2), ((CY_GET_REG8((void CYXDATA *)CYREG_PM_ACT_CFG2) | 0x01u
             -)));
 162   1      }
 163          
 164          
 165          /* Analog API Functions */
 166          
 167          
 168          /*******************************************************************************
 169          * Function Name: AnalogSetDefault
 170          ********************************************************************************
 171          *
 172          * Summary:
 173          *  Sets up the analog portions of the chip to default values based on chip
 174          *  configuration options from the project.
C51 COMPILER V9.51   CYFITTER_CFG                                                          04/17/2020 03:55:00 PAGE 4   

 175          *
 176          * Parameters:
 177          *  void
 178          *
 179          * Return:
 180          *  void
 181          *
 182          *******************************************************************************/
 183          static void AnalogSetDefault(void);
 184          static void AnalogSetDefault(void)
 185          {
 186   1              uint8 bg_xover_inl_trim = CY_GET_XTND_REG8((void CYFAR *)(CYREG_FLSHID_MFG_CFG_BG_XOVER_INL_TRIM + 1u));
 187   1              CY_SET_REG8((void CYXDATA *)(CYREG_BG_DFT0), (bg_xover_inl_trim & 0x07u));
 188   1              CY_SET_REG8((void CYXDATA *)(CYREG_BG_DFT1), ((bg_xover_inl_trim >> 4) & 0x0Fu));
 189   1              CY_SET_REG8((void CYXDATA *)CYREG_PRT2_AG, 0x80u);
 190   1              CY_SET_REG8((void CYXDATA *)CYREG_CAPSL_CFG0, 0x00u);
 191   1              CY_SET_REG8((void CYXDATA *)CYREG_CMP2_SW3, 0x20u);
 192   1              CY_SET_REG8((void CYXDATA *)CYREG_DSM0_SW0, 0x09u);
 193   1              CY_SET_REG8((void CYXDATA *)CYREG_PUMP_CR0, 0x44u);
 194   1      }
 195          
 196          
 197          /*******************************************************************************
 198          * Function Name: SetAnalogRoutingPumps
 199          ********************************************************************************
 200          *
 201          * Summary:
 202          * Enables or disables the analog pumps feeding analog routing switches.
 203          * Intended to be called at startup, based on the Vdda system configuration;
 204          * may be called during operation when the user informs us that the Vdda voltage
 205          * crossed the pump threshold.
 206          *
 207          * Parameters:
 208          *  enabled - 1 to enable the pumps, 0 to disable the pumps
 209          *
 210          * Return:
 211          *  void
 212          *
 213          *******************************************************************************/
 214          void SetAnalogRoutingPumps(uint8 enabled)
 215          {
 216   1              uint8 regValue = CY_GET_REG8((void CYXDATA *)CYREG_PUMP_CR0);
 217   1              if (enabled != 0u)
 218   1              {
 219   2                      regValue |= 0x22u;
 220   2              }
 221   1              else
 222   1              {
 223   2                      regValue &= (uint8)~0x22u;
 224   2              }
 225   1              CY_SET_REG8((void CYXDATA *)CYREG_PUMP_CR0, regValue);
 226   1      }
 227          
 228          #define CY_AMUX_UNUSED CYREG_BOOST_SR
 229          /* This is an implementation detail of the AMux. Code that depends on it may be
 230             incompatible with other versions of PSoC Creator. */
 231          uint8 CYXDATA * const CYCODE CapSense_CSD_AMuxCH0__addrTable[10] = {
 232                  (uint8 CYXDATA *)CYREG_PRT0_AMUX, 
 233                  (uint8 CYXDATA *)CYREG_PRT0_AMUX, 
 234                  (uint8 CYXDATA *)CYREG_PRT0_AMUX, 
 235                  (uint8 CYXDATA *)CYREG_PRT0_AMUX, 
 236                  (uint8 CYXDATA *)CYREG_PRT0_AMUX, 
C51 COMPILER V9.51   CYFITTER_CFG                                                          04/17/2020 03:55:00 PAGE 5   

 237                  (uint8 CYXDATA *)CYREG_PRT0_AMUX, 
 238                  (uint8 CYXDATA *)CYREG_PRT0_AMUX, 
 239                  (uint8 CYXDATA *)CYREG_DSM0_SW3, 
 240                  (uint8 CYXDATA *)CYREG_CMP2_SW3, 
 241                  (uint8 CYXDATA *)CYREG_DAC0_SW3, 
 242          };
 243          
 244          /* This is an implementation detail of the AMux. Code that depends on it may be
 245             incompatible with other versions of PSoC Creator. */
 246          const uint8 CYCODE CapSense_CSD_AMuxCH0__maskTable[10] = {
 247                  0x20u, 
 248                  0x40u, 
 249                  0x01u, 
 250                  0x02u, 
 251                  0x04u, 
 252                  0x08u, 
 253                  0x10u, 
 254                  0x01u, 
 255                  0x01u, 
 256                  0x10u, 
 257          };
 258          
 259          /*******************************************************************************
 260          * Function Name: CapSense_CSD_AMuxCH0_Set
 261          ********************************************************************************
 262          * Summary:
 263          *  This function is used to set a particular channel as active on the AMux.
 264          *
 265          * Parameters:  
 266          *   channel - The mux channel input to set as active
 267          *
 268          * Return:
 269          *   void
 270          *
 271          *******************************************************************************/
 272          void CapSense_CSD_AMuxCH0_Set(uint8 channel) CYREENTRANT
 273          {
 274   1              if (channel < 10)
 275   1              {
 276   2                      *CapSense_CSD_AMuxCH0__addrTable[channel] |= CapSense_CSD_AMuxCH0__maskTable[channel];
 277   2              }
 278   1      }
 279          
 280          /*******************************************************************************
 281          * Function Name: CapSense_CSD_AMuxCH0_Unset
 282          ********************************************************************************
 283          * Summary:
 284          *  This function is used to clear a particular channel from being active on the
 285          *  AMux.
 286          *
 287          * Parameters:  
 288          *   channel - The mux channel input to mark inactive
 289          *
 290          * Return:
 291          *   void
 292          *
 293          *******************************************************************************/
 294          void CapSense_CSD_AMuxCH0_Unset(uint8 channel) CYREENTRANT
 295          {
 296   1              if (channel < 10)
 297   1              {
 298   2                      *CapSense_CSD_AMuxCH0__addrTable[channel] &= (uint8)~CapSense_CSD_AMuxCH0__maskTable[channel];
C51 COMPILER V9.51   CYFITTER_CFG                                                          04/17/2020 03:55:00 PAGE 6   

 299   2              }
 300   1      }
 301          
 302          
 303          
 304          /*******************************************************************************
 305          * Function Name: cyfitter_cfg
 306          ********************************************************************************
 307          * Summary:
 308          *  This function is called by the start-up code for the selected device. It
 309          *  performs all of the necessary device configuration based on the design
 310          *  settings.  This includes settings from the Design Wide Resources (DWR) such
 311          *  as Clocks and Pins as well as any component configuration that is necessary.
 312          *
 313          * Parameters:  
 314          *   void
 315          *
 316          * Return:
 317          *   void
 318          *
 319          *******************************************************************************/
 320          
 321          void cyfitter_cfg(void)
 322          {
 323   1              /* Enable/Disable Debug functionality based on settings from System DWR */
 324   1              CY_SET_XTND_REG8((void CYFAR *)CYREG_MLOGIC_DEBUG, (CY_GET_XTND_REG8((void CYFAR *)CYREG_MLOGIC_DEBUG) | 
             -0x05u));
 325   1      
 326   1              {
 327   2      
 328   2                      CYPACKED typedef struct {
 329   2                              void CYFAR *address;
 330   2                              uint16 size;
 331   2                      } CYPACKED_ATTR cfg_memset_t;
 332   2      
 333   2                      static const cfg_memset_t CYCODE cfg_memset_list [] = {
 334   2                              /* address, size */
 335   2                              {(void CYFAR *)(CYREG_PRT3_DR), 64u},
 336   2                              {(void CYFAR *)(CYREG_PRT12_DR), 16u},
 337   2                              {(void CYFAR *)(CYREG_PRT15_DR), 16u},
 338   2                              {(void CYFAR *)(CYDEV_UCFG_B0_P0_U0_BASE), 4096u},
 339   2                              {(void CYFAR *)(CYDEV_UCFG_B1_P2_U0_BASE), 2048u},
 340   2                              {(void CYFAR *)(CYDEV_UCFG_DSI0_BASE), 2560u},
 341   2                              {(void CYFAR *)(CYDEV_UCFG_DSI12_BASE), 512u},
 342   2                              {(void CYFAR *)(CYREG_BCTL0_MDCLK_EN), 32u},
 343   2                      };
 344   2      
 345   2                      uint8 CYDATA i;
 346   2      
 347   2                      /* Zero out critical memory blocks before beginning configuration */
 348   2                      for (i = 0u; i < (sizeof(cfg_memset_list)/sizeof(cfg_memset_list[0])); i++)
 349   2                      {
 350   3                              const cfg_memset_t CYCODE * CYDATA ms = &cfg_memset_list[i];
 351   3                              CYMEMZERO(ms->address, ms->size);
 352   3                      }
 353   2      
 354   2                      cfg_write_bytes(cfg_byte_table);
 355   2      
 356   2                      /* Perform normal device configuration. Order is not critical for these items. */
 357   2                      CY_SET_XTND_REG16((void CYFAR *)(CYREG_CAPSL_CFG0), 0x0300u);
 358   2                      CY_SET_XTND_REG16((void CYFAR *)(CYREG_LUT2_CR), 0x0203u);
 359   2      
C51 COMPILER V9.51   CYFITTER_CFG                                                          04/17/2020 03:55:00 PAGE 7   

 360   2                      /* Enable digital routing */
 361   2                      CY_SET_XTND_REG8((void CYFAR *)CYREG_BCTL0_BANK_CTL, CY_GET_XTND_REG8((void CYFAR *)CYREG_BCTL0_BANK_CTL
             -) | 0x02u);
 362   2                      CY_SET_XTND_REG8((void CYFAR *)CYREG_BCTL1_BANK_CTL, CY_GET_XTND_REG8((void CYFAR *)CYREG_BCTL1_BANK_CTL
             -) | 0x02u);
 363   2      
 364   2                      /* Enable UDB array */
 365   2                      CY_SET_REG8((void CYXDATA *)CYREG_PM_ACT_CFG0, CY_GET_REG8((void CYXDATA *)CYREG_PM_ACT_CFG0) | 0x40u);
 366   2                      CY_SET_REG8((void CYXDATA *)CYREG_PM_AVAIL_CR2, CY_GET_REG8((void CYXDATA *)CYREG_PM_AVAIL_CR2) | 0x10u)
             -;
 367   2              }
 368   1      
 369   1      
 370   1              /* Perform second pass device configuration. These items must be configured in specific order after the r
             -egular configuration is done. */
 371   1              CYCONFIGCPY((void CYFAR *)(CYREG_PRT0_DM0), (const void CYFAR *)(BS_IOPINS0_0_VAL), 8u);
 372   1              CYCONFIGCPY((void CYFAR *)(CYREG_PRT1_DM0), (const void CYFAR *)(BS_IOPINS0_1_VAL), 8u);
 373   1              CYCONFIGCPY((void CYFAR *)(CYREG_PRT2_DM0), (const void CYFAR *)(BS_IOPINS0_2_VAL), 8u);
 374   1              CY_SET_REG8((void CYXDATA *)(CYREG_INTC_CSR_EN), 0x01u);
 375   1              /* Switch Boost to the precision bandgap reference from its internal reference */
 376   1              CY_SET_REG8((void CYXDATA *)CYREG_BOOST_CR2, (CY_GET_REG8((void CYXDATA *)CYREG_BOOST_CR2) | 0x08u));
 377   1              if (CYDEV_CHIP_REV_ACTUAL < 5u)
 378   1              {
 379   2                      CY_SET_REG8((void CYXDATA *)CYREG_PWRSYS_WAKE_TR2, 0x3Au);
 380   2              }
 381   1      
 382   1      
 383   1              /* Set Flash Cycles based on max possible frequency in case a glitch occurs during ClockSetup(). */
 384   1              CY_SET_REG8((void CYXDATA *)(CYREG_CACHE_CR), (((CYDEV_INSTRUCT_CACHE_ENABLED) != 0) ? 0xF1u : 0xC0u));
 385   1              /* Setup clocks based on selections from Clock DWR */
 386   1              ClockSetup();
 387   1              /* Set Flash Cycles based on newly configured 24.00MHz Bus Clock. */
 388   1              CY_SET_REG8((void CYXDATA *)(CYREG_CACHE_CR), (((CYDEV_INSTRUCT_CACHE_ENABLED) != 0) ? 0xB1u : 0x80u));
 389   1      
 390   1              /* Perform basic analog initialization to defaults */
 391   1              AnalogSetDefault();
 392   1      
 393   1              /* Configure alternate active mode */
 394   1              CYCONFIGCPY((void CYFAR *)CYDEV_PM_STBY_BASE, (const void CYFAR *)CYDEV_PM_ACT_BASE, 14u);
 395   1              CY_SET_REG8((void CYXDATA *)CYREG_PM_STBY_CFG0, CY_GET_REG8((void CYXDATA *)CYREG_PM_STBY_CFG0) & (uint8)
             -~0x02u);        /* Disable CPU */
 396   1      }
C51 COMPILER V9.51   CYFITTER_CFG                                                          04/17/2020 03:55:00 PAGE 8   

ASSEMBLY LISTING OF GENERATED OBJECT CODE


             ; FUNCTION _CyClockStartupError (BEGIN)
                                           ; SOURCE LINE # 72
0000 900000      R     MOV     DPTR,#errorCode
0003 EF                MOV     A,R7
0004 F0                MOVX    @DPTR,A
                                           ; SOURCE LINE # 73
                                           ; SOURCE LINE # 75
0005 900000      R     MOV     DPTR,#errorCode
0008 E0                MOVX    A,@DPTR
0009 FF                MOV     R7,A
000A 900000      R     MOV     DPTR,#errorCode
000D EF                MOV     A,R7
000E F0                MOVX    @DPTR,A
000F         ?C0001:
                                           ; SOURCE LINE # 87
000F 80FE              SJMP    ?C0001
0011         ?C0002:
                                           ; SOURCE LINE # 88
0011         ?C0003:
0011 22                RET     
             ; FUNCTION _CyClockStartupError (END)

             ; FUNCTION ClockSetup (BEGIN)
                                           ; SOURCE LINE # 119
                                           ; SOURCE LINE # 120
                                           ; SOURCE LINE # 126
0000 7B00              MOV     R3,#00H
0002 7A40              MOV     R2,#040H
0004 7980              MOV     R1,#080H
0006 7D01              MOV     R5,#01H
0008 7C00              MOV     R4,#00H
000A 120000      E     LCALL   _cywrite16
                                           ; SOURCE LINE # 127
000D 904082            MOV     DPTR,#04082H
0010 7418              MOV     A,#018H
0012 F0                MOVX    @DPTR,A
                                           ; SOURCE LINE # 130
0013 904300            MOV     DPTR,#04300H
0016 7402              MOV     A,#02H
0018 F0                MOVX    @DPTR,A
                                           ; SOURCE LINE # 131
0019 904000            MOV     DPTR,#04000H
001C 7408              MOV     A,#08H
001E F0                MOVX    @DPTR,A
                                           ; SOURCE LINE # 134
001F 904200            MOV     DPTR,#04200H
0022 7403              MOV     A,#03H
0024 F0                MOVX    @DPTR,A
                                           ; SOURCE LINE # 135
0025 7B0C              MOV     R3,#0CH
0027 7A01              MOV     R2,#01H
0029 7908              MOV     R1,#08H
002B 120000      E     LCALL   _cyread8
002E 9046A1            MOV     DPTR,#046A1H
0031 EF                MOV     A,R7
0032 F0                MOVX    @DPTR,A
                                           ; SOURCE LINE # 138
0033 7B00              MOV     R3,#00H
0035 7A42              MOV     R2,#042H
C51 COMPILER V9.51   CYFITTER_CFG                                                          04/17/2020 03:55:00 PAGE 9   

0037 7922              MOV     R1,#022H
0039 7D08              MOV     R5,#08H
003B 7C00              MOV     R4,#00H
003D 120000      E     LCALL   _cywrite16
                                           ; SOURCE LINE # 139
0040 7B00              MOV     R3,#00H
0042 7A42              MOV     R2,#042H
0044 7920              MOV     R1,#020H
0046 7D51              MOV     R5,#051H
0048 7C12              MOV     R4,#012H
004A 120000      E     LCALL   _cywrite16
                                           ; SOURCE LINE # 141
004D 900000      R     MOV     DPTR,#pllLock
0050 E4                CLR     A
0051 F0                MOVX    @DPTR,A
                                           ; SOURCE LINE # 142
0052 7F19              MOV     R7,#019H
0054 7E00              MOV     R6,#00H
0056 7D00              MOV     R5,#00H
0058 7C00              MOV     R4,#00H
005A 900000      R     MOV     DPTR,#timeout
005D 120000      E     LCALL   ?C?LSTXDATA
0060         ?C0004:
0060 900000      R     MOV     DPTR,#timeout
0063 120000      E     LCALL   ?C?LLDXDATA
0066 D3                SETB    C
0067 EF                MOV     A,R7
0068 9400              SUBB    A,#00H
006A EE                MOV     A,R6
006B 9400              SUBB    A,#00H
006D 404E              JC      ?C0005
006F 900000      R     MOV     DPTR,#pllLock
0072 E0                MOVX    A,@DPTR
0073 FF                MOV     R7,A
0074 EF                MOV     A,R7
0075 6403              XRL     A,#03H
0077 6044              JZ      ?C0005
                                           ; SOURCE LINE # 143
                                           ; SOURCE LINE # 144
0079 904225            MOV     DPTR,#04225H
007C E0                MOVX    A,@DPTR
007D FF                MOV     R7,A
007E EF                MOV     A,R7
007F 5401              ANL     A,#01H
0081 FF                MOV     R7,A
0082 7E00              MOV     R6,#00H
0084 900000      R     MOV     DPTR,#pllLock
0087 E0                MOVX    A,@DPTR
0088 FE                MOV     R6,A
0089 EE                MOV     A,R6
008A 25E0              ADD     A,ACC
008C FE                MOV     R6,A
008D EE                MOV     A,R6
008E 4F                ORL     A,R7
008F FF                MOV     R7,A
0090 EF                MOV     A,R7
0091 5403              ANL     A,#03H
0093 FF                MOV     R7,A
0094 900000      R     MOV     DPTR,#pllLock
0097 EF                MOV     A,R7
0098 F0                MOVX    @DPTR,A
                                           ; SOURCE LINE # 145
C51 COMPILER V9.51   CYFITTER_CFG                                                          04/17/2020 03:55:00 PAGE 10  

0099 7FE0              MOV     R7,#0E0H
009B 7E01              MOV     R6,#01H
009D 7D00              MOV     R5,#00H
009F 7C00              MOV     R4,#00H
00A1 120000      E     LCALL   _CyDelayCycles
                                           ; SOURCE LINE # 146
00A4         ?C0006:
00A4 900000      R     MOV     DPTR,#timeout
00A7 120000      E     LCALL   ?C?LLDXDATA
00AA 7BFF              MOV     R3,#0FFH
00AC 7AFF              MOV     R2,#0FFH
00AE 79FF              MOV     R1,#0FFH
00B0 78FF              MOV     R0,#0FFH
00B2 120000      E     LCALL   ?C?LADD
00B5 900000      R     MOV     DPTR,#timeout
00B8 120000      E     LCALL   ?C?LSTXDATA
00BB 80A3              SJMP    ?C0004
00BD         ?C0005:
                                           ; SOURCE LINE # 148
00BD 900000      R     MOV     DPTR,#timeout
00C0 120000      E     LCALL   ?C?LLDXDATA
00C3 EF                MOV     A,R7
00C4 4E                ORL     A,R6
00C5 7005              JNZ     ?C0007
                                           ; SOURCE LINE # 149
                                           ; SOURCE LINE # 150
00C7 7F03              MOV     R7,#03H
00C9 120000      R     LCALL   _CyClockStartupError
                                           ; SOURCE LINE # 151
00CC         ?C0007:
                                           ; SOURCE LINE # 154
00CC 7B00              MOV     R3,#00H
00CE 7A40              MOV     R2,#040H
00D0 7904              MOV     R1,#04H
00D2 7D00              MOV     R5,#00H
00D4 7C01              MOV     R4,#01H
00D6 120000      E     LCALL   _cywrite16
                                           ; SOURCE LINE # 155
00D9 904004            MOV     DPTR,#04004H
00DC 7407              MOV     A,#07H
00DE F0                MOVX    @DPTR,A
                                           ; SOURCE LINE # 156
00DF 904006            MOV     DPTR,#04006H
00E2 E4                CLR     A
00E3 F0                MOVX    @DPTR,A
                                           ; SOURCE LINE # 157
00E4 904008            MOV     DPTR,#04008H
00E7 7448              MOV     A,#048H
00E9 F0                MOVX    @DPTR,A
                                           ; SOURCE LINE # 158
00EA 904004            MOV     DPTR,#04004H
00ED E4                CLR     A
00EE F0                MOVX    @DPTR,A
                                           ; SOURCE LINE # 159
00EF 904001            MOV     DPTR,#04001H
00F2 7402              MOV     A,#02H
00F4 F0                MOVX    @DPTR,A
                                           ; SOURCE LINE # 161
00F5 9043A2            MOV     DPTR,#043A2H
00F8 E0                MOVX    A,@DPTR
00F9 FF                MOV     R7,A
00FA EF                MOV     A,R7
C51 COMPILER V9.51   CYFITTER_CFG                                                          04/17/2020 03:55:00 PAGE 11  

00FB 4401              ORL     A,#01H
00FD FF                MOV     R7,A
00FE 9043A2            MOV     DPTR,#043A2H
0101 EF                MOV     A,R7
0102 F0                MOVX    @DPTR,A
                                           ; SOURCE LINE # 162
0103         ?C0008:
0103 22                RET     
             ; FUNCTION ClockSetup (END)

             ; FUNCTION AnalogSetDefault (BEGIN)
                                           ; SOURCE LINE # 184
                                           ; SOURCE LINE # 185
                                           ; SOURCE LINE # 186
0000 7B0C              MOV     R3,#0CH
0002 7A01              MOV     R2,#01H
0004 79CF              MOV     R1,#0CFH
0006 120000      E     LCALL   _cyread8
0009 900000      R     MOV     DPTR,#bg_xover_inl_trim
000C EF                MOV     A,R7
000D F0                MOVX    @DPTR,A
                                           ; SOURCE LINE # 187
000E 900000      R     MOV     DPTR,#bg_xover_inl_trim
0011 E0                MOVX    A,@DPTR
0012 FF                MOV     R7,A
0013 EF                MOV     A,R7
0014 5407              ANL     A,#07H
0016 FF                MOV     R7,A
0017 90586E            MOV     DPTR,#0586EH
001A EF                MOV     A,R7
001B F0                MOVX    @DPTR,A
                                           ; SOURCE LINE # 188
001C 900000      R     MOV     DPTR,#bg_xover_inl_trim
001F E0                MOVX    A,@DPTR
0020 FF                MOV     R7,A
0021 EF                MOV     A,R7
0022 C4                SWAP    A
0023 540F              ANL     A,#0FH
0025 FF                MOV     R7,A
0026 EF                MOV     A,R7
0027 540F              ANL     A,#0FH
0029 FF                MOV     R7,A
002A 90586F            MOV     DPTR,#0586FH
002D EF                MOV     A,R7
002E F0                MOVX    @DPTR,A
                                           ; SOURCE LINE # 189
002F 90512D            MOV     DPTR,#0512DH
0032 7480              MOV     A,#080H
0034 F0                MOVX    @DPTR,A
                                           ; SOURCE LINE # 190
0035 905870            MOV     DPTR,#05870H
0038 E4                CLR     A
0039 F0                MOVX    @DPTR,A
                                           ; SOURCE LINE # 191
003A 905AD3            MOV     DPTR,#05AD3H
003D 7420              MOV     A,#020H
003F F0                MOVX    @DPTR,A
                                           ; SOURCE LINE # 192
0040 905B00            MOV     DPTR,#05B00H
0043 7409              MOV     A,#09H
0045 F0                MOVX    @DPTR,A
                                           ; SOURCE LINE # 193
C51 COMPILER V9.51   CYFITTER_CFG                                                          04/17/2020 03:55:00 PAGE 12  

0046 905876            MOV     DPTR,#05876H
0049 7444              MOV     A,#044H
004B F0                MOVX    @DPTR,A
                                           ; SOURCE LINE # 194
004C         ?C0009:
004C 22                RET     
             ; FUNCTION AnalogSetDefault (END)

             ; FUNCTION _SetAnalogRoutingPumps (BEGIN)
                                           ; SOURCE LINE # 214
0000 900000      R     MOV     DPTR,#enabled
0003 EF                MOV     A,R7
0004 F0                MOVX    @DPTR,A
                                           ; SOURCE LINE # 215
                                           ; SOURCE LINE # 216
0005 905876            MOV     DPTR,#05876H
0008 E0                MOVX    A,@DPTR
0009 FF                MOV     R7,A
000A 900000      R     MOV     DPTR,#regValue
000D EF                MOV     A,R7
000E F0                MOVX    @DPTR,A
                                           ; SOURCE LINE # 217
000F 900000      R     MOV     DPTR,#enabled
0012 E0                MOVX    A,@DPTR
0013 FF                MOV     R7,A
0014 EF                MOV     A,R7
0015 6010              JZ      ?C0010
                                           ; SOURCE LINE # 218
                                           ; SOURCE LINE # 219
0017 900000      R     MOV     DPTR,#regValue
001A E0                MOVX    A,@DPTR
001B FF                MOV     R7,A
001C EF                MOV     A,R7
001D 4422              ORL     A,#022H
001F FF                MOV     R7,A
0020 900000      R     MOV     DPTR,#regValue
0023 EF                MOV     A,R7
0024 F0                MOVX    @DPTR,A
                                           ; SOURCE LINE # 220
0025 800E              SJMP    ?C0011
0027         ?C0010:
                                           ; SOURCE LINE # 222
                                           ; SOURCE LINE # 223
0027 900000      R     MOV     DPTR,#regValue
002A E0                MOVX    A,@DPTR
002B FF                MOV     R7,A
002C EF                MOV     A,R7
002D 54DD              ANL     A,#0DDH
002F FF                MOV     R7,A
0030 900000      R     MOV     DPTR,#regValue
0033 EF                MOV     A,R7
0034 F0                MOVX    @DPTR,A
                                           ; SOURCE LINE # 224
0035         ?C0011:
                                           ; SOURCE LINE # 225
0035 900000      R     MOV     DPTR,#regValue
0038 E0                MOVX    A,@DPTR
0039 FF                MOV     R7,A
003A 905876            MOV     DPTR,#05876H
003D EF                MOV     A,R7
003E F0                MOVX    @DPTR,A
                                           ; SOURCE LINE # 226
C51 COMPILER V9.51   CYFITTER_CFG                                                          04/17/2020 03:55:00 PAGE 13  

003F         ?C0012:
003F 22                RET     
             ; FUNCTION _SetAnalogRoutingPumps (END)

             ; FUNCTION _?CapSense_CSD_AMuxCH0_Set (BEGIN)
                                           ; SOURCE LINE # 272
0000 90FFFF            MOV     DPTR,#0FFFFH
0003 120000      E     LCALL   ?C?ADDXBP
0006 EF                MOV     A,R7
0007 F0                MOVX    @DPTR,A
                                           ; SOURCE LINE # 274
0008 850083      E     MOV     DPH,?C_XBP
000B 850082      E     MOV     DPL,?C_XBP+01H
000E E0                MOVX    A,@DPTR
000F FF                MOV     R7,A
0010 EF                MOV     A,R7
0011 C3                CLR     C
0012 940A              SUBB    A,#0AH
0014 503C              JNC     ?C0014
                                           ; SOURCE LINE # 275
                                           ; SOURCE LINE # 276
0016 850083      E     MOV     DPH,?C_XBP
0019 850082      E     MOV     DPL,?C_XBP+01H
001C E0                MOVX    A,@DPTR
001D FF                MOV     R7,A
001E EF                MOV     A,R7
001F 25E0              ADD     A,ACC
0021 2400        R     ADD     A,#LOW CapSense_CSD_AMuxCH0__addrTable
0023 F582              MOV     DPL,A
0025 E4                CLR     A
0026 3400        R     ADDC    A,#HIGH CapSense_CSD_AMuxCH0__addrTable
0028 F583              MOV     DPH,A
002A E4                CLR     A
002B 93                MOVC    A,@A+DPTR
002C FE                MOV     R6,A
002D 7401              MOV     A,#01H
002F 93                MOVC    A,@A+DPTR
0030 FF                MOV     R7,A
0031 8F82              MOV     DPL,R7
0033 8E83              MOV     DPH,R6
0035 C083              PUSH    DPH
0037 C082              PUSH    DPL
0039 E0                MOVX    A,@DPTR
003A FF                MOV     R7,A
003B 850083      E     MOV     DPH,?C_XBP
003E 850082      E     MOV     DPL,?C_XBP+01H
0041 E0                MOVX    A,@DPTR
0042 FE                MOV     R6,A
0043 EE                MOV     A,R6
0044 900000      R     MOV     DPTR,#CapSense_CSD_AMuxCH0__maskTable
0047 93                MOVC    A,@A+DPTR
0048 FE                MOV     R6,A
0049 EF                MOV     A,R7
004A 4E                ORL     A,R6
004B FF                MOV     R7,A
004C D082              POP     DPL
004E D083              POP     DPH
0050 EF                MOV     A,R7
0051 F0                MOVX    @DPTR,A
                                           ; SOURCE LINE # 277
0052         ?C0013:
                                           ; SOURCE LINE # 278
C51 COMPILER V9.51   CYFITTER_CFG                                                          04/17/2020 03:55:00 PAGE 14  

0052         ?C0014:
0052 900001            MOV     DPTR,#01H
0055 120000      E     LCALL   ?C?ADDXBP
0058 22                RET     
             ; FUNCTION _?CapSense_CSD_AMuxCH0_Set (END)

             ; FUNCTION _?CapSense_CSD_AMuxCH0_Unset (BEGIN)
                                           ; SOURCE LINE # 294
0000 90FFFF            MOV     DPTR,#0FFFFH
0003 120000      E     LCALL   ?C?ADDXBP
0006 EF                MOV     A,R7
0007 F0                MOVX    @DPTR,A
                                           ; SOURCE LINE # 296
0008 850083      E     MOV     DPH,?C_XBP
000B 850082      E     MOV     DPL,?C_XBP+01H
000E E0                MOVX    A,@DPTR
000F FF                MOV     R7,A
0010 EF                MOV     A,R7
0011 C3                CLR     C
0012 940A              SUBB    A,#0AH
0014 503F              JNC     ?C0016
                                           ; SOURCE LINE # 297
                                           ; SOURCE LINE # 298
0016 850083      E     MOV     DPH,?C_XBP
0019 850082      E     MOV     DPL,?C_XBP+01H
001C E0                MOVX    A,@DPTR
001D FF                MOV     R7,A
001E EF                MOV     A,R7
001F 25E0              ADD     A,ACC
0021 2400        R     ADD     A,#LOW CapSense_CSD_AMuxCH0__addrTable
0023 F582              MOV     DPL,A
0025 E4                CLR     A
0026 3400        R     ADDC    A,#HIGH CapSense_CSD_AMuxCH0__addrTable
0028 F583              MOV     DPH,A
002A E4                CLR     A
002B 93                MOVC    A,@A+DPTR
002C FE                MOV     R6,A
002D 7401              MOV     A,#01H
002F 93                MOVC    A,@A+DPTR
0030 FF                MOV     R7,A
0031 8F82              MOV     DPL,R7
0033 8E83              MOV     DPH,R6
0035 C083              PUSH    DPH
0037 C082              PUSH    DPL
0039 E0                MOVX    A,@DPTR
003A FF                MOV     R7,A
003B 850083      E     MOV     DPH,?C_XBP
003E 850082      E     MOV     DPL,?C_XBP+01H
0041 E0                MOVX    A,@DPTR
0042 FE                MOV     R6,A
0043 EE                MOV     A,R6
0044 900000      R     MOV     DPTR,#CapSense_CSD_AMuxCH0__maskTable
0047 93                MOVC    A,@A+DPTR
0048 FE                MOV     R6,A
0049 EE                MOV     A,R6
004A F4                CPL     A
004B FE                MOV     R6,A
004C EF                MOV     A,R7
004D 5E                ANL     A,R6
004E FF                MOV     R7,A
004F D082              POP     DPL
0051 D083              POP     DPH
C51 COMPILER V9.51   CYFITTER_CFG                                                          04/17/2020 03:55:00 PAGE 15  

0053 EF                MOV     A,R7
0054 F0                MOVX    @DPTR,A
                                           ; SOURCE LINE # 299
0055         ?C0015:
                                           ; SOURCE LINE # 300
0055         ?C0016:
0055 900001            MOV     DPTR,#01H
0058 120000      E     LCALL   ?C?ADDXBP
005B 22                RET     
             ; FUNCTION _?CapSense_CSD_AMuxCH0_Unset (END)

             ; FUNCTION cyfitter_cfg (BEGIN)
                                           ; SOURCE LINE # 321
                                           ; SOURCE LINE # 322
                                           ; SOURCE LINE # 324
0000 7B00              MOV     R3,#00H
0002 7A46              MOV     R2,#046H
0004 79E8              MOV     R1,#0E8H
0006 120000      E     LCALL   _cyread8
0009 EF                MOV     A,R7
000A 4405              ORL     A,#05H
000C FD                MOV     R5,A
000D 7B00              MOV     R3,#00H
000F 7A46              MOV     R2,#046H
0011 79E8              MOV     R1,#0E8H
0013 120000      E     LCALL   _cywrite8
                                           ; SOURCE LINE # 326
                                           ; SOURCE LINE # 348
0016 750000      R     MOV     i,#00H
0019         ?C0017:
0019 E500        R     MOV     A,i
001B C3                CLR     C
001C 9408              SUBB    A,#08H
001E 503A              JNC     ?C0018
                                           ; SOURCE LINE # 349
                                           ; SOURCE LINE # 350
0020 AF00        R     MOV     R7,i
0022 EF                MOV     A,R7
0023 75F005            MOV     B,#05H
0026 A4                MUL     AB
0027 2400        R     ADD     A,#LOW cfg_memset_list
0029 F582              MOV     DPL,A
002B E4                CLR     A
002C 3400        R     ADDC    A,#HIGH cfg_memset_list
002E F583              MOV     DPH,A
0030 AF82              MOV     R7,DPL
0032 AE83              MOV     R6,DPH
0034 8E00        R     MOV     ms,R6
0036 8F00        R     MOV     ms+01H,R7
                                           ; SOURCE LINE # 351
0038 AE00        R     MOV     R6,ms
003A AF00        R     MOV     R7,ms+01H
003C 8F82              MOV     DPL,R7
003E 8E83              MOV     DPH,R6
0040 120000      E     LCALL   ?C?PLDCODE
0043 AE00        R     MOV     R6,ms
0045 AF00        R     MOV     R7,ms+01H
0047 8F82              MOV     DPL,R7
0049 8E83              MOV     DPH,R6
004B 7403              MOV     A,#03H
004D 93                MOVC    A,@A+DPTR
004E FC                MOV     R4,A
C51 COMPILER V9.51   CYFITTER_CFG                                                          04/17/2020 03:55:00 PAGE 16  

004F 7404              MOV     A,#04H
0051 93                MOVC    A,@A+DPTR
0052 FD                MOV     R5,A
0053 120000      E     LCALL   _cymemzero
                                           ; SOURCE LINE # 352
0056         ?C0019:
0056 0500        R     INC     i
0058 80BF              SJMP    ?C0017
005A         ?C0018:
                                           ; SOURCE LINE # 354
005A 7B08              MOV     R3,#08H
005C 7A00              MOV     R2,#00H
005E 7900              MOV     R1,#00H
0060 120000      E     LCALL   _cfg_write_bytes
                                           ; SOURCE LINE # 357
0063 7B00              MOV     R3,#00H
0065 7A58              MOV     R2,#058H
0067 7970              MOV     R1,#070H
0069 7D00              MOV     R5,#00H
006B 7C03              MOV     R4,#03H
006D 120000      E     LCALL   _cywrite16
                                           ; SOURCE LINE # 358
0070 7B00              MOV     R3,#00H
0072 7A58              MOV     R2,#058H
0074 794C              MOV     R1,#04CH
0076 7D03              MOV     R5,#03H
0078 7C02              MOV     R4,#02H
007A 120000      E     LCALL   _cywrite16
                                           ; SOURCE LINE # 361
007D 7B01              MOV     R3,#01H
007F 7A50              MOV     R2,#050H
0081 7903              MOV     R1,#03H
0083 120000      E     LCALL   _cyread8
0086 EF                MOV     A,R7
0087 4402              ORL     A,#02H
0089 FD                MOV     R5,A
008A 7B01              MOV     R3,#01H
008C 7A50              MOV     R2,#050H
008E 7903              MOV     R1,#03H
0090 120000      E     LCALL   _cywrite8
                                           ; SOURCE LINE # 362
0093 7B01              MOV     R3,#01H
0095 7A50              MOV     R2,#050H
0097 7913              MOV     R1,#013H
0099 120000      E     LCALL   _cyread8
009C EF                MOV     A,R7
009D 4402              ORL     A,#02H
009F FD                MOV     R5,A
00A0 7B01              MOV     R3,#01H
00A2 7A50              MOV     R2,#050H
00A4 7913              MOV     R1,#013H
00A6 120000      E     LCALL   _cywrite8
                                           ; SOURCE LINE # 365
00A9 9043A0            MOV     DPTR,#043A0H
00AC E0                MOVX    A,@DPTR
00AD FF                MOV     R7,A
00AE EF                MOV     A,R7
00AF 4440              ORL     A,#040H
00B1 FF                MOV     R7,A
00B2 9043A0            MOV     DPTR,#043A0H
00B5 EF                MOV     A,R7
00B6 F0                MOVX    @DPTR,A
C51 COMPILER V9.51   CYFITTER_CFG                                                          04/17/2020 03:55:00 PAGE 17  

                                           ; SOURCE LINE # 366
00B7 9043C2            MOV     DPTR,#043C2H
00BA E0                MOVX    A,@DPTR
00BB FF                MOV     R7,A
00BC EF                MOV     A,R7
00BD 4410              ORL     A,#010H
00BF FF                MOV     R7,A
00C0 9043C2            MOV     DPTR,#043C2H
00C3 EF                MOV     A,R7
00C4 F0                MOVX    @DPTR,A
                                           ; SOURCE LINE # 367
                                           ; SOURCE LINE # 371
00C5 7B08              MOV     R3,#08H
00C7 7A03              MOV     R2,#03H
00C9 7930              MOV     R1,#030H
00CB C003              PUSH    AR3
00CD C002              PUSH    AR2
00CF C001              PUSH    AR1
00D1 7B00              MOV     R3,#00H
00D3 7A51              MOV     R2,#051H
00D5 7902              MOV     R1,#02H
00D7 900000      E     MOV     DPTR,#?_cyconfigcpy?BYTE+05H
00DA 120000      E     LCALL   ?C?PSTXDATA
00DD D001              POP     AR1
00DF D002              POP     AR2
00E1 D003              POP     AR3
00E3 7F08              MOV     R7,#08H
00E5 7E00              MOV     R6,#00H
00E7 120000      E     LCALL   _cyconfigcpy
                                           ; SOURCE LINE # 372
00EA 7B08              MOV     R3,#08H
00EC 7A03              MOV     R2,#03H
00EE 7938              MOV     R1,#038H
00F0 C003              PUSH    AR3
00F2 C002              PUSH    AR2
00F4 C001              PUSH    AR1
00F6 7B00              MOV     R3,#00H
00F8 7A51              MOV     R2,#051H
00FA 7912              MOV     R1,#012H
00FC 900000      E     MOV     DPTR,#?_cyconfigcpy?BYTE+05H
00FF 120000      E     LCALL   ?C?PSTXDATA
0102 D001              POP     AR1
0104 D002              POP     AR2
0106 D003              POP     AR3
0108 7F08              MOV     R7,#08H
010A 7E00              MOV     R6,#00H
010C 120000      E     LCALL   _cyconfigcpy
                                           ; SOURCE LINE # 373
010F 7B08              MOV     R3,#08H
0111 7A03              MOV     R2,#03H
0113 7940              MOV     R1,#040H
0115 C003              PUSH    AR3
0117 C002              PUSH    AR2
0119 C001              PUSH    AR1
011B 7B00              MOV     R3,#00H
011D 7A51              MOV     R2,#051H
011F 7922              MOV     R1,#022H
0121 900000      E     MOV     DPTR,#?_cyconfigcpy?BYTE+05H
0124 120000      E     LCALL   ?C?PSTXDATA
0127 D001              POP     AR1
0129 D002              POP     AR2
012B D003              POP     AR3
C51 COMPILER V9.51   CYFITTER_CFG                                                          04/17/2020 03:55:00 PAGE 18  

012D 7F08              MOV     R7,#08H
012F 7E00              MOV     R6,#00H
0131 120000      E     LCALL   _cyconfigcpy
                                           ; SOURCE LINE # 374
0134 9044F4            MOV     DPTR,#044F4H
0137 7401              MOV     A,#01H
0139 F0                MOVX    @DPTR,A
                                           ; SOURCE LINE # 376
013A 904322            MOV     DPTR,#04322H
013D E0                MOVX    A,@DPTR
013E FF                MOV     R7,A
013F EF                MOV     A,R7
0140 4408              ORL     A,#08H
0142 FF                MOV     R7,A
0143 904322            MOV     DPTR,#04322H
0146 EF                MOV     A,R7
0147 F0                MOVX    @DPTR,A
                                           ; SOURCE LINE # 377
0148 9046EC            MOV     DPTR,#046ECH
014B E0                MOVX    A,@DPTR
014C FF                MOV     R7,A
014D EF                MOV     A,R7
014E C3                CLR     C
014F 9405              SUBB    A,#05H
0151 5006              JNC     ?C0020
                                           ; SOURCE LINE # 378
                                           ; SOURCE LINE # 379
0153 904689            MOV     DPTR,#04689H
0156 743A              MOV     A,#03AH
0158 F0                MOVX    @DPTR,A
                                           ; SOURCE LINE # 380
0159         ?C0020:
                                           ; SOURCE LINE # 384
0159 904800            MOV     DPTR,#04800H
015C 74F1              MOV     A,#0F1H
015E F0                MOVX    @DPTR,A
                                           ; SOURCE LINE # 386
015F 120000      R     LCALL   ClockSetup
                                           ; SOURCE LINE # 388
0162 904800            MOV     DPTR,#04800H
0165 74B1              MOV     A,#0B1H
0167 F0                MOVX    @DPTR,A
                                           ; SOURCE LINE # 391
0168 120000      R     LCALL   AnalogSetDefault
                                           ; SOURCE LINE # 394
016B 7B00              MOV     R3,#00H
016D 7A43              MOV     R2,#043H
016F 79A0              MOV     R1,#0A0H
0171 C003              PUSH    AR3
0173 C002              PUSH    AR2
0175 C001              PUSH    AR1
0177 7B00              MOV     R3,#00H
0179 7A43              MOV     R2,#043H
017B 79B0              MOV     R1,#0B0H
017D 900000      E     MOV     DPTR,#?_cyconfigcpy?BYTE+05H
0180 120000      E     LCALL   ?C?PSTXDATA
0183 D001              POP     AR1
0185 D002              POP     AR2
0187 D003              POP     AR3
0189 7F0E              MOV     R7,#0EH
018B 7E00              MOV     R6,#00H
018D 120000      E     LCALL   _cyconfigcpy
C51 COMPILER V9.51   CYFITTER_CFG                                                          04/17/2020 03:55:00 PAGE 19  

                                           ; SOURCE LINE # 395
0190 9043B0            MOV     DPTR,#043B0H
0193 E0                MOVX    A,@DPTR
0194 FF                MOV     R7,A
0195 EF                MOV     A,R7
0196 54FD              ANL     A,#0FDH
0198 FF                MOV     R7,A
0199 EF                MOV     A,R7
019A F0                MOVX    @DPTR,A
                                           ; SOURCE LINE # 396
019B         ?C0021:
019B 22                RET     
             ; FUNCTION cyfitter_cfg (END)



MODULE INFORMATION:   STATIC OVERLAYABLE
   CODE SIZE        =   1012    ----
   CONSTANT SIZE    =     70    ----
   XDATA SIZE       =      9    ----
   PDATA SIZE       =   ----    ----
   DATA SIZE        =      3    ----
   IDATA SIZE       =   ----    ----
   BIT SIZE         =   ----    ----
   EDATA SIZE       =   ----    ----
   HDATA SIZE       =   ----    ----
   XDATA CONST SIZE =   ----    ----
   FAR CONST SIZE   =   ----    ----
END OF MODULE INFORMATION.


C51 COMPILATION COMPLETE.  0 WARNING(S),  0 ERROR(S)
