C51 COMPILER V9.51   MAIN                                                                  04/17/2020 03:54:59 PAGE 1   


C51 COMPILER V9.51, COMPILATION OF MODULE MAIN
OBJECT MODULE PLACED IN .\DP8051_Keil_951\Debug\main.obj
COMPILER INVOKED BY: C:\Program Files (x86)\Cypress\PSoC Creator\3.3\PSoC Creator\import\keil\pk51\9.51\C51\BIN\c51.exe 
                    -.\main.c NOIV LARGE MODDP2 OMF2 VB(1) NOIP INCDIR(.,Generated_Source\PSoC3) FF(3) DB WL(2) PR(.\DP8051_Keil_951\Debug/ma
                    -in.lst) CD OT(0,SIZE) OJ(.\DP8051_Keil_951\Debug\main.obj)

line level    source

   1          /*******************************************************************************
   2          * File Name: main.c
   3          *
   4          * Version: 2.30
   5          *
   6          * Description:
   7          *  The project explains the usage of CapSense CSD component. The 2 buttons and
   8          *  linear sliders are used as sensing elements. LED displays buttons active 
   9          *  state and slider position is shown on LCD.
  10          *
  11          ********************************************************************************
  12          * Copyright 2012-2014, Cypress Semiconductor Corporation. All rights reserved.
  13          * This software is owned by Cypress Semiconductor Corporation and is protected
  14          * by and subject to worldwide patent and copyright laws and treaties.
  15          * Therefore, you may use this software only as provided in the license agreement
  16          * accompanying the software package from which you obtained this software.
  17          * CYPRESS AND ITS SUPPLIERS MAKE NO WARRANTY OF ANY KIND, EXPRESS OR IMPLIED,
  18          * WITH REGARD TO THIS SOFTWARE, INCLUDING, BUT NOT LIMITED TO, NONINFRINGEMENT,
  19          * IMPLIED WARRANTIES OF MERCHANTABILITY AND FITNESS FOR A PARTICULAR PURPOSE.
  20          *******************************************************************************/
  21          
  22          #include <device.h>
  23          
  24          /* Needed for Bargraph */
  25          extern uint8 const CYCODE LCD_customFonts[];
  26          
  27          uint16 curPos, oldPos;
  28          
  29          /*******************************************************************************
  30          * Function Name: main
  31          ********************************************************************************
  32          * Summary:
  33          *  Main function performs following functions:
  34          *   1. Enable global interrupts.
  35          *   2. Initialize CapSense CSD and Start the sensor scanning loop.
  36          *   3. Process scanning results and display it on LCD/LED.
  37          *
  38          * Parameters:
  39          *  None
  40          *
  41          * Return:
  42          *  None
  43          *
  44          *******************************************************************************/
  45          int main()
  46          {
  47   1          LCD_Start();
  48   1          CapSense_CSD_Start();
  49   1              
  50   1              /* The custom fonts for the bargraph need to be manually loaded */
  51   1              LCD_LoadCustomFonts(LCD_customFonts);
  52   1          
  53   1              LCD_Position(0u, 0u);
C51 COMPILER V9.51   MAIN                                                                  04/17/2020 03:54:59 PAGE 2   

  54   1          LCD_PrintString("CSD01");
  55   1      
  56   1          /* Enable global interrupts */
  57   1          CyGlobalIntEnable;
  58   1      
  59   1          /* Initialize baselines */ 
  60   1          CapSense_CSD_InitializeAllBaselines();
  61   1          
  62   1          while(1u)
  63   1          {
  64   2              /* Update all baselines */
  65   2              CapSense_CSD_UpdateEnabledBaselines();
  66   2              
  67   2                      /* Start scanning all enabled sensors */
  68   2              CapSense_CSD_ScanEnabledWidgets();
  69   2          
  70   2              /* Wait for scanning to complete */
  71   2                      while(CapSense_CSD_IsBusy() != 0)
  72   2                      {
  73   3                              /* Loop until condition true */
  74   3                      }
  75   2      
  76   2                      /* Display CapSense state using LED/LCD */
  77   2              CapSense_DisplayState();
  78   2          }
  79   1      }
  80          
  81          /*******************************************************************************
  82          * Function Name: CapSense_DisplayState
  83          ********************************************************************************
  84          * Summary:
  85          *  Function performs following functions:
  86          *   Display Buttons' state using LEDs and Slider state using LCD bargraph
  87          *
  88          * Parameters:
  89          *  None
  90          *
  91          * Return:
  92          *  None
  93          *
  94          *******************************************************************************/
  95          void CapSense_DisplayState(void)
  96          {
  97   1          /* Display BUTTON0 state */
  98   1              if (CapSense_CSD_CheckIsWidgetActive(CapSense_CSD_BUTTON0__BTN)) 
  99   1              {
 100   2                      LED1_Write(1u);
 101   2              }
 102   1              else
 103   1              {
 104   2                      LED1_Write(0u);
 105   2              }
 106   1          
 107   1              /* Display BUTTON1 state */
 108   1              if (CapSense_CSD_CheckIsWidgetActive(CapSense_CSD_BUTTON1__BTN))
 109   1              {
 110   2                      LED2_Write(1u);
 111   2              }
 112   1              else
 113   1              {
 114   2                      LED2_Write(0u);
 115   2              }
C51 COMPILER V9.51   MAIN                                                                  04/17/2020 03:54:59 PAGE 3   

 116   1      
 117   1          /* Find Slider Position */
 118   1          curPos = CapSense_CSD_GetCentroidPos(CapSense_CSD_LINEARSLIDER0__LS);    
 119   1          
 120   1          /* Reset position */
 121   1          if(curPos == 0xFFFFu)
 122   1          {
 123   2              curPos = 0u;
 124   2          }
 125   1                      
 126   1          /* Move bargraph */
 127   1          if (curPos != oldPos)
 128   1          {
 129   2              oldPos = curPos;
 130   2              /* Display Slider bargraph */
 131   2              if (curPos != 0u)
 132   2              {
 133   3                  LCD_DrawHorizontalBG(0u, 9u, 6u, curPos >> 2);
 134   3              }
 135   2              
 136   2              /* Display Slider position value */
 137   2              LCD_Position(1u, 10u);
 138   2              LCD_PrintInt16(curPos);
 139   2          }
 140   1      }
 141          
 142          
 143          /* [] END OF FILE */
C51 COMPILER V9.51   MAIN                                                                  04/17/2020 03:54:59 PAGE 4   

ASSEMBLY LISTING OF GENERATED OBJECT CODE


             ; FUNCTION main (BEGIN)
                                           ; SOURCE LINE # 45
                                           ; SOURCE LINE # 46
                                           ; SOURCE LINE # 47
0000 120000      E     LCALL   LCD_Start
                                           ; SOURCE LINE # 48
0003 120000      E     LCALL   CapSense_CSD_Start
                                           ; SOURCE LINE # 51
0006 7BFF              MOV     R3,#0FFH
0008 7A00        E     MOV     R2,#HIGH LCD_customFonts
000A 7900        E     MOV     R1,#LOW LCD_customFonts
000C 120000      E     LCALL   _LCD_LoadCustomFonts
                                           ; SOURCE LINE # 53
000F 7D00              MOV     R5,#00H
0011 7F00              MOV     R7,#00H
0013 120000      E     LCALL   _LCD_Position
                                           ; SOURCE LINE # 54
0016 7BFF              MOV     R3,#0FFH
0018 7A00        R     MOV     R2,#HIGH ?SC_0
001A 7900        R     MOV     R1,#LOW ?SC_0
001C 120000      E     LCALL   _LCD_PrintString
                                           ; SOURCE LINE # 57
001F D2AF              SETB    EA
0021 9044F4            MOV     DPTR,#044F4H
0024 74FD              MOV     A,#0FDH
0026 F0                MOVX    @DPTR,A
                                           ; SOURCE LINE # 60
0027 120000      E     LCALL   CapSense_CSD_InitializeAllBaselines
002A         ?C0001:
                                           ; SOURCE LINE # 62
                                           ; SOURCE LINE # 63
                                           ; SOURCE LINE # 65
002A 120000      E     LCALL   CapSense_CSD_UpdateEnabledBaselines
                                           ; SOURCE LINE # 68
002D 120000      E     LCALL   CapSense_CSD_ScanEnabledWidgets
0030         ?C0003:
                                           ; SOURCE LINE # 71
0030 120000      E     LCALL   _?CapSense_CSD_IsBusy
0033 EF                MOV     A,R7
0034 70FA              JNZ     ?C0003
                                           ; SOURCE LINE # 72
                                           ; SOURCE LINE # 74
0036         ?C0004:
                                           ; SOURCE LINE # 77
0036 120000      R     LCALL   CapSense_DisplayState
                                           ; SOURCE LINE # 78
0039 80EF              SJMP    ?C0001
003B         ?C0002:
                                           ; SOURCE LINE # 79
003B         ?C0005:
003B 22                RET     
             ; FUNCTION main (END)

             ; FUNCTION CapSense_DisplayState (BEGIN)
                                           ; SOURCE LINE # 95
                                           ; SOURCE LINE # 96
                                           ; SOURCE LINE # 98
0000 7F01              MOV     R7,#01H
0002 120000      E     LCALL   _CapSense_CSD_CheckIsWidgetActive
C51 COMPILER V9.51   MAIN                                                                  04/17/2020 03:54:59 PAGE 5   

0005 EF                MOV     A,R7
0006 6007              JZ      ?C0006
                                           ; SOURCE LINE # 99
                                           ; SOURCE LINE # 100
0008 7F01              MOV     R7,#01H
000A 120000      E     LCALL   _LED1_Write
                                           ; SOURCE LINE # 101
000D 8005              SJMP    ?C0007
000F         ?C0006:
                                           ; SOURCE LINE # 103
                                           ; SOURCE LINE # 104
000F 7F00              MOV     R7,#00H
0011 120000      E     LCALL   _LED1_Write
                                           ; SOURCE LINE # 105
0014         ?C0007:
                                           ; SOURCE LINE # 108
0014 7F02              MOV     R7,#02H
0016 120000      E     LCALL   _CapSense_CSD_CheckIsWidgetActive
0019 EF                MOV     A,R7
001A 6007              JZ      ?C0008
                                           ; SOURCE LINE # 109
                                           ; SOURCE LINE # 110
001C 7F01              MOV     R7,#01H
001E 120000      E     LCALL   _LED2_Write
                                           ; SOURCE LINE # 111
0021 8005              SJMP    ?C0009
0023         ?C0008:
                                           ; SOURCE LINE # 113
                                           ; SOURCE LINE # 114
0023 7F00              MOV     R7,#00H
0025 120000      E     LCALL   _LED2_Write
                                           ; SOURCE LINE # 115
0028         ?C0009:
                                           ; SOURCE LINE # 118
0028 7F00              MOV     R7,#00H
002A 120000      E     LCALL   _CapSense_CSD_GetCentroidPos
002D 900000      R     MOV     DPTR,#curPos
0030 EE                MOV     A,R6
0031 F0                MOVX    @DPTR,A
0032 A3                INC     DPTR
0033 EF                MOV     A,R7
0034 F0                MOVX    @DPTR,A
                                           ; SOURCE LINE # 121
0035 900000      R     MOV     DPTR,#curPos
0038 E0                MOVX    A,@DPTR
0039 FE                MOV     R6,A
003A A3                INC     DPTR
003B E0                MOVX    A,@DPTR
003C FF                MOV     R7,A
003D EF                MOV     A,R7
003E B4FF0C            CJNE    A,#0FFH,?C0010
0041 EE                MOV     A,R6
0042 B4FF08            CJNE    A,#0FFH,?C0010
                                           ; SOURCE LINE # 122
                                           ; SOURCE LINE # 123
0045 900000      R     MOV     DPTR,#curPos
0048 E4                CLR     A
0049 F0                MOVX    @DPTR,A
004A A3                INC     DPTR
004B E4                CLR     A
004C F0                MOVX    @DPTR,A
                                           ; SOURCE LINE # 124
C51 COMPILER V9.51   MAIN                                                                  04/17/2020 03:54:59 PAGE 6   

004D         ?C0010:
                                           ; SOURCE LINE # 127
004D 900000      R     MOV     DPTR,#oldPos
0050 E0                MOVX    A,@DPTR
0051 FE                MOV     R6,A
0052 A3                INC     DPTR
0053 E0                MOVX    A,@DPTR
0054 FF                MOV     R7,A
0055 900000      R     MOV     DPTR,#curPos
0058 E0                MOVX    A,@DPTR
0059 FC                MOV     R4,A
005A A3                INC     DPTR
005B E0                MOVX    A,@DPTR
005C FD                MOV     R5,A
005D ED                MOV     A,R5
005E 6F                XRL     A,R7
005F 7002              JNZ     ?C0015
0061 EC                MOV     A,R4
0062 6E                XRL     A,R6
0063         ?C0015:
0063 604F              JZ      ?C0013
                                           ; SOURCE LINE # 128
                                           ; SOURCE LINE # 129
0065 900000      R     MOV     DPTR,#curPos
0068 E0                MOVX    A,@DPTR
0069 FE                MOV     R6,A
006A A3                INC     DPTR
006B E0                MOVX    A,@DPTR
006C FF                MOV     R7,A
006D 900000      R     MOV     DPTR,#oldPos
0070 EE                MOV     A,R6
0071 F0                MOVX    @DPTR,A
0072 A3                INC     DPTR
0073 EF                MOV     A,R7
0074 F0                MOVX    @DPTR,A
                                           ; SOURCE LINE # 131
0075 900000      R     MOV     DPTR,#curPos
0078 E0                MOVX    A,@DPTR
0079 FE                MOV     R6,A
007A A3                INC     DPTR
007B E0                MOVX    A,@DPTR
007C FF                MOV     R7,A
007D EF                MOV     A,R7
007E 4E                ORL     A,R6
007F 6021              JZ      ?C0012
                                           ; SOURCE LINE # 132
                                           ; SOURCE LINE # 133
0081 900000      R     MOV     DPTR,#curPos
0084 E0                MOVX    A,@DPTR
0085 FE                MOV     R6,A
0086 A3                INC     DPTR
0087 E0                MOVX    A,@DPTR
0088 FF                MOV     R7,A
0089 EF                MOV     A,R7
008A 7802              MOV     R0,#02H
008C         ?C0016:
008C CE                XCH     A,R6
008D C3                CLR     C
008E 13                RRC     A
008F CE                XCH     A,R6
0090 13                RRC     A
0091 D8F9              DJNZ    R0,?C0016
C51 COMPILER V9.51   MAIN                                                                  04/17/2020 03:54:59 PAGE 7   

0093 FF                MOV     R7,A
0094 900000      E     MOV     DPTR,#?_LCD_DrawHorizontalBG?BYTE+03H
0097 EF                MOV     A,R7
0098 F0                MOVX    @DPTR,A
0099 7B06              MOV     R3,#06H
009B 7D09              MOV     R5,#09H
009D 7F00              MOV     R7,#00H
009F 120000      E     LCALL   _LCD_DrawHorizontalBG
                                           ; SOURCE LINE # 134
00A2         ?C0012:
                                           ; SOURCE LINE # 137
00A2 7D0A              MOV     R5,#0AH
00A4 7F01              MOV     R7,#01H
00A6 120000      E     LCALL   _LCD_Position
                                           ; SOURCE LINE # 138
00A9 900000      R     MOV     DPTR,#curPos
00AC E0                MOVX    A,@DPTR
00AD FE                MOV     R6,A
00AE A3                INC     DPTR
00AF E0                MOVX    A,@DPTR
00B0 FF                MOV     R7,A
00B1 120000      E     LCALL   _LCD_PrintInt16
                                           ; SOURCE LINE # 139
00B4         ?C0011:
                                           ; SOURCE LINE # 140
00B4         ?C0013:
00B4 22                RET     
             ; FUNCTION CapSense_DisplayState (END)



MODULE INFORMATION:   STATIC OVERLAYABLE
   CODE SIZE        =    241    ----
   CONSTANT SIZE    =      6    ----
   XDATA SIZE       =      4    ----
   PDATA SIZE       =   ----    ----
   DATA SIZE        =   ----    ----
   IDATA SIZE       =   ----    ----
   BIT SIZE         =   ----    ----
   EDATA SIZE       =   ----    ----
   HDATA SIZE       =   ----    ----
   XDATA CONST SIZE =   ----    ----
   FAR CONST SIZE   =   ----    ----
END OF MODULE INFORMATION.


C51 COMPILATION COMPLETE.  0 WARNING(S),  0 ERROR(S)
